132  INFO  [Worker-23: Launching DEC_APP TriCore Debug (TASKING)] Log5J : ***  138.4862  ***  **********************************************************
133  INFO  [Worker-23: Launching DEC_APP TriCore Debug (TASKING)] Log5J : ***  138.9732  ***  Logger configuration successful. Configuration file used: 
133  INFO  [Worker-23: Launching DEC_APP TriCore Debug (TASKING)] Log5J : ***  139.0267  ***  C:\Infineon\AURIX-Studio-1.10.6\configuration\org.eclipse.osgi\362\0\.cp\lib\log4j.properties
133  INFO  [Worker-23: Launching DEC_APP TriCore Debug (TASKING)] Log5J : ***  139.0584  ***  **********************************************************
134  INFO  [Worker-23: Launching DEC_APP TriCore Debug (TASKING)] ISysPluginConfiguration : ***  140.6305  ***  Loading debug plugin properties from 'C:\Infineon\AURIX-Studio-1.10.6\isys_debugger_configuration.json'
673  INFO  [Worker-23: Launching DEC_APP TriCore Debug (TASKING)] ISysPluginConfiguration : ***  679.0626  ***  Loaded plugin configuration:
	 - Enable embedded: false
	 - Enable portable false
	 - Default selection: Custom
	 - Default install path: '\winIDEA'
673  INFO  [Worker-23: Launching DEC_APP TriCore Debug (TASKING)] ISystemPreferences : ***  679.2831  ***  State location loaded at C:\Users\Daniel\Desktop\FG9326M8GTEI4\DEC - Drive Electronic Controller\.metadata\.plugins\si.isystem.eclipse.debug
680  INFO  [Worker-23: Launching DEC_APP TriCore Debug (TASKING)] ISystemPreferences : ***  686.722  ***  Preferences loaded: Install type: Custom, Custom path: '\winIDEA'
684  INFO  [Worker-23: Launching DEC_APP TriCore Debug (TASKING)] ISysDebugPlugin : ***  690.0466  ***  Starting Plugin si.isystem.eclipse.debug version 921.25900.179258.
688  INFO  [Worker-23: Launching DEC_APP TriCore Debug (TASKING)] ISysDebugPlugin : ***  694.2506  ***  Plugin si.isystem.eclipse.debug started.
688  INFO  [Worker-23: Launching DEC_APP TriCore Debug (TASKING)] ISysDebugPlugin : ***  694.311  ***  winIDEA installation cancelled because embedded winIDEA is not allowed.
688  INFO  [Worker-23: Launching DEC_APP TriCore Debug (TASKING)] ISysDebugPlugin : ***  694.3467  ***  Plugin started: si.isystem.eclipse.debug
5639 INFO  [si.isystem.eclipse.debug - 0] ISysAbstractDsfService : ***  5645.3103  ***  ISysConnectionService initialization(super) started.
5649 INFO  [si.isystem.eclipse.debug - 0] IConLaunchManager : ***  5655.0249  ***  
Starting debug session using launch configuration paramenters: 
 - Launch name = 'DEC_APP TriCore Debug (TASKING)'
 - Project name = 'DEC_APP'
 - Project path = 'C:/Users/Daniel/Desktop/FG9326M8GTEI4/DEC - Drive Electronic Controller/DEC_APP'
 - Output file = 'TriCore Debug (TASKING)/DEC_APP.elf'
 - Stop on startup = 'true'
 - Stop on startup location = 'core0_main'
 - Verbose mode = true' - Invisible winIDEA = 'false'
 - Bring winIDEA to top = 'true'
 - Verify download = 'true'
 - Analyze source files = 'true'
 - Shutdown winIDEA at terminate session = 'false'
 - Save winIDEA workspace = 'true'
 - winIDEA workspace path = '.ads/winIDEAWorkspaces/TriCore-Debug-(TASKING)/ADS.xjrf'
 - full winIDEA workspace path = 'C:\Users\Daniel\Desktop\FG9326M8GTEI4\DEC - Drive Electronic Controller\DEC_APP\.ads\winIDEAWorkspaces\TriCore-Debug-(TASKING)\ADS.xjrf'
 - Device = 'TC375T'
 - Hardware = 'IFX_DAS'
 - Communication = 'USB'
 - Hardware debugger = 'DAS JDS AURIX LITE KIT V2.0 (TC375) LK7KFCVS'
 - Image check = 'No'
 - Create SMP = 'true'

5658 INFO  [si.isystem.eclipse.debug - 0] ISysSessionManager : ***  5664.1054  ***  Connecting to winIDEA 'C:\Infineon\AURIX-Studio-1.10.6\winIDEA\' with workspace 'C:\Users\Daniel\Desktop\FG9326M8GTEI4\DEC - Drive Electronic Controller\DEC_APP\.ads\winIDEAWorkspaces\TriCore-Debug-(TASKING)\ADS.xjrf', winIDEA-ID: 'com.tasking.winIDEA.instance.id-DEC_APP TriCore Debug (TASKING)', visible: true, CLI args: '/HideCrashDumpMessage'
11247 INFO  [si.isystem.eclipse.debug - 0] ISysConfigOptions : ***  11253.219  ***  DAS Servers:
11247 INFO  [si.isystem.eclipse.debug - 0] ISysConfigOptions : ***  11253.4874  ***  [i] = 'IFX_DAS: DAS JDS AURIX LITE KIT V2.0 (TC375) LK7KFCVS [USB]'
11247 INFO  [si.isystem.eclipse.debug - 0] ISysConfigOptions : ***  11253.6568  ***  Loading DAS Server list finished. [1045ms]
11254 INFO  [si.isystem.eclipse.debug - 0] ISysConfigOptions : ***  11260.4867  ***  Setting DAS server.
11255 INFO  [si.isystem.eclipse.debug - 0] ISysConfigOptions : ***  11260.7007  ***  DAS server already set to 'DAS JDS AURIX LITE KIT V2.0 (TC375) LK7KFCVS'.
11281 INFO  [si.isystem.eclipse.debug - 0] ISysSessionManager : ***  11287.478  ***  Connected to winIDEA and setup workspace.
11282 INFO  [si.isystem.eclipse.debug - 0] ISysSessionManager : ***  11288.6057  ***  Version of isystem.connect for Java: 9.21.259.0
11283 INFO  [si.isystem.eclipse.debug - 0] ISysSessionManager : ***  11288.8169  ***  Version of isystem.connect DLL: 9.21.259.0.0
11283 INFO  [si.isystem.eclipse.debug - 0] ISysSessionManager : ***  11289.1779  ***  Version of winIDEA: 9.21.253
11283 INFO  [si.isystem.eclipse.debug - 0] ISysSessionManager : ***  11289.2628  ***  Downloading ...
15314 INFO  [si.isystem.eclipse.debug - 0] ISysSessionManager : ***  15320.0746  ***  Downloading finished.
15314 DEBUG [si.isystem.eclipse.debug - 0] IConLaunchManager : ***  15320.2704  ***  Deleting all breakpoints...
15376 INFO  [si.isystem.eclipse.debug - 0] IConLaunchManager : ***  15381.9543  ***  Connected to target.
15376 DEBUG [si.isystem.eclipse.debug - 0] IConLaunchManager : ***  15382.0902  ***  Log level set to DEBUG
15493 INFO  [si.isystem.eclipse.debug - 0] ISysAbstractDsfService : ***  15499.3211  ***  ISysConnectionService initialization(super) finished.
15493 INFO  [si.isystem.eclipse.debug - 0] ISysAbstractDsfService : ***  15499.4136  ***  ISysConnectionService initialization(main) started.
15494 INFO  [si.isystem.eclipse.debug - 0] ISysAbstractDsfService : ***  15499.6489  ***  ISysConnectionService initialization(main) finished.
15494 INFO  [si.isystem.eclipse.debug - 0] ISysAbstractDsfService : ***  15499.7232  ***  ISysConnectionService initialization(sub) finished.
15494 INFO  [si.isystem.eclipse.debug - 0] ISysAbstractDsfService : ***  15500.5034  ***  ISysCommandControl initialization(super) started.
15496 INFO  [Worker-10: Command Executor Job] ISysAbstractDsfService : ***  15501.8701  ***  Command Executor Job started.
15496 INFO  [si.isystem.eclipse.debug - 0] ISysAbstractDsfService : ***  15502.0325  ***  ISysCommandControl initialization(super) finished.
15496 INFO  [si.isystem.eclipse.debug - 0] ISysAbstractDsfService : ***  15502.0781  ***  ISysCommandControl initialization(main) started.
15497 INFO  [si.isystem.eclipse.debug - 0] ISysAbstractDsfService : ***  15502.8071  ***  ISysCommandControl initialization(main) finished.
15497 INFO  [si.isystem.eclipse.debug - 0] ISysAbstractDsfService : ***  15502.8614  ***  ISysCommandControl initialization(sub) finished.
15502 INFO  [si.isystem.eclipse.debug - 0] ISysAbstractDsfService : ***  15508.9098  ***  ISysRunControl initialization(super) started.
15512 INFO  [si.isystem.eclipse.debug - 0] ISysAbstractDsfService : ***  15518.0077  ***  ISysRunControl initialization(super) finished.
15512 INFO  [si.isystem.eclipse.debug - 0] ISysAbstractDsfService : ***  15518.0557  ***  ISysRunControl initialization(main) started.
15513 INFO  [si.isystem.eclipse.debug - 0] ISysAbstractDsfService : ***  15518.9642  ***  ISysRunControl specified as service event listener (method: eventDispatched)
15513 INFO  [si.isystem.eclipse.debug - 0] ISysAbstractDsfService : ***  15519.0493  ***  ISysRunControl initialization(main) finished.
15523 INFO  [si.isystem.eclipse.debug - 0] ISysAbstractDsfService : ***  15529.5242  ***  ISysRunControl initialization(sub) finished.
15524 INFO  [si.isystem.eclipse.debug - 0] ISysAbstractDsfService : ***  15530.222  ***  ISysStackService initialization(super) started.
15525 INFO  [si.isystem.eclipse.debug - 0] ISysAbstractDsfService : ***  15531.6119  ***  ISysStackService initialization(super) finished.
15525 INFO  [si.isystem.eclipse.debug - 0] ISysAbstractDsfService : ***  15531.6667  ***  ISysStackService initialization(main) started.
15526 INFO  [si.isystem.eclipse.debug - 0] ISysAbstractDsfService : ***  15531.9123  ***  ISysStackService specified as service event listener (method: eventDispatched)
15526 INFO  [si.isystem.eclipse.debug - 0] ISysAbstractDsfService : ***  15531.9849  ***  ISysStackService initialization(main) finished.
15526 INFO  [si.isystem.eclipse.debug - 0] ISysAbstractDsfService : ***  15532.0353  ***  ISysStackService initialization(sub) finished.
15526 INFO  [si.isystem.eclipse.debug - 0] ISysAbstractDsfService : ***  15532.6513  ***  ISysMemoryService initialization(super) started.
15527 INFO  [si.isystem.eclipse.debug - 0] ISysAbstractDsfService : ***  15533.3777  ***  Starting Memory Service sub-initialization sequence.
15527 INFO  [si.isystem.eclipse.debug - 0] ISysAbstractDsfService : ***  15533.4381  ***  ISysMemoryService initialization(super) finished.
15527 INFO  [si.isystem.eclipse.debug - 0] ISysAbstractDsfService : ***  15533.4804  ***  ISysMemoryService initialization(main) started.
15527 INFO  [si.isystem.eclipse.debug - 0] ISysAbstractDsfService : ***  15533.84  ***  ISysMemoryService specified as service event listener (method: eventDispatched)
15527 INFO  [si.isystem.eclipse.debug - 0] ISysAbstractDsfService : ***  15533.8969  ***  ISysMemoryService initialization(main) finished.
15528 INFO  [si.isystem.eclipse.debug - 0] ISysAbstractDsfService : ***  15533.9573  ***  Initializing Memory Service command cache.
15528 INFO  [si.isystem.eclipse.debug - 0] ISysAbstractDsfService : ***  15534.0817  ***  Memory Service command cache initialized.
15528 INFO  [si.isystem.eclipse.debug - 0] ISysAbstractDsfService : ***  15534.1464  ***  Initializing Memory Service block retrieval.
15532 INFO  [si.isystem.eclipse.debug - 0] ISysAbstractDsfService : ***  15538.2204  ***  Memory Service block retrieval initialized.
15532 INFO  [si.isystem.eclipse.debug - 0] ISysAbstractDsfService : ***  15538.3114  ***  Loading memory area properties.
15536 INFO  [si.isystem.eclipse.debug - 0] ISysAbstractDsfService : ***  15542.0272  ***  Adding 1 memory blocks.
15536 INFO  [si.isystem.eclipse.debug - 0] ISysAbstractDsfService : ***  15542.1651  ***  Block 'Virtual' [00000000:ffffffff] MAU=8 visible
15536 INFO  [si.isystem.eclipse.debug - 0] ISysAbstractDsfService : ***  15542.2573  ***  Memory Service block retrieval initialized.
15536 INFO  [si.isystem.eclipse.debug - 0] ISysAbstractDsfService : ***  15542.3542  ***  Registering memory model adapter and service.
15536 INFO  [si.isystem.eclipse.debug - 0] ISysAbstractDsfService : ***  15542.6043  ***  Memory model adapter and service registered.
15536 INFO  [si.isystem.eclipse.debug - 0] ISysAbstractDsfService : ***  15542.6768  ***  ISysMemoryService initialization(sub) finished.
15537 INFO  [si.isystem.eclipse.debug - 0] ISysAbstractDsfService : ***  15543.0073  ***  ISysSourceLookupService initialization(super) started.
15537 INFO  [si.isystem.eclipse.debug - 0] ISysAbstractDsfService : ***  15543.2042  ***  ISysSourceLookupService initialization(super) finished.
15537 INFO  [si.isystem.eclipse.debug - 0] ISysAbstractDsfService : ***  15543.2434  ***  ISysSourceLookupService initialization(main) started.
15537 INFO  [si.isystem.eclipse.debug - 0] ISysAbstractDsfService : ***  15543.311  ***  ISysSourceLookupService initialization(main) finished.
15537 INFO  [si.isystem.eclipse.debug - 0] ISysAbstractDsfService : ***  15543.3575  ***  ISysSourceLookupService initialization(sub) finished.
15538 INFO  [si.isystem.eclipse.debug - 0] ISysAbstractDsfService : ***  15544.3784  ***  ISysExpressionsService initialization(super) started.
15538 INFO  [si.isystem.eclipse.debug - 0] ISysAbstractDsfService : ***  15544.6209  ***  ISysExpressionsService initialization(super) finished.
15538 INFO  [si.isystem.eclipse.debug - 0] ISysAbstractDsfService : ***  15544.7066  ***  ISysExpressionsService initialization(main) started.
15539 INFO  [si.isystem.eclipse.debug - 0] ISysAbstractDsfService : ***  15545.314  ***  ISysExpressionsService specified as service event listener (method: eventDispatched)
15539 INFO  [si.isystem.eclipse.debug - 0] ISysAbstractDsfService : ***  15545.4094  ***  ISysExpressionsService initialization(main) finished.
15539 INFO  [si.isystem.eclipse.debug - 0] ISysAbstractDsfService : ***  15545.4756  ***  ISysExpressionsService initialization(sub) finished.
15540 INFO  [si.isystem.eclipse.debug - 0] ISysAbstractDsfService : ***  15546.2765  ***  ISysRegistersService initialization(super) started.
15541 INFO  [si.isystem.eclipse.debug - 0] ISysAbstractDsfService : ***  15546.9936  ***  ISysRegistersService initialization(super) finished.
15541 INFO  [si.isystem.eclipse.debug - 0] ISysAbstractDsfService : ***  15547.0576  ***  ISysRegistersService initialization(main) started.
15541 INFO  [si.isystem.eclipse.debug - 0] ISysAbstractDsfService : ***  15547.8372  ***  ISysRegistersService specified as service event listener (method: eventDispatched)
15541 INFO  [si.isystem.eclipse.debug - 0] ISysAbstractDsfService : ***  15547.8986  ***  ISysRegistersService initialization(main) finished.
15542 INFO  [si.isystem.eclipse.debug - 0] ISysAbstractDsfService : ***  15547.9365  ***  ISysRegistersService initialization(sub) finished.
15542 INFO  [si.isystem.eclipse.debug - 0] ISysAbstractDsfService : ***  15548.5055  ***  ISysDisassemblyService initialization(super) started.
15542 INFO  [si.isystem.eclipse.debug - 0] ISysAbstractDsfService : ***  15548.8489  ***  ISysDisassemblyService initialization(super) finished.
15542 INFO  [si.isystem.eclipse.debug - 0] ISysAbstractDsfService : ***  15548.8902  ***  ISysDisassemblyService initialization(main) started.
15542 INFO  [si.isystem.eclipse.debug - 0] ISysAbstractDsfService : ***  15548.9979  ***  ISysDisassemblyService initialization(main) finished.
15542 INFO  [si.isystem.eclipse.debug - 0] ISysAbstractDsfService : ***  15549.0371  ***  ISysDisassemblyService initialization(sub) finished.
15543 INFO  [si.isystem.eclipse.debug - 0] ISysAbstractDsfService : ***  15549.4864  ***  ISysSfrService initialization(super) started.
15544 INFO  [si.isystem.eclipse.debug - 0] ISysAbstractDsfService : ***  15549.9671  ***  ISysSfrService initialization(super) finished.
15544 INFO  [si.isystem.eclipse.debug - 0] ISysAbstractDsfService : ***  15550.0129  ***  ISysSfrService initialization(main) started.
15544 INFO  [si.isystem.eclipse.debug - 0] ISysAbstractDsfService : ***  15550.5081  ***  ISysSfrService specified as service event listener (method: eventDispatched)
15544 INFO  [si.isystem.eclipse.debug - 0] ISysAbstractDsfService : ***  15550.5586  ***  ISysSfrService initialization(main) finished.
16114 INFO  [si.isystem.eclipse.debug - 0] ISysAbstractDsfService : ***  16119.6875  ***  ISysSfrService initialization(sub) finished.
16114 INFO  [si.isystem.eclipse.debug - 0] ISysAbstractDsfService : ***  16120.3137  ***  ISysRteService initialization(super) started.
16115 INFO  [si.isystem.eclipse.debug - 0] ISysAbstractDsfService : ***  16120.6305  ***  ISysRteService initialization(super) finished.
16115 INFO  [si.isystem.eclipse.debug - 0] ISysAbstractDsfService : ***  16120.6725  ***  ISysRteService initialization(main) started.
16115 INFO  [si.isystem.eclipse.debug - 0] ISysAbstractDsfService : ***  16120.9707  ***  ISysRteService specified as service event listener (method: eventDispatched)
16115 INFO  [si.isystem.eclipse.debug - 0] ISysAbstractDsfService : ***  16121.0471  ***  ISysRteService initialization(main) finished.
16115 INFO  [si.isystem.eclipse.debug - 0] ISysAbstractDsfService : ***  16121.0954  ***  ISysRteService initialization(sub) finished.
16117 INFO  [si.isystem.eclipse.debug - 0] ISysAbstractDsfService : ***  16123.1323  ***  ISysBreakpointService initialization(super) started.
16118 INFO  [si.isystem.eclipse.debug - 0] ISysAbstractDsfService : ***  16123.798  ***  ISysBreakpointService initialization(super) finished.
16118 INFO  [si.isystem.eclipse.debug - 0] ISysAbstractDsfService : ***  16123.8578  ***  ISysBreakpointService initialization(main) started.
16118 INFO  [si.isystem.eclipse.debug - 0] ISysAbstractDsfService : ***  16124.2141  ***  ISysBreakpointService specified as service event listener (method: eventDispatched)
16118 INFO  [si.isystem.eclipse.debug - 0] ISysAbstractDsfService : ***  16124.2687  ***  ISysBreakpointService initialization(main) finished.
16118 INFO  [si.isystem.eclipse.debug - 0] ISysAbstractDsfService : ***  16124.3108  ***  ISysBreakpointService initialization(sub) finished.
16122 INFO  [si.isystem.eclipse.debug - 0] ISysLaunch : ***  16128.6348  ***  Services initialization sequence completed
1631284 WARN  [si.isystem.eclipse.debug - 0] ISysAbstractCommand : Failed to execute command: Index 0 out of bounds for length 0
java.lang.ArrayIndexOutOfBoundsException: Index 0 out of bounds for length 0
	at si.isystem.dsf.services.ISysRunControl.updateCpuStatus(Unknown Source)
	at si.isystem.dsf.control.commands.ISysCmdMiscUpdateCpuStatus.process(Unknown Source)
	at si.isystem.dsf.control.ISysAbstractCommand.executeCommand(Unknown Source)
	at si.isystem.dsf.services.ISysCommandControl$CommandExecutorJob$1.run(Unknown Source)
	at java.base/java.util.concurrent.Executors$RunnableAdapter.call(Executors.java:539)
	at java.base/java.util.concurrent.FutureTask.run(FutureTask.java:264)
	at java.base/java.util.concurrent.ScheduledThreadPoolExecutor$ScheduledFutureTask.run(ScheduledThreadPoolExecutor.java:304)
	at java.base/java.util.concurrent.ThreadPoolExecutor.runWorker(ThreadPoolExecutor.java:1136)
	at java.base/java.util.concurrent.ThreadPoolExecutor$Worker.run(ThreadPoolExecutor.java:635)
	at java.base/java.lang.Thread.run(Thread.java:833)
1631287 INFO  [si.isystem.eclipse.debug - 0] ISysAbstractDsfService : ***  1631293.947  ***  Unable to retrieve SoC status - terminating debug session
1631288 INFO  [si.isystem.eclipse.debug - 0] ISysAbstractDsfService : ***  1631294.7815  ***  Unable to retrieve SoC status - terminating debug session
1631289 INFO  [si.isystem.eclipse.debug - 0] ISysAbstractDsfService : ***  1631295.0986  ***  Unable to retrieve SoC status - terminating debug session
1631289 INFO  [si.isystem.eclipse.debug - 0] ISysAbstractDsfService : ***  1631295.3939  ***  Unable to retrieve SoC status - terminating debug session
1631289 INFO  [si.isystem.eclipse.debug - 0] ISysAbstractDsfService : ***  1631295.7542  ***  Unable to retrieve SoC status - terminating debug session
1631290 INFO  [si.isystem.eclipse.debug - 0] ISysAbstractDsfService : ***  1631296.0951  ***  Unable to retrieve SoC status - terminating debug session
1631290 INFO  [si.isystem.eclipse.debug - 0] ISysAbstractDsfService : ***  1631296.4415  ***  Unable to retrieve SoC status - terminating debug session
1631291 INFO  [si.isystem.eclipse.debug - 0] ISysAbstractDsfService : ***  1631296.8136  ***  Unable to retrieve SoC status - terminating debug session
1631291 INFO  [si.isystem.eclipse.debug - 0] ISysAbstractDsfService : ***  1631297.1702  ***  Unable to retrieve SoC status - terminating debug session
1631291 INFO  [si.isystem.eclipse.debug - 0] ISysAbstractDsfService : ***  1631297.4933  ***  Unable to retrieve SoC status - terminating debug session
1631292 INFO  [si.isystem.eclipse.debug - 0] ISysAbstractDsfService : ***  1631297.8384  ***  Unable to retrieve SoC status - terminating debug session
1631292 INFO  [si.isystem.eclipse.debug - 0] ISysAbstractDsfService : ***  1631298.1885  ***  Unable to retrieve SoC status - terminating debug session
1631292 INFO  [si.isystem.eclipse.debug - 0] ISysAbstractDsfService : ***  1631298.5936  ***  Unable to retrieve SoC status - terminating debug session
1631293 INFO  [si.isystem.eclipse.debug - 0] ISysAbstractDsfService : ***  1631298.9475  ***  Unable to retrieve SoC status - terminating debug session
1631293 INFO  [si.isystem.eclipse.debug - 0] ISysAbstractDsfService : ***  1631299.3081  ***  Unable to retrieve SoC status - terminating debug session
1631296 INFO  [si.isystem.eclipse.debug - 0] ISysAbstractDsfService : ***  1631301.9089  ***  Unable to retrieve SoC status - terminating debug session
1631296 INFO  [si.isystem.eclipse.debug - 0] ISysAbstractDsfService : ***  1631302.3039  ***  Unable to retrieve SoC status - terminating debug session
1631296 INFO  [si.isystem.eclipse.debug - 0] ISysAbstractDsfService : ***  1631302.6633  ***  Unable to retrieve SoC status - terminating debug session
1631297 INFO  [si.isystem.eclipse.debug - 0] ISysAbstractDsfService : ***  1631302.9629  ***  Unable to retrieve SoC status - terminating debug session
1631297 INFO  [si.isystem.eclipse.debug - 0] ISysAbstractDsfService : ***  1631303.2902  ***  Unable to retrieve SoC status - terminating debug session
1631297 INFO  [si.isystem.eclipse.debug - 0] ISysAbstractDsfService : ***  1631303.6221  ***  Unable to retrieve SoC status - terminating debug session
1631298 INFO  [si.isystem.eclipse.debug - 0] ISysAbstractDsfService : ***  1631303.9948  ***  Unable to retrieve SoC status - terminating debug session
1631298 INFO  [si.isystem.eclipse.debug - 0] ISysAbstractDsfService : ***  1631304.3362  ***  Unable to retrieve SoC status - terminating debug session
1631298 INFO  [si.isystem.eclipse.debug - 0] ISysAbstractDsfService : ***  1631304.6586  ***  Unable to retrieve SoC status - terminating debug session
1631299 INFO  [si.isystem.eclipse.debug - 0] ISysAbstractDsfService : ***  1631305.0308  ***  Unable to retrieve SoC status - terminating debug session
1631299 INFO  [si.isystem.eclipse.debug - 0] ISysAbstractDsfService : ***  1631305.4576  ***  Unable to retrieve SoC status - terminating debug session
1631300 INFO  [si.isystem.eclipse.debug - 0] ISysAbstractDsfService : ***  1631305.7849  ***  Unable to retrieve SoC status - terminating debug session
1631300 INFO  [si.isystem.eclipse.debug - 0] ISysAbstractDsfService : ***  1631306.0665  ***  Unable to retrieve SoC status - terminating debug session
1631300 INFO  [si.isystem.eclipse.debug - 0] ISysAbstractDsfService : ***  1631306.4005  ***  Unable to retrieve SoC status - terminating debug session
1631300 INFO  [si.isystem.eclipse.debug - 0] ISysAbstractDsfService : ***  1631306.7235  ***  Unable to retrieve SoC status - terminating debug session
1631301 INFO  [si.isystem.eclipse.debug - 0] ISysAbstractDsfService : ***  1631307.0463  ***  Unable to retrieve SoC status - terminating debug session
1631301 INFO  [si.isystem.eclipse.debug - 0] ISysAbstractDsfService : ***  1631307.3785  ***  Unable to retrieve SoC status - terminating debug session
1631301 INFO  [si.isystem.eclipse.debug - 0] ISysAbstractDsfService : ***  1631307.7018  ***  Unable to retrieve SoC status - terminating debug session
1631302 INFO  [si.isystem.eclipse.debug - 0] ISysAbstractDsfService : ***  1631308.0212  ***  Unable to retrieve SoC status - terminating debug session
1631302 INFO  [si.isystem.eclipse.debug - 0] ISysAbstractDsfService : ***  1631308.3097  ***  Unable to retrieve SoC status - terminating debug session
1631302 INFO  [si.isystem.eclipse.debug - 0] ISysAbstractDsfService : ***  1631308.6266  ***  Unable to retrieve SoC status - terminating debug session
1631303 INFO  [si.isystem.eclipse.debug - 0] ISysAbstractDsfService : ***  1631308.9428  ***  Unable to retrieve SoC status - terminating debug session
1631303 INFO  [si.isystem.eclipse.debug - 0] ISysAbstractDsfService : ***  1631309.1919  ***  Unable to retrieve SoC status - terminating debug session
1631303 INFO  [si.isystem.eclipse.debug - 0] ISysAbstractDsfService : ***  1631309.4371  ***  Unable to retrieve SoC status - terminating debug session
1631303 INFO  [si.isystem.eclipse.debug - 0] ISysAbstractDsfService : ***  1631309.6663  ***  Unable to retrieve SoC status - terminating debug session
1631304 INFO  [si.isystem.eclipse.debug - 0] ISysAbstractDsfService : ***  1631309.8961  ***  Unable to retrieve SoC status - terminating debug session
1631304 INFO  [si.isystem.eclipse.debug - 0] ISysAbstractDsfService : ***  1631310.1435  ***  Unable to retrieve SoC status - terminating debug session
1631304 INFO  [si.isystem.eclipse.debug - 0] ISysAbstractDsfService : ***  1631310.4014  ***  Unable to retrieve SoC status - terminating debug session
1631304 INFO  [si.isystem.eclipse.debug - 0] ISysAbstractDsfService : ***  1631310.6584  ***  Unable to retrieve SoC status - terminating debug session
1631305 INFO  [si.isystem.eclipse.debug - 0] ISysAbstractDsfService : ***  1631310.9235  ***  Unable to retrieve SoC status - terminating debug session
1631305 INFO  [si.isystem.eclipse.debug - 0] ISysAbstractDsfService : ***  1631311.2  ***  Unable to retrieve SoC status - terminating debug session
1631305 INFO  [si.isystem.eclipse.debug - 0] ISysAbstractDsfService : ***  1631311.5172  ***  Unable to retrieve SoC status - terminating debug session
1631305 INFO  [si.isystem.eclipse.debug - 0] ISysAbstractDsfService : ***  1631311.7608  ***  Unable to retrieve SoC status - terminating debug session
1631308 INFO  [si.isystem.eclipse.debug - 0] ISysAbstractDsfService : ***  1631314.4467  ***  Unable to retrieve SoC status - terminating debug session
1631308 INFO  [si.isystem.eclipse.debug - 0] ISysAbstractDsfService : ***  1631314.795  ***  Unable to retrieve SoC status - terminating debug session
1631309 INFO  [si.isystem.eclipse.debug - 0] ISysAbstractDsfService : ***  1631315.1251  ***  Unable to retrieve SoC status - terminating debug session
1631309 INFO  [si.isystem.eclipse.debug - 0] ISysAbstractDsfService : ***  1631315.4522  ***  Unable to retrieve SoC status - terminating debug session
1631309 INFO  [si.isystem.eclipse.debug - 0] ISysAbstractDsfService : ***  1631315.7772  ***  Unable to retrieve SoC status - terminating debug session
1631309 INFO  [si.isystem.eclipse.debug - 0] ISysAbstractDsfService : ***  1631316.0549  ***  Unable to retrieve SoC status - terminating debug session
1631310 INFO  [si.isystem.eclipse.debug - 0] ISysAbstractDsfService : ***  1631316.3806  ***  Unable to retrieve SoC status - terminating debug session
1631311 INFO  [si.isystem.eclipse.debug - 0] ISysAbstractDsfService : ***  1631316.7132  ***  Unable to retrieve SoC status - terminating debug session
1631311 INFO  [si.isystem.eclipse.debug - 0] ISysAbstractDsfService : ***  1631317.0128  ***  Unable to retrieve SoC status - terminating debug session
1631311 INFO  [si.isystem.eclipse.debug - 0] ISysAbstractDsfService : ***  1631317.3436  ***  Unable to retrieve SoC status - terminating debug session
1631311 INFO  [si.isystem.eclipse.debug - 0] ISysAbstractDsfService : ***  1631317.6104  ***  Unable to retrieve SoC status - terminating debug session
1631312 INFO  [si.isystem.eclipse.debug - 0] ISysAbstractDsfService : ***  1631317.8744  ***  Unable to retrieve SoC status - terminating debug session
1631312 INFO  [si.isystem.eclipse.debug - 0] ISysAbstractDsfService : ***  1631318.1177  ***  Unable to retrieve SoC status - terminating debug session
1631312 INFO  [si.isystem.eclipse.debug - 0] ISysAbstractDsfService : ***  1631318.381  ***  Unable to retrieve SoC status - terminating debug session
1631312 INFO  [si.isystem.eclipse.debug - 0] ISysAbstractDsfService : ***  1631318.6185  ***  Unable to retrieve SoC status - terminating debug session
1631313 INFO  [si.isystem.eclipse.debug - 0] ISysAbstractDsfService : ***  1631318.8963  ***  Unable to retrieve SoC status - terminating debug session
1631313 INFO  [si.isystem.eclipse.debug - 0] ISysAbstractDsfService : ***  1631319.1263  ***  Unable to retrieve SoC status - terminating debug session
1631313 INFO  [si.isystem.eclipse.debug - 0] ISysAbstractDsfService : ***  1631319.3791  ***  Unable to retrieve SoC status - terminating debug session
1631313 INFO  [si.isystem.eclipse.debug - 0] ISysAbstractDsfService : ***  1631319.6104  ***  Unable to retrieve SoC status - terminating debug session
1631314 INFO  [si.isystem.eclipse.debug - 0] ISysAbstractDsfService : ***  1631319.8373  ***  Unable to retrieve SoC status - terminating debug session
1631314 INFO  [si.isystem.eclipse.debug - 0] ISysAbstractDsfService : ***  1631320.1627  ***  Unable to retrieve SoC status - terminating debug session
1631314 INFO  [si.isystem.eclipse.debug - 0] ISysAbstractDsfService : ***  1631320.4617  ***  Unable to retrieve SoC status - terminating debug session
1631314 INFO  [si.isystem.eclipse.debug - 0] ISysAbstractDsfService : ***  1631320.7079  ***  Unable to retrieve SoC status - terminating debug session
1631315 INFO  [si.isystem.eclipse.debug - 0] ISysAbstractDsfService : ***  1631320.9694  ***  Unable to retrieve SoC status - terminating debug session
1631315 INFO  [si.isystem.eclipse.debug - 0] ISysAbstractDsfService : ***  1631321.21  ***  Unable to retrieve SoC status - terminating debug session
1631315 INFO  [si.isystem.eclipse.debug - 0] ISysAbstractDsfService : ***  1631321.4973  ***  Unable to retrieve SoC status - terminating debug session
1631315 INFO  [si.isystem.eclipse.debug - 0] ISysAbstractDsfService : ***  1631321.7551  ***  Unable to retrieve SoC status - terminating debug session
1631316 INFO  [si.isystem.eclipse.debug - 0] ISysAbstractDsfService : ***  1631322.0153  ***  Unable to retrieve SoC status - terminating debug session
1631316 INFO  [si.isystem.eclipse.debug - 0] ISysAbstractDsfService : ***  1631322.2618  ***  Unable to retrieve SoC status - terminating debug session
1631316 INFO  [si.isystem.eclipse.debug - 0] ISysAbstractDsfService : ***  1631322.5169  ***  Unable to retrieve SoC status - terminating debug session
1631316 INFO  [si.isystem.eclipse.debug - 0] ISysAbstractDsfService : ***  1631322.7489  ***  Unable to retrieve SoC status - terminating debug session
1631317 INFO  [si.isystem.eclipse.debug - 0] ISysAbstractDsfService : ***  1631322.9877  ***  Unable to retrieve SoC status - terminating debug session
1631317 INFO  [si.isystem.eclipse.debug - 0] ISysAbstractDsfService : ***  1631323.2217  ***  Unable to retrieve SoC status - terminating debug session
1631317 INFO  [si.isystem.eclipse.debug - 0] ISysAbstractDsfService : ***  1631323.4653  ***  Unable to retrieve SoC status - terminating debug session
1631317 INFO  [si.isystem.eclipse.debug - 0] ISysAbstractDsfService : ***  1631323.7946  ***  Unable to retrieve SoC status - terminating debug session
1631318 INFO  [si.isystem.eclipse.debug - 0] ISysAbstractDsfService : ***  1631324.1432  ***  Unable to retrieve SoC status - terminating debug session
1631319 INFO  [si.isystem.eclipse.debug - 0] ISysAbstractDsfService : ***  1631325.1206  ***  Unable to retrieve SoC status - terminating debug session
1631319 INFO  [si.isystem.eclipse.debug - 0] ISysAbstractDsfService : ***  1631325.4029  ***  Unable to retrieve SoC status - terminating debug session
1631319 INFO  [si.isystem.eclipse.debug - 0] ISysAbstractDsfService : ***  1631325.706  ***  Unable to retrieve SoC status - terminating debug session
1631320 INFO  [si.isystem.eclipse.debug - 0] ISysAbstractDsfService : ***  1631326.0434  ***  Unable to retrieve SoC status - terminating debug session
1631320 INFO  [si.isystem.eclipse.debug - 0] ISysAbstractDsfService : ***  1631326.366  ***  Unable to retrieve SoC status - terminating debug session
1631320 INFO  [si.isystem.eclipse.debug - 0] ISysAbstractDsfService : ***  1631326.7228  ***  Unable to retrieve SoC status - terminating debug session
1631321 INFO  [si.isystem.eclipse.debug - 0] ISysAbstractDsfService : ***  1631327.0985  ***  Unable to retrieve SoC status - terminating debug session
1631321 INFO  [si.isystem.eclipse.debug - 0] ISysAbstractDsfService : ***  1631327.451  ***  Unable to retrieve SoC status - terminating debug session
1631321 INFO  [si.isystem.eclipse.debug - 0] ISysAbstractDsfService : ***  1631327.8592  ***  Unable to retrieve SoC status - terminating debug session
1631322 INFO  [si.isystem.eclipse.debug - 0] ISysAbstractDsfService : ***  1631328.2218  ***  Unable to retrieve SoC status - terminating debug session
1631322 INFO  [si.isystem.eclipse.debug - 0] ISysAbstractDsfService : ***  1631328.5744  ***  Unable to retrieve SoC status - terminating debug session
1631323 INFO  [si.isystem.eclipse.debug - 0] ISysAbstractDsfService : ***  1631329.0274  ***  Unable to retrieve SoC status - terminating debug session
1631323 INFO  [si.isystem.eclipse.debug - 0] ISysAbstractDsfService : ***  1631329.3828  ***  Unable to retrieve SoC status - terminating debug session
1631324 INFO  [si.isystem.eclipse.debug - 0] ISysAbstractDsfService : ***  1631329.7128  ***  Unable to retrieve SoC status - terminating debug session
1631324 INFO  [si.isystem.eclipse.debug - 0] ISysAbstractDsfService : ***  1631329.9904  ***  Unable to retrieve SoC status - terminating debug session
1631324 INFO  [si.isystem.eclipse.debug - 0] ISysAbstractDsfService : ***  1631330.2883  ***  Unable to retrieve SoC status - terminating debug session
1631324 INFO  [si.isystem.eclipse.debug - 0] ISysAbstractDsfService : ***  1631330.5596  ***  Unable to retrieve SoC status - terminating debug session
1631325 INFO  [si.isystem.eclipse.debug - 0] ISysAbstractDsfService : ***  1631330.8154  ***  Unable to retrieve SoC status - terminating debug session
1631325 INFO  [si.isystem.eclipse.debug - 0] ISysAbstractDsfService : ***  1631331.0766  ***  Unable to retrieve SoC status - terminating debug session
1631325 INFO  [si.isystem.eclipse.debug - 0] ISysAbstractDsfService : ***  1631331.3252  ***  Unable to retrieve SoC status - terminating debug session
1631325 INFO  [si.isystem.eclipse.debug - 0] ISysAbstractDsfService : ***  1631331.5678  ***  Unable to retrieve SoC status - terminating debug session
1631326 INFO  [si.isystem.eclipse.debug - 0] ISysAbstractDsfService : ***  1631331.8073  ***  Unable to retrieve SoC status - terminating debug session
1631326 INFO  [si.isystem.eclipse.debug - 0] ISysAbstractDsfService : ***  1631332.0452  ***  Unable to retrieve SoC status - terminating debug session
1631326 INFO  [si.isystem.eclipse.debug - 0] ISysAbstractDsfService : ***  1631332.2936  ***  Unable to retrieve SoC status - terminating debug session
1631326 INFO  [si.isystem.eclipse.debug - 0] ISysAbstractDsfService : ***  1631332.521  ***  Unable to retrieve SoC status - terminating debug session
1631327 INFO  [si.isystem.eclipse.debug - 0] ISysAbstractDsfService : ***  1631332.7555  ***  Unable to retrieve SoC status - terminating debug session
1631327 INFO  [si.isystem.eclipse.debug - 0] ISysAbstractDsfService : ***  1631333.0042  ***  Unable to retrieve SoC status - terminating debug session
1631327 INFO  [si.isystem.eclipse.debug - 0] ISysAbstractDsfService : ***  1631333.2314  ***  Unable to retrieve SoC status - terminating debug session
1631327 INFO  [si.isystem.eclipse.debug - 0] ISysAbstractDsfService : ***  1631333.4616  ***  Unable to retrieve SoC status - terminating debug session
1631327 INFO  [si.isystem.eclipse.debug - 0] ISysAbstractDsfService : ***  1631333.6908  ***  Unable to retrieve SoC status - terminating debug session
1631328 INFO  [si.isystem.eclipse.debug - 0] ISysAbstractDsfService : ***  1631333.9384  ***  Unable to retrieve SoC status - terminating debug session
1631328 INFO  [si.isystem.eclipse.debug - 0] ISysAbstractDsfService : ***  1631334.2185  ***  Unable to retrieve SoC status - terminating debug session
1631328 INFO  [si.isystem.eclipse.debug - 0] ISysAbstractDsfService : ***  1631334.4562  ***  Unable to retrieve SoC status - terminating debug session
1631328 INFO  [si.isystem.eclipse.debug - 0] ISysAbstractDsfService : ***  1631334.6906  ***  Unable to retrieve SoC status - terminating debug session
1631329 INFO  [si.isystem.eclipse.debug - 0] ISysAbstractDsfService : ***  1631334.9247  ***  Unable to retrieve SoC status - terminating debug session
1631330 INFO  [si.isystem.eclipse.debug - 0] ISysAbstractDsfService : ***  1631335.9328  ***  Unable to retrieve SoC status - terminating debug session
1631330 INFO  [si.isystem.eclipse.debug - 0] ISysAbstractDsfService : ***  1631336.1916  ***  Unable to retrieve SoC status - terminating debug session
1631330 INFO  [si.isystem.eclipse.debug - 0] ISysAbstractDsfService : ***  1631336.4431  ***  Unable to retrieve SoC status - terminating debug session
1631330 INFO  [si.isystem.eclipse.debug - 0] ISysAbstractDsfService : ***  1631336.6765  ***  Unable to retrieve SoC status - terminating debug session
1631331 INFO  [si.isystem.eclipse.debug - 0] ISysAbstractDsfService : ***  1631336.9201  ***  Unable to retrieve SoC status - terminating debug session
1631331 INFO  [si.isystem.eclipse.debug - 0] ISysAbstractDsfService : ***  1631337.2538  ***  Unable to retrieve SoC status - terminating debug session
1631331 INFO  [si.isystem.eclipse.debug - 0] ISysAbstractDsfService : ***  1631337.6222  ***  Unable to retrieve SoC status - terminating debug session
1631331 INFO  [si.isystem.eclipse.debug - 0] ISysAbstractDsfService : ***  1631337.8783  ***  Unable to retrieve SoC status - terminating debug session
1631332 INFO  [si.isystem.eclipse.debug - 0] ISysAbstractDsfService : ***  1631338.1579  ***  Unable to retrieve SoC status - terminating debug session
1631332 INFO  [si.isystem.eclipse.debug - 0] ISysAbstractDsfService : ***  1631338.4969  ***  Unable to retrieve SoC status - terminating debug session
1631332 INFO  [si.isystem.eclipse.debug - 0] ISysAbstractDsfService : ***  1631338.796  ***  Unable to retrieve SoC status - terminating debug session
1631333 INFO  [si.isystem.eclipse.debug - 0] ISysAbstractDsfService : ***  1631339.1411  ***  Unable to retrieve SoC status - terminating debug session
1631333 INFO  [si.isystem.eclipse.debug - 0] ISysAbstractDsfService : ***  1631339.4745  ***  Unable to retrieve SoC status - terminating debug session
1631333 INFO  [si.isystem.eclipse.debug - 0] ISysAbstractDsfService : ***  1631339.8035  ***  Unable to retrieve SoC status - terminating debug session
1631334 INFO  [si.isystem.eclipse.debug - 0] ISysAbstractDsfService : ***  1631340.1351  ***  Unable to retrieve SoC status - terminating debug session
1631334 INFO  [si.isystem.eclipse.debug - 0] ISysAbstractDsfService : ***  1631340.4625  ***  Unable to retrieve SoC status - terminating debug session
1631334 INFO  [si.isystem.eclipse.debug - 0] ISysAbstractDsfService : ***  1631340.7924  ***  Unable to retrieve SoC status - terminating debug session
1631335 INFO  [si.isystem.eclipse.debug - 0] ISysAbstractDsfService : ***  1631341.1259  ***  Unable to retrieve SoC status - terminating debug session
1631335 INFO  [si.isystem.eclipse.debug - 0] ISysAbstractDsfService : ***  1631341.447  ***  Unable to retrieve SoC status - terminating debug session
1631335 INFO  [si.isystem.eclipse.debug - 0] ISysAbstractDsfService : ***  1631341.7437  ***  Unable to retrieve SoC status - terminating debug session
1631335 INFO  [si.isystem.eclipse.debug - 0] ISysAbstractDsfService : ***  1631342.0124  ***  Unable to retrieve SoC status - terminating debug session
1631336 INFO  [si.isystem.eclipse.debug - 0] ISysAbstractDsfService : ***  1631342.3372  ***  Unable to retrieve SoC status - terminating debug session
1631336 INFO  [si.isystem.eclipse.debug - 0] ISysAbstractDsfService : ***  1631342.5847  ***  Unable to retrieve SoC status - terminating debug session
1631337 INFO  [si.isystem.eclipse.debug - 0] ISysAbstractDsfService : ***  1631342.8761  ***  Unable to retrieve SoC status - terminating debug session
1631337 INFO  [si.isystem.eclipse.debug - 0] ISysAbstractDsfService : ***  1631343.1281  ***  Unable to retrieve SoC status - terminating debug session
1631337 INFO  [si.isystem.eclipse.debug - 0] ISysAbstractDsfService : ***  1631343.3792  ***  Unable to retrieve SoC status - terminating debug session
1631338 INFO  [si.isystem.eclipse.debug - 0] ISysAbstractDsfService : ***  1631343.7493  ***  Unable to retrieve SoC status - terminating debug session
1631338 INFO  [si.isystem.eclipse.debug - 0] ISysAbstractDsfService : ***  1631344.247  ***  Unable to retrieve SoC status - terminating debug session
1631338 INFO  [si.isystem.eclipse.debug - 0] ISysAbstractDsfService : ***  1631344.5197  ***  Unable to retrieve SoC status - terminating debug session
1631339 INFO  [si.isystem.eclipse.debug - 0] ISysAbstractDsfService : ***  1631344.7951  ***  Unable to retrieve SoC status - terminating debug session
1631339 INFO  [si.isystem.eclipse.debug - 0] ISysAbstractDsfService : ***  1631345.0525  ***  Unable to retrieve SoC status - terminating debug session
1631339 INFO  [si.isystem.eclipse.debug - 0] ISysAbstractDsfService : ***  1631345.3076  ***  Unable to retrieve SoC status - terminating debug session
1631339 INFO  [si.isystem.eclipse.debug - 0] ISysAbstractDsfService : ***  1631345.5593  ***  Unable to retrieve SoC status - terminating debug session
1631340 INFO  [si.isystem.eclipse.debug - 0] ISysAbstractDsfService : ***  1631345.8348  ***  Unable to retrieve SoC status - terminating debug session
1631340 INFO  [si.isystem.eclipse.debug - 0] ISysAbstractDsfService : ***  1631346.7019  ***  Unable to retrieve SoC status - terminating debug session
1631341 INFO  [si.isystem.eclipse.debug - 0] ISysAbstractDsfService : ***  1631347.0479  ***  Unable to retrieve SoC status - terminating debug session
1631341 INFO  [si.isystem.eclipse.debug - 0] ISysAbstractDsfService : ***  1631347.3932  ***  Unable to retrieve SoC status - terminating debug session
1631341 INFO  [si.isystem.eclipse.debug - 0] ISysAbstractDsfService : ***  1631347.7118  ***  Unable to retrieve SoC status - terminating debug session
1631342 INFO  [si.isystem.eclipse.debug - 0] ISysAbstractDsfService : ***  1631348.0357  ***  Unable to retrieve SoC status - terminating debug session
1631342 INFO  [si.isystem.eclipse.debug - 0] ISysAbstractDsfService : ***  1631348.3939  ***  Unable to retrieve SoC status - terminating debug session
1631342 INFO  [si.isystem.eclipse.debug - 0] ISysAbstractDsfService : ***  1631348.7235  ***  Unable to retrieve SoC status - terminating debug session
1631343 INFO  [si.isystem.eclipse.debug - 0] ISysAbstractDsfService : ***  1631349.0327  ***  Unable to retrieve SoC status - terminating debug session
1631343 INFO  [si.isystem.eclipse.debug - 0] ISysAbstractDsfService : ***  1631349.3212  ***  Unable to retrieve SoC status - terminating debug session
1631343 INFO  [si.isystem.eclipse.debug - 0] ISysAbstractDsfService : ***  1631349.6397  ***  Unable to retrieve SoC status - terminating debug session
1631344 INFO  [si.isystem.eclipse.debug - 0] ISysAbstractDsfService : ***  1631349.9655  ***  Unable to retrieve SoC status - terminating debug session
1631344 INFO  [si.isystem.eclipse.debug - 0] ISysAbstractDsfService : ***  1631350.2862  ***  Unable to retrieve SoC status - terminating debug session
1631344 INFO  [si.isystem.eclipse.debug - 0] ISysAbstractDsfService : ***  1631350.6003  ***  Unable to retrieve SoC status - terminating debug session
1631344 INFO  [si.isystem.eclipse.debug - 0] ISysAbstractDsfService : ***  1631350.9054  ***  Unable to retrieve SoC status - terminating debug session
1631345 INFO  [si.isystem.eclipse.debug - 0] ISysAbstractDsfService : ***  1631351.2004  ***  Unable to retrieve SoC status - terminating debug session
1631345 INFO  [si.isystem.eclipse.debug - 0] ISysAbstractDsfService : ***  1631351.539  ***  Unable to retrieve SoC status - terminating debug session
1631345 INFO  [si.isystem.eclipse.debug - 0] ISysAbstractDsfService : ***  1631351.8672  ***  Unable to retrieve SoC status - terminating debug session
1631346 INFO  [si.isystem.eclipse.debug - 0] ISysAbstractDsfService : ***  1631352.1949  ***  Unable to retrieve SoC status - terminating debug session
1631346 INFO  [si.isystem.eclipse.debug - 0] ISysAbstractDsfService : ***  1631352.5219  ***  Unable to retrieve SoC status - terminating debug session
1631346 INFO  [si.isystem.eclipse.debug - 0] ISysAbstractDsfService : ***  1631352.8548  ***  Unable to retrieve SoC status - terminating debug session
1631347 INFO  [si.isystem.eclipse.debug - 0] ISysAbstractDsfService : ***  1631353.1746  ***  Unable to retrieve SoC status - terminating debug session
1631347 INFO  [si.isystem.eclipse.debug - 0] ISysAbstractDsfService : ***  1631353.4783  ***  Unable to retrieve SoC status - terminating debug session
1631347 INFO  [si.isystem.eclipse.debug - 0] ISysAbstractDsfService : ***  1631353.7953  ***  Unable to retrieve SoC status - terminating debug session
1631348 INFO  [si.isystem.eclipse.debug - 0] ISysAbstractDsfService : ***  1631354.1246  ***  Unable to retrieve SoC status - terminating debug session
1631348 INFO  [si.isystem.eclipse.debug - 0] ISysAbstractDsfService : ***  1631354.4494  ***  Unable to retrieve SoC status - terminating debug session
1631348 INFO  [si.isystem.eclipse.debug - 0] ISysAbstractDsfService : ***  1631354.7569  ***  Unable to retrieve SoC status - terminating debug session
1631349 INFO  [si.isystem.eclipse.debug - 0] ISysAbstractDsfService : ***  1631355.0634  ***  Unable to retrieve SoC status - terminating debug session
1631349 INFO  [si.isystem.eclipse.debug - 0] ISysAbstractDsfService : ***  1631355.3726  ***  Unable to retrieve SoC status - terminating debug session
1631349 INFO  [si.isystem.eclipse.debug - 0] ISysAbstractDsfService : ***  1631355.6833  ***  Unable to retrieve SoC status - terminating debug session
1631349 INFO  [si.isystem.eclipse.debug - 0] ISysAbstractDsfService : ***  1631355.9966  ***  Unable to retrieve SoC status - terminating debug session
1631350 INFO  [si.isystem.eclipse.debug - 0] ISysAbstractDsfService : ***  1631356.3086  ***  Unable to retrieve SoC status - terminating debug session
1631351 INFO  [si.isystem.eclipse.debug - 0] ISysAbstractDsfService : ***  1631356.6136  ***  Unable to retrieve SoC status - terminating debug session
1631351 INFO  [si.isystem.eclipse.debug - 0] ISysAbstractDsfService : ***  1631357.467  ***  Unable to retrieve SoC status - terminating debug session
1631352 INFO  [si.isystem.eclipse.debug - 0] ISysAbstractDsfService : ***  1631357.83  ***  Unable to retrieve SoC status - terminating debug session
1631352 INFO  [si.isystem.eclipse.debug - 0] ISysAbstractDsfService : ***  1631358.1562  ***  Unable to retrieve SoC status - terminating debug session
1631352 INFO  [si.isystem.eclipse.debug - 0] ISysAbstractDsfService : ***  1631358.49  ***  Unable to retrieve SoC status - terminating debug session
1631353 INFO  [si.isystem.eclipse.debug - 0] ISysAbstractDsfService : ***  1631358.8053  ***  Unable to retrieve SoC status - terminating debug session
1631353 INFO  [si.isystem.eclipse.debug - 0] ISysAbstractDsfService : ***  1631359.0735  ***  Unable to retrieve SoC status - terminating debug session
1631353 INFO  [si.isystem.eclipse.debug - 0] ISysAbstractDsfService : ***  1631359.3237  ***  Unable to retrieve SoC status - terminating debug session
1631353 INFO  [si.isystem.eclipse.debug - 0] ISysAbstractDsfService : ***  1631359.5823  ***  Unable to retrieve SoC status - terminating debug session
1631354 INFO  [si.isystem.eclipse.debug - 0] ISysAbstractDsfService : ***  1631359.829  ***  Unable to retrieve SoC status - terminating debug session
1631354 INFO  [si.isystem.eclipse.debug - 0] ISysAbstractDsfService : ***  1631360.106  ***  Unable to retrieve SoC status - terminating debug session
1631354 INFO  [si.isystem.eclipse.debug - 0] ISysAbstractDsfService : ***  1631360.3885  ***  Unable to retrieve SoC status - terminating debug session
1631354 INFO  [si.isystem.eclipse.debug - 0] ISysAbstractDsfService : ***  1631360.6471  ***  Unable to retrieve SoC status - terminating debug session
1631355 INFO  [si.isystem.eclipse.debug - 0] ISysAbstractDsfService : ***  1631360.9607  ***  Unable to retrieve SoC status - terminating debug session
1631355 INFO  [si.isystem.eclipse.debug - 0] ISysAbstractDsfService : ***  1631361.219  ***  Unable to retrieve SoC status - terminating debug session
1631355 INFO  [si.isystem.eclipse.debug - 0] ISysAbstractDsfService : ***  1631361.4616  ***  Unable to retrieve SoC status - terminating debug session
1631355 INFO  [si.isystem.eclipse.debug - 0] ISysAbstractDsfService : ***  1631361.7365  ***  Unable to retrieve SoC status - terminating debug session
1631356 INFO  [si.isystem.eclipse.debug - 0] ISysAbstractDsfService : ***  1631362.0758  ***  Unable to retrieve SoC status - terminating debug session
1631356 INFO  [si.isystem.eclipse.debug - 0] ISysAbstractDsfService : ***  1631362.3539  ***  Unable to retrieve SoC status - terminating debug session
1631356 INFO  [si.isystem.eclipse.debug - 0] ISysAbstractDsfService : ***  1631362.5902  ***  Unable to retrieve SoC status - terminating debug session
1631357 INFO  [si.isystem.eclipse.debug - 0] ISysAbstractDsfService : ***  1631362.8626  ***  Unable to retrieve SoC status - terminating debug session
1631357 INFO  [si.isystem.eclipse.debug - 0] ISysAbstractDsfService : ***  1631363.194  ***  Unable to retrieve SoC status - terminating debug session
1631357 INFO  [si.isystem.eclipse.debug - 0] ISysAbstractDsfService : ***  1631363.5051  ***  Unable to retrieve SoC status - terminating debug session
1631357 INFO  [si.isystem.eclipse.debug - 0] ISysAbstractDsfService : ***  1631363.8126  ***  Unable to retrieve SoC status - terminating debug session
1631358 INFO  [si.isystem.eclipse.debug - 0] ISysAbstractDsfService : ***  1631364.1742  ***  Unable to retrieve SoC status - terminating debug session
1631358 INFO  [si.isystem.eclipse.debug - 0] ISysAbstractDsfService : ***  1631364.4813  ***  Unable to retrieve SoC status - terminating debug session
1631358 INFO  [si.isystem.eclipse.debug - 0] ISysAbstractDsfService : ***  1631364.7799  ***  Unable to retrieve SoC status - terminating debug session
1631359 INFO  [si.isystem.eclipse.debug - 0] ISysAbstractDsfService : ***  1631365.07  ***  Unable to retrieve SoC status - terminating debug session
1631359 INFO  [si.isystem.eclipse.debug - 0] ISysAbstractDsfService : ***  1631365.3616  ***  Unable to retrieve SoC status - terminating debug session
1631359 INFO  [si.isystem.eclipse.debug - 0] ISysAbstractDsfService : ***  1631365.6919  ***  Unable to retrieve SoC status - terminating debug session
1631360 INFO  [si.isystem.eclipse.debug - 0] ISysAbstractDsfService : ***  1631366.0211  ***  Unable to retrieve SoC status - terminating debug session
1631360 INFO  [si.isystem.eclipse.debug - 0] ISysAbstractDsfService : ***  1631366.3253  ***  Unable to retrieve SoC status - terminating debug session
1631360 INFO  [si.isystem.eclipse.debug - 0] ISysAbstractDsfService : ***  1631366.6254  ***  Unable to retrieve SoC status - terminating debug session
1631360 INFO  [si.isystem.eclipse.debug - 0] ISysAbstractDsfService : ***  1631366.9217  ***  Unable to retrieve SoC status - terminating debug session
1631361 INFO  [si.isystem.eclipse.debug - 0] ISysAbstractDsfService : ***  1631367.2138  ***  Unable to retrieve SoC status - terminating debug session
1631362 INFO  [si.isystem.eclipse.debug - 0] ISysAbstractDsfService : ***  1631368.4088  ***  Unable to retrieve SoC status - terminating debug session
1631362 INFO  [si.isystem.eclipse.debug - 0] ISysAbstractDsfService : ***  1631368.7348  ***  Unable to retrieve SoC status - terminating debug session
1631363 INFO  [si.isystem.eclipse.debug - 0] ISysAbstractDsfService : ***  1631369.0604  ***  Unable to retrieve SoC status - terminating debug session
1631363 INFO  [si.isystem.eclipse.debug - 0] ISysAbstractDsfService : ***  1631369.3476  ***  Unable to retrieve SoC status - terminating debug session
1631363 INFO  [si.isystem.eclipse.debug - 0] ISysAbstractDsfService : ***  1631369.6642  ***  Unable to retrieve SoC status - terminating debug session
1631363 INFO  [si.isystem.eclipse.debug - 0] ISysAbstractDsfService : ***  1631369.9571  ***  Unable to retrieve SoC status - terminating debug session
1631364 INFO  [si.isystem.eclipse.debug - 0] ISysAbstractDsfService : ***  1631370.2277  ***  Unable to retrieve SoC status - terminating debug session
1631364 INFO  [si.isystem.eclipse.debug - 0] ISysAbstractDsfService : ***  1631370.542  ***  Unable to retrieve SoC status - terminating debug session
1631365 INFO  [si.isystem.eclipse.debug - 0] ISysAbstractDsfService : ***  1631370.8089  ***  Unable to retrieve SoC status - terminating debug session
1631365 INFO  [si.isystem.eclipse.debug - 0] ISysAbstractDsfService : ***  1631371.123  ***  Unable to retrieve SoC status - terminating debug session
1631365 INFO  [si.isystem.eclipse.debug - 0] ISysAbstractDsfService : ***  1631371.3759  ***  Unable to retrieve SoC status - terminating debug session
1631366 INFO  [si.isystem.eclipse.debug - 0] ISysAbstractDsfService : ***  1631371.7029  ***  Unable to retrieve SoC status - terminating debug session
1631366 INFO  [si.isystem.eclipse.debug - 0] ISysAbstractDsfService : ***  1631372.0481  ***  Unable to retrieve SoC status - terminating debug session
1631366 INFO  [si.isystem.eclipse.debug - 0] ISysAbstractDsfService : ***  1631372.3852  ***  Unable to retrieve SoC status - terminating debug session
1631367 INFO  [si.isystem.eclipse.debug - 0] ISysAbstractDsfService : ***  1631372.6698  ***  Unable to retrieve SoC status - terminating debug session
1631367 INFO  [si.isystem.eclipse.debug - 0] ISysAbstractDsfService : ***  1631372.9475  ***  Unable to retrieve SoC status - terminating debug session
1631367 INFO  [si.isystem.eclipse.debug - 0] ISysAbstractDsfService : ***  1631373.2597  ***  Unable to retrieve SoC status - terminating debug session
1631367 INFO  [si.isystem.eclipse.debug - 0] ISysAbstractDsfService : ***  1631373.5026  ***  Unable to retrieve SoC status - terminating debug session
1631368 INFO  [si.isystem.eclipse.debug - 0] ISysAbstractDsfService : ***  1631373.7322  ***  Unable to retrieve SoC status - terminating debug session
1631368 INFO  [si.isystem.eclipse.debug - 0] ISysAbstractDsfService : ***  1631373.9893  ***  Unable to retrieve SoC status - terminating debug session
1631368 INFO  [si.isystem.eclipse.debug - 0] ISysAbstractDsfService : ***  1631374.3076  ***  Unable to retrieve SoC status - terminating debug session
1631368 INFO  [si.isystem.eclipse.debug - 0] ISysAbstractDsfService : ***  1631374.5577  ***  Unable to retrieve SoC status - terminating debug session
1631369 INFO  [si.isystem.eclipse.debug - 0] ISysAbstractDsfService : ***  1631374.8226  ***  Unable to retrieve SoC status - terminating debug session
1631369 INFO  [si.isystem.eclipse.debug - 0] ISysAbstractDsfService : ***  1631375.174  ***  Unable to retrieve SoC status - terminating debug session
1631369 INFO  [si.isystem.eclipse.debug - 0] ISysAbstractDsfService : ***  1631375.5675  ***  Unable to retrieve SoC status - terminating debug session
1631370 INFO  [si.isystem.eclipse.debug - 0] ISysAbstractDsfService : ***  1631375.9519  ***  Unable to retrieve SoC status - terminating debug session
1631370 INFO  [si.isystem.eclipse.debug - 0] ISysAbstractDsfService : ***  1631376.2614  ***  Unable to retrieve SoC status - terminating debug session
1631370 INFO  [si.isystem.eclipse.debug - 0] ISysAbstractDsfService : ***  1631376.5788  ***  Unable to retrieve SoC status - terminating debug session
1631371 INFO  [si.isystem.eclipse.debug - 0] ISysAbstractDsfService : ***  1631376.8947  ***  Unable to retrieve SoC status - terminating debug session
1631371 INFO  [si.isystem.eclipse.debug - 0] ISysAbstractDsfService : ***  1631377.2017  ***  Unable to retrieve SoC status - terminating debug session
1631371 INFO  [si.isystem.eclipse.debug - 0] ISysAbstractDsfService : ***  1631377.5165  ***  Unable to retrieve SoC status - terminating debug session
1631371 INFO  [si.isystem.eclipse.debug - 0] ISysAbstractDsfService : ***  1631377.8326  ***  Unable to retrieve SoC status - terminating debug session
1631372 INFO  [si.isystem.eclipse.debug - 0] ISysAbstractDsfService : ***  1631378.1594  ***  Unable to retrieve SoC status - terminating debug session
1631373 INFO  [si.isystem.eclipse.debug - 0] ISysAbstractDsfService : ***  1631379.1753  ***  Unable to retrieve SoC status - terminating debug session
1631373 INFO  [si.isystem.eclipse.debug - 0] ISysAbstractDsfService : ***  1631379.5062  ***  Unable to retrieve SoC status - terminating debug session
1631373 INFO  [si.isystem.eclipse.debug - 0] ISysAbstractDsfService : ***  1631379.82  ***  Unable to retrieve SoC status - terminating debug session
1631374 INFO  [si.isystem.eclipse.debug - 0] ISysAbstractDsfService : ***  1631380.1482  ***  Unable to retrieve SoC status - terminating debug session
1631374 INFO  [si.isystem.eclipse.debug - 0] ISysAbstractDsfService : ***  1631380.4856  ***  Unable to retrieve SoC status - terminating debug session
1631374 INFO  [si.isystem.eclipse.debug - 0] ISysAbstractDsfService : ***  1631380.788  ***  Unable to retrieve SoC status - terminating debug session
1631375 INFO  [si.isystem.eclipse.debug - 0] ISysAbstractDsfService : ***  1631381.1335  ***  Unable to retrieve SoC status - terminating debug session
1631375 INFO  [si.isystem.eclipse.debug - 0] ISysAbstractDsfService : ***  1631381.4704  ***  Unable to retrieve SoC status - terminating debug session
1631375 INFO  [si.isystem.eclipse.debug - 0] ISysAbstractDsfService : ***  1631381.7837  ***  Unable to retrieve SoC status - terminating debug session
1631376 INFO  [si.isystem.eclipse.debug - 0] ISysAbstractDsfService : ***  1631382.1089  ***  Unable to retrieve SoC status - terminating debug session
1631376 INFO  [si.isystem.eclipse.debug - 0] ISysAbstractDsfService : ***  1631382.4147  ***  Unable to retrieve SoC status - terminating debug session
1631376 INFO  [si.isystem.eclipse.debug - 0] ISysAbstractDsfService : ***  1631382.7272  ***  Unable to retrieve SoC status - terminating debug session
1631377 INFO  [si.isystem.eclipse.debug - 0] ISysAbstractDsfService : ***  1631383.0413  ***  Unable to retrieve SoC status - terminating debug session
1631377 INFO  [si.isystem.eclipse.debug - 0] ISysAbstractDsfService : ***  1631383.2937  ***  Unable to retrieve SoC status - terminating debug session
1631377 INFO  [si.isystem.eclipse.debug - 0] ISysAbstractDsfService : ***  1631383.6205  ***  Unable to retrieve SoC status - terminating debug session
1631377 INFO  [si.isystem.eclipse.debug - 0] ISysAbstractDsfService : ***  1631383.9433  ***  Unable to retrieve SoC status - terminating debug session
1631378 INFO  [si.isystem.eclipse.debug - 0] ISysAbstractDsfService : ***  1631384.2759  ***  Unable to retrieve SoC status - terminating debug session
1631378 INFO  [si.isystem.eclipse.debug - 0] ISysAbstractDsfService : ***  1631384.607  ***  Unable to retrieve SoC status - terminating debug session
1631378 INFO  [si.isystem.eclipse.debug - 0] ISysAbstractDsfService : ***  1631384.8904  ***  Unable to retrieve SoC status - terminating debug session
1631379 INFO  [si.isystem.eclipse.debug - 0] ISysAbstractDsfService : ***  1631385.2039  ***  Unable to retrieve SoC status - terminating debug session
1631379 INFO  [si.isystem.eclipse.debug - 0] ISysAbstractDsfService : ***  1631385.4987  ***  Unable to retrieve SoC status - terminating debug session
1631380 INFO  [si.isystem.eclipse.debug - 0] ISysAbstractDsfService : ***  1631385.8057  ***  Unable to retrieve SoC status - terminating debug session
1631380 INFO  [si.isystem.eclipse.debug - 0] ISysAbstractDsfService : ***  1631386.1306  ***  Unable to retrieve SoC status - terminating debug session
1631380 INFO  [si.isystem.eclipse.debug - 0] ISysAbstractDsfService : ***  1631386.4248  ***  Unable to retrieve SoC status - terminating debug session
1631381 INFO  [si.isystem.eclipse.debug - 0] ISysAbstractDsfService : ***  1631386.7844  ***  Unable to retrieve SoC status - terminating debug session
1631381 INFO  [si.isystem.eclipse.debug - 0] ISysAbstractDsfService : ***  1631387.1156  ***  Unable to retrieve SoC status - terminating debug session
1631381 INFO  [si.isystem.eclipse.debug - 0] ISysAbstractDsfService : ***  1631387.403  ***  Unable to retrieve SoC status - terminating debug session
1631382 INFO  [si.isystem.eclipse.debug - 0] ISysAbstractDsfService : ***  1631387.7208  ***  Unable to retrieve SoC status - terminating debug session
1631382 INFO  [si.isystem.eclipse.debug - 0] ISysAbstractDsfService : ***  1631388.1004  ***  Unable to retrieve SoC status - terminating debug session
1631382 INFO  [si.isystem.eclipse.debug - 0] ISysAbstractDsfService : ***  1631388.4475  ***  Unable to retrieve SoC status - terminating debug session
1631383 INFO  [si.isystem.eclipse.debug - 0] ISysAbstractDsfService : ***  1631388.7766  ***  Unable to retrieve SoC status - terminating debug session
1631383 INFO  [si.isystem.eclipse.debug - 0] ISysAbstractDsfService : ***  1631389.0935  ***  Unable to retrieve SoC status - terminating debug session
1631385 INFO  [si.isystem.eclipse.debug - 0] ISysAbstractDsfService : ***  1631391.612  ***  Unable to retrieve SoC status - terminating debug session
1631386 INFO  [si.isystem.eclipse.debug - 0] ISysAbstractDsfService : ***  1631391.9701  ***  Unable to retrieve SoC status - terminating debug session
1631386 INFO  [si.isystem.eclipse.debug - 0] ISysAbstractDsfService : ***  1631392.2866  ***  Unable to retrieve SoC status - terminating debug session
1631386 INFO  [si.isystem.eclipse.debug - 0] ISysAbstractDsfService : ***  1631392.6112  ***  Unable to retrieve SoC status - terminating debug session
1631386 INFO  [si.isystem.eclipse.debug - 0] ISysAbstractDsfService : ***  1631392.9173  ***  Unable to retrieve SoC status - terminating debug session
1631387 INFO  [si.isystem.eclipse.debug - 0] ISysAbstractDsfService : ***  1631393.2449  ***  Unable to retrieve SoC status - terminating debug session
1631387 INFO  [si.isystem.eclipse.debug - 0] ISysAbstractDsfService : ***  1631393.7043  ***  Unable to retrieve SoC status - terminating debug session
1631387 INFO  [si.isystem.eclipse.debug - 0] ISysAbstractDsfService : ***  1631393.9874  ***  Unable to retrieve SoC status - terminating debug session
1631388 INFO  [si.isystem.eclipse.debug - 0] ISysAbstractDsfService : ***  1631394.3149  ***  Unable to retrieve SoC status - terminating debug session
1631388 INFO  [si.isystem.eclipse.debug - 0] ISysAbstractDsfService : ***  1631394.5805  ***  Unable to retrieve SoC status - terminating debug session
1631388 INFO  [si.isystem.eclipse.debug - 0] ISysAbstractDsfService : ***  1631394.8789  ***  Unable to retrieve SoC status - terminating debug session
1631389 INFO  [si.isystem.eclipse.debug - 0] ISysAbstractDsfService : ***  1631395.1571  ***  Unable to retrieve SoC status - terminating debug session
1631389 INFO  [si.isystem.eclipse.debug - 0] ISysAbstractDsfService : ***  1631395.4739  ***  Unable to retrieve SoC status - terminating debug session
1631389 INFO  [si.isystem.eclipse.debug - 0] ISysAbstractDsfService : ***  1631395.7627  ***  Unable to retrieve SoC status - terminating debug session
1631389 INFO  [si.isystem.eclipse.debug - 0] ISysAbstractDsfService : ***  1631396.0182  ***  Unable to retrieve SoC status - terminating debug session
1631390 INFO  [si.isystem.eclipse.debug - 0] ISysAbstractDsfService : ***  1631396.3241  ***  Unable to retrieve SoC status - terminating debug session
1631391 INFO  [si.isystem.eclipse.debug - 0] ISysAbstractDsfService : ***  1631396.6242  ***  Unable to retrieve SoC status - terminating debug session
1631391 INFO  [si.isystem.eclipse.debug - 0] ISysAbstractDsfService : ***  1631396.9286  ***  Unable to retrieve SoC status - terminating debug session
1631391 INFO  [si.isystem.eclipse.debug - 0] ISysAbstractDsfService : ***  1631397.2447  ***  Unable to retrieve SoC status - terminating debug session
1631391 INFO  [si.isystem.eclipse.debug - 0] ISysAbstractDsfService : ***  1631397.5342  ***  Unable to retrieve SoC status - terminating debug session
1631392 INFO  [si.isystem.eclipse.debug - 0] ISysAbstractDsfService : ***  1631397.8613  ***  Unable to retrieve SoC status - terminating debug session
1631392 INFO  [si.isystem.eclipse.debug - 0] ISysAbstractDsfService : ***  1631398.1874  ***  Unable to retrieve SoC status - terminating debug session
1631392 INFO  [si.isystem.eclipse.debug - 0] ISysAbstractDsfService : ***  1631398.4499  ***  Unable to retrieve SoC status - terminating debug session
1631393 INFO  [si.isystem.eclipse.debug - 0] ISysAbstractDsfService : ***  1631398.7783  ***  Unable to retrieve SoC status - terminating debug session
1631393 INFO  [si.isystem.eclipse.debug - 0] ISysAbstractDsfService : ***  1631399.0898  ***  Unable to retrieve SoC status - terminating debug session
1631393 INFO  [si.isystem.eclipse.debug - 0] ISysAbstractDsfService : ***  1631399.4081  ***  Unable to retrieve SoC status - terminating debug session
1631394 INFO  [si.isystem.eclipse.debug - 0] ISysAbstractDsfService : ***  1631399.7147  ***  Unable to retrieve SoC status - terminating debug session
1631394 INFO  [si.isystem.eclipse.debug - 0] ISysAbstractDsfService : ***  1631400.1583  ***  Unable to retrieve SoC status - terminating debug session
1631394 INFO  [si.isystem.eclipse.debug - 0] ISysAbstractDsfService : ***  1631400.4974  ***  Unable to retrieve SoC status - terminating debug session
1631395 INFO  [si.isystem.eclipse.debug - 0] ISysAbstractDsfService : ***  1631400.7954  ***  Unable to retrieve SoC status - terminating debug session
1631395 INFO  [si.isystem.eclipse.debug - 0] ISysAbstractDsfService : ***  1631401.0802  ***  Unable to retrieve SoC status - terminating debug session
1631399 INFO  [si.isystem.eclipse.debug - 0] ISysAbstractDsfService : ***  1631405.3873  ***  Unable to retrieve SoC status - terminating debug session
1631399 INFO  [Worker-10: Command Executor Job] ISysAbstractDsfService : ***  1631405.844  ***  ISysCommandControl command dequeued - exiting command processing loop
1631399 INFO  [si.isystem.eclipse.debug - 0] ISysAbstractCommand : ***  1631405.8752  ***  Processing the last command to be processed: si.isystem.dsf.control.commands.ISysCmdMiscTerminateDebugger
1631399 INFO  [si.isystem.eclipse.debug - 0] ISysAbstractDsfService : ***  1631405.936  ***  Command Control was shut down - cancelling remaining commands in queue.
1631400 INFO  [si.isystem.eclipse.debug - 0] ISysAbstractDsfService : ***  1631406.1664  ***  Command Controll queue is empty and closed.
1631400 INFO  [si.isystem.eclipse.debug - 0] ISysAbstractDsfService : ***  1631406.6165  ***  ISysBreakpointService shutdown(super) started.
1631400 INFO  [si.isystem.eclipse.debug - 0] ISysAbstractDsfService : ***  1631406.7484  ***  ISysBreakpointService shutdown(super) finished.
1631400 INFO  [si.isystem.eclipse.debug - 0] ISysAbstractDsfService : ***  1631406.7773  ***  ISysBreakpointService shutdown(main) started.
1631400 INFO  [si.isystem.eclipse.debug - 0] ISysAbstractDsfService : ***  1631406.8141  ***  ISysBreakpointService removed from service event listener list
1631401 INFO  [si.isystem.eclipse.debug - 0] ISysAbstractDsfService : ***  1631406.9586  ***  ISysBreakpointService shutdown(main) finished.
1631401 INFO  [si.isystem.eclipse.debug - 0] ISysAbstractDsfService : ***  1631406.9996  ***  ISysBreakpointService shutdown(sub) finished.
1631401 INFO  [si.isystem.eclipse.debug - 0] ISysAbstractDsfService : ***  1631407.038  ***  ISysRteService shutdown(super) started.
1631401 INFO  [si.isystem.eclipse.debug - 0] ISysAbstractDsfService : ***  1631407.1341  ***  ISysRteService shutdown(super) finished.
1631401 INFO  [si.isystem.eclipse.debug - 0] ISysAbstractDsfService : ***  1631407.1526  ***  ISysRteService shutdown(main) started.
1631401 INFO  [si.isystem.eclipse.debug - 0] ISysAbstractDsfService : ***  1631407.1645  ***  ISysRteService removed from service event listener list
1631401 INFO  [si.isystem.eclipse.debug - 0] ISysAbstractDsfService : ***  1631407.2552  ***  ISysRteService shutdown(main) finished.
1631401 INFO  [si.isystem.eclipse.debug - 0] ISysAbstractDsfService : ***  1631407.2882  ***  ISysRteService shutdown(sub) finished.
1631401 INFO  [si.isystem.eclipse.debug - 0] ISysAbstractDsfService : ***  1631407.3124  ***  ISysSfrService shutdown(super) started.
1631401 INFO  [si.isystem.eclipse.debug - 0] ISysAbstractDsfService : ***  1631407.4068  ***  ISysSfrService shutdown(super) finished.
1631401 INFO  [si.isystem.eclipse.debug - 0] ISysAbstractDsfService : ***  1631407.4246  ***  ISysSfrService shutdown(main) started.
1631401 INFO  [si.isystem.eclipse.debug - 0] ISysAbstractDsfService : ***  1631407.4347  ***  ISysSfrService removed from service event listener list
1631401 INFO  [si.isystem.eclipse.debug - 0] ISysAbstractDsfService : ***  1631407.5152  ***  ISysSfrService shutdown(main) finished.
1631401 INFO  [si.isystem.eclipse.debug - 0] ISysAbstractDsfService : ***  1631407.5494  ***  ISysSfrService shutdown(sub) finished.
1631401 INFO  [si.isystem.eclipse.debug - 0] ISysAbstractDsfService : ***  1631407.5894  ***  ISysDisassemblyService shutdown(super) started.
1631401 INFO  [si.isystem.eclipse.debug - 0] ISysAbstractDsfService : ***  1631407.6279  ***  ISysDisassemblyService shutdown(super) finished.
1631401 INFO  [si.isystem.eclipse.debug - 0] ISysAbstractDsfService : ***  1631407.6492  ***  ISysDisassemblyService shutdown(main) started.
1631401 INFO  [si.isystem.eclipse.debug - 0] ISysAbstractDsfService : ***  1631407.7552  ***  ISysDisassemblyService shutdown(main) finished.
1631401 INFO  [si.isystem.eclipse.debug - 0] ISysAbstractDsfService : ***  1631407.778  ***  ISysDisassemblyService shutdown(sub) finished.
1631401 INFO  [si.isystem.eclipse.debug - 0] ISysAbstractDsfService : ***  1631407.8109  ***  ISysRegistersService shutdown(super) started.
1631401 INFO  [si.isystem.eclipse.debug - 0] ISysAbstractDsfService : ***  1631407.8366  ***  ISysRegistersService shutdown(super) finished.
1631401 INFO  [si.isystem.eclipse.debug - 0] ISysAbstractDsfService : ***  1631407.8521  ***  ISysRegistersService shutdown(main) started.
1631401 INFO  [si.isystem.eclipse.debug - 0] ISysAbstractDsfService : ***  1631407.867  ***  ISysRegistersService removed from service event listener list
1631401 INFO  [si.isystem.eclipse.debug - 0] ISysAbstractDsfService : ***  1631407.9669  ***  ISysRegistersService shutdown(main) finished.
1631401 INFO  [si.isystem.eclipse.debug - 0] ISysAbstractDsfService : ***  1631407.99  ***  ISysRegistersService shutdown(sub) finished.
1631402 INFO  [si.isystem.eclipse.debug - 0] ISysAbstractDsfService : ***  1631408.0241  ***  ISysExpressionsService shutdown(super) started.
1631402 INFO  [si.isystem.eclipse.debug - 0] ISysAbstractDsfService : ***  1631408.0544  ***  ISysExpressionsService shutdown(super) finished.
1631402 INFO  [si.isystem.eclipse.debug - 0] ISysAbstractDsfService : ***  1631408.0713  ***  ISysExpressionsService shutdown(main) started.
1631402 INFO  [si.isystem.eclipse.debug - 0] ISysAbstractDsfService : ***  1631408.0881  ***  ISysExpressionsService removed from service event listener list
1631402 INFO  [si.isystem.eclipse.debug - 0] ISysAbstractDsfService : ***  1631408.2091  ***  ISysExpressionsService shutdown(main) finished.
1631402 INFO  [si.isystem.eclipse.debug - 0] ISysAbstractDsfService : ***  1631408.2322  ***  ISysExpressionsService shutdown(sub) finished.
1631402 INFO  [si.isystem.eclipse.debug - 0] ISysAbstractDsfService : ***  1631408.2673  ***  ISysSourceLookupService shutdown(super) started.
1631402 INFO  [si.isystem.eclipse.debug - 0] ISysAbstractDsfService : ***  1631408.2924  ***  ISysSourceLookupService shutdown(super) finished.
1631402 INFO  [si.isystem.eclipse.debug - 0] ISysAbstractDsfService : ***  1631408.3102  ***  ISysSourceLookupService shutdown(main) started.
1631402 INFO  [si.isystem.eclipse.debug - 0] ISysAbstractDsfService : ***  1631408.4008  ***  ISysSourceLookupService shutdown(main) finished.
1631402 INFO  [si.isystem.eclipse.debug - 0] ISysAbstractDsfService : ***  1631408.4219  ***  ISysSourceLookupService shutdown(sub) finished.
1631402 INFO  [si.isystem.eclipse.debug - 0] ISysAbstractDsfService : ***  1631408.4541  ***  ISysMemoryService shutdown(super) started.
1631402 INFO  [si.isystem.eclipse.debug - 0] ISysAbstractDsfService : ***  1631408.4832  ***  ISysMemoryService shutdown(super) finished.
1631402 INFO  [si.isystem.eclipse.debug - 0] ISysAbstractDsfService : ***  1631408.4996  ***  ISysMemoryService shutdown(main) started.
1631402 INFO  [si.isystem.eclipse.debug - 0] ISysAbstractDsfService : ***  1631408.5149  ***  ISysMemoryService removed from service event listener list
1631402 INFO  [si.isystem.eclipse.debug - 0] ISysAbstractDsfService : ***  1631408.6158  ***  ISysMemoryService shutdown(main) finished.
1631402 INFO  [si.isystem.eclipse.debug - 0] ISysAbstractDsfService : ***  1631408.6373  ***  ISysMemoryService shutdown(sub) finished.
1631402 INFO  [si.isystem.eclipse.debug - 0] ISysAbstractDsfService : ***  1631408.668  ***  ISysStackService shutdown(super) started.
1631402 INFO  [si.isystem.eclipse.debug - 0] ISysAbstractDsfService : ***  1631408.6946  ***  ISysStackService shutdown(super) finished.
1631402 INFO  [si.isystem.eclipse.debug - 0] ISysAbstractDsfService : ***  1631408.7143  ***  ISysStackService shutdown(main) started.
1631402 INFO  [si.isystem.eclipse.debug - 0] ISysAbstractDsfService : ***  1631408.733  ***  ISysStackService removed from service event listener list
1631402 INFO  [si.isystem.eclipse.debug - 0] ISysAbstractDsfService : ***  1631408.8314  ***  ISysStackService shutdown(main) finished.
1631402 INFO  [si.isystem.eclipse.debug - 0] ISysAbstractDsfService : ***  1631408.8529  ***  ISysStackService shutdown(sub) finished.
1631402 INFO  [si.isystem.eclipse.debug - 0] ISysAbstractDsfService : ***  1631408.878  ***  ISysRunControl shutdown(super) started.
1631402 INFO  [si.isystem.eclipse.debug - 0] ISysAbstractDsfService : ***  1631408.9042  ***  ISysRunControl shutdown(super) finished.
1631402 INFO  [si.isystem.eclipse.debug - 0] ISysAbstractDsfService : ***  1631408.9208  ***  ISysRunControl shutdown(main) started.
1631402 INFO  [si.isystem.eclipse.debug - 0] ISysAbstractDsfService : ***  1631408.936  ***  ISysRunControl removed from service event listener list
1631403 INFO  [si.isystem.eclipse.debug - 0] ISysAbstractDsfService : ***  1631409.0356  ***  ISysRunControl shutdown(main) finished.
1631403 INFO  [si.isystem.eclipse.debug - 0] ISysAbstractDsfService : ***  1631409.0575  ***  ISysRunControl shutdown(sub) finished.
1631403 INFO  [si.isystem.eclipse.debug - 0] ISysAbstractDsfService : ***  1631409.0827  ***  ISysCommandControl shutdown(super) started.
1631403 INFO  [si.isystem.eclipse.debug - 0] ISysAbstractDsfService : ***  1631409.1085  ***  ISysCommandControl shutdown(super) finished.
1631403 INFO  [si.isystem.eclipse.debug - 0] ISysAbstractDsfService : ***  1631409.1192  ***  ISysCommandControl shutdown(main) started.
1631403 INFO  [si.isystem.eclipse.debug - 0] ISysAbstractDsfService : ***  1631409.1802  ***  ISysCommandControl shutdown(main) finished.
1631403 INFO  [si.isystem.eclipse.debug - 0] ISysAbstractDsfService : ***  1631409.1937  ***  ISysCommandControl shutdown(sub) finished.
1631403 INFO  [si.isystem.eclipse.debug - 0] ISysAbstractDsfService : ***  1631409.2225  ***  ISysConnectionService shutdown(super) started.
1631403 INFO  [si.isystem.eclipse.debug - 0] ISysAbstractDsfService : ***  1631409.4995  ***  ISysConnectionService shutdown(super) finished.
1631403 INFO  [si.isystem.eclipse.debug - 0] ISysAbstractDsfService : ***  1631409.5259  ***  ISysConnectionService shutdown(main) started.
1631403 INFO  [si.isystem.eclipse.debug - 0] ISysAbstractDsfService : ***  1631409.5401  ***  ISysConnectionService shutdown(main) finished.
1631403 INFO  [si.isystem.eclipse.debug - 0] ISysAbstractDsfService : ***  1631409.5542  ***  ISysConnectionService shutdown(sub) finished.
1631403 INFO  [si.isystem.eclipse.debug - 0] ISysLaunch : ***  1631409.9348  ***  Debug services shutdown completed.
106764298 INFO  [Framework stop - Equinox Container: 6f1193a9-3414-4583-8222-f54643fa3b43] ISysDebugPlugin : ***  1.067613537563E8  ***  Stopping Plugin si.isystem.eclipse.debug
106764306 INFO  [Framework stop - Equinox Container: 6f1193a9-3414-4583-8222-f54643fa3b43] ISysDebugPlugin : ***  1.067613619257E8  ***  Plugin si.isystem.eclipse.debug stopped.
