2024-03-28 21:35:25,954 [INFO] Activator:176 - 


2024-03-28 21:35:25,958 [INFO] Activator:177 - !SESSION log4j initialized
2024-03-28 21:35:29,508 [INFO] LogOutputStream:77 - [STDOUT_REDIRECT] 
2024-03-28 21:35:31,529 [INFO] ApplicationProperties:184 - Using Application install path: C:\ST\STM32CubeIDE_1.10.1\STM32CubeIDE\plugins\com.st.stm32cube.common.mx_6.9.2.202309101412
2024-03-28 21:35:31,542 [INFO] DbMcusXml:78 - Set database path to: C:\ST\STM32CubeIDE_1.10.1\STM32CubeIDE\plugins\com.st.stm32cube.common.mx_6.9.2.202309101412\\db\/mcu/
2024-03-28 21:35:31,543 [INFO] ApiDb:274 - Set plugin database path to: C:\ST\STM32CubeIDE_1.10.1\STM32CubeIDE\plugins\com.st.stm32cube.common.mx_6.9.2.202309101412\\db\/plugins/boardmanager/
2024-03-28 21:35:31,544 [WARN] ApiDb:259 - Overriding images path with different value:  => C:\ST\STM32CubeIDE_1.10.1\STM32CubeIDE\plugins\com.st.stm32cube.common.mx_6.9.2.202309101412\\db\/plugins/mcufinder/images/
2024-03-28 21:35:31,551 [INFO] ApiDb:250 - Set database path to: C:\Users\Daniel\.stmcufinder\plugins\mcufinder//mcu/
2024-03-28 21:35:31,552 [INFO] DbMcusAds:125 - Set database path to: C:\Users\Daniel\.stmcufinder\plugins\mcufinder//mcu/
2024-03-28 21:35:31,553 [INFO] CrossReferenceDbSqlite:203 - Set database path to: C:\Users\Daniel\.stmcufinder\plugins\mcufinder//mcu/cs/
2024-03-28 21:35:31,640 [INFO] RulesReader:64 - Compatibility file has been processed (293 Rules)
2024-03-28 21:35:31,702 [INFO] DbMcusXml:78 - Set database path to: C:\ST\STM32CubeIDE_1.10.1\STM32CubeIDE\plugins\com.st.stm32cube.common.mx_6.9.2.202309101412\\db\/mcu/
2024-03-28 21:35:31,704 [INFO] ApiDb:274 - Set plugin database path to: C:\ST\STM32CubeIDE_1.10.1\STM32CubeIDE\plugins\com.st.stm32cube.common.mx_6.9.2.202309101412\\db\/plugins/boardmanager/
2024-03-28 21:35:31,704 [INFO] ApiDb:261 - Set plugin images path to: C:\ST\STM32CubeIDE_1.10.1\STM32CubeIDE\plugins\com.st.stm32cube.common.mx_6.9.2.202309101412\\db\/plugins/mcufinder/images/
2024-03-28 21:35:31,704 [WARN] DbFile:41 - Overriding database path with different value: C:\Users\Daniel\.stmcufinder\plugins\mcufinder/ => C:\Users\Daniel\.stmcufinder\plugins\mcufinder
2024-03-28 21:35:31,704 [INFO] ApiDb:250 - Set database path to: C:\Users\Daniel\.stmcufinder\plugins\mcufinder//mcu/
2024-03-28 21:35:31,704 [WARN] DbFile:41 - Overriding database path with different value: C:\Users\Daniel\.stmcufinder\plugins\mcufinder/ => C:\Users\Daniel\.stmcufinder\plugins\mcufinder
2024-03-28 21:35:31,704 [INFO] DbMcusAds:125 - Set database path to: C:\Users\Daniel\.stmcufinder\plugins\mcufinder//mcu/
2024-03-28 21:35:31,704 [WARN] DbFile:41 - Overriding database path with different value: C:\Users\Daniel\.stmcufinder\plugins\mcufinder/ => C:\Users\Daniel\.stmcufinder\plugins\mcufinder
2024-03-28 21:35:31,704 [WARN] DbFile:41 - Overriding database path with different value: C:\Users\Daniel\.stmcufinder\plugins\mcufinder/ => C:\Users\Daniel\.stmcufinder\plugins\mcufinder
2024-03-28 21:35:31,704 [INFO] CrossReferenceDbSqlite:203 - Set database path to: C:\Users\Daniel\.stmcufinder\plugins\mcufinder//mcu/cs/
2024-03-28 21:35:31,765 [INFO] MainPanel:262 - HeapMemory: 268435456
2024-03-28 21:35:31,832 [INFO] DbMcusXml:78 - Set database path to: C:\ST\STM32CubeIDE_1.10.1\STM32CubeIDE\plugins\com.st.stm32cube.common.mx_6.9.2.202309101412\\db\/mcu/
2024-03-28 21:35:31,832 [INFO] ApiDb:274 - Set plugin database path to: C:\ST\STM32CubeIDE_1.10.1\STM32CubeIDE\plugins\com.st.stm32cube.common.mx_6.9.2.202309101412\\db\/plugins/boardmanager/
2024-03-28 21:35:31,832 [INFO] ApiDb:261 - Set plugin images path to: C:\ST\STM32CubeIDE_1.10.1\STM32CubeIDE\plugins\com.st.stm32cube.common.mx_6.9.2.202309101412\\db\/plugins/mcufinder/images/
2024-03-28 21:35:31,832 [WARN] DbFile:41 - Overriding database path with different value: C:\Users\Daniel\.stmcufinder\plugins\mcufinder/ => C:\Users\Daniel\.stmcufinder\plugins\mcufinder
2024-03-28 21:35:31,833 [INFO] ApiDb:250 - Set database path to: C:\Users\Daniel\.stmcufinder\plugins\mcufinder//mcu/
2024-03-28 21:35:31,833 [WARN] DbFile:41 - Overriding database path with different value: C:\Users\Daniel\.stmcufinder\plugins\mcufinder/ => C:\Users\Daniel\.stmcufinder\plugins\mcufinder
2024-03-28 21:35:31,833 [INFO] DbMcusAds:125 - Set database path to: C:\Users\Daniel\.stmcufinder\plugins\mcufinder//mcu/
2024-03-28 21:35:31,833 [WARN] DbFile:41 - Overriding database path with different value: C:\Users\Daniel\.stmcufinder\plugins\mcufinder/ => C:\Users\Daniel\.stmcufinder\plugins\mcufinder
2024-03-28 21:35:31,833 [WARN] DbFile:41 - Overriding database path with different value: C:\Users\Daniel\.stmcufinder\plugins\mcufinder/ => C:\Users\Daniel\.stmcufinder\plugins\mcufinder
2024-03-28 21:35:31,833 [INFO] CrossReferenceDbSqlite:203 - Set database path to: C:\Users\Daniel\.stmcufinder\plugins\mcufinder//mcu/cs/
2024-03-28 21:35:31,847 [INFO] ApplicationProperties:184 - Using Application install path: C:\ST\STM32CubeIDE_1.10.1\STM32CubeIDE\plugins\com.st.stm32cube.common.mx_6.9.2.202309101412
2024-03-28 21:35:31,848 [INFO] PluginManage:196 - Search for loadable plugins [exclusion list=, ]
2024-03-28 21:35:31,849 [INFO] PluginManage:310 - Check plugin analytics
2024-03-28 21:35:31,955 [INFO] AnalyticsPlugin:253 - Accepted Software Licenses: 
2024-03-28 21:35:31,956 [INFO] AnalyticsPlugin:255 - Accepted CMSIS Pack Licenses: 
2024-03-28 21:35:31,956 [INFO] AnalyticsPlugin:257 - Accepted Firmware Licenses: 
2024-03-28 21:35:31,957 [INFO] PluginManage:359 - Loaded plugin analytics (category:tool,tabindex:-1)
2024-03-28 21:35:31,958 [INFO] PluginManage:310 - Check plugin cadmodel
2024-03-28 21:35:31,968 [INFO] CADModel:105 - Init CAD model plugin
2024-03-28 21:35:31,968 [INFO] PluginManage:359 - Loaded plugin cadmodel (category:power,tabindex:5)
2024-03-28 21:35:31,968 [INFO] PluginManage:310 - Check plugin clock
2024-03-28 21:35:31,982 [INFO] PluginManage:359 - Loaded plugin clock (category:base,tabindex:2)
2024-03-28 21:35:31,982 [INFO] PluginManage:310 - Check plugin ddr
2024-03-28 21:35:31,984 [INFO] PluginManage:359 - Loaded plugin ddr (category:tool,tabindex:6)
2024-03-28 21:35:31,984 [INFO] PluginManage:310 - Check plugin filemanager
2024-03-28 21:35:32,075 [INFO] PluginManage:359 - Loaded plugin filemanager (category:base,tabindex:10)
2024-03-28 21:35:32,075 [INFO] PluginManage:310 - Check plugin ipmanager
2024-03-28 21:35:32,081 [INFO] PluginManage:359 - Loaded plugin ipmanager (category:base,tabindex:5)
2024-03-28 21:35:32,081 [INFO] PluginManage:310 - Check plugin lpbam
2024-03-28 21:35:32,092 [INFO] PluginManage:359 - Loaded plugin lpbam (category:base,tabindex:0)
2024-03-28 21:35:32,092 [INFO] PluginManage:310 - Check plugin memorymap
2024-03-28 21:35:32,109 [INFO] PluginManage:359 - Loaded plugin memorymap (category:base,tabindex:4)
2024-03-28 21:35:32,109 [INFO] PluginManage:310 - Check plugin pinoutandconfiguration
2024-03-28 21:35:32,121 [INFO] PluginManage:359 - Loaded plugin pinoutandconfiguration (category:base,tabindex:1)
2024-03-28 21:35:32,121 [INFO] PluginManage:310 - Check plugin pinoutconfig
2024-03-28 21:35:32,184 [WARN] SupportedApi:132 - Cannot load RTOS API schema: s4s-elt-must-match.1: The content of 'definitions' must match (annotation?, (simpleType | complexType)?, (unique | key | keyref)*)). A problem was found starting at: attribute.
2024-03-28 21:35:32,277 [INFO] PluginManage:359 - Loaded plugin pinoutconfig (category:base,tabindex:0)
2024-03-28 21:35:32,277 [INFO] PluginManage:310 - Check plugin power
2024-03-28 21:35:32,291 [INFO] PluginManage:359 - Loaded plugin power (category:power,tabindex:4)
2024-03-28 21:35:32,291 [INFO] PluginManage:310 - Check plugin projectmanager
2024-03-28 21:35:32,301 [INFO] PluginManage:359 - Loaded plugin projectmanager (category:projectmanager,tabindex:3)
2024-03-28 21:35:32,301 [INFO] PluginManage:310 - Check plugin thirdparty
2024-03-28 21:35:32,477 [INFO] PluginManage:359 - Loaded plugin thirdparty (category:base,tabindex:-1)
2024-03-28 21:35:32,477 [WARN] IntegrityCheckThread:84 - waiting for thirdparty lock release [integrity check]
2024-03-28 21:35:32,477 [INFO] PluginManage:310 - Check plugin tools
2024-03-28 21:35:32,477 [INFO] IntegrityCheckThread:86 - entering critical section [integrity check]
2024-03-28 21:35:32,477 [INFO] ThirdPartyUpdaterWithRetryManager:70 - Updater plugin not ready yet. [1/15]
2024-03-28 21:35:32,498 [INFO] PluginManage:359 - Loaded plugin tools (category:base,tabindex:7)
2024-03-28 21:35:32,498 [INFO] PluginManage:310 - Check plugin tutovideos
2024-03-28 21:35:32,634 [INFO] PluginManage:359 - Loaded plugin tutovideos (category:base,tabindex:-1)
2024-03-28 21:35:32,634 [INFO] PluginManage:310 - Check plugin updater
2024-03-28 21:35:32,641 [INFO] PluginManage:359 - Loaded plugin updater (category:base,tabindex:12)
2024-03-28 21:35:32,642 [INFO] PluginManage:310 - Check plugin userauth
2024-03-28 21:35:32,646 [INFO] UserAuth:113 - Init User Auth plugin
2024-03-28 21:35:32,646 [INFO] PluginManage:359 - Loaded plugin userauth (category:base,tabindex:14)
2024-03-28 21:35:32,646 [INFO] PluginManage:283 - PluginManage : Loaded plugins [17]
2024-03-28 21:35:32,798 [INFO] PinOutPanel:1499 - setPackage(No Configuration,No Configuration)
2024-03-28 21:35:32,871 [INFO] CADModel:165 - CPN selected for project level
2024-03-28 21:35:32,871 [INFO] CADModel:114 - Register for checkConnection events
2024-03-28 21:35:32,889 [INFO] IPUIPlugin:80 - create IPUIPlugin
2024-03-28 21:35:32,889 [INFO] PluginManager:220 - loadIPPluginJar : add adc
2024-03-28 21:35:32,912 [INFO] IPUIPlugin:80 - create IPUIPlugin
2024-03-28 21:35:32,912 [INFO] PluginManager:220 - loadIPPluginJar : add aes
2024-03-28 21:35:32,937 [INFO] IPUIPlugin:80 - create IPUIPlugin
2024-03-28 21:35:32,937 [INFO] PluginManager:220 - loadIPPluginJar : add can
2024-03-28 21:35:32,951 [INFO] IPUIPlugin:80 - create IPUIPlugin
2024-03-28 21:35:32,951 [INFO] PluginManager:220 - loadIPPluginJar : add comp
2024-03-28 21:35:32,971 [INFO] IPUIPlugin:80 - create IPUIPlugin
2024-03-28 21:35:32,971 [INFO] PluginManager:220 - loadIPPluginJar : add cryp
2024-03-28 21:35:32,989 [INFO] IPUIPlugin:80 - create IPUIPlugin
2024-03-28 21:35:32,989 [INFO] PluginManager:220 - loadIPPluginJar : add dfsdm
2024-03-28 21:35:32,999 [INFO] IPUIPlugin:80 - create IPUIPlugin
2024-03-28 21:35:32,999 [INFO] PluginManager:220 - loadIPPluginJar : add dma
2024-03-28 21:35:33,026 [INFO] IPUIPlugin:80 - create IPUIPlugin
2024-03-28 21:35:33,027 [INFO] PluginManager:220 - loadIPPluginJar : add dma3
2024-03-28 21:35:33,039 [INFO] IPUIPlugin:80 - create IPUIPlugin
2024-03-28 21:35:33,039 [INFO] PluginManager:220 - loadIPPluginJar : add fatfs
2024-03-28 21:35:33,070 [INFO] IPUIPlugin:80 - create IPUIPlugin
2024-03-28 21:35:33,070 [INFO] PluginManager:220 - loadIPPluginJar : add fmc
2024-03-28 21:35:33,080 [INFO] IPUIPlugin:80 - create IPUIPlugin
2024-03-28 21:35:33,080 [INFO] PluginManager:220 - loadIPPluginJar : add freertos
2024-03-28 21:35:33,094 [INFO] IPUIPlugin:80 - create IPUIPlugin
2024-03-28 21:35:33,094 [INFO] PluginManager:220 - loadIPPluginJar : add genericplugin
2024-03-28 21:35:33,170 [INFO] IPUIPlugin:80 - create IPUIPlugin
2024-03-28 21:35:33,170 [INFO] PluginManager:220 - loadIPPluginJar : add gfxmmu
2024-03-28 21:35:33,250 [INFO] IPUIPlugin:80 - create IPUIPlugin
2024-03-28 21:35:33,250 [INFO] PluginManager:220 - loadIPPluginJar : add gic
2024-03-28 21:35:33,257 [INFO] IPUIPlugin:80 - create IPUIPlugin
2024-03-28 21:35:33,257 [INFO] PluginManager:220 - loadIPPluginJar : add gpio
2024-03-28 21:35:33,316 [INFO] IPUIPlugin:80 - create IPUIPlugin
2024-03-28 21:35:33,316 [INFO] PluginManager:220 - loadIPPluginJar : add gtzc
2024-03-28 21:35:33,335 [INFO] IPUIPlugin:80 - create IPUIPlugin
2024-03-28 21:35:33,335 [INFO] PluginManager:220 - loadIPPluginJar : add hash
2024-03-28 21:35:33,367 [INFO] IPUIPlugin:80 - create IPUIPlugin
2024-03-28 21:35:33,367 [INFO] PluginManager:220 - loadIPPluginJar : add i2c
2024-03-28 21:35:33,390 [INFO] IPUIPlugin:80 - create IPUIPlugin
2024-03-28 21:35:33,390 [INFO] PluginManager:220 - loadIPPluginJar : add i2s
2024-03-28 21:35:33,415 [INFO] IPUIPlugin:80 - create IPUIPlugin
2024-03-28 21:35:33,415 [INFO] PluginManager:220 - loadIPPluginJar : add i3c
2024-03-28 21:35:33,483 [INFO] IPUIPlugin:80 - create IPUIPlugin
2024-03-28 21:35:33,484 [INFO] PluginManager:220 - loadIPPluginJar : add ipddr
2024-03-28 21:35:33,538 [INFO] IPUIPlugin:80 - create IPUIPlugin
2024-03-28 21:35:33,539 [INFO] PluginManager:220 - loadIPPluginJar : add linkedlist
2024-03-28 21:35:33,559 [INFO] IPUIPlugin:80 - create IPUIPlugin
2024-03-28 21:35:33,559 [INFO] PluginManager:220 - loadIPPluginJar : add lorawan
2024-03-28 21:35:33,581 [INFO] IPUIPlugin:80 - create IPUIPlugin
2024-03-28 21:35:33,581 [INFO] PluginManager:220 - loadIPPluginJar : add ltdc
2024-03-28 21:35:33,591 [INFO] IPUIPlugin:80 - create IPUIPlugin
2024-03-28 21:35:33,591 [INFO] PluginManager:220 - loadIPPluginJar : add mdma
2024-03-28 21:35:33,599 [INFO] IPUIPlugin:80 - create IPUIPlugin
2024-03-28 21:35:33,599 [INFO] PluginManager:220 - loadIPPluginJar : add nvic
2024-03-28 21:35:33,620 [INFO] IPUIPlugin:80 - create IPUIPlugin
2024-03-28 21:35:33,620 [INFO] PluginManager:220 - loadIPPluginJar : add opamp
2024-03-28 21:35:33,657 [INFO] IPUIPlugin:80 - create IPUIPlugin
2024-03-28 21:35:33,657 [INFO] PluginManager:220 - loadIPPluginJar : add openamp
2024-03-28 21:35:33,683 [INFO] IPUIPlugin:80 - create IPUIPlugin
2024-03-28 21:35:33,683 [INFO] PluginManager:220 - loadIPPluginJar : add pdm2pcm
2024-03-28 21:35:33,692 [INFO] IPUIPlugin:80 - create IPUIPlugin
2024-03-28 21:35:33,694 [INFO] PluginManager:220 - loadIPPluginJar : add plateformsettings
2024-03-28 21:35:33,707 [INFO] IPUIPlugin:80 - create IPUIPlugin
2024-03-28 21:35:33,707 [INFO] PluginManager:220 - loadIPPluginJar : add quadspi
2024-03-28 21:35:33,715 [INFO] IPUIPlugin:80 - create IPUIPlugin
2024-03-28 21:35:33,715 [INFO] PluginManager:220 - loadIPPluginJar : add resmgrutility
2024-03-28 21:35:33,745 [INFO] IPUIPlugin:80 - create IPUIPlugin
2024-03-28 21:35:33,745 [INFO] PluginManager:220 - loadIPPluginJar : add sai
2024-03-28 21:35:33,767 [INFO] IPUIPlugin:80 - create IPUIPlugin
2024-03-28 21:35:33,767 [INFO] PluginManager:220 - loadIPPluginJar : add spi
2024-03-28 21:35:33,803 [INFO] IPUIPlugin:80 - create IPUIPlugin
2024-03-28 21:35:33,803 [INFO] PluginManager:220 - loadIPPluginJar : add stm32_wpan
2024-03-28 21:35:33,818 [INFO] IPUIPlugin:80 - create IPUIPlugin
2024-03-28 21:35:33,818 [INFO] PluginManager:220 - loadIPPluginJar : add tim
2024-03-28 21:35:33,852 [INFO] IPUIPlugin:80 - create IPUIPlugin
2024-03-28 21:35:33,852 [INFO] PluginManager:220 - loadIPPluginJar : add touchsensing
2024-03-28 21:35:33,865 [INFO] IPUIPlugin:80 - create IPUIPlugin
2024-03-28 21:35:33,865 [INFO] PluginManager:220 - loadIPPluginJar : add tracer_emb
2024-03-28 21:35:33,878 [INFO] IPUIPlugin:80 - create IPUIPlugin
2024-03-28 21:35:33,878 [INFO] PluginManager:220 - loadIPPluginJar : add ts
2024-03-28 21:35:33,890 [INFO] IPUIPlugin:80 - create IPUIPlugin
2024-03-28 21:35:33,890 [INFO] PluginManager:220 - loadIPPluginJar : add tsc
2024-03-28 21:35:33,902 [INFO] IPUIPlugin:80 - create IPUIPlugin
2024-03-28 21:35:33,902 [INFO] PluginManager:220 - loadIPPluginJar : add ucpd
2024-03-28 21:35:33,928 [INFO] IPUIPlugin:80 - create IPUIPlugin
2024-03-28 21:35:33,929 [INFO] PluginManager:220 - loadIPPluginJar : add usart
2024-03-28 21:35:33,955 [INFO] IPUIPlugin:80 - create IPUIPlugin
2024-03-28 21:35:33,955 [INFO] PluginManager:220 - loadIPPluginJar : add usbx
2024-03-28 21:35:34,064 [INFO] CADModel:165 - CPN selected for project level
2024-03-28 21:35:34,064 [INFO] CADModel:114 - Register for checkConnection events
2024-03-28 21:35:34,064 [FATAL] Updater:308 - Updater called before beeing initialized
2024-03-28 21:35:34,064 [ERROR] CADModel:125 - Updater not yet initialized, retry later 
2024-03-28 21:35:34,157 [INFO] CADModel:165 - CPN selected for project level
2024-03-28 21:35:34,157 [INFO] CADModel:114 - Register for checkConnection events
2024-03-28 21:35:34,157 [FATAL] Updater:308 - Updater called before beeing initialized
2024-03-28 21:35:34,157 [ERROR] CADModel:125 - Updater not yet initialized, retry later 
2024-03-28 21:35:34,160 [FATAL] Updater:308 - Updater called before beeing initialized
2024-03-28 21:35:34,226 [FATAL] Updater:308 - Updater called before beeing initialized
2024-03-28 21:35:34,233 [INFO] DbMcusAds:53 - JSON generation date=Wed Nov 29 12:52:27 EET 2023 (1701255147349)
2024-03-28 21:35:34,233 [FATAL] Updater:308 - Updater called before beeing initialized
2024-03-28 21:35:34,269 [WARN] DetailPanel:346 - Failed to get advertising image, set to default
2024-03-28 21:35:34,349 [FATAL] Updater:308 - Updater called before beeing initialized
2024-03-28 21:35:34,350 [FATAL] Updater:308 - Updater called before beeing initialized
2024-03-28 21:35:34,350 [FATAL] Updater:308 - Updater called before beeing initialized
2024-03-28 21:35:34,350 [WARN] DetailPanel:346 - Failed to get advertising image, set to default
2024-03-28 21:35:34,351 [FATAL] Updater:308 - Updater called before beeing initialized
2024-03-28 21:35:34,388 [ERROR] Updater:1120 - MainUpdater not yet initialized. External WinMGr cannot be set.
2024-03-28 21:35:34,394 [INFO] Updater:1056 - Updater Version found : 6.9.2
2024-03-28 21:35:34,407 [INFO] ApplicationProperties:184 - Using Application install path: C:\ST\STM32CubeIDE_1.10.1\STM32CubeIDE\plugins\com.st.stm32cube.common.mx_6.9.2.202309101412
2024-03-28 21:35:34,961 [INFO] MainUpdater:2868 - connection check result : 10
2024-03-28 21:35:34,961 [INFO] MainUpdater:285 - Updater Check For Update Now.
2024-03-28 21:35:34,962 [INFO] MicroXplorer:498 - Change Database Version : DB.6.0.92
2024-03-28 21:35:34,971 [INFO] McuFinderGlobals:63 - Set McuFinder mode to 2 (CubeIDE integrated)
2024-03-28 21:35:35,132 [INFO] CheckServerUpdateThread:120 - End of CheckServer Thread
2024-03-28 21:35:35,611 [WARN] PackLoader:240 - Cannot read IP mode file for STMicroelectronics.X-CUBE-SMBUS.2.1.0
2024-03-28 21:35:35,620 [WARN] PackLoader:240 - Cannot read IP mode file for STMicroelectronics.X-CUBE-TOUCHGFX.4.23.0
2024-03-28 21:35:35,646 [WARN] PackLoader:240 - Cannot read IP mode file for STMicroelectronics.X-CUBE-AZRTOS-F7.1.1.0
2024-03-28 21:35:35,658 [ERROR] RealEvaluatedCondition:428 - Found unsupported composite condition: CLASS='Data Exchange' GROUP='STM32_MetaDataManager'
2024-03-28 21:35:35,658 [ERROR] RealEvaluatedCondition:428 - Found unsupported composite condition: GROUP='STM32_MetaDataManager' CLASS='Data Exchange'
2024-03-28 21:35:35,659 [WARN] PackLoader:240 - Cannot read IP mode file for STMicroelectronics.FP-SNS-MOTENV1.4.3.0
2024-03-28 21:35:35,669 [WARN] PackLoader:240 - Cannot read IP mode file for STMicroelectronics.FP-SNS-FLIGHT1.5.0.0
2024-03-28 21:35:35,677 [ERROR] RealEvaluatedCondition:428 - Found unsupported composite condition: CLASS='Data Exchange' GROUP='STM32_MetaDataManager'
2024-03-28 21:35:35,677 [ERROR] RealEvaluatedCondition:428 - Found unsupported composite condition: GROUP='STM32_MetaDataManager' CLASS='Data Exchange'
2024-03-28 21:35:35,678 [WARN] PackLoader:240 - Cannot read IP mode file for STMicroelectronics.FP-SNS-MOTENV1.4.3.1
2024-03-28 21:35:35,686 [WARN] PackLoader:240 - Cannot read IP mode file for STMicroelectronics.FP-SNS-FLIGHT1.5.0.1
2024-03-28 21:35:35,695 [WARN] PackLoader:240 - Cannot read IP mode file for STMicroelectronics.X-CUBE-BLE1.6.2.3
2024-03-28 21:35:35,702 [WARN] PackLoader:240 - Cannot read IP mode file for STMicroelectronics.X-CUBE-BLE1.6.2.4
2024-03-28 21:35:35,712 [WARN] PackLoader:240 - Cannot read IP mode file for STMicroelectronics.X-CUBE-DISPLAY.3.0.0
2024-03-28 21:35:35,722 [WARN] PackLoader:240 - Cannot read IP mode file for STMicroelectronics.X-CUBE-BLE1.7.0.0
2024-03-28 21:35:35,729 [WARN] PackLoader:240 - Cannot read IP mode file for STMicroelectronics.X-CUBE-TOUCHGFX.4.22.1
2024-03-28 21:35:35,762 [WARN] PackLoader:240 - Cannot read IP mode file for STMicroelectronics.X-CUBE-MEMS1.9.3.0
2024-03-28 21:35:35,875 [WARN] PackLoader:240 - Cannot read IP mode file for STMicroelectronics.X-CUBE-BLEMGR.3.1.0
2024-03-28 21:35:35,887 [WARN] PackLoader:240 - Cannot read IP mode file for WES.I-CUBE-Cesium.1.3.0
2024-03-28 21:35:35,897 [WARN] PackLoader:240 - Cannot read IP mode file for STMicroelectronics.X-CUBE-BLE2.3.3.0
2024-03-28 21:35:35,959 [WARN] PackLoader:240 - Cannot read IP mode file for STMicroelectronics.X-CUBE-DISPLAY.2.2.0
2024-03-28 21:35:35,971 [WARN] PackLoader:240 - Cannot read IP mode file for STMicroelectronics.X-CUBE-TOF1.3.2.0
2024-03-28 21:35:35,992 [WARN] PackLoader:240 - Cannot read IP mode file for STMicroelectronics.X-CUBE-AZRTOS-H7.2.1.0
2024-03-28 21:35:36,000 [WARN] PackLoader:240 - Cannot read IP mode file for STMicroelectronics.X-CUBE-TOUCHGFX.4.21.1
2024-03-28 21:35:36,007 [WARN] PackLoader:240 - Cannot read IP mode file for STMicroelectronics.X-CUBE-TOUCHGFX.4.21.0
2024-03-28 21:35:36,013 [WARN] PackLoader:240 - Cannot read IP mode file for STMicroelectronics.X-CUBE-TOUCHGFX.4.21.3
2024-03-28 21:35:36,020 [WARN] PackLoader:240 - Cannot read IP mode file for STMicroelectronics.X-CUBE-TOUCHGFX.4.21.4
2024-03-28 21:35:36,052 [WARN] PackLoader:240 - Cannot read IP mode file for STMicroelectronics.X-CUBE-MEMS1.9.4.0
2024-03-28 21:35:36,110 [WARN] PackLoader:240 - Cannot read IP mode file for STMicroelectronics.X-CUBE-AI.7.3.0
2024-03-28 21:35:36,147 [WARN] PackLoader:240 - Cannot read IP mode file for STMicroelectronics.X-CUBE-ALGOBUILD.1.3.0
2024-03-28 21:35:36,162 [WARN] PackLoader:240 - Cannot read IP mode file for STMicroelectronics.X-CUBE-AZRTOS-G0.1.1.0
2024-03-28 21:35:36,173 [WARN] PackLoader:240 - Cannot read IP mode file for STMicroelectronics.X-CUBE-NFC4.3.0.0
2024-03-28 21:35:36,195 [WARN] PackLoader:240 - Cannot read IP mode file for SEGGER.I-CUBE-embOS.1.2.1
2024-03-28 21:35:36,227 [WARN] PackLoader:240 - Cannot read IP mode file for STMicroelectronics.X-CUBE-BLEMGR.3.0.0
2024-03-28 21:35:36,241 [WARN] PackLoader:240 - Cannot read IP mode file for STMicroelectronics.X-CUBE-BLEMGR.1.3.0
2024-03-28 21:35:36,295 [WARN] PackLoader:240 - Cannot read IP mode file for STMicroelectronics.FP-ATR-SIGFOX1.3.2.0
2024-03-28 21:35:36,303 [WARN] PackLoader:240 - Cannot read IP mode file for STMicroelectronics.X-CUBE-EEPRMA1.5.1.0
2024-03-28 21:35:36,309 [WARN] PackLoader:240 - Cannot read IP mode file for STMicroelectronics.X-CUBE-TOUCHGFX.4.20.0
2024-03-28 21:35:36,337 [WARN] PackLoader:240 - Cannot read IP mode file for STMicroelectronics.X-CUBE-MEMS1.9.5.0
2024-03-28 21:35:36,424 [WARN] PackLoader:240 - Cannot read IP mode file for SEGGER.I-CUBE-embOS.1.3.1
2024-03-28 21:35:36,485 [WARN] PackLoader:240 - Cannot read IP mode file for STMicroelectronics.X-CUBE-GNSS1.6.0.0
2024-03-28 21:35:36,501 [WARN] PackLoader:240 - Cannot read IP mode file for STMicroelectronics.X-CUBE-AZRTOS-F4.1.1.0
2024-03-28 21:35:36,512 [WARN] PackLoader:240 - Cannot read IP mode file for STMicroelectronics.X-CUBE-BLEMGR.1.2.0
2024-03-28 21:35:36,539 [WARN] PackLoader:240 - Cannot read IP mode file for STMicroelectronics.X-CUBE-AZRTOS-L5.2.0.0
2024-03-28 21:35:36,582 [WARN] PackLoader:240 - Cannot read IP mode file for STMicroelectronics.X-CUBE-MEMS1.9.6.0
2024-03-28 21:35:36,665 [WARN] PackLoader:240 - Cannot read IP mode file for STMicroelectronics.X-CUBE-EEPRMA1.4.2.0
2024-03-28 21:35:36,676 [WARN] PackLoader:240 - Cannot read IP mode file for STMicroelectronics.X-CUBE-NFC6.3.1.0
2024-03-28 21:35:36,685 [WARN] PackLoader:240 - Cannot read IP mode file for ITTIA_DB.I-CUBE-ITTIADB.8.8.0
2024-03-28 21:35:36,696 [WARN] PackLoader:240 - Cannot read IP mode file for emotas.I-CUBE-CANOPEN.1.1.3
2024-03-28 21:35:36,733 [WARN] PackLoader:240 - Cannot read IP mode file for STMicroelectronics.X-CUBE-BLEMGR.2.0.0
2024-03-28 21:35:36,776 [WARN] PackLoader:240 - Cannot read IP mode file for STMicroelectronics.X-CUBE-NFC4.2.0.5
2024-03-28 21:35:36,797 [WARN] ConditionMgr:438 - getConditionDescription Invalid condition id : UX DEVICE CLASS RTOS Condition cause : null
2024-03-28 21:35:36,798 [WARN] ConditionMgr:438 - getConditionDescription Invalid condition id : UX DEVICE CLASS RTOS Condition cause : null
2024-03-28 21:35:36,800 [WARN] PackLoader:240 - Cannot read IP mode file for STMicroelectronics.X-CUBE-AZRTOS-H7.3.1.0
2024-03-28 21:35:36,801 [WARN] ConditionMgr:1039 - genDependencies : Invalid condition id : UX DEVICE CLASS RTOS Condition cause : null
2024-03-28 21:35:36,801 [WARN] ConditionMgr:1039 - genDependencies : Invalid condition id : UX DEVICE CLASS RTOS Condition cause : null
2024-03-28 21:35:36,801 [WARN] ConditionMgr:1039 - genDependencies : Invalid condition id : UX DEVICE CLASS RTOS Condition cause : null
2024-03-28 21:35:36,801 [WARN] ConditionMgr:1039 - genDependencies : Invalid condition id : UX DEVICE CLASS RTOS Condition cause : null
2024-03-28 21:35:36,801 [WARN] ConditionMgr:1039 - genDependencies : Invalid condition id : UX DEVICE CLASS RTOS Condition cause : null
2024-03-28 21:35:36,810 [WARN] PackLoader:240 - Cannot read IP mode file for wolfSSL.I-CUBE-wolfSSL.5.5.3
2024-03-28 21:35:36,842 [WARN] PackLoader:240 - Cannot read IP mode file for STMicroelectronics.X-CUBE-NFC7.1.0.0
2024-03-28 21:35:36,852 [WARN] PackLoader:240 - Cannot read IP mode file for STMicroelectronics.X-CUBE-EEPRMA1.4.1.0
2024-03-28 21:35:36,897 [WARN] ConditionMgr:438 - getConditionDescription Invalid condition id : LAN8742 Phy interface Condition cause : null
2024-03-28 21:35:36,897 [WARN] PackLoader:240 - Cannot read IP mode file for STMicroelectronics.X-CUBE-AZRTOS-L4.2.0.0
2024-03-28 21:35:36,898 [WARN] ConditionMgr:1039 - genDependencies : Invalid condition id : LAN8742 Phy interface Condition cause : null
2024-03-28 21:35:36,898 [WARN] ConditionMgr:1039 - genDependencies : Invalid condition id : LAN8742 Phy interface Condition cause : null
2024-03-28 21:35:36,898 [WARN] ConditionMgr:1039 - genDependencies : Invalid condition id : LAN8742 Phy interface Condition cause : null
2024-03-28 21:35:36,906 [WARN] PackLoader:240 - Cannot read IP mode file for STMicroelectronics.X-CUBE-SFXS2LP1.4.0.0
2024-03-28 21:35:36,927 [WARN] PackLoader:240 - Cannot read IP mode file for STMicroelectronics.X-CUBE-AZRTOS-H7.3.0.0
2024-03-28 21:35:36,937 [WARN] PackLoader:240 - Cannot read IP mode file for STMicroelectronics.X-CUBE-ISPU.1.1.0
2024-03-28 21:35:36,945 [WARN] PackLoader:240 - Cannot read IP mode file for RoweBots.I-CUBE-UNISONRTOS.5.5.0-4
2024-03-28 21:35:36,952 [WARN] PackLoader:240 - Cannot read IP mode file for STMicroelectronics.X-CUBE-AI.8.0.0
2024-03-28 21:35:36,987 [WARN] ConditionMgr:438 - getConditionDescription Invalid condition id : UX DEVICE CLASS RTOS Condition cause : null
2024-03-28 21:35:36,987 [WARN] ConditionMgr:438 - getConditionDescription Invalid condition id : UX DEVICE CLASS RTOS Condition cause : null
2024-03-28 21:35:36,988 [WARN] PackLoader:240 - Cannot read IP mode file for STMicroelectronics.X-CUBE-AZRTOS-WB.2.0.0
2024-03-28 21:35:36,989 [WARN] ConditionMgr:1039 - genDependencies : Invalid condition id : UX DEVICE CLASS RTOS Condition cause : null
2024-03-28 21:35:36,989 [WARN] ConditionMgr:1039 - genDependencies : Invalid condition id : UX DEVICE CLASS RTOS Condition cause : null
2024-03-28 21:35:36,989 [WARN] ConditionMgr:1039 - genDependencies : Invalid condition id : UX DEVICE CLASS RTOS Condition cause : null
2024-03-28 21:35:36,989 [WARN] ConditionMgr:1039 - genDependencies : Invalid condition id : UX DEVICE CLASS RTOS Condition cause : null
2024-03-28 21:35:36,989 [WARN] ConditionMgr:1039 - genDependencies : Invalid condition id : UX DEVICE CLASS RTOS Condition cause : null
2024-03-28 21:35:36,998 [WARN] PackLoader:240 - Cannot read IP mode file for STMicroelectronics.X-CUBE-FREERTOS.1.0.0
2024-03-28 21:35:37,005 [WARN] PackLoader:240 - Cannot read IP mode file for STMicroelectronics.X-CUBE-FREERTOS.1.0.1
2024-03-28 21:35:37,047 [WARN] PackLoader:240 - Cannot read IP mode file for STMicroelectronics.X-CUBE-AZRTOS-L5.1.1.0
2024-03-28 21:35:37,056 [WARN] PackLoader:240 - Cannot read IP mode file for STMicroelectronics.X-CUBE-AI.8.0.1
2024-03-28 21:35:37,090 [WARN] PackLoader:240 - Cannot read IP mode file for STMicroelectronics.X-CUBE-SUBG2.5.0.0
2024-03-28 21:35:37,112 [WARN] PackLoader:240 - Cannot read IP mode file for STMicroelectronics.X-CUBE-AZRTOS-G4.2.0.0
2024-03-28 21:35:37,127 [WARN] PackLoader:240 - Cannot read IP mode file for STMicroelectronics.X-CUBE-TOF1.3.3.0
2024-03-28 21:35:37,142 [WARN] PackLoader:240 - Cannot read IP mode file for STMicroelectronics.FP-ATR-ASTRA1.1.1.1
2024-03-28 21:35:37,161 [WARN] PackLoader:240 - Cannot read IP mode file for Infineon.AIROC-Wi-Fi-Bluetooth-STM32.1.5.1
2024-03-28 21:35:37,172 [WARN] PackLoader:240 - Cannot read IP mode file for STMicroelectronics.FP-SNS-MOTENVWB1.1.3.0
2024-03-28 21:35:37,192 [WARN] PackLoader:240 - Cannot read IP mode file for STMicroelectronics.FP-SNS-MOTENVWB1.1.3.1
2024-03-28 21:35:37,212 [WARN] PackLoader:240 - Cannot read IP mode file for STMicroelectronics.X-CUBE-AZRTOS-G4.1.0.0
2024-03-28 21:35:37,234 [WARN] PackLoader:240 - Cannot read IP mode file for STMicroelectronics.X-CUBE-AZRTOS-L4.1.0.0
2024-03-28 21:35:37,244 [WARN] PackLoader:240 - Cannot read IP mode file for STMicroelectronics.X-CUBE-ISPU.2.0.0
2024-03-28 21:35:37,271 [WARN] PackLoader:240 - Cannot read IP mode file for STMicroelectronics.X-CUBE-MEMS1.10.0.0
2024-03-28 21:35:37,339 [WARN] PackLoader:240 - Cannot read IP mode file for STMicroelectronics.X-CUBE-FREERTOS.1.1.0
2024-03-28 21:35:37,356 [WARN] PackLoader:240 - Cannot read IP mode file for STMicroelectronics.X-CUBE-AZRTOS-WL.1.0.0
2024-03-28 21:35:37,366 [WARN] PackLoader:240 - Cannot read IP mode file for portGmbH.I-Cube-SoM-uGOAL.1.1.0
2024-03-28 21:35:37,406 [WARN] PackLoader:240 - Cannot read IP mode file for STMicroelectronics.X-CUBE-ALS.1.0.1
2024-03-28 21:35:37,427 [WARN] PackLoader:240 - Cannot read IP mode file for STMicroelectronics.X-CUBE-AZRTOS-WB.1.1.0
2024-03-28 21:35:37,448 [WARN] PackLoader:240 - Cannot read IP mode file for STMicroelectronics.X-CUBE-AZRTOS-L5.1.0.0
2024-03-28 21:35:37,460 [WARN] PackLoader:240 - Cannot read IP mode file for STMicroelectronics.X-CUBE-EEPRMA1.3.1.1
2024-03-28 21:35:37,494 [WARN] PackLoader:240 - Cannot read IP mode file for STMicroelectronics.FP-ATR-ASTRA1.2.0.0
2024-03-28 21:35:37,508 [WARN] PackLoader:240 - Cannot read IP mode file for STMicroelectronics.X-CUBE-TOF1.3.4.0
2024-03-28 21:35:37,530 [WARN] PackLoader:240 - Cannot read IP mode file for STMicroelectronics.X-CUBE-TOF1.3.4.1
2024-03-28 21:35:37,554 [WARN] PackLoader:240 - Cannot read IP mode file for STMicroelectronics.X-CUBE-AZRTOS-H7.3.2.0
2024-03-28 21:35:37,554 [INFO] ThirdParty:978 - Integrity check success = true
2024-03-28 21:35:37,555 [INFO] IntegrityCheckThread:100 - exiting critical section [integrity check]
2024-03-28 21:35:37,555 [INFO] IntegrityCheckThread:103 - End integrity checks thread
2024-03-28 21:35:51,117 [ERROR] LogOutputStream:75 - [STDERR_REDIRECT] SLF4J: Failed to load class "org.slf4j.impl.StaticLoggerBinder".
2024-03-28 21:35:51,117 [ERROR] LogOutputStream:75 - [STDERR_REDIRECT] SLF4J: Defaulting to no-operation (NOP) logger implementation
2024-03-28 21:35:51,118 [ERROR] LogOutputStream:75 - [STDERR_REDIRECT] SLF4J: See http://www.slf4j.org/codes.html#StaticLoggerBinder for further details.
