2024-03-22 20:16:58,085 [INFO] Activator:176 - 


2024-03-22 20:16:58,089 [INFO] Activator:177 - !SESSION log4j initialized
2024-03-22 20:16:59,856 [INFO] LogOutputStream:77 - [STDOUT_REDIRECT] 
2024-03-22 20:17:02,626 [INFO] ApplicationProperties:184 - Using Application install path: C:\ST\STM32CubeIDE_1.10.1\STM32CubeIDE\plugins\com.st.stm32cube.common.mx_6.9.2.202309101412
2024-03-22 20:17:02,639 [INFO] DbMcusXml:78 - Set database path to: C:\ST\STM32CubeIDE_1.10.1\STM32CubeIDE\plugins\com.st.stm32cube.common.mx_6.9.2.202309101412\\db\/mcu/
2024-03-22 20:17:02,639 [INFO] ApiDb:274 - Set plugin database path to: C:\ST\STM32CubeIDE_1.10.1\STM32CubeIDE\plugins\com.st.stm32cube.common.mx_6.9.2.202309101412\\db\/plugins/boardmanager/
2024-03-22 20:17:02,639 [WARN] ApiDb:259 - Overriding images path with different value:  => C:\ST\STM32CubeIDE_1.10.1\STM32CubeIDE\plugins\com.st.stm32cube.common.mx_6.9.2.202309101412\\db\/plugins/mcufinder/images/
2024-03-22 20:17:02,649 [INFO] ApiDb:250 - Set database path to: C:\Users\Daniel\.stmcufinder\plugins\mcufinder//mcu/
2024-03-22 20:17:02,649 [INFO] DbMcusAds:125 - Set database path to: C:\Users\Daniel\.stmcufinder\plugins\mcufinder//mcu/
2024-03-22 20:17:02,651 [INFO] CrossReferenceDbSqlite:203 - Set database path to: C:\Users\Daniel\.stmcufinder\plugins\mcufinder//mcu/cs/
2024-03-22 20:17:02,737 [INFO] RulesReader:64 - Compatibility file has been processed (293 Rules)
2024-03-22 20:17:02,799 [INFO] DbMcusXml:78 - Set database path to: C:\ST\STM32CubeIDE_1.10.1\STM32CubeIDE\plugins\com.st.stm32cube.common.mx_6.9.2.202309101412\\db\/mcu/
2024-03-22 20:17:02,799 [INFO] ApiDb:274 - Set plugin database path to: C:\ST\STM32CubeIDE_1.10.1\STM32CubeIDE\plugins\com.st.stm32cube.common.mx_6.9.2.202309101412\\db\/plugins/boardmanager/
2024-03-22 20:17:02,799 [INFO] ApiDb:261 - Set plugin images path to: C:\ST\STM32CubeIDE_1.10.1\STM32CubeIDE\plugins\com.st.stm32cube.common.mx_6.9.2.202309101412\\db\/plugins/mcufinder/images/
2024-03-22 20:17:02,799 [WARN] DbFile:41 - Overriding database path with different value: C:\Users\Daniel\.stmcufinder\plugins\mcufinder/ => C:\Users\Daniel\.stmcufinder\plugins\mcufinder
2024-03-22 20:17:02,799 [INFO] ApiDb:250 - Set database path to: C:\Users\Daniel\.stmcufinder\plugins\mcufinder//mcu/
2024-03-22 20:17:02,800 [WARN] DbFile:41 - Overriding database path with different value: C:\Users\Daniel\.stmcufinder\plugins\mcufinder/ => C:\Users\Daniel\.stmcufinder\plugins\mcufinder
2024-03-22 20:17:02,800 [INFO] DbMcusAds:125 - Set database path to: C:\Users\Daniel\.stmcufinder\plugins\mcufinder//mcu/
2024-03-22 20:17:02,800 [WARN] DbFile:41 - Overriding database path with different value: C:\Users\Daniel\.stmcufinder\plugins\mcufinder/ => C:\Users\Daniel\.stmcufinder\plugins\mcufinder
2024-03-22 20:17:02,800 [WARN] DbFile:41 - Overriding database path with different value: C:\Users\Daniel\.stmcufinder\plugins\mcufinder/ => C:\Users\Daniel\.stmcufinder\plugins\mcufinder
2024-03-22 20:17:02,800 [INFO] CrossReferenceDbSqlite:203 - Set database path to: C:\Users\Daniel\.stmcufinder\plugins\mcufinder//mcu/cs/
2024-03-22 20:17:02,854 [INFO] MainPanel:262 - HeapMemory: 268435456
2024-03-22 20:17:02,915 [INFO] DbMcusXml:78 - Set database path to: C:\ST\STM32CubeIDE_1.10.1\STM32CubeIDE\plugins\com.st.stm32cube.common.mx_6.9.2.202309101412\\db\/mcu/
2024-03-22 20:17:02,915 [INFO] ApiDb:274 - Set plugin database path to: C:\ST\STM32CubeIDE_1.10.1\STM32CubeIDE\plugins\com.st.stm32cube.common.mx_6.9.2.202309101412\\db\/plugins/boardmanager/
2024-03-22 20:17:02,915 [INFO] ApiDb:261 - Set plugin images path to: C:\ST\STM32CubeIDE_1.10.1\STM32CubeIDE\plugins\com.st.stm32cube.common.mx_6.9.2.202309101412\\db\/plugins/mcufinder/images/
2024-03-22 20:17:02,915 [WARN] DbFile:41 - Overriding database path with different value: C:\Users\Daniel\.stmcufinder\plugins\mcufinder/ => C:\Users\Daniel\.stmcufinder\plugins\mcufinder
2024-03-22 20:17:02,915 [INFO] ApiDb:250 - Set database path to: C:\Users\Daniel\.stmcufinder\plugins\mcufinder//mcu/
2024-03-22 20:17:02,915 [WARN] DbFile:41 - Overriding database path with different value: C:\Users\Daniel\.stmcufinder\plugins\mcufinder/ => C:\Users\Daniel\.stmcufinder\plugins\mcufinder
2024-03-22 20:17:02,915 [INFO] DbMcusAds:125 - Set database path to: C:\Users\Daniel\.stmcufinder\plugins\mcufinder//mcu/
2024-03-22 20:17:02,916 [WARN] DbFile:41 - Overriding database path with different value: C:\Users\Daniel\.stmcufinder\plugins\mcufinder/ => C:\Users\Daniel\.stmcufinder\plugins\mcufinder
2024-03-22 20:17:02,916 [WARN] DbFile:41 - Overriding database path with different value: C:\Users\Daniel\.stmcufinder\plugins\mcufinder/ => C:\Users\Daniel\.stmcufinder\plugins\mcufinder
2024-03-22 20:17:02,916 [INFO] CrossReferenceDbSqlite:203 - Set database path to: C:\Users\Daniel\.stmcufinder\plugins\mcufinder//mcu/cs/
2024-03-22 20:17:02,930 [INFO] ApplicationProperties:184 - Using Application install path: C:\ST\STM32CubeIDE_1.10.1\STM32CubeIDE\plugins\com.st.stm32cube.common.mx_6.9.2.202309101412
2024-03-22 20:17:02,930 [INFO] PluginManage:196 - Search for loadable plugins [exclusion list=, ]
2024-03-22 20:17:02,931 [INFO] PluginManage:310 - Check plugin analytics
2024-03-22 20:17:03,055 [INFO] AnalyticsPlugin:253 - Accepted Software Licenses: 
2024-03-22 20:17:03,055 [INFO] AnalyticsPlugin:255 - Accepted CMSIS Pack Licenses: 
2024-03-22 20:17:03,055 [INFO] AnalyticsPlugin:257 - Accepted Firmware Licenses: 
2024-03-22 20:17:03,067 [INFO] PluginManage:359 - Loaded plugin analytics (category:tool,tabindex:-1)
2024-03-22 20:17:03,068 [INFO] PluginManage:310 - Check plugin cadmodel
2024-03-22 20:17:03,079 [INFO] CADModel:105 - Init CAD model plugin
2024-03-22 20:17:03,079 [INFO] PluginManage:359 - Loaded plugin cadmodel (category:power,tabindex:5)
2024-03-22 20:17:03,079 [INFO] PluginManage:310 - Check plugin clock
2024-03-22 20:17:03,094 [INFO] PluginManage:359 - Loaded plugin clock (category:base,tabindex:2)
2024-03-22 20:17:03,094 [INFO] PluginManage:310 - Check plugin ddr
2024-03-22 20:17:03,099 [INFO] PluginManage:359 - Loaded plugin ddr (category:tool,tabindex:6)
2024-03-22 20:17:03,099 [INFO] PluginManage:310 - Check plugin filemanager
2024-03-22 20:17:03,184 [INFO] PluginManage:359 - Loaded plugin filemanager (category:base,tabindex:10)
2024-03-22 20:17:03,185 [INFO] PluginManage:310 - Check plugin ipmanager
2024-03-22 20:17:03,189 [INFO] PluginManage:359 - Loaded plugin ipmanager (category:base,tabindex:5)
2024-03-22 20:17:03,189 [INFO] PluginManage:310 - Check plugin lpbam
2024-03-22 20:17:03,200 [INFO] PluginManage:359 - Loaded plugin lpbam (category:base,tabindex:0)
2024-03-22 20:17:03,200 [INFO] PluginManage:310 - Check plugin memorymap
2024-03-22 20:17:03,215 [INFO] PluginManage:359 - Loaded plugin memorymap (category:base,tabindex:4)
2024-03-22 20:17:03,215 [INFO] PluginManage:310 - Check plugin pinoutandconfiguration
2024-03-22 20:17:03,226 [INFO] PluginManage:359 - Loaded plugin pinoutandconfiguration (category:base,tabindex:1)
2024-03-22 20:17:03,226 [INFO] PluginManage:310 - Check plugin pinoutconfig
2024-03-22 20:17:03,284 [WARN] SupportedApi:132 - Cannot load RTOS API schema: s4s-elt-must-match.1: The content of 'definitions' must match (annotation?, (simpleType | complexType)?, (unique | key | keyref)*)). A problem was found starting at: attribute.
2024-03-22 20:17:03,366 [INFO] PluginManage:359 - Loaded plugin pinoutconfig (category:base,tabindex:0)
2024-03-22 20:17:03,366 [INFO] PluginManage:310 - Check plugin power
2024-03-22 20:17:03,380 [INFO] PluginManage:359 - Loaded plugin power (category:power,tabindex:4)
2024-03-22 20:17:03,380 [INFO] PluginManage:310 - Check plugin projectmanager
2024-03-22 20:17:03,389 [INFO] PluginManage:359 - Loaded plugin projectmanager (category:projectmanager,tabindex:3)
2024-03-22 20:17:03,389 [INFO] PluginManage:310 - Check plugin thirdparty
2024-03-22 20:17:03,542 [INFO] PluginManage:359 - Loaded plugin thirdparty (category:base,tabindex:-1)
2024-03-22 20:17:03,542 [WARN] IntegrityCheckThread:84 - waiting for thirdparty lock release [integrity check]
2024-03-22 20:17:03,542 [INFO] PluginManage:310 - Check plugin tools
2024-03-22 20:17:03,542 [INFO] IntegrityCheckThread:86 - entering critical section [integrity check]
2024-03-22 20:17:03,542 [INFO] ThirdPartyUpdaterWithRetryManager:70 - Updater plugin not ready yet. [1/15]
2024-03-22 20:17:03,561 [INFO] PluginManage:359 - Loaded plugin tools (category:base,tabindex:7)
2024-03-22 20:17:03,561 [INFO] PluginManage:310 - Check plugin tutovideos
2024-03-22 20:17:03,684 [INFO] PluginManage:359 - Loaded plugin tutovideos (category:base,tabindex:-1)
2024-03-22 20:17:03,684 [INFO] PluginManage:310 - Check plugin updater
2024-03-22 20:17:03,691 [INFO] PluginManage:359 - Loaded plugin updater (category:base,tabindex:12)
2024-03-22 20:17:03,692 [INFO] PluginManage:310 - Check plugin userauth
2024-03-22 20:17:03,695 [INFO] UserAuth:113 - Init User Auth plugin
2024-03-22 20:17:03,695 [INFO] PluginManage:359 - Loaded plugin userauth (category:base,tabindex:14)
2024-03-22 20:17:03,696 [INFO] PluginManage:283 - PluginManage : Loaded plugins [17]
2024-03-22 20:17:03,834 [INFO] PinOutPanel:1499 - setPackage(No Configuration,No Configuration)
2024-03-22 20:17:03,902 [INFO] CADModel:165 - CPN selected for project level
2024-03-22 20:17:03,902 [INFO] CADModel:114 - Register for checkConnection events
2024-03-22 20:17:03,919 [INFO] IPUIPlugin:80 - create IPUIPlugin
2024-03-22 20:17:03,919 [INFO] PluginManager:220 - loadIPPluginJar : add adc
2024-03-22 20:17:03,940 [INFO] IPUIPlugin:80 - create IPUIPlugin
2024-03-22 20:17:03,940 [INFO] PluginManager:220 - loadIPPluginJar : add aes
2024-03-22 20:17:03,963 [INFO] IPUIPlugin:80 - create IPUIPlugin
2024-03-22 20:17:03,963 [INFO] PluginManager:220 - loadIPPluginJar : add can
2024-03-22 20:17:03,975 [INFO] IPUIPlugin:80 - create IPUIPlugin
2024-03-22 20:17:03,975 [INFO] PluginManager:220 - loadIPPluginJar : add comp
2024-03-22 20:17:03,994 [INFO] IPUIPlugin:80 - create IPUIPlugin
2024-03-22 20:17:03,994 [INFO] PluginManager:220 - loadIPPluginJar : add cryp
2024-03-22 20:17:04,011 [INFO] IPUIPlugin:80 - create IPUIPlugin
2024-03-22 20:17:04,011 [INFO] PluginManager:220 - loadIPPluginJar : add dfsdm
2024-03-22 20:17:04,019 [INFO] IPUIPlugin:80 - create IPUIPlugin
2024-03-22 20:17:04,020 [INFO] PluginManager:220 - loadIPPluginJar : add dma
2024-03-22 20:17:04,044 [INFO] IPUIPlugin:80 - create IPUIPlugin
2024-03-22 20:17:04,044 [INFO] PluginManager:220 - loadIPPluginJar : add dma3
2024-03-22 20:17:04,054 [INFO] IPUIPlugin:80 - create IPUIPlugin
2024-03-22 20:17:04,054 [INFO] PluginManager:220 - loadIPPluginJar : add fatfs
2024-03-22 20:17:04,081 [INFO] IPUIPlugin:80 - create IPUIPlugin
2024-03-22 20:17:04,081 [INFO] PluginManager:220 - loadIPPluginJar : add fmc
2024-03-22 20:17:04,090 [INFO] IPUIPlugin:80 - create IPUIPlugin
2024-03-22 20:17:04,090 [INFO] PluginManager:220 - loadIPPluginJar : add freertos
2024-03-22 20:17:04,101 [INFO] IPUIPlugin:80 - create IPUIPlugin
2024-03-22 20:17:04,101 [INFO] PluginManager:220 - loadIPPluginJar : add genericplugin
2024-03-22 20:17:04,152 [INFO] IPUIPlugin:80 - create IPUIPlugin
2024-03-22 20:17:04,152 [INFO] PluginManager:220 - loadIPPluginJar : add gfxmmu
2024-03-22 20:17:04,225 [INFO] IPUIPlugin:80 - create IPUIPlugin
2024-03-22 20:17:04,225 [INFO] PluginManager:220 - loadIPPluginJar : add gic
2024-03-22 20:17:04,232 [INFO] IPUIPlugin:80 - create IPUIPlugin
2024-03-22 20:17:04,232 [INFO] PluginManager:220 - loadIPPluginJar : add gpio
2024-03-22 20:17:04,286 [INFO] IPUIPlugin:80 - create IPUIPlugin
2024-03-22 20:17:04,287 [INFO] PluginManager:220 - loadIPPluginJar : add gtzc
2024-03-22 20:17:04,304 [INFO] IPUIPlugin:80 - create IPUIPlugin
2024-03-22 20:17:04,304 [INFO] PluginManager:220 - loadIPPluginJar : add hash
2024-03-22 20:17:04,332 [INFO] IPUIPlugin:80 - create IPUIPlugin
2024-03-22 20:17:04,332 [INFO] PluginManager:220 - loadIPPluginJar : add i2c
2024-03-22 20:17:04,354 [INFO] IPUIPlugin:80 - create IPUIPlugin
2024-03-22 20:17:04,354 [INFO] PluginManager:220 - loadIPPluginJar : add i2s
2024-03-22 20:17:04,377 [INFO] IPUIPlugin:80 - create IPUIPlugin
2024-03-22 20:17:04,377 [INFO] PluginManager:220 - loadIPPluginJar : add i3c
2024-03-22 20:17:04,442 [INFO] IPUIPlugin:80 - create IPUIPlugin
2024-03-22 20:17:04,442 [INFO] PluginManager:220 - loadIPPluginJar : add ipddr
2024-03-22 20:17:04,497 [INFO] IPUIPlugin:80 - create IPUIPlugin
2024-03-22 20:17:04,497 [INFO] PluginManager:220 - loadIPPluginJar : add linkedlist
2024-03-22 20:17:04,517 [INFO] IPUIPlugin:80 - create IPUIPlugin
2024-03-22 20:17:04,517 [INFO] PluginManager:220 - loadIPPluginJar : add lorawan
2024-03-22 20:17:04,537 [INFO] IPUIPlugin:80 - create IPUIPlugin
2024-03-22 20:17:04,537 [INFO] PluginManager:220 - loadIPPluginJar : add ltdc
2024-03-22 20:17:04,546 [INFO] IPUIPlugin:80 - create IPUIPlugin
2024-03-22 20:17:04,546 [INFO] PluginManager:220 - loadIPPluginJar : add mdma
2024-03-22 20:17:04,553 [INFO] IPUIPlugin:80 - create IPUIPlugin
2024-03-22 20:17:04,553 [INFO] PluginManager:220 - loadIPPluginJar : add nvic
2024-03-22 20:17:04,573 [INFO] IPUIPlugin:80 - create IPUIPlugin
2024-03-22 20:17:04,573 [INFO] PluginManager:220 - loadIPPluginJar : add opamp
2024-03-22 20:17:04,606 [INFO] IPUIPlugin:80 - create IPUIPlugin
2024-03-22 20:17:04,606 [INFO] PluginManager:220 - loadIPPluginJar : add openamp
2024-03-22 20:17:04,629 [INFO] IPUIPlugin:80 - create IPUIPlugin
2024-03-22 20:17:04,629 [INFO] PluginManager:220 - loadIPPluginJar : add pdm2pcm
2024-03-22 20:17:04,637 [INFO] IPUIPlugin:80 - create IPUIPlugin
2024-03-22 20:17:04,639 [INFO] PluginManager:220 - loadIPPluginJar : add plateformsettings
2024-03-22 20:17:04,650 [INFO] IPUIPlugin:80 - create IPUIPlugin
2024-03-22 20:17:04,650 [INFO] PluginManager:220 - loadIPPluginJar : add quadspi
2024-03-22 20:17:04,657 [INFO] IPUIPlugin:80 - create IPUIPlugin
2024-03-22 20:17:04,657 [INFO] PluginManager:220 - loadIPPluginJar : add resmgrutility
2024-03-22 20:17:04,685 [INFO] IPUIPlugin:80 - create IPUIPlugin
2024-03-22 20:17:04,685 [INFO] PluginManager:220 - loadIPPluginJar : add sai
2024-03-22 20:17:04,705 [INFO] IPUIPlugin:80 - create IPUIPlugin
2024-03-22 20:17:04,706 [INFO] PluginManager:220 - loadIPPluginJar : add spi
2024-03-22 20:17:04,739 [INFO] IPUIPlugin:80 - create IPUIPlugin
2024-03-22 20:17:04,739 [INFO] PluginManager:220 - loadIPPluginJar : add stm32_wpan
2024-03-22 20:17:04,751 [INFO] IPUIPlugin:80 - create IPUIPlugin
2024-03-22 20:17:04,751 [INFO] PluginManager:220 - loadIPPluginJar : add tim
2024-03-22 20:17:04,782 [INFO] IPUIPlugin:80 - create IPUIPlugin
2024-03-22 20:17:04,782 [INFO] PluginManager:220 - loadIPPluginJar : add touchsensing
2024-03-22 20:17:04,795 [INFO] IPUIPlugin:80 - create IPUIPlugin
2024-03-22 20:17:04,795 [INFO] PluginManager:220 - loadIPPluginJar : add tracer_emb
2024-03-22 20:17:04,807 [INFO] IPUIPlugin:80 - create IPUIPlugin
2024-03-22 20:17:04,807 [INFO] PluginManager:220 - loadIPPluginJar : add ts
2024-03-22 20:17:04,818 [INFO] IPUIPlugin:80 - create IPUIPlugin
2024-03-22 20:17:04,818 [INFO] PluginManager:220 - loadIPPluginJar : add tsc
2024-03-22 20:17:04,829 [INFO] IPUIPlugin:80 - create IPUIPlugin
2024-03-22 20:17:04,829 [INFO] PluginManager:220 - loadIPPluginJar : add ucpd
2024-03-22 20:17:04,854 [INFO] IPUIPlugin:80 - create IPUIPlugin
2024-03-22 20:17:04,854 [INFO] PluginManager:220 - loadIPPluginJar : add usart
2024-03-22 20:17:04,879 [INFO] IPUIPlugin:80 - create IPUIPlugin
2024-03-22 20:17:04,879 [INFO] PluginManager:220 - loadIPPluginJar : add usbx
2024-03-22 20:17:04,981 [INFO] CADModel:165 - CPN selected for project level
2024-03-22 20:17:04,981 [INFO] CADModel:114 - Register for checkConnection events
2024-03-22 20:17:04,981 [FATAL] Updater:308 - Updater called before beeing initialized
2024-03-22 20:17:04,981 [ERROR] CADModel:125 - Updater not yet initialized, retry later 
2024-03-22 20:17:05,065 [INFO] CADModel:165 - CPN selected for project level
2024-03-22 20:17:05,065 [INFO] CADModel:114 - Register for checkConnection events
2024-03-22 20:17:05,066 [FATAL] Updater:308 - Updater called before beeing initialized
2024-03-22 20:17:05,066 [ERROR] CADModel:125 - Updater not yet initialized, retry later 
2024-03-22 20:17:05,068 [FATAL] Updater:308 - Updater called before beeing initialized
2024-03-22 20:17:05,133 [FATAL] Updater:308 - Updater called before beeing initialized
2024-03-22 20:17:05,140 [INFO] DbMcusAds:53 - JSON generation date=Wed Nov 29 12:52:27 EET 2023 (1701255147349)
2024-03-22 20:17:05,140 [FATAL] Updater:308 - Updater called before beeing initialized
2024-03-22 20:17:05,169 [WARN] DetailPanel:346 - Failed to get advertising image, set to default
2024-03-22 20:17:05,242 [FATAL] Updater:308 - Updater called before beeing initialized
2024-03-22 20:17:05,243 [FATAL] Updater:308 - Updater called before beeing initialized
2024-03-22 20:17:05,243 [FATAL] Updater:308 - Updater called before beeing initialized
2024-03-22 20:17:05,243 [WARN] DetailPanel:346 - Failed to get advertising image, set to default
2024-03-22 20:17:05,244 [FATAL] Updater:308 - Updater called before beeing initialized
2024-03-22 20:17:05,280 [ERROR] Updater:1120 - MainUpdater not yet initialized. External WinMGr cannot be set.
2024-03-22 20:17:05,286 [INFO] Updater:1056 - Updater Version found : 6.9.2
2024-03-22 20:17:05,298 [INFO] ApplicationProperties:184 - Using Application install path: C:\ST\STM32CubeIDE_1.10.1\STM32CubeIDE\plugins\com.st.stm32cube.common.mx_6.9.2.202309101412
2024-03-22 20:17:05,789 [INFO] MainUpdater:2868 - connection check result : 10
2024-03-22 20:17:05,790 [INFO] MainUpdater:285 - Updater Check For Update Now.
2024-03-22 20:17:05,790 [INFO] MicroXplorer:498 - Change Database Version : DB.6.0.92
2024-03-22 20:17:05,801 [INFO] McuFinderGlobals:63 - Set McuFinder mode to 2 (CubeIDE integrated)
2024-03-22 20:17:05,961 [INFO] CheckServerUpdateThread:120 - End of CheckServer Thread
2024-03-22 20:17:06,694 [WARN] PackLoader:240 - Cannot read IP mode file for STMicroelectronics.X-CUBE-SMBUS.2.1.0
2024-03-22 20:17:06,703 [WARN] PackLoader:240 - Cannot read IP mode file for STMicroelectronics.X-CUBE-TOUCHGFX.4.23.0
2024-03-22 20:17:06,728 [WARN] PackLoader:240 - Cannot read IP mode file for STMicroelectronics.X-CUBE-AZRTOS-F7.1.1.0
2024-03-22 20:17:06,738 [ERROR] RealEvaluatedCondition:428 - Found unsupported composite condition: GROUP='STM32_MetaDataManager' CLASS='Data Exchange'
2024-03-22 20:17:06,738 [ERROR] RealEvaluatedCondition:428 - Found unsupported composite condition: CLASS='Data Exchange' GROUP='STM32_MetaDataManager'
2024-03-22 20:17:06,739 [WARN] PackLoader:240 - Cannot read IP mode file for STMicroelectronics.FP-SNS-MOTENV1.4.3.0
2024-03-22 20:17:06,747 [WARN] PackLoader:240 - Cannot read IP mode file for STMicroelectronics.FP-SNS-FLIGHT1.5.0.0
2024-03-22 20:17:06,754 [ERROR] RealEvaluatedCondition:428 - Found unsupported composite condition: CLASS='Data Exchange' GROUP='STM32_MetaDataManager'
2024-03-22 20:17:06,755 [ERROR] RealEvaluatedCondition:428 - Found unsupported composite condition: CLASS='Data Exchange' GROUP='STM32_MetaDataManager'
2024-03-22 20:17:06,755 [WARN] PackLoader:240 - Cannot read IP mode file for STMicroelectronics.FP-SNS-MOTENV1.4.3.1
2024-03-22 20:17:06,763 [WARN] PackLoader:240 - Cannot read IP mode file for STMicroelectronics.FP-SNS-FLIGHT1.5.0.1
2024-03-22 20:17:06,771 [WARN] PackLoader:240 - Cannot read IP mode file for STMicroelectronics.X-CUBE-BLE1.6.2.3
2024-03-22 20:17:06,779 [WARN] PackLoader:240 - Cannot read IP mode file for STMicroelectronics.X-CUBE-BLE1.6.2.4
2024-03-22 20:17:06,789 [WARN] PackLoader:240 - Cannot read IP mode file for STMicroelectronics.X-CUBE-DISPLAY.3.0.0
2024-03-22 20:17:06,800 [WARN] PackLoader:240 - Cannot read IP mode file for STMicroelectronics.X-CUBE-BLE1.7.0.0
2024-03-22 20:17:06,807 [WARN] PackLoader:240 - Cannot read IP mode file for STMicroelectronics.X-CUBE-TOUCHGFX.4.22.1
2024-03-22 20:17:06,839 [WARN] PackLoader:240 - Cannot read IP mode file for STMicroelectronics.X-CUBE-MEMS1.9.3.0
2024-03-22 20:17:06,926 [WARN] PackLoader:240 - Cannot read IP mode file for STMicroelectronics.X-CUBE-BLEMGR.3.1.0
2024-03-22 20:17:06,936 [WARN] PackLoader:240 - Cannot read IP mode file for WES.I-CUBE-Cesium.1.3.0
2024-03-22 20:17:06,946 [WARN] PackLoader:240 - Cannot read IP mode file for STMicroelectronics.X-CUBE-BLE2.3.3.0
2024-03-22 20:17:07,009 [WARN] PackLoader:240 - Cannot read IP mode file for STMicroelectronics.X-CUBE-DISPLAY.2.2.0
2024-03-22 20:17:07,021 [WARN] PackLoader:240 - Cannot read IP mode file for STMicroelectronics.X-CUBE-TOF1.3.2.0
2024-03-22 20:17:07,041 [WARN] PackLoader:240 - Cannot read IP mode file for STMicroelectronics.X-CUBE-AZRTOS-H7.2.1.0
2024-03-22 20:17:07,049 [WARN] PackLoader:240 - Cannot read IP mode file for STMicroelectronics.X-CUBE-TOUCHGFX.4.21.1
2024-03-22 20:17:07,055 [WARN] PackLoader:240 - Cannot read IP mode file for STMicroelectronics.X-CUBE-TOUCHGFX.4.21.0
2024-03-22 20:17:07,061 [WARN] PackLoader:240 - Cannot read IP mode file for STMicroelectronics.X-CUBE-TOUCHGFX.4.21.3
2024-03-22 20:17:07,067 [WARN] PackLoader:240 - Cannot read IP mode file for STMicroelectronics.X-CUBE-TOUCHGFX.4.21.4
2024-03-22 20:17:07,096 [WARN] PackLoader:240 - Cannot read IP mode file for STMicroelectronics.X-CUBE-MEMS1.9.4.0
2024-03-22 20:17:07,172 [WARN] PackLoader:240 - Cannot read IP mode file for STMicroelectronics.X-CUBE-AI.7.3.0
2024-03-22 20:17:07,208 [WARN] PackLoader:240 - Cannot read IP mode file for STMicroelectronics.X-CUBE-ALGOBUILD.1.3.0
2024-03-22 20:17:07,229 [WARN] PackLoader:240 - Cannot read IP mode file for STMicroelectronics.X-CUBE-AZRTOS-G0.1.1.0
2024-03-22 20:17:07,238 [WARN] PackLoader:240 - Cannot read IP mode file for STMicroelectronics.X-CUBE-NFC4.3.0.0
2024-03-22 20:17:07,265 [WARN] PackLoader:240 - Cannot read IP mode file for SEGGER.I-CUBE-embOS.1.2.1
2024-03-22 20:17:07,287 [WARN] PackLoader:240 - Cannot read IP mode file for STMicroelectronics.X-CUBE-BLEMGR.3.0.0
2024-03-22 20:17:07,298 [WARN] PackLoader:240 - Cannot read IP mode file for STMicroelectronics.X-CUBE-BLEMGR.1.3.0
2024-03-22 20:17:07,339 [WARN] PackLoader:240 - Cannot read IP mode file for STMicroelectronics.FP-ATR-SIGFOX1.3.2.0
2024-03-22 20:17:07,347 [WARN] PackLoader:240 - Cannot read IP mode file for STMicroelectronics.X-CUBE-EEPRMA1.5.1.0
2024-03-22 20:17:07,355 [WARN] PackLoader:240 - Cannot read IP mode file for STMicroelectronics.X-CUBE-TOUCHGFX.4.20.0
2024-03-22 20:17:07,381 [WARN] PackLoader:240 - Cannot read IP mode file for STMicroelectronics.X-CUBE-MEMS1.9.5.0
2024-03-22 20:17:07,458 [WARN] PackLoader:240 - Cannot read IP mode file for SEGGER.I-CUBE-embOS.1.3.1
2024-03-22 20:17:07,522 [WARN] PackLoader:240 - Cannot read IP mode file for STMicroelectronics.X-CUBE-GNSS1.6.0.0
2024-03-22 20:17:07,537 [WARN] PackLoader:240 - Cannot read IP mode file for STMicroelectronics.X-CUBE-AZRTOS-F4.1.1.0
2024-03-22 20:17:07,546 [WARN] PackLoader:240 - Cannot read IP mode file for STMicroelectronics.X-CUBE-BLEMGR.1.2.0
2024-03-22 20:17:07,563 [WARN] PackLoader:240 - Cannot read IP mode file for STMicroelectronics.X-CUBE-AZRTOS-L5.2.0.0
2024-03-22 20:17:07,591 [WARN] PackLoader:240 - Cannot read IP mode file for STMicroelectronics.X-CUBE-MEMS1.9.6.0
2024-03-22 20:17:07,654 [WARN] PackLoader:240 - Cannot read IP mode file for STMicroelectronics.X-CUBE-EEPRMA1.4.2.0
2024-03-22 20:17:07,663 [WARN] PackLoader:240 - Cannot read IP mode file for STMicroelectronics.X-CUBE-NFC6.3.1.0
2024-03-22 20:17:07,671 [WARN] PackLoader:240 - Cannot read IP mode file for ITTIA_DB.I-CUBE-ITTIADB.8.8.0
2024-03-22 20:17:07,681 [WARN] PackLoader:240 - Cannot read IP mode file for emotas.I-CUBE-CANOPEN.1.1.3
2024-03-22 20:17:07,716 [WARN] PackLoader:240 - Cannot read IP mode file for STMicroelectronics.X-CUBE-BLEMGR.2.0.0
2024-03-22 20:17:07,751 [WARN] PackLoader:240 - Cannot read IP mode file for STMicroelectronics.X-CUBE-NFC4.2.0.5
2024-03-22 20:17:07,767 [WARN] ConditionMgr:438 - getConditionDescription Invalid condition id : UX DEVICE CLASS RTOS Condition cause : null
2024-03-22 20:17:07,767 [WARN] ConditionMgr:438 - getConditionDescription Invalid condition id : UX DEVICE CLASS RTOS Condition cause : null
2024-03-22 20:17:07,768 [WARN] PackLoader:240 - Cannot read IP mode file for STMicroelectronics.X-CUBE-AZRTOS-H7.3.1.0
2024-03-22 20:17:07,768 [WARN] ConditionMgr:1039 - genDependencies : Invalid condition id : UX DEVICE CLASS RTOS Condition cause : null
2024-03-22 20:17:07,768 [WARN] ConditionMgr:1039 - genDependencies : Invalid condition id : UX DEVICE CLASS RTOS Condition cause : null
2024-03-22 20:17:07,769 [WARN] ConditionMgr:1039 - genDependencies : Invalid condition id : UX DEVICE CLASS RTOS Condition cause : null
2024-03-22 20:17:07,769 [WARN] ConditionMgr:1039 - genDependencies : Invalid condition id : UX DEVICE CLASS RTOS Condition cause : null
2024-03-22 20:17:07,769 [WARN] ConditionMgr:1039 - genDependencies : Invalid condition id : UX DEVICE CLASS RTOS Condition cause : null
2024-03-22 20:17:07,778 [WARN] PackLoader:240 - Cannot read IP mode file for wolfSSL.I-CUBE-wolfSSL.5.5.3
2024-03-22 20:17:07,807 [WARN] PackLoader:240 - Cannot read IP mode file for STMicroelectronics.X-CUBE-NFC7.1.0.0
2024-03-22 20:17:07,816 [WARN] PackLoader:240 - Cannot read IP mode file for STMicroelectronics.X-CUBE-EEPRMA1.4.1.0
2024-03-22 20:17:07,855 [WARN] ConditionMgr:438 - getConditionDescription Invalid condition id : LAN8742 Phy interface Condition cause : null
2024-03-22 20:17:07,856 [WARN] PackLoader:240 - Cannot read IP mode file for STMicroelectronics.X-CUBE-AZRTOS-L4.2.0.0
2024-03-22 20:17:07,856 [WARN] ConditionMgr:1039 - genDependencies : Invalid condition id : LAN8742 Phy interface Condition cause : null
2024-03-22 20:17:07,856 [WARN] ConditionMgr:1039 - genDependencies : Invalid condition id : LAN8742 Phy interface Condition cause : null
2024-03-22 20:17:07,857 [WARN] ConditionMgr:1039 - genDependencies : Invalid condition id : LAN8742 Phy interface Condition cause : null
2024-03-22 20:17:07,865 [WARN] PackLoader:240 - Cannot read IP mode file for STMicroelectronics.X-CUBE-SFXS2LP1.4.0.0
2024-03-22 20:17:07,882 [WARN] PackLoader:240 - Cannot read IP mode file for STMicroelectronics.X-CUBE-AZRTOS-H7.3.0.0
2024-03-22 20:17:07,890 [WARN] PackLoader:240 - Cannot read IP mode file for STMicroelectronics.X-CUBE-ISPU.1.1.0
2024-03-22 20:17:07,898 [WARN] PackLoader:240 - Cannot read IP mode file for RoweBots.I-CUBE-UNISONRTOS.5.5.0-4
2024-03-22 20:17:07,905 [WARN] PackLoader:240 - Cannot read IP mode file for STMicroelectronics.X-CUBE-AI.8.0.0
2024-03-22 20:17:07,936 [WARN] ConditionMgr:438 - getConditionDescription Invalid condition id : UX DEVICE CLASS RTOS Condition cause : null
2024-03-22 20:17:07,936 [WARN] ConditionMgr:438 - getConditionDescription Invalid condition id : UX DEVICE CLASS RTOS Condition cause : null
2024-03-22 20:17:07,937 [WARN] PackLoader:240 - Cannot read IP mode file for STMicroelectronics.X-CUBE-AZRTOS-WB.2.0.0
2024-03-22 20:17:07,937 [WARN] ConditionMgr:1039 - genDependencies : Invalid condition id : UX DEVICE CLASS RTOS Condition cause : null
2024-03-22 20:17:07,937 [WARN] ConditionMgr:1039 - genDependencies : Invalid condition id : UX DEVICE CLASS RTOS Condition cause : null
2024-03-22 20:17:07,937 [WARN] ConditionMgr:1039 - genDependencies : Invalid condition id : UX DEVICE CLASS RTOS Condition cause : null
2024-03-22 20:17:07,937 [WARN] ConditionMgr:1039 - genDependencies : Invalid condition id : UX DEVICE CLASS RTOS Condition cause : null
2024-03-22 20:17:07,938 [WARN] ConditionMgr:1039 - genDependencies : Invalid condition id : UX DEVICE CLASS RTOS Condition cause : null
2024-03-22 20:17:07,945 [WARN] PackLoader:240 - Cannot read IP mode file for STMicroelectronics.X-CUBE-FREERTOS.1.0.0
2024-03-22 20:17:07,953 [WARN] PackLoader:240 - Cannot read IP mode file for STMicroelectronics.X-CUBE-FREERTOS.1.0.1
2024-03-22 20:17:07,988 [WARN] PackLoader:240 - Cannot read IP mode file for STMicroelectronics.X-CUBE-AZRTOS-L5.1.1.0
2024-03-22 20:17:07,998 [WARN] PackLoader:240 - Cannot read IP mode file for STMicroelectronics.X-CUBE-AI.8.0.1
2024-03-22 20:17:08,025 [WARN] PackLoader:240 - Cannot read IP mode file for STMicroelectronics.X-CUBE-SUBG2.5.0.0
2024-03-22 20:17:08,042 [WARN] PackLoader:240 - Cannot read IP mode file for STMicroelectronics.X-CUBE-AZRTOS-G4.2.0.0
2024-03-22 20:17:08,053 [WARN] PackLoader:240 - Cannot read IP mode file for STMicroelectronics.X-CUBE-TOF1.3.3.0
2024-03-22 20:17:08,063 [WARN] PackLoader:240 - Cannot read IP mode file for STMicroelectronics.FP-ATR-ASTRA1.1.1.1
2024-03-22 20:17:08,075 [WARN] PackLoader:240 - Cannot read IP mode file for Infineon.AIROC-Wi-Fi-Bluetooth-STM32.1.5.1
2024-03-22 20:17:08,083 [WARN] PackLoader:240 - Cannot read IP mode file for STMicroelectronics.FP-SNS-MOTENVWB1.1.3.0
2024-03-22 20:17:08,089 [WARN] PackLoader:240 - Cannot read IP mode file for STMicroelectronics.FP-SNS-MOTENVWB1.1.3.1
2024-03-22 20:17:08,101 [WARN] PackLoader:240 - Cannot read IP mode file for STMicroelectronics.X-CUBE-AZRTOS-G4.1.0.0
2024-03-22 20:17:08,115 [WARN] PackLoader:240 - Cannot read IP mode file for STMicroelectronics.X-CUBE-AZRTOS-L4.1.0.0
2024-03-22 20:17:08,122 [WARN] PackLoader:240 - Cannot read IP mode file for STMicroelectronics.X-CUBE-ISPU.2.0.0
2024-03-22 20:17:08,148 [WARN] PackLoader:240 - Cannot read IP mode file for STMicroelectronics.X-CUBE-MEMS1.10.0.0
2024-03-22 20:17:08,193 [WARN] PackLoader:240 - Cannot read IP mode file for STMicroelectronics.X-CUBE-FREERTOS.1.1.0
2024-03-22 20:17:08,204 [WARN] PackLoader:240 - Cannot read IP mode file for STMicroelectronics.X-CUBE-AZRTOS-WL.1.0.0
2024-03-22 20:17:08,213 [WARN] PackLoader:240 - Cannot read IP mode file for portGmbH.I-Cube-SoM-uGOAL.1.1.0
2024-03-22 20:17:08,239 [WARN] PackLoader:240 - Cannot read IP mode file for STMicroelectronics.X-CUBE-ALS.1.0.1
2024-03-22 20:17:08,251 [WARN] PackLoader:240 - Cannot read IP mode file for STMicroelectronics.X-CUBE-AZRTOS-WB.1.1.0
2024-03-22 20:17:08,265 [WARN] PackLoader:240 - Cannot read IP mode file for STMicroelectronics.X-CUBE-AZRTOS-L5.1.0.0
2024-03-22 20:17:08,274 [WARN] PackLoader:240 - Cannot read IP mode file for STMicroelectronics.X-CUBE-EEPRMA1.3.1.1
2024-03-22 20:17:08,297 [WARN] PackLoader:240 - Cannot read IP mode file for STMicroelectronics.FP-ATR-ASTRA1.2.0.0
2024-03-22 20:17:08,306 [WARN] PackLoader:240 - Cannot read IP mode file for STMicroelectronics.X-CUBE-TOF1.3.4.0
2024-03-22 20:17:08,319 [WARN] PackLoader:240 - Cannot read IP mode file for STMicroelectronics.X-CUBE-TOF1.3.4.1
2024-03-22 20:17:08,340 [WARN] PackLoader:240 - Cannot read IP mode file for STMicroelectronics.X-CUBE-AZRTOS-H7.3.2.0
2024-03-22 20:17:08,342 [INFO] ThirdParty:978 - Integrity check success = true
2024-03-22 20:17:08,342 [INFO] IntegrityCheckThread:100 - exiting critical section [integrity check]
2024-03-22 20:17:08,342 [INFO] IntegrityCheckThread:103 - End integrity checks thread
2024-03-22 20:17:22,288 [ERROR] LogOutputStream:75 - [STDERR_REDIRECT] SLF4J: Failed to load class "org.slf4j.impl.StaticLoggerBinder".
2024-03-22 20:17:22,288 [ERROR] LogOutputStream:75 - [STDERR_REDIRECT] SLF4J: Defaulting to no-operation (NOP) logger implementation
2024-03-22 20:17:22,289 [ERROR] LogOutputStream:75 - [STDERR_REDIRECT] SLF4J: See http://www.slf4j.org/codes.html#StaticLoggerBinder for further details.
