2024-03-24 02:46:16,091 [INFO] McuFinderGlobals:63 - Set McuFinder mode to 2 (CubeIDE integrated)
2024-03-24 02:46:16,112 [INFO] MainUpdater:2868 - connection check result : 10
2024-03-24 02:46:16,115 [INFO] MainUpdater:2868 - connection check result : 10
2024-03-24 02:46:16,212 [INFO] MicroXplorer:468 - Change Database Path : 
2024-03-24 02:46:16,212 [INFO] MicroXplorer:498 - Change Database Version : DB.6.0.92
2024-03-24 02:46:16,214 [WARN] ThirdParty:871 - waiting for thirdparty lock release [close project]
2024-03-24 02:46:16,214 [INFO] ThirdParty:873 - entering critical section [close project]
2024-03-24 02:46:16,223 [INFO] ThirdParty:883 - exiting critical section [close project]
2024-03-24 02:46:16,224 [INFO] PinOutPanel:1499 - setPackage(No Configuration,No Configuration)
2024-03-24 02:46:16,229 [INFO] UtilMem:75 - Begin LoadConfig() Used Memory: 566720504 Bytes (1073741824)
2024-03-24 02:46:16,229 [INFO] MicroXplorer:468 - Change Database Path : 
2024-03-24 02:46:16,229 [INFO] MicroXplorer:498 - Change Database Version : DB.6.0.92
2024-03-24 02:46:16,230 [INFO] OpenFileManager:308 - Change cursor
2024-03-24 02:46:16,264 [INFO] Mcu:1946 - Initializing MCU STM32F411R(C-E)Tx STM32F411RETx STM32F411RET6
2024-03-24 02:46:17,008 [INFO] Context:659 - Trying to add GPIOservice into a context  which must be forbidden
2024-03-24 02:46:17,345 [INFO] RtosManager:555 - Registered RTOS mode: class=CMSIS, group=RTOS, mode=CMSIS_V1, owner=FREERTOS
2024-03-24 02:46:17,345 [INFO] RtosManager:555 - Registered RTOS mode: class=CMSIS, group=RTOS2, mode=CMSIS_V2, owner=FREERTOS
2024-03-24 02:46:17,345 [INFO] RtosManager:555 - Registered RTOS mode: class=RTOS, group=Core, mode=CMSIS_V1, owner=FREERTOS
2024-03-24 02:46:17,345 [INFO] RtosManager:555 - Registered RTOS mode: class=RTOS, group=Core, mode=CMSIS_V2, owner=FREERTOS
2024-03-24 02:46:17,345 [WARN] ModelIntegratedComponent:184 - Missing modes for component STMicroelectronics:FreeRTOS:0.0.1:STMicroelectronics:RTOS:FreeRTOS:Core:::10.2.0:
2024-03-24 02:46:17,348 [WARN] ModelIntegratedComponent:63 - No mode defined for component null
2024-03-24 02:46:17,348 [WARN] ModelIntegratedComponent:63 - No mode defined for component null
2024-03-24 02:46:17,348 [WARN] ModelIntegratedComponent:63 - No mode defined for component null
2024-03-24 02:46:17,348 [WARN] ModelIntegratedComponent:63 - No mode defined for component null
2024-03-24 02:46:17,348 [WARN] ModelIntegratedComponent:63 - No mode defined for component null
2024-03-24 02:46:17,348 [WARN] ModelIntegratedComponent:63 - No mode defined for component null
2024-03-24 02:46:17,348 [WARN] ModelIntegratedComponent:63 - No mode defined for component null
2024-03-24 02:46:17,348 [WARN] ModelIntegratedComponent:63 - No mode defined for component null
2024-03-24 02:46:17,349 [WARN] ModelIntegratedComponent:63 - No mode defined for component null
2024-03-24 02:46:17,349 [WARN] ModelIntegratedComponent:63 - No mode defined for component null
2024-03-24 02:46:17,349 [WARN] ModelIntegratedComponent:63 - No mode defined for component null
2024-03-24 02:46:17,349 [WARN] ModelIntegratedComponent:63 - No mode defined for component null
2024-03-24 02:46:17,349 [WARN] ModelIntegratedComponent:63 - No mode defined for component null
2024-03-24 02:46:17,349 [WARN] ModelIntegratedComponent:63 - No mode defined for component null
2024-03-24 02:46:17,349 [WARN] ModelIntegratedComponent:63 - No mode defined for component null
2024-03-24 02:46:17,349 [WARN] ModelIntegratedComponent:63 - No mode defined for component null
2024-03-24 02:46:17,349 [WARN] ModelIntegratedComponent:63 - No mode defined for component null
2024-03-24 02:46:17,349 [WARN] ModelIntegratedComponent:63 - No mode defined for component null
2024-03-24 02:46:17,349 [WARN] ModelIntegratedComponent:63 - No mode defined for component null
2024-03-24 02:46:17,349 [WARN] ModelIntegratedComponent:63 - No mode defined for component null
2024-03-24 02:46:17,349 [WARN] ModelIntegratedComponent:63 - No mode defined for component null
2024-03-24 02:46:17,349 [WARN] ModelIntegratedComponent:63 - No mode defined for component null
2024-03-24 02:46:17,349 [WARN] ModelIntegratedComponent:63 - No mode defined for component null
2024-03-24 02:46:17,349 [WARN] ModelIntegratedComponent:63 - No mode defined for component null
2024-03-24 02:46:17,349 [WARN] ModelIntegratedComponent:63 - No mode defined for component null
2024-03-24 02:46:17,349 [WARN] ModelIntegratedComponent:63 - No mode defined for component null
2024-03-24 02:46:17,349 [WARN] ModelIntegratedComponent:63 - No mode defined for component null
2024-03-24 02:46:17,349 [WARN] ModelIntegratedComponent:63 - No mode defined for component null
2024-03-24 02:46:17,349 [WARN] ModelIntegratedComponent:63 - No mode defined for component null
2024-03-24 02:46:17,349 [WARN] ModelIntegratedComponent:63 - No mode defined for component null
2024-03-24 02:46:17,349 [WARN] ModelIntegratedComponent:63 - No mode defined for component null
2024-03-24 02:46:17,349 [WARN] ModelIntegratedComponent:63 - No mode defined for component null
2024-03-24 02:46:17,349 [WARN] ModelIntegratedComponent:63 - No mode defined for component null
2024-03-24 02:46:17,387 [WARN] ModelIntegratedComponent:182 - Modes not found for component STMicroelectronics:USB_DEVICE:1.0.0:STMicroelectronics:USB::USB Device:Audio HS::1.0:USB_DEVICE_1_0_RESTRICTED_HS
2024-03-24 02:46:17,387 [WARN] ModelIntegratedComponent:188 - Modes not found for component STMicroelectronics:USB_DEVICE:1.0.0:STMicroelectronics:USB::USB Device:Audio HS::1.0:USB_DEVICE_1_0_RESTRICTED_HS
2024-03-24 02:46:17,387 [WARN] ModelIntegratedComponent:182 - Modes not found for component STMicroelectronics:USB_DEVICE:1.0.0:STMicroelectronics:USB::USB Device:CDC HS::1.0:USB_DEVICE_1_0_RESTRICTED_HS
2024-03-24 02:46:17,387 [WARN] ModelIntegratedComponent:188 - Modes not found for component STMicroelectronics:USB_DEVICE:1.0.0:STMicroelectronics:USB::USB Device:CDC HS::1.0:USB_DEVICE_1_0_RESTRICTED_HS
2024-03-24 02:46:17,388 [WARN] ModelIntegratedComponent:182 - Modes not found for component STMicroelectronics:USB_DEVICE:1.0.0:STMicroelectronics:USB::USB Device:DFU HS::1.0:USB_DEVICE_1_0_RESTRICTED_HS
2024-03-24 02:46:17,388 [WARN] ModelIntegratedComponent:188 - Modes not found for component STMicroelectronics:USB_DEVICE:1.0.0:STMicroelectronics:USB::USB Device:DFU HS::1.0:USB_DEVICE_1_0_RESTRICTED_HS
2024-03-24 02:46:17,388 [WARN] ModelIntegratedComponent:182 - Modes not found for component STMicroelectronics:USB_DEVICE:1.0.0:STMicroelectronics:USB::USB Device:HID HS::1.0:USB_DEVICE_1_0_RESTRICTED_HS
2024-03-24 02:46:17,388 [WARN] ModelIntegratedComponent:188 - Modes not found for component STMicroelectronics:USB_DEVICE:1.0.0:STMicroelectronics:USB::USB Device:HID HS::1.0:USB_DEVICE_1_0_RESTRICTED_HS
2024-03-24 02:46:17,388 [WARN] ModelIntegratedComponent:182 - Modes not found for component STMicroelectronics:USB_DEVICE:1.0.0:STMicroelectronics:USB::USB Device:Custom HID HS::1.0:USB_DEVICE_1_0_RESTRICTED_HS
2024-03-24 02:46:17,388 [WARN] ModelIntegratedComponent:188 - Modes not found for component STMicroelectronics:USB_DEVICE:1.0.0:STMicroelectronics:USB::USB Device:Custom HID HS::1.0:USB_DEVICE_1_0_RESTRICTED_HS
2024-03-24 02:46:17,388 [WARN] ModelIntegratedComponent:182 - Modes not found for component STMicroelectronics:USB_DEVICE:1.0.0:STMicroelectronics:USB::USB Device:MSC HS::1.0:USB_DEVICE_1_0_RESTRICTED_HS
2024-03-24 02:46:17,388 [WARN] ModelIntegratedComponent:188 - Modes not found for component STMicroelectronics:USB_DEVICE:1.0.0:STMicroelectronics:USB::USB Device:MSC HS::1.0:USB_DEVICE_1_0_RESTRICTED_HS
2024-03-24 02:46:17,431 [WARN] ModelIntegratedComponent:182 - Modes not found for component STMicroelectronics:USB_HOST:1.0.0:STMicroelectronics:USB::USB Host:Audio HS::1.0:USB_HOST_1_0_RESTRICTED_HS
2024-03-24 02:46:17,431 [WARN] ModelIntegratedComponent:188 - Modes not found for component STMicroelectronics:USB_HOST:1.0.0:STMicroelectronics:USB::USB Host:Audio HS::1.0:USB_HOST_1_0_RESTRICTED_HS
2024-03-24 02:46:17,431 [WARN] ModelIntegratedComponent:182 - Modes not found for component STMicroelectronics:USB_HOST:1.0.0:STMicroelectronics:USB::USB Host:CDC HS::1.0:USB_HOST_1_0_RESTRICTED_HS
2024-03-24 02:46:17,431 [WARN] ModelIntegratedComponent:188 - Modes not found for component STMicroelectronics:USB_HOST:1.0.0:STMicroelectronics:USB::USB Host:CDC HS::1.0:USB_HOST_1_0_RESTRICTED_HS
2024-03-24 02:46:17,431 [WARN] ModelIntegratedComponent:182 - Modes not found for component STMicroelectronics:USB_HOST:1.0.0:STMicroelectronics:USB::USB Host:MSC HS::1.0:USB_HOST_1_0_RESTRICTED_HS
2024-03-24 02:46:17,431 [WARN] ModelIntegratedComponent:188 - Modes not found for component STMicroelectronics:USB_HOST:1.0.0:STMicroelectronics:USB::USB Host:MSC HS::1.0:USB_HOST_1_0_RESTRICTED_HS
2024-03-24 02:46:17,431 [WARN] ModelIntegratedComponent:182 - Modes not found for component STMicroelectronics:USB_HOST:1.0.0:STMicroelectronics:USB::USB Host:HID HS::1.0:USB_HOST_1_0_RESTRICTED_HS
2024-03-24 02:46:17,432 [WARN] ModelIntegratedComponent:188 - Modes not found for component STMicroelectronics:USB_HOST:1.0.0:STMicroelectronics:USB::USB Host:HID HS::1.0:USB_HOST_1_0_RESTRICTED_HS
2024-03-24 02:46:17,432 [WARN] ModelIntegratedComponent:182 - Modes not found for component STMicroelectronics:USB_HOST:1.0.0:STMicroelectronics:USB::USB Host:MTP HS::1.0:USB_HOST_1_0_RESTRICTED_HS
2024-03-24 02:46:17,432 [WARN] ModelIntegratedComponent:188 - Modes not found for component STMicroelectronics:USB_HOST:1.0.0:STMicroelectronics:USB::USB Host:MTP HS::1.0:USB_HOST_1_0_RESTRICTED_HS
2024-03-24 02:46:17,530 [INFO] ThirdPartyModel:298 - Start build external matchings
2024-03-24 02:46:19,198 [INFO] ThirdPartyModel:316 - End build external matchings
2024-03-24 02:46:19,223 [INFO] RtosManager:919 - Current active RTOS is FREERTOS [Cortex-M4NS]
2024-03-24 02:46:19,230 [WARN] IP:2114 - I2C_Coeff_DF not found: check if there is a RefParameter without a condition.
2024-03-24 02:46:19,230 [WARN] IP:2114 - Analog_Filter not found: check if there is a RefParameter without a condition.
2024-03-24 02:46:19,231 [INFO] ImportTextPane:194 - (OptionalMessage_ERROR) IP (RCC) : Parameter (48MHZClocksFreq_Value) has invalid value (50000000)
2024-03-24 02:46:19,232 [INFO] ImportTextPane:194 - (OptionalMessage_ERROR) IP (RCC) : Parameter (FLatency) has Id (AdvancedSettings) currently not set
2024-03-24 02:46:19,232 [INFO] ImportTextPane:194 - (OptionalMessage_ERROR) IP (RCC) : Parameter (RTCHSEDivFreq_Value) has invalid value (4000000)
2024-03-24 02:46:19,390 [INFO] UtilMem:75 - End LoadConfig() Used Memory: 699792704 Bytes (1073741824)
2024-03-24 02:46:19,469 [INFO] ApiDb:581 - Connected to CubeFinder SQLite database (C:\Users\Daniel\.stmcufinder\plugins\mcufinder\mcu\cube-finder-db.db)
2024-03-24 02:46:19,545 [INFO] ApiDb:668 - CubeFinder database Data Model version=2.1
2024-03-24 02:46:19,545 [INFO] ApiDb:669 - CubeFinder database Configuration version=3.0.39
2024-03-24 02:46:19,546 [INFO] ApiDb:670 - CubeFinder database generation date=2024-03-01 (1709305525)
2024-03-24 02:46:19,546 [INFO] ApiDb:671 - CubeFinder database FW Pack versions=[FP-ATR-ASTRA1_V2.0.0, FP-SNS-FLIGHT1_V5.0.1, FP-SNS-FLIGHT1_V5.0.2, FP-SNS-MOTENV1_V4.3.1, FP-SNS-MOTENV1_V4.3.2, FP-SNS-MOTENVWB1_V1.3.1, FP-SNS-SMARTAG2_V1.2.0, STM32Cube_FW_C0_V1.1.0, STM32Cube_FW_F4_V1.28.0, STM32Cube_FW_F7_V1.17.0, STM32Cube_FW_G0_V1.6.2, STM32Cube_FW_G4_V1.5.2, STM32Cube_FW_H5_V0.5.1, STM32Cube_FW_H5_V1.1.1, STM32Cube_FW_H5_V1.2.0, STM32Cube_FW_H5_V1.2.0RC4, STM32Cube_FW_H7RS_V1.0.0, STM32Cube_FW_H7RS_V1.0.0RC4, STM32Cube_FW_H7_V1.11.0, STM32Cube_FW_L0_V1.12.2, STM32Cube_FW_L5_V1.5.1, STM32Cube_FW_U0_V1.0.0, STM32Cube_FW_U0_V1.0.0RC1, STM32Cube_FW_U5_V1.3.0RC4, STM32Cube_FW_U5_V1.5.0, STM32Cube_FW_U5_V1.5.0RC1, STM32Cube_FW_WBA_V1.0.0RC1, STM32Cube_FW_WBA_V1.2.0, STM32Cube_FW_WBA_V1.2.0RC2, STM32Cube_FW_WBA_V1.3.0, STM32Cube_FW_WBA_V1.3.0RC1, STM32Cube_FW_WB_V1.15.0RC1, STM32Cube_FW_WB_V1.16.0, STM32Cube_FW_WB_V1.16.0RC2, STM32Cube_FW_WB_V1.18.0, STM32Cube_FW_WB_V1.19.0, STM32Cube_FW_WL_V1.3.0, X-CUBE-ALGOBUILD_V1.3.0, X-CUBE-ALS_V1.0.1, X-CUBE-AZRTOS-F4_V1.1.0, X-CUBE-AZRTOS-F7_V1.1.0, X-CUBE-AZRTOS-G0_V1.1.0, X-CUBE-AZRTOS-G4_V2.0.0, X-CUBE-AZRTOS-H7_V3.2.0, X-CUBE-AZRTOS-L4_V1.0.0, X-CUBE-AZRTOS-L4_V2.0.0, X-CUBE-AZRTOS-L5_V1.1.0, X-CUBE-AZRTOS-WB_V2.0.0, X-CUBE-AZRTOS-WL_V2.0.0, X-CUBE-BLE1_V7.0.0, X-CUBE-BLE2_V3.3.0, X-CUBE-BLEMGR_V3.1.0, X-CUBE-EEPRMA1_V4.1.0, X-CUBE-EEPRMA1_V5.1.0, X-CUBE-FREERTOS_V1.1.0, X-CUBE-GNSS1_V6.0.0, X-CUBE-MEMS1_V10.0.0, X-CUBE-MEMS1_V9.1.0, X-CUBE-MEMS1_V9.4.0, X-CUBE-MEMS1_V9.6.0, X-CUBE-NFC4_V3.0.0, X-CUBE-NFC7_V1.0.1, X-CUBE-SFXS2LP1_V4.0.0, X-CUBE-SUBG2_V5.0.0, X-CUBE-TOF1_V3.4.0]
2024-03-24 02:46:21,456 [INFO] ApiDb:240 - Found 323 in-development CPN: [B-G473E-ZEST1S, B-WB1M-WPAN1, B-WL5M-SUBG1, NUCLEO-C031C6, NUCLEO-H503RB, NUCLEO-H563ZI, NUCLEO-U545RE-Q, NUCLEO-U5A5ZJ-Q, NUCLEO-WBA52CG, STEVAL-PROTEUS1, STEVAL-SMARTAG2, STEVAL-STWINBX1, STM320518-EVAL, STM32C0116-DK, STM32C011D6Y3TR, STM32C011D6Y6TR, STM32C011F4P3, STM32C011F4P6, STM32C011F4U3, STM32C011F4U6TR, STM32C011F6P3, STM32C011F6P6, STM32C011F6U3, STM32C011F6U6TR, STM32C011J4M3, STM32C011J4M6, STM32C011J6M3, STM32C011J6M6, STM32C0316-DK, STM32C031C4T3, STM32C031C4T6, STM32C031C4U3, STM32C031C4U6, STM32C031C6T3, STM32C031C6T6, STM32C031C6U3, STM32C031C6U6, STM32C031F4P3, STM32C031F4P6, STM32C031F6P3, STM32C031F6P6, STM32C031G4U3, STM32C031G4U6, STM32C031G6U3, STM32C031G6U6, STM32C031K4T3, STM32C031K4T6, STM32C031K4U3, STM32C031K4U6, STM32C031K6T3, STM32C031K6T6, STM32C031K6U3, STM32C031K6U6, STM32G071K8TXN, STM32G071K8UXN, STM32G081GBU6N, STM32G081KBT6N, STM32G081KBUXN, STM32G0B1CCT6N, STM32G0B1KCT6, STM32G0B1NEY6TR, STM32G0B1RCT6N, STM32G0C1CCT6, STM32G0C1CCT6N, STM32G0C1CCU6N, STM32G0C1CET6N, STM32G0C1CEU6N, STM32G0C1KCT6, STM32G0C1NEY6TR, STM32G0C1RCI6N, STM32G0C1RCT6N, STM32G0C1REI6N, STM32G0C1RET6N, STM32G0C1VCI6, STM32G0C1VEI6, STM32G471CCT6, STM32G471CCU6, STM32G471CET3, STM32G471CET6, STM32G471CEU3, STM32G471CEU6, STM32G471MCT6, STM32G471MET3, STM32G471MET6, STM32G471MEY6TR, STM32G471QCT6, STM32G471QET3, STM32G471RCT6, STM32G471RET3, STM32G471RET6, STM32G471VCH6, STM32G471VCI6, STM32G471VCT6, STM32G471VEH3, STM32G471VEH6, STM32G471VEI3, STM32G471VEI6, STM32G471VET3, STM32G471VET6, STM32G474CCT6, STM32H503CBT6, STM32H503CBU6, STM32H503EBY6TR, STM32H503KBU6, STM32H503RBT6, STM32H562AGI6, STM32H562AII6, STM32H562IGK6, STM32H562IGT6, STM32H562IIK6, STM32H562IIT6, STM32H562RGT6, STM32H562RGV6, STM32H562RIT6, STM32H562RIV6, STM32H562VGT6, STM32H562VIT6, STM32H562ZGT6, STM32H562ZIT6, STM32H563AGI6, STM32H563AII3Q, STM32H563AII6, STM32H563IGK6, STM32H563IGT6, STM32H563IIK3Q, STM32H563IIK6, STM32H563IIT3Q, STM32H563IIT6, STM32H563MIY3QTR, STM32H563RGT6, STM32H563RGV6, STM32H563RIT6, STM32H563RIV6, STM32H563VGT6, STM32H563VIT3Q, STM32H563VIT6, STM32H563ZGT6, STM32H563ZIT3Q, STM32H563ZIT6, STM32H573AII3Q, STM32H573AII6, STM32H573I-DK, STM32H573IIK3Q, STM32H573IIK6, STM32H573IIT3Q, STM32H573IIT6, STM32H573MIY3QTR, STM32H573RIT6, STM32H573RIV6, STM32H573VIT3Q, STM32H573VIT6, STM32H573ZIT3Q, STM32H573ZIT6, STM32L4R5QGI6STR, STM32MP131AAE3, STM32MP131AAF3, STM32MP131AAG3, STM32MP131CAE3, STM32MP131CAF3, STM32MP131CAG3, STM32MP131DAE7, STM32MP131DAF7, STM32MP131DAG7, STM32MP131FAE7, STM32MP131FAF7, STM32MP131FAG7, STM32MP133AAE3, STM32MP133AAF3, STM32MP133AAG3, STM32MP133CAE3, STM32MP133CAF3, STM32MP133CAG3, STM32MP133DAE7, STM32MP133DAF7, STM32MP133DAG7, STM32MP133FAE7, STM32MP133FAF7, STM32MP133FAG7, STM32MP135AAE3, STM32MP135AAF3, STM32MP135AAG3, STM32MP135CAE3, STM32MP135CAF3, STM32MP135CAG3, STM32MP135DAE7, STM32MP135DAF7, STM32MP135DAG7, STM32MP135F-DK, STM32MP135FAE7, STM32MP135FAF7, STM32MP135FAF7T, STM32MP135FAF7U, STM32MP135FAG7, STM32U535CBT6, STM32U535CBT6Q, STM32U535CBU6, STM32U535CBU6Q, STM32U535CCT6, STM32U535CCT6Q, STM32U535CCU6, STM32U535CCU6Q, STM32U535CET6, STM32U535CET6Q, STM32U535CEU6, STM32U535CEU6Q, STM32U535JEY6QTR, STM32U535NCY6QTR, STM32U535NEY6QTR, STM32U535RBI6, STM32U535RBI6Q, STM32U535RBT6, STM32U535RBT6Q, STM32U535RCI6, STM32U535RCI6Q, STM32U535RCT6, STM32U535RCT6Q, STM32U535REI6, STM32U535REI6Q, STM32U535RET6, STM32U535RET6Q, STM32U535VCI6, STM32U535VCI6Q, STM32U535VCT6, STM32U535VCT6Q, STM32U535VEI6, STM32U535VEI6Q, STM32U535VET6, STM32U535VET6Q, STM32U545CET6, STM32U545CET6Q, STM32U545CEU6, STM32U545CEU6Q, STM32U545JEY6QTR, STM32U545NEY6QTR, STM32U545REI6, STM32U545REI6Q, STM32U545RET6, STM32U545RET6Q, STM32U545VEI6, STM32U545VEI6Q, STM32U545VET6, STM32U545VET6Q, STM32U595AIH6, STM32U595AIH6Q, STM32U595AJH6, STM32U595AJH6Q, STM32U595QII6, STM32U595QII6Q, STM32U595QJI6, STM32U595QJI6Q, STM32U595RIT6, STM32U595RIT6Q, STM32U595RJT6, STM32U595RJT6Q, STM32U595VIT6, STM32U595VIT6Q, STM32U595VJT6, STM32U595VJT6Q, STM32U595ZIT6, STM32U595ZIT6Q, STM32U595ZIY6QTR, STM32U595ZJT6, STM32U595ZJT6Q, STM32U595ZJY6QTR, STM32U599BJY6QTR, STM32U599NIH6Q, STM32U599NJH6Q, STM32U599VIT6Q, STM32U599VJT6, STM32U599VJT6Q, STM32U599ZIT6Q, STM32U599ZIY6QTR, STM32U599ZJT6Q, STM32U599ZJY6QTR, STM32U5A5AJH6, STM32U5A5AJH6Q, STM32U5A5QJI6, STM32U5A5QJI6Q, STM32U5A5RJT6, STM32U5A5RJT6Q, STM32U5A5VJT6, STM32U5A5VJT6Q, STM32U5A5ZJT6, STM32U5A5ZJT6Q, STM32U5A5ZJY6QTR, STM32U5A9BJY6QTR, STM32U5A9J-DK, STM32U5A9NJH6Q, STM32U5A9VJT6Q, STM32U5A9ZJT6Q, STM32U5A9ZJY6QTR, STM32U5F7VIT6, STM32U5F7VIT6Q, STM32U5F7VJT6, STM32U5F7VJT6Q, STM32U5F9BJY6QTR, STM32U5F9NJH6Q, STM32U5F9VIT6Q, STM32U5F9VJT6Q, STM32U5F9ZIJ6QTR, STM32U5F9ZIT6Q, STM32U5F9ZJJ6QTR, STM32U5F9ZJT6Q, STM32U5G7VJT6, STM32U5G7VJT6Q, STM32U5G9BJY6QTR, STM32U5G9J-DK1, STM32U5G9J-DK2, STM32U5G9NJH6Q, STM32U5G9VJT6Q, STM32U5G9ZJJ6QTR, STM32U5G9ZJT6Q, STM32WB1MMCH6, STM32WBA52CEU6, STM32WBA52CEU6T, STM32WBA52CGU6, STM32WBA52CGU6T, STM32WBA52KEU6, STM32WBA52KEU6T, STM32WBA52KGU6, STM32WBA52KGU6T, STM32WL5MOCH6, STM32WL5MOCH6TR]
2024-03-24 02:46:21,460 [INFO] DbMcus:217 - Found 3938 MCUs, 3938 are supported
2024-03-24 02:46:21,460 [INFO] ApiDb:423 - Load user favorites file C:\Users\Daniel/.stm32cubeide/favorites.mcus.txt: 0 item(s)
2024-03-24 02:46:21,461 [INFO] ApiDb:427 - User favorites MCUs=[]
2024-03-24 02:46:21,461 [INFO] DbMcus:223 - Set 0 / 0 favorites MCUs
2024-03-24 02:46:21,707 [WARN] ThirdParty:833 - waiting for thirdparty lock release [change project]
2024-03-24 02:46:21,707 [INFO] ThirdParty:835 - entering critical section [change project]
2024-03-24 02:46:21,707 [INFO] ThirdParty:1030 - CMSIS Pack Vendor :STMicroelectronics USBPD 4.1
2024-03-24 02:46:21,707 [INFO] ThirdParty:1030 - CMSIS Pack Vendor :STMicroelectronics X-CUBE-GNSS1 6.0.0
2024-03-24 02:46:21,707 [INFO] ThirdParty:1030 - CMSIS Pack Vendor :STMicroelectronics USB_HOST 2.0.0
2024-03-24 02:46:21,707 [INFO] ThirdParty:1030 - CMSIS Pack Vendor :STMicroelectronics X-CUBE-AZRTOS-F4 1.1.0
2024-03-24 02:46:21,707 [INFO] ThirdParty:1030 - CMSIS Pack Vendor :STMicroelectronics LIBJPEG 8.0.0
2024-03-24 02:46:21,707 [INFO] ThirdParty:1030 - CMSIS Pack Vendor :STMicroelectronics X-CUBE-SMBUS 2.1.0
2024-03-24 02:46:21,707 [INFO] ThirdParty:1030 - CMSIS Pack Vendor :STMicroelectronics X-CUBE-TOUCHGFX 4.23.0
2024-03-24 02:46:21,707 [INFO] ThirdParty:1030 - CMSIS Pack Vendor :STMicroelectronics X-CUBE-BLEMGR 1.2.0
2024-03-24 02:46:21,707 [INFO] ThirdParty:1030 - CMSIS Pack Vendor :STMicroelectronics X-CUBE-AZRTOS-F7 1.1.0
2024-03-24 02:46:21,707 [INFO] ThirdParty:1030 - CMSIS Pack Vendor :STMicroelectronics X-CUBE-AZRTOS-L5 2.0.0
2024-03-24 02:46:21,707 [INFO] ThirdParty:1030 - CMSIS Pack Vendor :STMicroelectronics USB_DEVICE 2.0.0
2024-03-24 02:46:21,707 [INFO] ThirdParty:1030 - CMSIS Pack Vendor :STMicroelectronics X-CUBE-MEMS1 9.6.0
2024-03-24 02:46:21,707 [INFO] ThirdParty:1030 - CMSIS Pack Vendor :STMicroelectronics X-CUBE-EEPRMA1 4.2.0
2024-03-24 02:46:21,707 [INFO] ThirdParty:1030 - CMSIS Pack Vendor :STMicroelectronics X-CUBE-NFC6 3.1.0
2024-03-24 02:46:21,707 [INFO] ThirdParty:1030 - CMSIS Pack Vendor :ITTIA_DB I-CUBE-ITTIADB 8.8.0
2024-03-24 02:46:21,707 [INFO] ThirdParty:1030 - CMSIS Pack Vendor :STMicroelectronics FP-SNS-MOTENV1 4.3.0
2024-03-24 02:46:21,707 [INFO] ThirdParty:1030 - CMSIS Pack Vendor :STMicroelectronics FP-SNS-FLIGHT1 5.0.0
2024-03-24 02:46:21,707 [INFO] ThirdParty:1030 - CMSIS Pack Vendor :STMicroelectronics FP-SNS-MOTENV1 4.3.1
2024-03-24 02:46:21,707 [INFO] ThirdParty:1030 - CMSIS Pack Vendor :STMicroelectronics FP-SNS-FLIGHT1 5.0.1
2024-03-24 02:46:21,707 [INFO] ThirdParty:1030 - CMSIS Pack Vendor :STMicroelectronics X-CUBE-BLE1 6.2.3
2024-03-24 02:46:21,707 [INFO] ThirdParty:1030 - CMSIS Pack Vendor :STMicroelectronics X-CUBE-BLE1 6.2.4
2024-03-24 02:46:21,707 [INFO] ThirdParty:1030 - CMSIS Pack Vendor :STMicroelectronics FreeRTOS 0.0.1
2024-03-24 02:46:21,707 [INFO] ThirdParty:1030 - CMSIS Pack Vendor :emotas I-CUBE-CANOPEN 1.1.3
2024-03-24 02:46:21,707 [INFO] ThirdParty:1030 - CMSIS Pack Vendor :STMicroelectronics X-CUBE-BLEMGR 2.0.0
2024-03-24 02:46:21,707 [INFO] ThirdParty:1030 - CMSIS Pack Vendor :STMicroelectronics X-CUBE-NFC4 2.0.5
2024-03-24 02:46:21,707 [INFO] ThirdParty:1030 - CMSIS Pack Vendor :STMicroelectronics X-CUBE-AZRTOS-H7 3.1.0
2024-03-24 02:46:21,707 [INFO] ThirdParty:1030 - CMSIS Pack Vendor :STMicroelectronics PDM2PCM 3.3.0
2024-03-24 02:46:21,707 [INFO] ThirdParty:1030 - CMSIS Pack Vendor :STMicroelectronics X-CUBE-DISPLAY 3.0.0
2024-03-24 02:46:21,707 [INFO] ThirdParty:1030 - CMSIS Pack Vendor :wolfSSL I-CUBE-wolfSSL 5.5.3
2024-03-24 02:46:21,707 [INFO] ThirdParty:1030 - CMSIS Pack Vendor :STMicroelectronics X-CUBE-BLE1 7.0.0
2024-03-24 02:46:21,707 [INFO] ThirdParty:1030 - CMSIS Pack Vendor :STMicroelectronics HAL Drivers 0.0.0
2024-03-24 02:46:21,707 [INFO] ThirdParty:1030 - CMSIS Pack Vendor :STMicroelectronics MBEDTLS 2.14.1
2024-03-24 02:46:21,707 [INFO] ThirdParty:1030 - CMSIS Pack Vendor :STMicroelectronics X-CUBE-NFC7 1.0.0
2024-03-24 02:46:21,707 [INFO] ThirdParty:1030 - CMSIS Pack Vendor :STMicroelectronics X-CUBE-TOUCHGFX 4.22.1
2024-03-24 02:46:21,707 [INFO] ThirdParty:1030 - CMSIS Pack Vendor :STMicroelectronics X-CUBE-MEMS1 9.3.0
2024-03-24 02:46:21,707 [INFO] ThirdParty:1030 - CMSIS Pack Vendor :STMicroelectronics X-CUBE-EEPRMA1 4.1.0
2024-03-24 02:46:21,707 [INFO] ThirdParty:1030 - CMSIS Pack Vendor :STMicroelectronics X-CUBE-BLEMGR 3.1.0
2024-03-24 02:46:21,707 [INFO] ThirdParty:1030 - CMSIS Pack Vendor :STMicroelectronics USB_DEVICE 1.0.0
2024-03-24 02:46:21,707 [INFO] ThirdParty:1030 - CMSIS Pack Vendor :STMicroelectronics X-CUBE-AZRTOS-L4 2.0.0
2024-03-24 02:46:21,707 [INFO] ThirdParty:1030 - CMSIS Pack Vendor :STMicroelectronics ThreadX 0.0.2
2024-03-24 02:46:21,707 [INFO] ThirdParty:1030 - CMSIS Pack Vendor :WES I-CUBE-Cesium 1.3.0
2024-03-24 02:46:21,707 [INFO] ThirdParty:1030 - CMSIS Pack Vendor :STMicroelectronics lwIP 2.1.2
2024-03-24 02:46:21,707 [INFO] ThirdParty:1030 - CMSIS Pack Vendor :STMicroelectronics X-CUBE-SFXS2LP1 4.0.0
2024-03-24 02:46:21,707 [INFO] ThirdParty:1030 - CMSIS Pack Vendor :STMicroelectronics X-CUBE-BLE2 3.3.0
2024-03-24 02:46:21,707 [INFO] ThirdParty:1030 - CMSIS Pack Vendor :STMicroelectronics X-CUBE-DISPLAY 2.2.0
2024-03-24 02:46:21,707 [INFO] ThirdParty:1030 - CMSIS Pack Vendor :STMicroelectronics X-CUBE-TOF1 3.2.0
2024-03-24 02:46:21,707 [INFO] ThirdParty:1030 - CMSIS Pack Vendor :STMicroelectronics PDM2PCM 3.2.0
2024-03-24 02:46:21,707 [INFO] ThirdParty:1030 - CMSIS Pack Vendor :STMicroelectronics X-CUBE-AZRTOS-H7 3.0.0
2024-03-24 02:46:21,707 [INFO] ThirdParty:1030 - CMSIS Pack Vendor :STMicroelectronics X-CUBE-ISPU 1.1.0
2024-03-24 02:46:21,707 [INFO] ThirdParty:1030 - CMSIS Pack Vendor :RoweBots I-CUBE-UNISONRTOS 5.5.0-4
2024-03-24 02:46:21,707 [INFO] ThirdParty:1030 - CMSIS Pack Vendor :STMicroelectronics X-CUBE-AZRTOS-H7 2.1.0
2024-03-24 02:46:21,708 [INFO] ThirdParty:1030 - CMSIS Pack Vendor :STMicroelectronics USB_DEVICE 3.0.0
2024-03-24 02:46:21,708 [INFO] ThirdParty:1030 - CMSIS Pack Vendor :STMicroelectronics X-CUBE-AI 8.0.0
2024-03-24 02:46:21,708 [INFO] ThirdParty:1030 - CMSIS Pack Vendor :STMicroelectronics X-CUBE-AZRTOS-WB 2.0.0
2024-03-24 02:46:21,708 [INFO] ThirdParty:1030 - CMSIS Pack Vendor :STMicroelectronics X-CUBE-FREERTOS 1.0.0
2024-03-24 02:46:21,708 [INFO] ThirdParty:1030 - CMSIS Pack Vendor :STMicroelectronics X-CUBE-FREERTOS 1.0.1
2024-03-24 02:46:21,708 [INFO] ThirdParty:1030 - CMSIS Pack Vendor :STMicroelectronics X-CUBE-TOUCHGFX 4.21.1
2024-03-24 02:46:21,708 [INFO] ThirdParty:1030 - CMSIS Pack Vendor :STMicroelectronics X-CUBE-TOUCHGFX 4.21.0
2024-03-24 02:46:21,708 [INFO] ThirdParty:1030 - CMSIS Pack Vendor :STMicroelectronics X-CUBE-TOUCHGFX 4.21.3
2024-03-24 02:46:21,708 [INFO] ThirdParty:1030 - CMSIS Pack Vendor :STMicroelectronics X-CUBE-TOUCHGFX 4.21.4
2024-03-24 02:46:21,708 [INFO] ThirdParty:1030 - CMSIS Pack Vendor :STMicroelectronics X-CUBE-MEMS1 9.4.0
2024-03-24 02:46:21,708 [INFO] ThirdParty:1030 - CMSIS Pack Vendor :STMicroelectronics X-CUBE-AI 7.3.0
2024-03-24 02:46:21,708 [INFO] ThirdParty:1030 - CMSIS Pack Vendor :STMicroelectronics X-CUBE-ALGOBUILD 1.3.0
2024-03-24 02:46:21,708 [INFO] ThirdParty:1030 - CMSIS Pack Vendor :STMicroelectronics X-CUBE-AZRTOS-L5 1.1.0
2024-03-24 02:46:21,708 [INFO] ThirdParty:1030 - CMSIS Pack Vendor :STMicroelectronics X-CUBE-AZRTOS-G0 1.1.0
2024-03-24 02:46:21,708 [INFO] ThirdParty:1030 - CMSIS Pack Vendor :STMicroelectronics X-CUBE-AI 8.0.1
2024-03-24 02:46:21,708 [INFO] ThirdParty:1030 - CMSIS Pack Vendor :STMicroelectronics X-CUBE-NFC4 3.0.0
2024-03-24 02:46:21,708 [INFO] ThirdParty:1030 - CMSIS Pack Vendor :STMicroelectronics X-CUBE-SUBG2 5.0.0
2024-03-24 02:46:21,708 [INFO] ThirdParty:1030 - CMSIS Pack Vendor :STMicroelectronics STM32_WPAN 1.0.0
2024-03-24 02:46:21,708 [INFO] ThirdParty:1030 - CMSIS Pack Vendor :SEGGER I-CUBE-embOS 1.2.1
2024-03-24 02:46:21,708 [INFO] ThirdParty:1030 - CMSIS Pack Vendor :STMicroelectronics lwIP 2.0.3
2024-03-24 02:46:21,708 [INFO] ThirdParty:1030 - CMSIS Pack Vendor :STMicroelectronics USB_HOST 1.0.0
2024-03-24 02:46:21,708 [INFO] ThirdParty:1030 - CMSIS Pack Vendor :STMicroelectronics X-CUBE-AZRTOS-G4 2.0.0
2024-03-24 02:46:21,708 [INFO] ThirdParty:1030 - CMSIS Pack Vendor :STMicroelectronics PDM2PCM 3.1.0
2024-03-24 02:46:21,708 [INFO] ThirdParty:1030 - CMSIS Pack Vendor :STMicroelectronics X-CUBE-TOF1 3.3.0
2024-03-24 02:46:21,708 [INFO] ThirdParty:1030 - CMSIS Pack Vendor :STMicroelectronics FP-ATR-ASTRA1 1.1.1
2024-03-24 02:46:21,708 [INFO] ThirdParty:1030 - CMSIS Pack Vendor :Infineon AIROC-Wi-Fi-Bluetooth-STM32 1.5.1
2024-03-24 02:46:21,708 [INFO] ThirdParty:1030 - CMSIS Pack Vendor :STMicroelectronics X-CUBE-BLEMGR 3.0.0
2024-03-24 02:46:21,708 [INFO] ThirdParty:1030 - CMSIS Pack Vendor :STMicroelectronics X-CUBE-BLEMGR 1.3.0
2024-03-24 02:46:21,708 [INFO] ThirdParty:1030 - CMSIS Pack Vendor :STMicroelectronics FP-SNS-MOTENVWB1 1.3.0
2024-03-24 02:46:21,708 [INFO] ThirdParty:1030 - CMSIS Pack Vendor :STMicroelectronics FP-SNS-MOTENVWB1 1.3.1
2024-03-24 02:46:21,708 [INFO] ThirdParty:1030 - CMSIS Pack Vendor :STMicroelectronics FP-ATR-SIGFOX1 3.2.0
2024-03-24 02:46:21,708 [INFO] ThirdParty:1030 - CMSIS Pack Vendor :STMicroelectronics X-CUBE-AZRTOS-G4 1.0.0
2024-03-24 02:46:21,708 [INFO] ThirdParty:1030 - CMSIS Pack Vendor :STMicroelectronics X-CUBE-AZRTOS-L4 1.0.0
2024-03-24 02:46:21,708 [INFO] ThirdParty:1030 - CMSIS Pack Vendor :STMicroelectronics X-CUBE-ISPU 2.0.0
2024-03-24 02:46:21,708 [INFO] ThirdParty:1030 - CMSIS Pack Vendor :STMicroelectronics X-CUBE-EEPRMA1 5.1.0
2024-03-24 02:46:21,708 [INFO] ThirdParty:1030 - CMSIS Pack Vendor :STMicroelectronics MBEDTLS 2.16.2
2024-03-24 02:46:21,708 [INFO] ThirdParty:1030 - CMSIS Pack Vendor :STMicroelectronics X-CUBE-TOUCHGFX 4.20.0
2024-03-24 02:46:21,708 [INFO] ThirdParty:1030 - CMSIS Pack Vendor :STMicroelectronics X-CUBE-MEMS1 10.0.0
2024-03-24 02:46:21,708 [INFO] ThirdParty:1030 - CMSIS Pack Vendor :STMicroelectronics X-CUBE-FREERTOS 1.1.0
2024-03-24 02:46:21,708 [INFO] ThirdParty:1030 - CMSIS Pack Vendor :STMicroelectronics X-CUBE-AZRTOS-WL 1.0.0
2024-03-24 02:46:21,708 [INFO] ThirdParty:1030 - CMSIS Pack Vendor :portGmbH I-Cube-SoM-uGOAL 1.1.0
2024-03-24 02:46:21,708 [INFO] ThirdParty:1030 - CMSIS Pack Vendor :STMicroelectronics X-CUBE-ALS 1.0.1
2024-03-24 02:46:21,708 [INFO] ThirdParty:1030 - CMSIS Pack Vendor :STMicroelectronics X-CUBE-MEMS1 9.5.0
2024-03-24 02:46:21,709 [INFO] ThirdParty:1030 - CMSIS Pack Vendor :STMicroelectronics ThreadX 1.0.0
2024-03-24 02:46:21,709 [INFO] ThirdParty:1030 - CMSIS Pack Vendor :STMicroelectronics X-CUBE-AZRTOS-WB 1.1.0
2024-03-24 02:46:21,709 [INFO] ThirdParty:1030 - CMSIS Pack Vendor :SEGGER I-CUBE-embOS 1.3.1
2024-03-24 02:46:21,709 [INFO] ThirdParty:1030 - CMSIS Pack Vendor :STMicroelectronics X-CUBE-AZRTOS-L5 1.0.0
2024-03-24 02:46:21,709 [INFO] ThirdParty:1030 - CMSIS Pack Vendor :STMicroelectronics X-CUBE-EEPRMA1 3.1.1
2024-03-24 02:46:21,709 [INFO] ThirdParty:1030 - CMSIS Pack Vendor :STMicroelectronics FP-ATR-ASTRA1 2.0.0
2024-03-24 02:46:21,709 [INFO] ThirdParty:1030 - CMSIS Pack Vendor :STMicroelectronics X-CUBE-TOF1 3.4.0
2024-03-24 02:46:21,709 [INFO] ThirdParty:1030 - CMSIS Pack Vendor :STMicroelectronics X-CUBE-TOF1 3.4.1
2024-03-24 02:46:21,709 [INFO] ThirdParty:1030 - CMSIS Pack Vendor :STMicroelectronics X-CUBE-AZRTOS-H7 3.2.0
2024-03-24 02:46:21,709 [INFO] ThirdParty:841 - exiting critical section [change project]
2024-03-24 02:46:21,904 [INFO] PinOutPanel:1499 - setPackage(No Configuration,No Configuration)
2024-03-24 02:46:21,905 [INFO] PinOutPanel:1499 - setPackage(STM32F411RETx,LQFP64)
2024-03-24 02:46:22,217 [INFO] UtilMem:75 - Before build in PCC Used Memory: 592196256 Bytes (1073741824)
2024-03-24 02:46:22,672 [INFO] UtilMem:75 - After build in PCC Used Memory: 666118816 Bytes (1073741824)
2024-03-24 02:46:22,747 [INFO] ApiDbMcu:507 - Load IP Config File for FREERTOS
2024-03-24 02:46:22,769 [INFO] IPUIPlugin:80 - create IPUIPlugin
2024-03-24 02:46:22,770 [INFO] IPUIPlugin:80 - create IPUIPlugin
2024-03-24 02:46:22,770 [INFO] IPUIPlugin:80 - create IPUIPlugin
2024-03-24 02:46:22,770 [INFO] IPUIPlugin:80 - create IPUIPlugin
2024-03-24 02:46:22,770 [INFO] IPUIPlugin:80 - create IPUIPlugin
2024-03-24 02:46:22,770 [INFO] IPUIPlugin:80 - create IPUIPlugin
2024-03-24 02:46:22,770 [INFO] IPUIPlugin:80 - create IPUIPlugin
2024-03-24 02:46:22,770 [INFO] IPUIPlugin:80 - create IPUIPlugin
2024-03-24 02:46:22,770 [INFO] IPUIPlugin:80 - create IPUIPlugin
2024-03-24 02:46:22,770 [INFO] IPUIPlugin:80 - create IPUIPlugin
2024-03-24 02:46:22,770 [INFO] IPUIPlugin:80 - create IPUIPlugin
2024-03-24 02:46:22,770 [INFO] IPUIPlugin:80 - create IPUIPlugin
2024-03-24 02:46:22,770 [INFO] IPUIPlugin:80 - create IPUIPlugin
2024-03-24 02:46:22,771 [INFO] IPUIPlugin:80 - create IPUIPlugin
2024-03-24 02:46:22,771 [INFO] IPUIPlugin:80 - create IPUIPlugin
2024-03-24 02:46:22,771 [INFO] IPUIPlugin:80 - create IPUIPlugin
2024-03-24 02:46:22,771 [INFO] IPUIPlugin:80 - create IPUIPlugin
2024-03-24 02:46:22,771 [INFO] IPUIPlugin:80 - create IPUIPlugin
2024-03-24 02:46:22,771 [INFO] IPUIPlugin:80 - create IPUIPlugin
2024-03-24 02:46:22,771 [INFO] IPUIPlugin:80 - create IPUIPlugin
2024-03-24 02:46:22,771 [INFO] IPUIPlugin:80 - create IPUIPlugin
2024-03-24 02:46:22,772 [INFO] IPUIPlugin:80 - create IPUIPlugin
2024-03-24 02:46:22,772 [INFO] IPUIPlugin:80 - create IPUIPlugin
2024-03-24 02:46:22,772 [INFO] IPUIPlugin:80 - create IPUIPlugin
2024-03-24 02:46:22,772 [INFO] IPUIPlugin:80 - create IPUIPlugin
2024-03-24 02:46:22,772 [INFO] IPUIPlugin:80 - create IPUIPlugin
2024-03-24 02:46:22,772 [INFO] IPUIPlugin:80 - create IPUIPlugin
2024-03-24 02:46:22,773 [INFO] IPUIPlugin:80 - create IPUIPlugin
2024-03-24 02:46:22,773 [INFO] IPUIPlugin:80 - create IPUIPlugin
2024-03-24 02:46:22,773 [INFO] IPUIPlugin:80 - create IPUIPlugin
2024-03-24 02:46:22,773 [INFO] IPUIPlugin:80 - create IPUIPlugin
2024-03-24 02:46:22,773 [INFO] IPUIPlugin:80 - create IPUIPlugin
2024-03-24 02:46:22,773 [INFO] IPUIPlugin:80 - create IPUIPlugin
2024-03-24 02:46:22,773 [INFO] IPUIPlugin:80 - create IPUIPlugin
2024-03-24 02:46:22,774 [INFO] IPUIPlugin:80 - create IPUIPlugin
2024-03-24 02:46:22,774 [INFO] IPUIPlugin:80 - create IPUIPlugin
2024-03-24 02:46:22,774 [INFO] IPUIPlugin:80 - create IPUIPlugin
2024-03-24 02:46:22,774 [INFO] IPUIPlugin:80 - create IPUIPlugin
2024-03-24 02:46:22,774 [INFO] IPUIPlugin:80 - create IPUIPlugin
2024-03-24 02:46:22,774 [INFO] IPUIPlugin:80 - create IPUIPlugin
2024-03-24 02:46:22,774 [INFO] IPUIPlugin:80 - create IPUIPlugin
2024-03-24 02:46:22,775 [INFO] IPUIPlugin:80 - create IPUIPlugin
2024-03-24 02:46:22,775 [INFO] IPUIPlugin:80 - create IPUIPlugin
2024-03-24 02:46:22,788 [INFO] ApiDbMcu:507 - Load IP Config File for PDM2PCM
2024-03-24 02:46:22,798 [WARN] IP:2114 - I2C_Coeff_DF not found: check if there is a RefParameter without a condition.
2024-03-24 02:46:22,798 [WARN] IP:2114 - Analog_Filter not found: check if there is a RefParameter without a condition.
2024-03-24 02:46:22,816 [WARN] FreeRTOS:1023 - Null or empty value: should not occur! (nothing added to the table)
2024-03-24 02:46:22,991 [INFO] CADModel:165 - CPN selected for project levelSTM32F411RET6
2024-03-24 02:46:22,991 [INFO] CADModel:114 - Register for checkConnection events
2024-03-24 02:46:22,993 [INFO] RtosManager:697 - Active RTOS found at IOC load: FREERTOS [Cortex-M4NS]
2024-03-24 02:46:23,037 [INFO] OpenFileManager:328 - Restore cursor
2024-03-24 02:46:23,215 [WARN] IP:2114 - I2C_Coeff_DF not found: check if there is a RefParameter without a condition.
2024-03-24 02:46:23,215 [WARN] IP:2114 - Analog_Filter not found: check if there is a RefParameter without a condition.
2024-03-24 02:46:23,217 [WARN] IP:2114 - I2C_Coeff_DF not found: check if there is a RefParameter without a condition.
2024-03-24 02:46:23,217 [WARN] IP:2114 - Analog_Filter not found: check if there is a RefParameter without a condition.
2024-03-24 02:47:08,333 [WARN] IP:2114 - I2C_Coeff_DF not found: check if there is a RefParameter without a condition.
2024-03-24 02:47:08,333 [WARN] IP:2114 - Analog_Filter not found: check if there is a RefParameter without a condition.
2024-03-24 02:47:08,334 [WARN] IP:2114 - I2C_Coeff_DF not found: check if there is a RefParameter without a condition.
2024-03-24 02:47:08,334 [WARN] IP:2114 - Analog_Filter not found: check if there is a RefParameter without a condition.
2024-03-24 02:47:26,166 [WARN] IP:2114 - I2C_Coeff_DF not found: check if there is a RefParameter without a condition.
2024-03-24 02:47:26,166 [WARN] IP:2114 - Analog_Filter not found: check if there is a RefParameter without a condition.
2024-03-24 02:47:26,167 [WARN] IP:2114 - I2C_Coeff_DF not found: check if there is a RefParameter without a condition.
2024-03-24 02:47:26,167 [WARN] IP:2114 - Analog_Filter not found: check if there is a RefParameter without a condition.
2024-03-24 02:47:26,204 [WARN] IP:2114 - I2C_Coeff_DF not found: check if there is a RefParameter without a condition.
2024-03-24 02:47:26,204 [WARN] IP:2114 - Analog_Filter not found: check if there is a RefParameter without a condition.
2024-03-24 02:47:26,241 [WARN] IP:2114 - I2C_Coeff_DF not found: check if there is a RefParameter without a condition.
2024-03-24 02:47:26,241 [WARN] IP:2114 - Analog_Filter not found: check if there is a RefParameter without a condition.
2024-03-24 02:47:29,792 [INFO] Gpio:273 - dependency for GPIO [ADC1, I2C1, RCC, SPI1, SYS, TIM2, TIM3, USART1]
2024-03-24 02:50:40,934 [INFO] NvicIntPanel:101 - NVIC parent = com.st.microxplorer.plugins.ip.nvic.MultiNvicIntPanel[,2,27,828x675,layout=javax.swing.BoxLayout,alignmentX=0.0,alignmentY=0.0,border=,flags=9,maximumSize=,minimumSize=,preferredSize=]
2024-03-24 02:50:45,695 [INFO] Gpio:273 - dependency for GPIO [ADC1, I2C1, RCC, SPI1, SYS, TIM2, TIM3, USART1]
2024-03-24 02:50:48,458 [INFO] ADCParametersView:116 -                Rank 1 : false
2024-03-24 02:50:48,489 [INFO] ADCParametersView:116 -                Rank 1 : false
2024-03-24 02:50:48,489 [INFO] ADCParametersView:116 -                Rank 1 : false
2024-03-24 02:50:48,490 [INFO] ADCParametersView:116 -                Rank 1 : false
2024-03-24 02:50:48,490 [INFO] ADCParametersView:116 -                Rank 1 : false
2024-03-24 02:50:48,490 [INFO] ADCParametersView:116 -                Rank 1 : false
2024-03-24 02:50:48,490 [INFO] ADCParametersView:116 -                Rank 1 : false
2024-03-24 02:50:48,490 [INFO] ADCParametersView:116 -                Rank 1 : false
2024-03-24 02:50:48,490 [INFO] ADCParametersView:116 -                Rank 1 : false
2024-03-24 02:50:48,490 [INFO] ADCParametersView:116 -                Rank 1 : false
2024-03-24 02:50:48,490 [INFO] ADCParametersView:116 -                Rank 1 : false
2024-03-24 02:50:48,490 [INFO] ADCParametersView:116 -                Rank 1 : false
2024-03-24 02:50:48,490 [INFO] ADCParametersView:116 -                Rank 1 : false
2024-03-24 02:50:48,490 [INFO] ADCParametersView:116 -                Rank 1 : false
2024-03-24 02:50:48,490 [INFO] ADCParametersView:116 -                Rank 1 : false
2024-03-24 02:50:48,491 [INFO] ADCParametersView:116 -                Rank 1 : false
2024-03-24 02:50:48,491 [INFO] ADCParametersView:116 -                Rank 1 : false
2024-03-24 02:50:48,491 [INFO] ADCParametersView:116 -                Rank 1 : false
2024-03-24 02:50:48,491 [INFO] ADCParametersView:116 -                Rank 1 : false
2024-03-24 02:50:48,491 [INFO] ADCParametersView:116 -                Rank 1 : false
2024-03-24 02:50:48,503 [INFO] ADCParametersView:116 -                Rank 1 : false
2024-03-24 02:50:52,183 [INFO] NvicIntPanel:101 - NVIC parent = com.st.microxplorer.plugins.ip.nvic.MultiNvicIntPanel[,0,0,828x285,layout=javax.swing.BoxLayout,alignmentX=0.0,alignmentY=0.0,border=,flags=9,maximumSize=,minimumSize=,preferredSize=]
2024-03-24 02:50:53,654 [INFO] ADCParametersView:116 -                Rank 1 : false
2024-03-24 02:50:53,654 [INFO] ADCParametersView:116 -                Rank 1 : false
2024-03-24 02:50:53,654 [INFO] ADCParametersView:116 -                Rank 1 : false
2024-03-24 02:50:53,654 [INFO] ADCParametersView:116 -                Rank 1 : false
2024-03-24 02:50:53,654 [INFO] ADCParametersView:116 -                Rank 1 : false
2024-03-24 02:50:53,654 [INFO] ADCParametersView:116 -                Rank 1 : false
2024-03-24 02:50:53,655 [INFO] ADCParametersView:116 -                Rank 1 : false
2024-03-24 02:50:53,655 [INFO] ADCParametersView:116 -                Rank 1 : false
2024-03-24 02:50:53,655 [INFO] ADCParametersView:116 -                Rank 1 : false
2024-03-24 02:50:53,655 [INFO] ADCParametersView:116 -                Rank 1 : false
2024-03-24 02:50:53,655 [INFO] ADCParametersView:116 -                Rank 1 : false
2024-03-24 02:50:53,655 [INFO] ADCParametersView:116 -                Rank 1 : false
2024-03-24 02:50:53,655 [INFO] ADCParametersView:116 -                Rank 1 : false
2024-03-24 02:50:53,655 [INFO] ADCParametersView:116 -                Rank 1 : false
2024-03-24 02:50:53,655 [INFO] ADCParametersView:116 -                Rank 1 : false
2024-03-24 02:50:53,655 [INFO] ADCParametersView:116 -                Rank 1 : false
2024-03-24 02:50:53,655 [INFO] ADCParametersView:116 -                Rank 1 : false
2024-03-24 02:50:53,655 [INFO] ADCParametersView:116 -                Rank 1 : false
2024-03-24 02:50:53,655 [INFO] ADCParametersView:116 -                Rank 1 : false
2024-03-24 02:50:53,668 [INFO] ADCParametersView:116 -                Rank 1 : false
2024-03-24 02:50:59,505 [INFO] UtilMem:75 - End SaveConfig() Used Memory: 865544696 Bytes (1073741824)
2024-03-24 02:50:59,600 [INFO] UtilMem:75 - End SaveConfig() Used Memory: 881201600 Bytes (1073741824)
2024-03-24 02:51:00,147 [INFO] UtilMem:75 - End SaveConfig() Used Memory: 924341248 Bytes (1073741824)
2024-03-24 02:51:00,535 [INFO] BlockDiagram:2759 - set Specific Code input for plugin: RTC
2024-03-24 02:51:00,535 [INFO] BlockDiagram:2759 - set Specific Code input for plugin: SPI
2024-03-24 02:51:00,535 [INFO] BlockDiagram:2759 - set Specific Code input for plugin: NVIC
2024-03-24 02:51:00,535 [INFO] BlockDiagram:2759 - set Specific Code input for plugin: FREERTOS
2024-03-24 02:51:00,537 [INFO] BlockDiagram:2759 - set Specific Code input for plugin: USART
2024-03-24 02:51:00,537 [INFO] BlockDiagram:2759 - set Specific Code input for plugin: IWDG
2024-03-24 02:51:00,537 [INFO] BlockDiagram:2759 - set Specific Code input for plugin: TIM1_8
2024-03-24 02:51:00,537 [INFO] BlockDiagram:2759 - set Specific Code input for plugin: TIM1_8
2024-03-24 02:51:00,537 [INFO] BlockDiagram:2759 - set Specific Code input for plugin: SYS
2024-03-24 02:51:00,537 [INFO] BlockDiagram:2759 - set Specific Code input for plugin: GPIO
2024-03-24 02:51:00,537 [INFO] BlockDiagram:2759 - set Specific Code input for plugin: ADC
2024-03-24 02:51:00,537 [INFO] BlockDiagram:2759 - set Specific Code input for plugin: RCC
2024-03-24 02:51:00,537 [INFO] BlockDiagram:2759 - set Specific Code input for plugin: CRC
2024-03-24 02:51:00,537 [INFO] BlockDiagram:2759 - set Specific Code input for plugin: I2C
2024-03-24 02:51:00,538 [INFO] CodeGenerator:799 - code generatio: config db path: C:\ST\STM32CubeIDE_1.10.1\STM32CubeIDE\plugins\com.st.stm32cube.common.mx_6.9.2.202309101412\\db\
2024-03-24 02:51:00,550 [WARN] IP:2114 - I2C_Coeff_DF not found: check if there is a RefParameter without a condition.
2024-03-24 02:51:00,550 [WARN] IP:2114 - Analog_Filter not found: check if there is a RefParameter without a condition.
2024-03-24 02:51:00,741 [INFO] CodeEngine:255 - oldGeneratedFile, C:\Users\Daniel\Desktop\M8F93\EDAS\EDAS_APPL\MXTmpFiles\license.tmp_save
2024-03-24 02:51:01,060 [INFO] CodeEngine:279 - Generated code: C:\Users\Daniel\Desktop\M8F93\EDAS\EDAS_APPL\MXTmpFiles\license.tmp
2024-03-24 02:51:01,128 [INFO] CodeEngine:255 - oldGeneratedFile, C:\Users\Daniel\Desktop\M8F93\EDAS\EDAS_APPL\Core\Src\gpio.c_save
2024-03-24 02:51:01,235 [INFO] CodeEngine:279 - Generated code: C:\Users\Daniel\Desktop\M8F93\EDAS\EDAS_APPL\Core\Src\gpio.c
2024-03-24 02:51:01,249 [INFO] CodeEngine:255 - oldGeneratedFile, C:\Users\Daniel\Desktop\M8F93\EDAS\EDAS_APPL\Core\Inc\gpio.h_save
2024-03-24 02:51:01,313 [INFO] CodeEngine:279 - Generated code: C:\Users\Daniel\Desktop\M8F93\EDAS\EDAS_APPL\Core\Inc\gpio.h
2024-03-24 02:51:01,811 [INFO] Middleware:1439 - No code input for Bsp Dependency
2024-03-24 02:51:01,823 [INFO] CodeEngine:255 - oldGeneratedFile, C:\Users\Daniel\Desktop\M8F93\EDAS\EDAS_APPL\MXTmpFiles\rtos_inc.tmp_save
2024-03-24 02:51:01,911 [INFO] CodeEngine:279 - Generated code: C:\Users\Daniel\Desktop\M8F93\EDAS\EDAS_APPL\MXTmpFiles\rtos_inc.tmp
2024-03-24 02:51:01,922 [INFO] CodeEngine:255 - oldGeneratedFile, C:\Users\Daniel\Desktop\M8F93\EDAS\EDAS_APPL\MXTmpFiles\rtos_kernelInit.tmp_save
2024-03-24 02:51:02,019 [INFO] CodeEngine:279 - Generated code: C:\Users\Daniel\Desktop\M8F93\EDAS\EDAS_APPL\MXTmpFiles\rtos_kernelInit.tmp
2024-03-24 02:51:02,030 [INFO] CodeEngine:255 - oldGeneratedFile, C:\Users\Daniel\Desktop\M8F93\EDAS\EDAS_APPL\MXTmpFiles\rtos_kernelStart.tmp_save
2024-03-24 02:51:02,080 [INFO] CodeEngine:279 - Generated code: C:\Users\Daniel\Desktop\M8F93\EDAS\EDAS_APPL\MXTmpFiles\rtos_kernelStart.tmp
2024-03-24 02:51:02,087 [INFO] CodeEngine:255 - oldGeneratedFile, C:\Users\Daniel\Desktop\M8F93\EDAS\EDAS_APPL\MXTmpFiles\rtos_typedefs.tmp_save
2024-03-24 02:51:02,133 [INFO] CodeEngine:279 - Generated code: C:\Users\Daniel\Desktop\M8F93\EDAS\EDAS_APPL\MXTmpFiles\rtos_typedefs.tmp
2024-03-24 02:51:02,141 [INFO] CodeEngine:255 - oldGeneratedFile, C:\Users\Daniel\Desktop\M8F93\EDAS\EDAS_APPL\MXTmpFiles\rtos_vars.tmp_save
2024-03-24 02:51:02,199 [INFO] CodeEngine:279 - Generated code: C:\Users\Daniel\Desktop\M8F93\EDAS\EDAS_APPL\MXTmpFiles\rtos_vars.tmp
2024-03-24 02:51:02,206 [INFO] CodeEngine:255 - oldGeneratedFile, C:\Users\Daniel\Desktop\M8F93\EDAS\EDAS_APPL\MXTmpFiles\rtos_pfp.tmp_save
2024-03-24 02:51:02,258 [INFO] CodeEngine:279 - Generated code: C:\Users\Daniel\Desktop\M8F93\EDAS\EDAS_APPL\MXTmpFiles\rtos_pfp.tmp
2024-03-24 02:51:02,264 [INFO] CodeEngine:255 - oldGeneratedFile, C:\Users\Daniel\Desktop\M8F93\EDAS\EDAS_APPL\MXTmpFiles\rtos_obj_creat.tmp_save
2024-03-24 02:51:02,315 [INFO] CodeEngine:279 - Generated code: C:\Users\Daniel\Desktop\M8F93\EDAS\EDAS_APPL\MXTmpFiles\rtos_obj_creat.tmp
2024-03-24 02:51:02,322 [INFO] CodeEngine:255 - oldGeneratedFile, C:\Users\Daniel\Desktop\M8F93\EDAS\EDAS_APPL\MXTmpFiles\rtos_default_thread.tmp_save
2024-03-24 02:51:02,369 [INFO] CodeEngine:279 - Generated code: C:\Users\Daniel\Desktop\M8F93\EDAS\EDAS_APPL\MXTmpFiles\rtos_default_thread.tmp
2024-03-24 02:51:02,375 [INFO] CodeEngine:255 - oldGeneratedFile, C:\Users\Daniel\Desktop\M8F93\EDAS\EDAS_APPL\MXTmpFiles\rtos_threads.tmp_save
2024-03-24 02:51:02,422 [INFO] CodeEngine:279 - Generated code: C:\Users\Daniel\Desktop\M8F93\EDAS\EDAS_APPL\MXTmpFiles\rtos_threads.tmp
2024-03-24 02:51:02,433 [INFO] Middleware:1439 - No code input for Bsp Dependency
2024-03-24 02:51:02,438 [INFO] CodeEngine:255 - oldGeneratedFile, C:\Users\Daniel\Desktop\M8F93\EDAS\EDAS_APPL\MXTmpFiles\rtos_inc.tmp_save
2024-03-24 02:51:02,487 [INFO] CodeEngine:279 - Generated code: C:\Users\Daniel\Desktop\M8F93\EDAS\EDAS_APPL\MXTmpFiles\rtos_inc.tmp
2024-03-24 02:51:02,491 [INFO] CodeEngine:255 - oldGeneratedFile, C:\Users\Daniel\Desktop\M8F93\EDAS\EDAS_APPL\MXTmpFiles\rtos_kernelInit.tmp_save
2024-03-24 02:51:02,530 [INFO] CodeEngine:279 - Generated code: C:\Users\Daniel\Desktop\M8F93\EDAS\EDAS_APPL\MXTmpFiles\rtos_kernelInit.tmp
2024-03-24 02:51:02,533 [INFO] CodeEngine:255 - oldGeneratedFile, C:\Users\Daniel\Desktop\M8F93\EDAS\EDAS_APPL\MXTmpFiles\rtos_kernelStart.tmp_save
2024-03-24 02:51:02,571 [INFO] CodeEngine:279 - Generated code: C:\Users\Daniel\Desktop\M8F93\EDAS\EDAS_APPL\MXTmpFiles\rtos_kernelStart.tmp
2024-03-24 02:51:02,574 [INFO] CodeEngine:255 - oldGeneratedFile, C:\Users\Daniel\Desktop\M8F93\EDAS\EDAS_APPL\MXTmpFiles\rtos_typedefs.tmp_save
2024-03-24 02:51:02,613 [INFO] CodeEngine:279 - Generated code: C:\Users\Daniel\Desktop\M8F93\EDAS\EDAS_APPL\MXTmpFiles\rtos_typedefs.tmp
2024-03-24 02:51:02,620 [INFO] CodeEngine:255 - oldGeneratedFile, C:\Users\Daniel\Desktop\M8F93\EDAS\EDAS_APPL\MXTmpFiles\rtos_vars.tmp_save
2024-03-24 02:51:02,661 [INFO] CodeEngine:279 - Generated code: C:\Users\Daniel\Desktop\M8F93\EDAS\EDAS_APPL\MXTmpFiles\rtos_vars.tmp
2024-03-24 02:51:02,664 [INFO] CodeEngine:255 - oldGeneratedFile, C:\Users\Daniel\Desktop\M8F93\EDAS\EDAS_APPL\MXTmpFiles\rtos_pfp.tmp_save
2024-03-24 02:51:02,703 [INFO] CodeEngine:279 - Generated code: C:\Users\Daniel\Desktop\M8F93\EDAS\EDAS_APPL\MXTmpFiles\rtos_pfp.tmp
2024-03-24 02:51:02,710 [INFO] CodeEngine:255 - oldGeneratedFile, C:\Users\Daniel\Desktop\M8F93\EDAS\EDAS_APPL\MXTmpFiles\rtos_obj_creat.tmp_save
2024-03-24 02:51:02,751 [INFO] CodeEngine:279 - Generated code: C:\Users\Daniel\Desktop\M8F93\EDAS\EDAS_APPL\MXTmpFiles\rtos_obj_creat.tmp
2024-03-24 02:51:02,754 [INFO] CodeEngine:255 - oldGeneratedFile, C:\Users\Daniel\Desktop\M8F93\EDAS\EDAS_APPL\MXTmpFiles\rtos_default_thread.tmp_save
2024-03-24 02:51:02,793 [INFO] CodeEngine:279 - Generated code: C:\Users\Daniel\Desktop\M8F93\EDAS\EDAS_APPL\MXTmpFiles\rtos_default_thread.tmp
2024-03-24 02:51:02,797 [INFO] CodeEngine:255 - oldGeneratedFile, C:\Users\Daniel\Desktop\M8F93\EDAS\EDAS_APPL\MXTmpFiles\rtos_threads.tmp_save
2024-03-24 02:51:02,837 [INFO] CodeEngine:279 - Generated code: C:\Users\Daniel\Desktop\M8F93\EDAS\EDAS_APPL\MXTmpFiles\rtos_threads.tmp
2024-03-24 02:51:02,851 [INFO] CodeEngine:255 - oldGeneratedFile, C:\Users\Daniel\Desktop\M8F93\EDAS\EDAS_APPL\Core\Inc\FreeRTOSConfig.h_save
2024-03-24 02:51:02,918 [INFO] CodeEngine:279 - Generated code: C:\Users\Daniel\Desktop\M8F93\EDAS\EDAS_APPL\Core\Inc\FreeRTOSConfig.h
2024-03-24 02:51:02,931 [INFO] CodeEngine:255 - oldGeneratedFile, C:\Users\Daniel\Desktop\M8F93\EDAS\EDAS_APPL\Core\Src\freertos.c_save
2024-03-24 02:51:03,004 [INFO] CodeEngine:279 - Generated code: C:\Users\Daniel\Desktop\M8F93\EDAS\EDAS_APPL\Core\Src\freertos.c
2024-03-24 02:51:03,023 [INFO] CodeEngine:255 - oldGeneratedFile, C:\Users\Daniel\Desktop\M8F93\EDAS\EDAS_APPL\Core\Src\adc.c_save
2024-03-24 02:51:03,112 [INFO] CodeEngine:279 - Generated code: C:\Users\Daniel\Desktop\M8F93\EDAS\EDAS_APPL\Core\Src\adc.c
2024-03-24 02:51:03,123 [INFO] CodeEngine:255 - oldGeneratedFile, C:\Users\Daniel\Desktop\M8F93\EDAS\EDAS_APPL\Core\Inc\adc.h_save
2024-03-24 02:51:03,180 [INFO] CodeEngine:279 - Generated code: C:\Users\Daniel\Desktop\M8F93\EDAS\EDAS_APPL\Core\Inc\adc.h
2024-03-24 02:51:03,190 [INFO] CodeEngine:255 - oldGeneratedFile, C:\Users\Daniel\Desktop\M8F93\EDAS\EDAS_APPL\Core\Src\crc.c_save
2024-03-24 02:51:03,259 [INFO] CodeEngine:279 - Generated code: C:\Users\Daniel\Desktop\M8F93\EDAS\EDAS_APPL\Core\Src\crc.c
2024-03-24 02:51:03,262 [INFO] CodeEngine:255 - oldGeneratedFile, C:\Users\Daniel\Desktop\M8F93\EDAS\EDAS_APPL\Core\Inc\crc.h_save
2024-03-24 02:51:03,319 [INFO] CodeEngine:279 - Generated code: C:\Users\Daniel\Desktop\M8F93\EDAS\EDAS_APPL\Core\Inc\crc.h
2024-03-24 02:51:03,330 [INFO] CodeEngine:255 - oldGeneratedFile, C:\Users\Daniel\Desktop\M8F93\EDAS\EDAS_APPL\Core\Src\i2c.c_save
2024-03-24 02:51:03,396 [INFO] CodeEngine:279 - Generated code: C:\Users\Daniel\Desktop\M8F93\EDAS\EDAS_APPL\Core\Src\i2c.c
2024-03-24 02:51:03,399 [INFO] CodeEngine:255 - oldGeneratedFile, C:\Users\Daniel\Desktop\M8F93\EDAS\EDAS_APPL\Core\Inc\i2c.h_save
2024-03-24 02:51:03,451 [INFO] CodeEngine:279 - Generated code: C:\Users\Daniel\Desktop\M8F93\EDAS\EDAS_APPL\Core\Inc\i2c.h
2024-03-24 02:51:03,460 [INFO] CodeEngine:255 - oldGeneratedFile, C:\Users\Daniel\Desktop\M8F93\EDAS\EDAS_APPL\Core\Src\iwdg.c_save
2024-03-24 02:51:03,524 [INFO] CodeEngine:279 - Generated code: C:\Users\Daniel\Desktop\M8F93\EDAS\EDAS_APPL\Core\Src\iwdg.c
2024-03-24 02:51:03,526 [INFO] CodeEngine:255 - oldGeneratedFile, C:\Users\Daniel\Desktop\M8F93\EDAS\EDAS_APPL\Core\Inc\iwdg.h_save
2024-03-24 02:51:03,583 [INFO] CodeEngine:279 - Generated code: C:\Users\Daniel\Desktop\M8F93\EDAS\EDAS_APPL\Core\Inc\iwdg.h
2024-03-24 02:51:03,592 [INFO] CodeEngine:255 - oldGeneratedFile, C:\Users\Daniel\Desktop\M8F93\EDAS\EDAS_APPL\Core\Src\rtc.c_save
2024-03-24 02:51:03,658 [INFO] CodeEngine:279 - Generated code: C:\Users\Daniel\Desktop\M8F93\EDAS\EDAS_APPL\Core\Src\rtc.c
2024-03-24 02:51:03,661 [INFO] CodeEngine:255 - oldGeneratedFile, C:\Users\Daniel\Desktop\M8F93\EDAS\EDAS_APPL\Core\Inc\rtc.h_save
2024-03-24 02:51:03,714 [INFO] CodeEngine:279 - Generated code: C:\Users\Daniel\Desktop\M8F93\EDAS\EDAS_APPL\Core\Inc\rtc.h
2024-03-24 02:51:03,724 [INFO] CodeEngine:255 - oldGeneratedFile, C:\Users\Daniel\Desktop\M8F93\EDAS\EDAS_APPL\Core\Src\spi.c_save
2024-03-24 02:51:03,789 [INFO] CodeEngine:279 - Generated code: C:\Users\Daniel\Desktop\M8F93\EDAS\EDAS_APPL\Core\Src\spi.c
2024-03-24 02:51:03,793 [INFO] CodeEngine:255 - oldGeneratedFile, C:\Users\Daniel\Desktop\M8F93\EDAS\EDAS_APPL\Core\Inc\spi.h_save
2024-03-24 02:51:03,845 [INFO] CodeEngine:279 - Generated code: C:\Users\Daniel\Desktop\M8F93\EDAS\EDAS_APPL\Core\Inc\spi.h
2024-03-24 02:51:03,856 [INFO] CodeEngine:255 - oldGeneratedFile, C:\Users\Daniel\Desktop\M8F93\EDAS\EDAS_APPL\Core\Src\tim.c_save
2024-03-24 02:51:03,930 [INFO] CodeEngine:279 - Generated code: C:\Users\Daniel\Desktop\M8F93\EDAS\EDAS_APPL\Core\Src\tim.c
2024-03-24 02:51:03,934 [INFO] CodeEngine:255 - oldGeneratedFile, C:\Users\Daniel\Desktop\M8F93\EDAS\EDAS_APPL\Core\Inc\tim.h_save
2024-03-24 02:51:03,995 [INFO] CodeEngine:279 - Generated code: C:\Users\Daniel\Desktop\M8F93\EDAS\EDAS_APPL\Core\Inc\tim.h
2024-03-24 02:51:04,006 [INFO] CodeEngine:255 - oldGeneratedFile, C:\Users\Daniel\Desktop\M8F93\EDAS\EDAS_APPL\Core\Src\usart.c_save
2024-03-24 02:51:04,069 [INFO] CodeEngine:279 - Generated code: C:\Users\Daniel\Desktop\M8F93\EDAS\EDAS_APPL\Core\Src\usart.c
2024-03-24 02:51:04,073 [INFO] CodeEngine:255 - oldGeneratedFile, C:\Users\Daniel\Desktop\M8F93\EDAS\EDAS_APPL\Core\Inc\usart.h_save
2024-03-24 02:51:04,124 [INFO] CodeEngine:279 - Generated code: C:\Users\Daniel\Desktop\M8F93\EDAS\EDAS_APPL\Core\Inc\usart.h
2024-03-24 02:51:04,139 [INFO] CodeEngine:255 - oldGeneratedFile, C:\Users\Daniel\Desktop\M8F93\EDAS\EDAS_APPL\Core\Src\stm32f4xx_it.c_save
2024-03-24 02:51:04,205 [INFO] CodeEngine:279 - Generated code: C:\Users\Daniel\Desktop\M8F93\EDAS\EDAS_APPL\Core\Src\stm32f4xx_it.c
2024-03-24 02:51:04,216 [INFO] CodeEngine:255 - oldGeneratedFile, C:\Users\Daniel\Desktop\M8F93\EDAS\EDAS_APPL\Core\Inc\stm32f4xx_it.h_save
2024-03-24 02:51:04,270 [INFO] CodeEngine:279 - Generated code: C:\Users\Daniel\Desktop\M8F93\EDAS\EDAS_APPL\Core\Inc\stm32f4xx_it.h
2024-03-24 02:51:04,287 [INFO] CodeEngine:255 - oldGeneratedFile, C:\Users\Daniel\Desktop\M8F93\EDAS\EDAS_APPL\Core\Src\stm32f4xx_hal_msp.c_save
2024-03-24 02:51:04,353 [INFO] CodeEngine:279 - Generated code: C:\Users\Daniel\Desktop\M8F93\EDAS\EDAS_APPL\Core\Src\stm32f4xx_hal_msp.c
2024-03-24 02:51:04,358 [INFO] CodeEngine:255 - oldGeneratedFile, C:\Users\Daniel\Desktop\M8F93\EDAS\EDAS_APPL\MXTmpFiles\system.tmp_save
2024-03-24 02:51:04,403 [INFO] CodeEngine:279 - Generated code: C:\Users\Daniel\Desktop\M8F93\EDAS\EDAS_APPL\MXTmpFiles\system.tmp
2024-03-24 02:51:04,414 [INFO] CodeEngine:255 - oldGeneratedFile, C:\Users\Daniel\Desktop\M8F93\EDAS\EDAS_APPL\Core\Src\stm32f4xx_hal_timebase_tim.c_save
2024-03-24 02:51:04,463 [INFO] CodeEngine:279 - Generated code: C:\Users\Daniel\Desktop\M8F93\EDAS\EDAS_APPL\Core\Src\stm32f4xx_hal_timebase_tim.c
2024-03-24 02:51:04,477 [INFO] CodeEngine:311 - oldGeneratedFile, C:\Users\Daniel\Desktop\M8F93\EDAS\EDAS_APPL\Core\Inc\stm32f4xx_hal_conf.h_save
2024-03-24 02:51:04,535 [INFO] CodeEngine:335 - Generated code: C:\Users\Daniel\Desktop\M8F93\EDAS\EDAS_APPL\Core\Inc\stm32f4xx_hal_conf.h
2024-03-24 02:51:04,571 [INFO] CodeEngine:255 - oldGeneratedFile, C:\Users\Daniel\Desktop\M8F93\EDAS\EDAS_APPL\Core\Inc\main.h_save
2024-03-24 02:51:04,631 [INFO] CodeEngine:279 - Generated code: C:\Users\Daniel\Desktop\M8F93\EDAS\EDAS_APPL\Core\Inc\main.h
2024-03-24 02:51:04,643 [INFO] CodeEngine:255 - oldGeneratedFile, C:\Users\Daniel\Desktop\M8F93\EDAS\EDAS_APPL\Core\Src\main.c_save
2024-03-24 02:51:04,725 [INFO] CodeEngine:279 - Generated code: C:\Users\Daniel\Desktop\M8F93\EDAS\EDAS_APPL\Core\Src\main.c
2024-03-24 02:51:04,978 [INFO] ProjectBuilder:3064 - Time for Copy HAL[2] : 0mS.
2024-03-24 02:51:04,984 [INFO] ProjectBuilder:4404 - Project Generator version: 4.1.0
2024-03-24 02:51:05,151 [INFO] ConfigFileManager:1457 - The Die is : DIE431
2024-03-24 02:51:05,160 [INFO] ApiDbMcu:507 - Load IP Config File for FATFS
2024-03-24 02:51:05,165 [INFO] ApiDbMcu:507 - Load IP Config File for LIBJPEG
2024-03-24 02:51:05,173 [INFO] ApiDbMcu:507 - Load IP Config File for MBEDTLS
2024-03-24 02:51:05,182 [INFO] ApiDbMcu:507 - Load IP Config File for USB_DEVICE
2024-03-24 02:51:05,234 [INFO] ApiDbMcu:507 - Load IP Config File for USB_HOST
