2024-04-11 20:15:09,137 [INFO] Activator:176 - 


2024-04-11 20:15:09,141 [INFO] Activator:177 - !SESSION log4j initialized
2024-04-11 20:15:12,269 [INFO] LogOutputStream:77 - [STDOUT_REDIRECT] 
2024-04-11 20:15:14,601 [INFO] ApplicationProperties:184 - Using Application install path: C:\ST\STM32CubeIDE_1.10.1\STM32CubeIDE\plugins\com.st.stm32cube.common.mx_6.9.2.202309101412
2024-04-11 20:15:14,613 [INFO] DbMcusXml:78 - Set database path to: C:\ST\STM32CubeIDE_1.10.1\STM32CubeIDE\plugins\com.st.stm32cube.common.mx_6.9.2.202309101412\\db\/mcu/
2024-04-11 20:15:14,613 [INFO] ApiDb:274 - Set plugin database path to: C:\ST\STM32CubeIDE_1.10.1\STM32CubeIDE\plugins\com.st.stm32cube.common.mx_6.9.2.202309101412\\db\/plugins/boardmanager/
2024-04-11 20:15:14,613 [WARN] ApiDb:259 - Overriding images path with different value:  => C:\ST\STM32CubeIDE_1.10.1\STM32CubeIDE\plugins\com.st.stm32cube.common.mx_6.9.2.202309101412\\db\/plugins/mcufinder/images/
2024-04-11 20:15:14,623 [INFO] ApiDb:250 - Set database path to: C:\Users\Daniel\.stmcufinder\plugins\mcufinder//mcu/
2024-04-11 20:15:14,624 [INFO] DbMcusAds:125 - Set database path to: C:\Users\Daniel\.stmcufinder\plugins\mcufinder//mcu/
2024-04-11 20:15:14,625 [INFO] CrossReferenceDbSqlite:203 - Set database path to: C:\Users\Daniel\.stmcufinder\plugins\mcufinder//mcu/cs/
2024-04-11 20:15:14,703 [INFO] RulesReader:64 - Compatibility file has been processed (293 Rules)
2024-04-11 20:15:14,762 [INFO] DbMcusXml:78 - Set database path to: C:\ST\STM32CubeIDE_1.10.1\STM32CubeIDE\plugins\com.st.stm32cube.common.mx_6.9.2.202309101412\\db\/mcu/
2024-04-11 20:15:14,762 [INFO] ApiDb:274 - Set plugin database path to: C:\ST\STM32CubeIDE_1.10.1\STM32CubeIDE\plugins\com.st.stm32cube.common.mx_6.9.2.202309101412\\db\/plugins/boardmanager/
2024-04-11 20:15:14,762 [INFO] ApiDb:261 - Set plugin images path to: C:\ST\STM32CubeIDE_1.10.1\STM32CubeIDE\plugins\com.st.stm32cube.common.mx_6.9.2.202309101412\\db\/plugins/mcufinder/images/
2024-04-11 20:15:14,763 [WARN] DbFile:41 - Overriding database path with different value: C:\Users\Daniel\.stmcufinder\plugins\mcufinder/ => C:\Users\Daniel\.stmcufinder\plugins\mcufinder
2024-04-11 20:15:14,763 [INFO] ApiDb:250 - Set database path to: C:\Users\Daniel\.stmcufinder\plugins\mcufinder//mcu/
2024-04-11 20:15:14,763 [WARN] DbFile:41 - Overriding database path with different value: C:\Users\Daniel\.stmcufinder\plugins\mcufinder/ => C:\Users\Daniel\.stmcufinder\plugins\mcufinder
2024-04-11 20:15:14,763 [INFO] DbMcusAds:125 - Set database path to: C:\Users\Daniel\.stmcufinder\plugins\mcufinder//mcu/
2024-04-11 20:15:14,763 [WARN] DbFile:41 - Overriding database path with different value: C:\Users\Daniel\.stmcufinder\plugins\mcufinder/ => C:\Users\Daniel\.stmcufinder\plugins\mcufinder
2024-04-11 20:15:14,763 [WARN] DbFile:41 - Overriding database path with different value: C:\Users\Daniel\.stmcufinder\plugins\mcufinder/ => C:\Users\Daniel\.stmcufinder\plugins\mcufinder
2024-04-11 20:15:14,763 [INFO] CrossReferenceDbSqlite:203 - Set database path to: C:\Users\Daniel\.stmcufinder\plugins\mcufinder//mcu/cs/
2024-04-11 20:15:14,822 [INFO] MainPanel:262 - HeapMemory: 268435456
2024-04-11 20:15:14,885 [INFO] DbMcusXml:78 - Set database path to: C:\ST\STM32CubeIDE_1.10.1\STM32CubeIDE\plugins\com.st.stm32cube.common.mx_6.9.2.202309101412\\db\/mcu/
2024-04-11 20:15:14,885 [INFO] ApiDb:274 - Set plugin database path to: C:\ST\STM32CubeIDE_1.10.1\STM32CubeIDE\plugins\com.st.stm32cube.common.mx_6.9.2.202309101412\\db\/plugins/boardmanager/
2024-04-11 20:15:14,885 [INFO] ApiDb:261 - Set plugin images path to: C:\ST\STM32CubeIDE_1.10.1\STM32CubeIDE\plugins\com.st.stm32cube.common.mx_6.9.2.202309101412\\db\/plugins/mcufinder/images/
2024-04-11 20:15:14,886 [WARN] DbFile:41 - Overriding database path with different value: C:\Users\Daniel\.stmcufinder\plugins\mcufinder/ => C:\Users\Daniel\.stmcufinder\plugins\mcufinder
2024-04-11 20:15:14,886 [INFO] ApiDb:250 - Set database path to: C:\Users\Daniel\.stmcufinder\plugins\mcufinder//mcu/
2024-04-11 20:15:14,886 [WARN] DbFile:41 - Overriding database path with different value: C:\Users\Daniel\.stmcufinder\plugins\mcufinder/ => C:\Users\Daniel\.stmcufinder\plugins\mcufinder
2024-04-11 20:15:14,886 [INFO] DbMcusAds:125 - Set database path to: C:\Users\Daniel\.stmcufinder\plugins\mcufinder//mcu/
2024-04-11 20:15:14,886 [WARN] DbFile:41 - Overriding database path with different value: C:\Users\Daniel\.stmcufinder\plugins\mcufinder/ => C:\Users\Daniel\.stmcufinder\plugins\mcufinder
2024-04-11 20:15:14,886 [WARN] DbFile:41 - Overriding database path with different value: C:\Users\Daniel\.stmcufinder\plugins\mcufinder/ => C:\Users\Daniel\.stmcufinder\plugins\mcufinder
2024-04-11 20:15:14,886 [INFO] CrossReferenceDbSqlite:203 - Set database path to: C:\Users\Daniel\.stmcufinder\plugins\mcufinder//mcu/cs/
2024-04-11 20:15:14,900 [INFO] ApplicationProperties:184 - Using Application install path: C:\ST\STM32CubeIDE_1.10.1\STM32CubeIDE\plugins\com.st.stm32cube.common.mx_6.9.2.202309101412
2024-04-11 20:15:14,901 [INFO] PluginManage:196 - Search for loadable plugins [exclusion list=, ]
2024-04-11 20:15:14,902 [INFO] PluginManage:310 - Check plugin analytics
2024-04-11 20:15:15,001 [INFO] AnalyticsPlugin:253 - Accepted Software Licenses: 
2024-04-11 20:15:15,001 [INFO] AnalyticsPlugin:255 - Accepted CMSIS Pack Licenses: 
2024-04-11 20:15:15,001 [INFO] AnalyticsPlugin:257 - Accepted Firmware Licenses: 
2024-04-11 20:15:15,002 [INFO] PluginManage:359 - Loaded plugin analytics (category:tool,tabindex:-1)
2024-04-11 20:15:15,003 [INFO] PluginManage:310 - Check plugin cadmodel
2024-04-11 20:15:15,013 [INFO] CADModel:105 - Init CAD model plugin
2024-04-11 20:15:15,013 [INFO] PluginManage:359 - Loaded plugin cadmodel (category:power,tabindex:5)
2024-04-11 20:15:15,013 [INFO] PluginManage:310 - Check plugin clock
2024-04-11 20:15:15,025 [INFO] PluginManage:359 - Loaded plugin clock (category:base,tabindex:2)
2024-04-11 20:15:15,025 [INFO] PluginManage:310 - Check plugin ddr
2024-04-11 20:15:15,027 [INFO] PluginManage:359 - Loaded plugin ddr (category:tool,tabindex:6)
2024-04-11 20:15:15,027 [INFO] PluginManage:310 - Check plugin filemanager
2024-04-11 20:15:15,111 [INFO] PluginManage:359 - Loaded plugin filemanager (category:base,tabindex:10)
2024-04-11 20:15:15,111 [INFO] PluginManage:310 - Check plugin ipmanager
2024-04-11 20:15:15,117 [INFO] PluginManage:359 - Loaded plugin ipmanager (category:base,tabindex:5)
2024-04-11 20:15:15,117 [INFO] PluginManage:310 - Check plugin lpbam
2024-04-11 20:15:15,128 [INFO] PluginManage:359 - Loaded plugin lpbam (category:base,tabindex:0)
2024-04-11 20:15:15,128 [INFO] PluginManage:310 - Check plugin memorymap
2024-04-11 20:15:15,143 [INFO] PluginManage:359 - Loaded plugin memorymap (category:base,tabindex:4)
2024-04-11 20:15:15,143 [INFO] PluginManage:310 - Check plugin pinoutandconfiguration
2024-04-11 20:15:15,153 [INFO] PluginManage:359 - Loaded plugin pinoutandconfiguration (category:base,tabindex:1)
2024-04-11 20:15:15,153 [INFO] PluginManage:310 - Check plugin pinoutconfig
2024-04-11 20:15:15,211 [WARN] SupportedApi:132 - Cannot load RTOS API schema: s4s-elt-must-match.1: The content of 'definitions' must match (annotation?, (simpleType | complexType)?, (unique | key | keyref)*)). A problem was found starting at: attribute.
2024-04-11 20:15:15,295 [INFO] PluginManage:359 - Loaded plugin pinoutconfig (category:base,tabindex:0)
2024-04-11 20:15:15,295 [INFO] PluginManage:310 - Check plugin power
2024-04-11 20:15:15,309 [INFO] PluginManage:359 - Loaded plugin power (category:power,tabindex:4)
2024-04-11 20:15:15,309 [INFO] PluginManage:310 - Check plugin projectmanager
2024-04-11 20:15:15,318 [INFO] PluginManage:359 - Loaded plugin projectmanager (category:projectmanager,tabindex:3)
2024-04-11 20:15:15,318 [INFO] PluginManage:310 - Check plugin thirdparty
2024-04-11 20:15:15,469 [INFO] PluginManage:359 - Loaded plugin thirdparty (category:base,tabindex:-1)
2024-04-11 20:15:15,469 [WARN] IntegrityCheckThread:84 - waiting for thirdparty lock release [integrity check]
2024-04-11 20:15:15,469 [INFO] PluginManage:310 - Check plugin tools
2024-04-11 20:15:15,469 [INFO] IntegrityCheckThread:86 - entering critical section [integrity check]
2024-04-11 20:15:15,469 [INFO] ThirdPartyUpdaterWithRetryManager:70 - Updater plugin not ready yet. [1/15]
2024-04-11 20:15:15,489 [INFO] PluginManage:359 - Loaded plugin tools (category:base,tabindex:7)
2024-04-11 20:15:15,489 [INFO] PluginManage:310 - Check plugin tutovideos
2024-04-11 20:15:15,623 [INFO] PluginManage:359 - Loaded plugin tutovideos (category:base,tabindex:-1)
2024-04-11 20:15:15,623 [INFO] PluginManage:310 - Check plugin updater
2024-04-11 20:15:15,631 [INFO] PluginManage:359 - Loaded plugin updater (category:base,tabindex:12)
2024-04-11 20:15:15,631 [INFO] PluginManage:310 - Check plugin userauth
2024-04-11 20:15:15,634 [INFO] UserAuth:113 - Init User Auth plugin
2024-04-11 20:15:15,634 [INFO] PluginManage:359 - Loaded plugin userauth (category:base,tabindex:14)
2024-04-11 20:15:15,635 [INFO] PluginManage:283 - PluginManage : Loaded plugins [17]
2024-04-11 20:15:15,774 [INFO] PinOutPanel:1499 - setPackage(No Configuration,No Configuration)
2024-04-11 20:15:15,838 [INFO] CADModel:165 - CPN selected for project level
2024-04-11 20:15:15,838 [INFO] CADModel:114 - Register for checkConnection events
2024-04-11 20:15:15,855 [INFO] IPUIPlugin:80 - create IPUIPlugin
2024-04-11 20:15:15,855 [INFO] PluginManager:220 - loadIPPluginJar : add adc
2024-04-11 20:15:15,877 [INFO] IPUIPlugin:80 - create IPUIPlugin
2024-04-11 20:15:15,877 [INFO] PluginManager:220 - loadIPPluginJar : add aes
2024-04-11 20:15:15,900 [INFO] IPUIPlugin:80 - create IPUIPlugin
2024-04-11 20:15:15,900 [INFO] PluginManager:220 - loadIPPluginJar : add can
2024-04-11 20:15:15,912 [INFO] IPUIPlugin:80 - create IPUIPlugin
2024-04-11 20:15:15,912 [INFO] PluginManager:220 - loadIPPluginJar : add comp
2024-04-11 20:15:15,931 [INFO] IPUIPlugin:80 - create IPUIPlugin
2024-04-11 20:15:15,931 [INFO] PluginManager:220 - loadIPPluginJar : add cryp
2024-04-11 20:15:15,947 [INFO] IPUIPlugin:80 - create IPUIPlugin
2024-04-11 20:15:15,947 [INFO] PluginManager:220 - loadIPPluginJar : add dfsdm
2024-04-11 20:15:15,955 [INFO] IPUIPlugin:80 - create IPUIPlugin
2024-04-11 20:15:15,955 [INFO] PluginManager:220 - loadIPPluginJar : add dma
2024-04-11 20:15:15,979 [INFO] IPUIPlugin:80 - create IPUIPlugin
2024-04-11 20:15:15,979 [INFO] PluginManager:220 - loadIPPluginJar : add dma3
2024-04-11 20:15:15,990 [INFO] IPUIPlugin:80 - create IPUIPlugin
2024-04-11 20:15:15,990 [INFO] PluginManager:220 - loadIPPluginJar : add fatfs
2024-04-11 20:15:16,017 [INFO] IPUIPlugin:80 - create IPUIPlugin
2024-04-11 20:15:16,017 [INFO] PluginManager:220 - loadIPPluginJar : add fmc
2024-04-11 20:15:16,026 [INFO] IPUIPlugin:80 - create IPUIPlugin
2024-04-11 20:15:16,026 [INFO] PluginManager:220 - loadIPPluginJar : add freertos
2024-04-11 20:15:16,038 [INFO] IPUIPlugin:80 - create IPUIPlugin
2024-04-11 20:15:16,038 [INFO] PluginManager:220 - loadIPPluginJar : add genericplugin
2024-04-11 20:15:16,091 [INFO] IPUIPlugin:80 - create IPUIPlugin
2024-04-11 20:15:16,091 [INFO] PluginManager:220 - loadIPPluginJar : add gfxmmu
2024-04-11 20:15:16,166 [INFO] IPUIPlugin:80 - create IPUIPlugin
2024-04-11 20:15:16,166 [INFO] PluginManager:220 - loadIPPluginJar : add gic
2024-04-11 20:15:16,173 [INFO] IPUIPlugin:80 - create IPUIPlugin
2024-04-11 20:15:16,174 [INFO] PluginManager:220 - loadIPPluginJar : add gpio
2024-04-11 20:15:16,229 [INFO] IPUIPlugin:80 - create IPUIPlugin
2024-04-11 20:15:16,229 [INFO] PluginManager:220 - loadIPPluginJar : add gtzc
2024-04-11 20:15:16,246 [INFO] IPUIPlugin:80 - create IPUIPlugin
2024-04-11 20:15:16,246 [INFO] PluginManager:220 - loadIPPluginJar : add hash
2024-04-11 20:15:16,276 [INFO] IPUIPlugin:80 - create IPUIPlugin
2024-04-11 20:15:16,276 [INFO] PluginManager:220 - loadIPPluginJar : add i2c
2024-04-11 20:15:16,297 [INFO] IPUIPlugin:80 - create IPUIPlugin
2024-04-11 20:15:16,297 [INFO] PluginManager:220 - loadIPPluginJar : add i2s
2024-04-11 20:15:16,322 [INFO] IPUIPlugin:80 - create IPUIPlugin
2024-04-11 20:15:16,322 [INFO] PluginManager:220 - loadIPPluginJar : add i3c
2024-04-11 20:15:16,387 [INFO] IPUIPlugin:80 - create IPUIPlugin
2024-04-11 20:15:16,387 [INFO] PluginManager:220 - loadIPPluginJar : add ipddr
2024-04-11 20:15:16,441 [INFO] IPUIPlugin:80 - create IPUIPlugin
2024-04-11 20:15:16,442 [INFO] PluginManager:220 - loadIPPluginJar : add linkedlist
2024-04-11 20:15:16,461 [INFO] IPUIPlugin:80 - create IPUIPlugin
2024-04-11 20:15:16,461 [INFO] PluginManager:220 - loadIPPluginJar : add lorawan
2024-04-11 20:15:16,481 [INFO] IPUIPlugin:80 - create IPUIPlugin
2024-04-11 20:15:16,482 [INFO] PluginManager:220 - loadIPPluginJar : add ltdc
2024-04-11 20:15:16,490 [INFO] IPUIPlugin:80 - create IPUIPlugin
2024-04-11 20:15:16,490 [INFO] PluginManager:220 - loadIPPluginJar : add mdma
2024-04-11 20:15:16,497 [INFO] IPUIPlugin:80 - create IPUIPlugin
2024-04-11 20:15:16,497 [INFO] PluginManager:220 - loadIPPluginJar : add nvic
2024-04-11 20:15:16,517 [INFO] IPUIPlugin:80 - create IPUIPlugin
2024-04-11 20:15:16,517 [INFO] PluginManager:220 - loadIPPluginJar : add opamp
2024-04-11 20:15:16,551 [INFO] IPUIPlugin:80 - create IPUIPlugin
2024-04-11 20:15:16,551 [INFO] PluginManager:220 - loadIPPluginJar : add openamp
2024-04-11 20:15:16,575 [INFO] IPUIPlugin:80 - create IPUIPlugin
2024-04-11 20:15:16,575 [INFO] PluginManager:220 - loadIPPluginJar : add pdm2pcm
2024-04-11 20:15:16,585 [INFO] IPUIPlugin:80 - create IPUIPlugin
2024-04-11 20:15:16,587 [INFO] PluginManager:220 - loadIPPluginJar : add plateformsettings
2024-04-11 20:15:16,599 [INFO] IPUIPlugin:80 - create IPUIPlugin
2024-04-11 20:15:16,599 [INFO] PluginManager:220 - loadIPPluginJar : add quadspi
2024-04-11 20:15:16,607 [INFO] IPUIPlugin:80 - create IPUIPlugin
2024-04-11 20:15:16,607 [INFO] PluginManager:220 - loadIPPluginJar : add resmgrutility
2024-04-11 20:15:16,635 [INFO] IPUIPlugin:80 - create IPUIPlugin
2024-04-11 20:15:16,635 [INFO] PluginManager:220 - loadIPPluginJar : add sai
2024-04-11 20:15:16,657 [INFO] IPUIPlugin:80 - create IPUIPlugin
2024-04-11 20:15:16,657 [INFO] PluginManager:220 - loadIPPluginJar : add spi
2024-04-11 20:15:16,691 [INFO] IPUIPlugin:80 - create IPUIPlugin
2024-04-11 20:15:16,691 [INFO] PluginManager:220 - loadIPPluginJar : add stm32_wpan
2024-04-11 20:15:16,703 [INFO] IPUIPlugin:80 - create IPUIPlugin
2024-04-11 20:15:16,703 [INFO] PluginManager:220 - loadIPPluginJar : add tim
2024-04-11 20:15:16,735 [INFO] IPUIPlugin:80 - create IPUIPlugin
2024-04-11 20:15:16,735 [INFO] PluginManager:220 - loadIPPluginJar : add touchsensing
2024-04-11 20:15:16,747 [INFO] IPUIPlugin:80 - create IPUIPlugin
2024-04-11 20:15:16,748 [INFO] PluginManager:220 - loadIPPluginJar : add tracer_emb
2024-04-11 20:15:16,760 [INFO] IPUIPlugin:80 - create IPUIPlugin
2024-04-11 20:15:16,760 [INFO] PluginManager:220 - loadIPPluginJar : add ts
2024-04-11 20:15:16,773 [INFO] IPUIPlugin:80 - create IPUIPlugin
2024-04-11 20:15:16,773 [INFO] PluginManager:220 - loadIPPluginJar : add tsc
2024-04-11 20:15:16,785 [INFO] IPUIPlugin:80 - create IPUIPlugin
2024-04-11 20:15:16,785 [INFO] PluginManager:220 - loadIPPluginJar : add ucpd
2024-04-11 20:15:16,811 [INFO] IPUIPlugin:80 - create IPUIPlugin
2024-04-11 20:15:16,811 [INFO] PluginManager:220 - loadIPPluginJar : add usart
2024-04-11 20:15:16,838 [INFO] IPUIPlugin:80 - create IPUIPlugin
2024-04-11 20:15:16,838 [INFO] PluginManager:220 - loadIPPluginJar : add usbx
2024-04-11 20:15:16,943 [INFO] CADModel:165 - CPN selected for project level
2024-04-11 20:15:16,943 [INFO] CADModel:114 - Register for checkConnection events
2024-04-11 20:15:16,943 [FATAL] Updater:308 - Updater called before beeing initialized
2024-04-11 20:15:16,943 [ERROR] CADModel:125 - Updater not yet initialized, retry later 
2024-04-11 20:15:17,032 [INFO] CADModel:165 - CPN selected for project level
2024-04-11 20:15:17,032 [INFO] CADModel:114 - Register for checkConnection events
2024-04-11 20:15:17,032 [FATAL] Updater:308 - Updater called before beeing initialized
2024-04-11 20:15:17,032 [ERROR] CADModel:125 - Updater not yet initialized, retry later 
2024-04-11 20:15:17,035 [FATAL] Updater:308 - Updater called before beeing initialized
2024-04-11 20:15:17,099 [FATAL] Updater:308 - Updater called before beeing initialized
2024-04-11 20:15:17,108 [INFO] DbMcusAds:53 - JSON generation date=Wed Nov 29 12:52:27 EET 2023 (1701255147349)
2024-04-11 20:15:17,109 [FATAL] Updater:308 - Updater called before beeing initialized
2024-04-11 20:15:17,138 [WARN] DetailPanel:346 - Failed to get advertising image, set to default
2024-04-11 20:15:17,212 [FATAL] Updater:308 - Updater called before beeing initialized
2024-04-11 20:15:17,214 [FATAL] Updater:308 - Updater called before beeing initialized
2024-04-11 20:15:17,214 [FATAL] Updater:308 - Updater called before beeing initialized
2024-04-11 20:15:17,214 [WARN] DetailPanel:346 - Failed to get advertising image, set to default
2024-04-11 20:15:17,214 [FATAL] Updater:308 - Updater called before beeing initialized
2024-04-11 20:15:17,250 [ERROR] Updater:1120 - MainUpdater not yet initialized. External WinMGr cannot be set.
2024-04-11 20:15:17,257 [INFO] Updater:1056 - Updater Version found : 6.9.2
2024-04-11 20:15:17,270 [INFO] ApplicationProperties:184 - Using Application install path: C:\ST\STM32CubeIDE_1.10.1\STM32CubeIDE\plugins\com.st.stm32cube.common.mx_6.9.2.202309101412
2024-04-11 20:15:18,038 [INFO] MainUpdater:2868 - connection check result : 10
2024-04-11 20:15:18,039 [INFO] MainUpdater:3562 - Updater definition file requires update
2024-04-11 20:15:18,039 [INFO] MainUpdater:285 - Updater Check For Update Now.
2024-04-11 20:15:18,039 [INFO] MicroXplorer:498 - Change Database Version : DB.6.0.92
2024-04-11 20:15:18,048 [INFO] McuFinderGlobals:63 - Set McuFinder mode to 2 (CubeIDE integrated)
2024-04-11 20:15:18,112 [INFO] ServerAccessManage:473 - Download File updaters.zip
2024-04-11 20:15:18,163 [INFO] FileExtend:240 - Unzip File : updaters.zip
2024-04-11 20:15:18,163 [INFO] FileExtend:255 - Standard Zip Deflate
2024-04-11 20:15:18,439 [INFO] ServerAccessManage:473 - Download File PacksControlFlags.xml
2024-04-11 20:15:18,471 [WARN] MainUpdater:1189 - Updater busy. Cannot search thirdparties
2024-04-11 20:15:18,471 [INFO] ThirdPartyUpdaterWithRetryManager:96 - Updater plugin is busy. [1/15]
2024-04-11 20:15:18,544 [INFO] ServerAccessManage:473 - Download File cubemx.pidx
2024-04-11 20:15:19,003 [INFO] ServerAccessManage:473 - Download File STMicroelectronics.X-CUBE-TCPP.pdsc
2024-04-11 20:15:19,369 [WARN] PackLoader:240 - Cannot read IP mode file for STMicroelectronics.X-CUBE-TCPP.4.1.0
2024-04-11 20:15:19,371 [INFO] PopulateThirdPartyThread:66 - Ending populate Thread
2024-04-11 20:15:19,372 [INFO] ThirdParty:1030 - CMSIS Pack Vendor :STMicroelectronics X-CUBE-TCPP 4.1.0
2024-04-11 20:15:19,372 [INFO] LoadServerUpdatesThread:373 - End of LoadServerUpdate Thread
2024-04-11 20:15:19,497 [INFO] CheckServerUpdateThread:120 - End of CheckServer Thread
2024-04-11 20:15:21,639 [WARN] PackLoader:240 - Cannot read IP mode file for STMicroelectronics.X-CUBE-SMBUS.2.1.0
2024-04-11 20:15:21,648 [WARN] PackLoader:240 - Cannot read IP mode file for STMicroelectronics.X-CUBE-TOUCHGFX.4.23.1
2024-04-11 20:15:21,654 [WARN] PackLoader:240 - Cannot read IP mode file for STMicroelectronics.X-CUBE-TOUCHGFX.4.23.0
2024-04-11 20:15:21,661 [WARN] PackLoader:240 - Cannot read IP mode file for STMicroelectronics.X-CUBE-TOUCHGFX.4.23.2
2024-04-11 20:15:21,690 [WARN] PackLoader:240 - Cannot read IP mode file for STMicroelectronics.X-CUBE-AZRTOS-F7.1.1.0
2024-04-11 20:15:21,702 [ERROR] RealEvaluatedCondition:428 - Found unsupported composite condition: GROUP='STM32_MetaDataManager' CLASS='Data Exchange'
2024-04-11 20:15:21,702 [ERROR] RealEvaluatedCondition:428 - Found unsupported composite condition: CLASS='Data Exchange' GROUP='STM32_MetaDataManager'
2024-04-11 20:15:21,704 [WARN] PackLoader:240 - Cannot read IP mode file for STMicroelectronics.FP-SNS-MOTENV1.4.3.0
2024-04-11 20:15:21,715 [WARN] PackLoader:240 - Cannot read IP mode file for STMicroelectronics.FP-SNS-FLIGHT1.5.0.0
2024-04-11 20:15:21,724 [ERROR] RealEvaluatedCondition:428 - Found unsupported composite condition: GROUP='STM32_MetaDataManager' CLASS='Data Exchange'
2024-04-11 20:15:21,724 [ERROR] RealEvaluatedCondition:428 - Found unsupported composite condition: CLASS='Data Exchange' GROUP='STM32_MetaDataManager'
2024-04-11 20:15:21,725 [WARN] PackLoader:240 - Cannot read IP mode file for STMicroelectronics.FP-SNS-MOTENV1.4.3.1
2024-04-11 20:15:21,737 [WARN] PackLoader:240 - Cannot read IP mode file for STMicroelectronics.FP-SNS-FLIGHT1.5.0.1
2024-04-11 20:15:21,748 [WARN] PackLoader:240 - Cannot read IP mode file for STMicroelectronics.X-CUBE-BLE1.6.2.3
2024-04-11 20:15:21,759 [WARN] PackLoader:240 - Cannot read IP mode file for STMicroelectronics.X-CUBE-BLE1.6.2.4
2024-04-11 20:15:21,773 [WARN] PackLoader:240 - Cannot read IP mode file for STMicroelectronics.X-CUBE-DISPLAY.3.0.0
2024-04-11 20:15:21,788 [WARN] PackLoader:240 - Cannot read IP mode file for STMicroelectronics.X-CUBE-BLE1.7.0.0
2024-04-11 20:15:21,797 [WARN] PackLoader:240 - Cannot read IP mode file for STMicroelectronics.X-CUBE-TOUCHGFX.4.22.1
2024-04-11 20:15:21,852 [WARN] PackLoader:240 - Cannot read IP mode file for STMicroelectronics.X-CUBE-MEMS1.9.3.0
2024-04-11 20:15:21,998 [WARN] PackLoader:240 - Cannot read IP mode file for STMicroelectronics.X-CUBE-BLEMGR.3.1.0
2024-04-11 20:15:22,010 [WARN] PackLoader:240 - Cannot read IP mode file for STMicroelectronics.FP-SNS-MOTENV1.5.0.0
2024-04-11 20:15:22,022 [WARN] PackLoader:240 - Cannot read IP mode file for WES.I-CUBE-Cesium.1.3.0
2024-04-11 20:15:22,034 [WARN] PackLoader:240 - Cannot read IP mode file for STMicroelectronics.X-CUBE-BLE2.3.3.0
2024-04-11 20:15:22,093 [WARN] PackLoader:240 - Cannot read IP mode file for STMicroelectronics.X-CUBE-DISPLAY.2.2.0
2024-04-11 20:15:22,110 [WARN] PackLoader:240 - Cannot read IP mode file for STMicroelectronics.X-CUBE-TOF1.3.2.0
2024-04-11 20:15:22,140 [WARN] PackLoader:240 - Cannot read IP mode file for STMicroelectronics.X-CUBE-AZRTOS-H7.2.1.0
2024-04-11 20:15:22,147 [WARN] PackLoader:240 - Cannot read IP mode file for STMicroelectronics.X-CUBE-TCPP.4.1.0
2024-04-11 20:15:22,158 [WARN] PackLoader:240 - Cannot read IP mode file for STMicroelectronics.X-CUBE-TOUCHGFX.4.21.1
2024-04-11 20:15:22,168 [WARN] PackLoader:240 - Cannot read IP mode file for STMicroelectronics.X-CUBE-TOUCHGFX.4.21.0
2024-04-11 20:15:22,177 [WARN] PackLoader:240 - Cannot read IP mode file for STMicroelectronics.X-CUBE-TOUCHGFX.4.21.3
2024-04-11 20:15:22,185 [WARN] PackLoader:240 - Cannot read IP mode file for STMicroelectronics.X-CUBE-TOUCHGFX.4.21.4
2024-04-11 20:15:22,236 [WARN] PackLoader:240 - Cannot read IP mode file for STMicroelectronics.X-CUBE-MEMS1.9.4.0
2024-04-11 20:15:22,338 [WARN] PackLoader:240 - Cannot read IP mode file for STMicroelectronics.X-CUBE-AI.7.3.0
2024-04-11 20:15:22,383 [WARN] PackLoader:240 - Cannot read IP mode file for STMicroelectronics.X-CUBE-ALGOBUILD.1.3.0
2024-04-11 20:15:22,409 [WARN] PackLoader:240 - Cannot read IP mode file for STMicroelectronics.X-CUBE-AZRTOS-G0.1.1.0
2024-04-11 20:15:22,421 [WARN] PackLoader:240 - Cannot read IP mode file for STMicroelectronics.X-CUBE-SAFEA1.1.2.2
2024-04-11 20:15:22,432 [WARN] PackLoader:240 - Cannot read IP mode file for STMicroelectronics.X-CUBE-NFC4.3.0.0
2024-04-11 20:15:22,462 [WARN] PackLoader:240 - Cannot read IP mode file for SEGGER.I-CUBE-embOS.1.2.1
2024-04-11 20:15:22,500 [WARN] PackLoader:240 - Cannot read IP mode file for STMicroelectronics.X-CUBE-BLEMGR.3.0.0
2024-04-11 20:15:22,514 [WARN] PackLoader:240 - Cannot read IP mode file for STMicroelectronics.X-CUBE-BLEMGR.1.3.0
2024-04-11 20:15:22,555 [WARN] PackLoader:240 - Cannot read IP mode file for STMicroelectronics.FP-ATR-SIGFOX1.3.2.0
2024-04-11 20:15:22,565 [WARN] PackLoader:240 - Cannot read IP mode file for STMicroelectronics.X-CUBE-EEPRMA1.5.1.0
2024-04-11 20:15:22,575 [WARN] PackLoader:240 - Cannot read IP mode file for STMicroelectronics.X-CUBE-TOUCHGFX.4.20.0
2024-04-11 20:15:22,615 [WARN] PackLoader:240 - Cannot read IP mode file for STMicroelectronics.X-CUBE-MEMS1.9.5.0
2024-04-11 20:15:22,749 [WARN] PackLoader:240 - Cannot read IP mode file for SEGGER.I-CUBE-embOS.1.3.1
2024-04-11 20:15:22,828 [WARN] PackLoader:240 - Cannot read IP mode file for STMicroelectronics.X-CUBE-GNSS1.6.0.0
2024-04-11 20:15:22,850 [WARN] PackLoader:240 - Cannot read IP mode file for STMicroelectronics.X-CUBE-AZRTOS-F4.1.1.0
2024-04-11 20:15:22,863 [WARN] PackLoader:240 - Cannot read IP mode file for STMicroelectronics.X-CUBE-BLEMGR.1.2.0
2024-04-11 20:15:22,885 [WARN] PackLoader:240 - Cannot read IP mode file for STMicroelectronics.X-CUBE-AZRTOS-L5.2.0.0
2024-04-11 20:15:22,935 [WARN] PackLoader:240 - Cannot read IP mode file for STMicroelectronics.X-CUBE-MEMS1.9.6.0
2024-04-11 20:15:23,043 [WARN] PackLoader:240 - Cannot read IP mode file for STMicroelectronics.X-CUBE-EEPRMA1.4.2.0
2024-04-11 20:15:23,055 [WARN] PackLoader:240 - Cannot read IP mode file for STMicroelectronics.X-CUBE-NFC6.3.1.0
2024-04-11 20:15:23,067 [WARN] PackLoader:240 - Cannot read IP mode file for ITTIA_DB.I-CUBE-ITTIADB.8.8.0
2024-04-11 20:15:23,081 [WARN] PackLoader:240 - Cannot read IP mode file for emotas.I-CUBE-CANOPEN.1.1.3
2024-04-11 20:15:23,125 [WARN] PackLoader:240 - Cannot read IP mode file for STMicroelectronics.X-CUBE-BLEMGR.2.0.0
2024-04-11 20:15:23,169 [WARN] PackLoader:240 - Cannot read IP mode file for STMicroelectronics.X-CUBE-NFC4.2.0.5
2024-04-11 20:15:23,192 [WARN] ConditionMgr:438 - getConditionDescription Invalid condition id : UX DEVICE CLASS RTOS Condition cause : null
2024-04-11 20:15:23,193 [WARN] ConditionMgr:438 - getConditionDescription Invalid condition id : UX DEVICE CLASS RTOS Condition cause : null
2024-04-11 20:15:23,195 [WARN] PackLoader:240 - Cannot read IP mode file for STMicroelectronics.X-CUBE-AZRTOS-H7.3.1.0
2024-04-11 20:15:23,196 [WARN] ConditionMgr:1039 - genDependencies : Invalid condition id : UX DEVICE CLASS RTOS Condition cause : null
2024-04-11 20:15:23,196 [WARN] ConditionMgr:1039 - genDependencies : Invalid condition id : UX DEVICE CLASS RTOS Condition cause : null
2024-04-11 20:15:23,196 [WARN] ConditionMgr:1039 - genDependencies : Invalid condition id : UX DEVICE CLASS RTOS Condition cause : null
2024-04-11 20:15:23,197 [WARN] ConditionMgr:1039 - genDependencies : Invalid condition id : UX DEVICE CLASS RTOS Condition cause : null
2024-04-11 20:15:23,197 [WARN] ConditionMgr:1039 - genDependencies : Invalid condition id : UX DEVICE CLASS RTOS Condition cause : null
2024-04-11 20:15:23,209 [WARN] PackLoader:240 - Cannot read IP mode file for wolfSSL.I-CUBE-wolfSSL.5.5.3
2024-04-11 20:15:23,251 [WARN] PackLoader:240 - Cannot read IP mode file for STMicroelectronics.X-CUBE-NFC7.1.0.0
2024-04-11 20:15:23,265 [WARN] PackLoader:240 - Cannot read IP mode file for STMicroelectronics.X-CUBE-EEPRMA1.4.1.0
2024-04-11 20:15:23,329 [WARN] ConditionMgr:438 - getConditionDescription Invalid condition id : LAN8742 Phy interface Condition cause : null
2024-04-11 20:15:23,330 [WARN] PackLoader:240 - Cannot read IP mode file for STMicroelectronics.X-CUBE-AZRTOS-L4.2.0.0
2024-04-11 20:15:23,331 [WARN] ConditionMgr:1039 - genDependencies : Invalid condition id : LAN8742 Phy interface Condition cause : null
2024-04-11 20:15:23,331 [WARN] ConditionMgr:1039 - genDependencies : Invalid condition id : LAN8742 Phy interface Condition cause : null
2024-04-11 20:15:23,331 [WARN] ConditionMgr:1039 - genDependencies : Invalid condition id : LAN8742 Phy interface Condition cause : null
2024-04-11 20:15:23,345 [WARN] PackLoader:240 - Cannot read IP mode file for STMicroelectronics.X-CUBE-SFXS2LP1.4.0.0
2024-04-11 20:15:23,373 [WARN] PackLoader:240 - Cannot read IP mode file for STMicroelectronics.X-CUBE-AZRTOS-H7.3.0.0
2024-04-11 20:15:23,384 [WARN] PackLoader:240 - Cannot read IP mode file for STMicroelectronics.X-CUBE-ISPU.1.1.0
2024-04-11 20:15:23,395 [WARN] PackLoader:240 - Cannot read IP mode file for RoweBots.I-CUBE-UNISONRTOS.5.5.0-4
2024-04-11 20:15:23,404 [WARN] PackLoader:240 - Cannot read IP mode file for STMicroelectronics.X-CUBE-AI.8.0.0
2024-04-11 20:15:23,449 [WARN] ConditionMgr:438 - getConditionDescription Invalid condition id : UX DEVICE CLASS RTOS Condition cause : null
2024-04-11 20:15:23,450 [WARN] ConditionMgr:438 - getConditionDescription Invalid condition id : UX DEVICE CLASS RTOS Condition cause : null
2024-04-11 20:15:23,451 [WARN] PackLoader:240 - Cannot read IP mode file for STMicroelectronics.X-CUBE-AZRTOS-WB.2.0.0
2024-04-11 20:15:23,451 [WARN] ConditionMgr:1039 - genDependencies : Invalid condition id : UX DEVICE CLASS RTOS Condition cause : null
2024-04-11 20:15:23,452 [WARN] ConditionMgr:1039 - genDependencies : Invalid condition id : UX DEVICE CLASS RTOS Condition cause : null
2024-04-11 20:15:23,452 [WARN] ConditionMgr:1039 - genDependencies : Invalid condition id : UX DEVICE CLASS RTOS Condition cause : null
2024-04-11 20:15:23,452 [WARN] ConditionMgr:1039 - genDependencies : Invalid condition id : UX DEVICE CLASS RTOS Condition cause : null
2024-04-11 20:15:23,452 [WARN] ConditionMgr:1039 - genDependencies : Invalid condition id : UX DEVICE CLASS RTOS Condition cause : null
2024-04-11 20:15:23,461 [WARN] PackLoader:240 - Cannot read IP mode file for STMicroelectronics.X-CUBE-FREERTOS.1.0.0
2024-04-11 20:15:23,470 [WARN] PackLoader:240 - Cannot read IP mode file for STMicroelectronics.X-CUBE-FREERTOS.1.0.1
2024-04-11 20:15:23,527 [WARN] PackLoader:240 - Cannot read IP mode file for STMicroelectronics.X-CUBE-AZRTOS-L5.1.1.0
2024-04-11 20:15:23,540 [WARN] PackLoader:240 - Cannot read IP mode file for STMicroelectronics.X-CUBE-AI.8.0.1
2024-04-11 20:15:23,583 [WARN] PackLoader:240 - Cannot read IP mode file for STMicroelectronics.X-CUBE-SUBG2.5.0.0
2024-04-11 20:15:23,608 [WARN] PackLoader:240 - Cannot read IP mode file for STMicroelectronics.X-CUBE-AZRTOS-G4.2.0.0
2024-04-11 20:15:23,625 [WARN] PackLoader:240 - Cannot read IP mode file for STMicroelectronics.X-CUBE-TOF1.3.3.0
2024-04-11 20:15:23,640 [WARN] PackLoader:240 - Cannot read IP mode file for STMicroelectronics.FP-ATR-ASTRA1.1.1.1
2024-04-11 20:15:23,658 [WARN] PackLoader:240 - Cannot read IP mode file for Infineon.AIROC-Wi-Fi-Bluetooth-STM32.1.5.1
2024-04-11 20:15:23,668 [WARN] PackLoader:240 - Cannot read IP mode file for STMicroelectronics.FP-SNS-MOTENVWB1.1.3.0
2024-04-11 20:15:23,672 [WARN] PackLoader:240 - Cannot read IP mode file for STMicroelectronics.FP-SNS-MOTENVWB1.1.3.1
2024-04-11 20:15:23,695 [WARN] PackLoader:240 - Cannot read IP mode file for STMicroelectronics.X-CUBE-AZRTOS-G4.1.0.0
2024-04-11 20:15:23,717 [WARN] PackLoader:240 - Cannot read IP mode file for STMicroelectronics.X-CUBE-AZRTOS-L4.1.0.0
2024-04-11 20:15:23,727 [WARN] PackLoader:240 - Cannot read IP mode file for STMicroelectronics.X-CUBE-ISPU.2.0.0
2024-04-11 20:15:23,763 [WARN] PackLoader:240 - Cannot read IP mode file for STMicroelectronics.X-CUBE-MEMS1.10.0.0
2024-04-11 20:15:23,847 [WARN] PackLoader:240 - Cannot read IP mode file for STMicroelectronics.X-CUBE-FREERTOS.1.1.0
2024-04-11 20:15:23,864 [WARN] PackLoader:240 - Cannot read IP mode file for STMicroelectronics.X-CUBE-AZRTOS-WL.1.0.0
2024-04-11 20:15:23,877 [WARN] PackLoader:240 - Cannot read IP mode file for portGmbH.I-Cube-SoM-uGOAL.1.1.0
2024-04-11 20:15:23,912 [WARN] PackLoader:240 - Cannot read IP mode file for STMicroelectronics.X-CUBE-ALS.1.0.1
2024-04-11 20:15:23,928 [WARN] PackLoader:240 - Cannot read IP mode file for STMicroelectronics.X-CUBE-AZRTOS-WB.1.1.0
2024-04-11 20:15:23,947 [WARN] PackLoader:240 - Cannot read IP mode file for STMicroelectronics.X-CUBE-AZRTOS-L5.1.0.0
2024-04-11 20:15:23,961 [WARN] PackLoader:240 - Cannot read IP mode file for STMicroelectronics.X-CUBE-EEPRMA1.3.1.1
2024-04-11 20:15:23,990 [WARN] PackLoader:240 - Cannot read IP mode file for STMicroelectronics.FP-ATR-ASTRA1.2.0.0
2024-04-11 20:15:24,009 [WARN] PackLoader:240 - Cannot read IP mode file for STMicroelectronics.X-CUBE-TOF1.3.4.0
2024-04-11 20:15:24,031 [WARN] PackLoader:240 - Cannot read IP mode file for STMicroelectronics.X-CUBE-TOF1.3.4.1
2024-04-11 20:15:24,061 [WARN] PackLoader:240 - Cannot read IP mode file for STMicroelectronics.X-CUBE-AZRTOS-H7.3.2.0
2024-04-11 20:15:24,063 [INFO] ThirdParty:978 - Integrity check success = true
2024-04-11 20:15:24,063 [INFO] IntegrityCheckThread:100 - exiting critical section [integrity check]
2024-04-11 20:15:24,063 [INFO] IntegrityCheckThread:103 - End integrity checks thread
2024-04-11 20:15:34,331 [ERROR] LogOutputStream:75 - [STDERR_REDIRECT] SLF4J: Failed to load class "org.slf4j.impl.StaticLoggerBinder".
2024-04-11 20:15:34,331 [ERROR] LogOutputStream:75 - [STDERR_REDIRECT] SLF4J: Defaulting to no-operation (NOP) logger implementation
2024-04-11 20:15:34,332 [ERROR] LogOutputStream:75 - [STDERR_REDIRECT] SLF4J: See http://www.slf4j.org/codes.html#StaticLoggerBinder for further details.
