2024-04-03 19:38:12,855 [INFO] Activator:176 - 


2024-04-03 19:38:12,859 [INFO] Activator:177 - !SESSION log4j initialized
2024-04-03 19:38:14,466 [INFO] LogOutputStream:77 - [STDOUT_REDIRECT] 
2024-04-03 19:38:17,842 [INFO] ApplicationProperties:184 - Using Application install path: C:\ST\STM32CubeIDE_1.10.1\STM32CubeIDE\plugins\com.st.stm32cube.common.mx_6.9.2.202309101412
2024-04-03 19:38:17,856 [INFO] DbMcusXml:78 - Set database path to: C:\ST\STM32CubeIDE_1.10.1\STM32CubeIDE\plugins\com.st.stm32cube.common.mx_6.9.2.202309101412\\db\/mcu/
2024-04-03 19:38:17,856 [INFO] ApiDb:274 - Set plugin database path to: C:\ST\STM32CubeIDE_1.10.1\STM32CubeIDE\plugins\com.st.stm32cube.common.mx_6.9.2.202309101412\\db\/plugins/boardmanager/
2024-04-03 19:38:17,856 [WARN] ApiDb:259 - Overriding images path with different value:  => C:\ST\STM32CubeIDE_1.10.1\STM32CubeIDE\plugins\com.st.stm32cube.common.mx_6.9.2.202309101412\\db\/plugins/mcufinder/images/
2024-04-03 19:38:17,867 [INFO] ApiDb:250 - Set database path to: C:\Users\Daniel\.stmcufinder\plugins\mcufinder//mcu/
2024-04-03 19:38:17,868 [INFO] DbMcusAds:125 - Set database path to: C:\Users\Daniel\.stmcufinder\plugins\mcufinder//mcu/
2024-04-03 19:38:17,869 [INFO] CrossReferenceDbSqlite:203 - Set database path to: C:\Users\Daniel\.stmcufinder\plugins\mcufinder//mcu/cs/
2024-04-03 19:38:17,947 [INFO] RulesReader:64 - Compatibility file has been processed (293 Rules)
2024-04-03 19:38:18,007 [INFO] DbMcusXml:78 - Set database path to: C:\ST\STM32CubeIDE_1.10.1\STM32CubeIDE\plugins\com.st.stm32cube.common.mx_6.9.2.202309101412\\db\/mcu/
2024-04-03 19:38:18,008 [INFO] ApiDb:274 - Set plugin database path to: C:\ST\STM32CubeIDE_1.10.1\STM32CubeIDE\plugins\com.st.stm32cube.common.mx_6.9.2.202309101412\\db\/plugins/boardmanager/
2024-04-03 19:38:18,008 [INFO] ApiDb:261 - Set plugin images path to: C:\ST\STM32CubeIDE_1.10.1\STM32CubeIDE\plugins\com.st.stm32cube.common.mx_6.9.2.202309101412\\db\/plugins/mcufinder/images/
2024-04-03 19:38:18,008 [WARN] DbFile:41 - Overriding database path with different value: C:\Users\Daniel\.stmcufinder\plugins\mcufinder/ => C:\Users\Daniel\.stmcufinder\plugins\mcufinder
2024-04-03 19:38:18,008 [INFO] ApiDb:250 - Set database path to: C:\Users\Daniel\.stmcufinder\plugins\mcufinder//mcu/
2024-04-03 19:38:18,008 [WARN] DbFile:41 - Overriding database path with different value: C:\Users\Daniel\.stmcufinder\plugins\mcufinder/ => C:\Users\Daniel\.stmcufinder\plugins\mcufinder
2024-04-03 19:38:18,008 [INFO] DbMcusAds:125 - Set database path to: C:\Users\Daniel\.stmcufinder\plugins\mcufinder//mcu/
2024-04-03 19:38:18,008 [WARN] DbFile:41 - Overriding database path with different value: C:\Users\Daniel\.stmcufinder\plugins\mcufinder/ => C:\Users\Daniel\.stmcufinder\plugins\mcufinder
2024-04-03 19:38:18,008 [WARN] DbFile:41 - Overriding database path with different value: C:\Users\Daniel\.stmcufinder\plugins\mcufinder/ => C:\Users\Daniel\.stmcufinder\plugins\mcufinder
2024-04-03 19:38:18,008 [INFO] CrossReferenceDbSqlite:203 - Set database path to: C:\Users\Daniel\.stmcufinder\plugins\mcufinder//mcu/cs/
2024-04-03 19:38:18,064 [INFO] MainPanel:262 - HeapMemory: 268435456
2024-04-03 19:38:18,127 [INFO] DbMcusXml:78 - Set database path to: C:\ST\STM32CubeIDE_1.10.1\STM32CubeIDE\plugins\com.st.stm32cube.common.mx_6.9.2.202309101412\\db\/mcu/
2024-04-03 19:38:18,127 [INFO] ApiDb:274 - Set plugin database path to: C:\ST\STM32CubeIDE_1.10.1\STM32CubeIDE\plugins\com.st.stm32cube.common.mx_6.9.2.202309101412\\db\/plugins/boardmanager/
2024-04-03 19:38:18,127 [INFO] ApiDb:261 - Set plugin images path to: C:\ST\STM32CubeIDE_1.10.1\STM32CubeIDE\plugins\com.st.stm32cube.common.mx_6.9.2.202309101412\\db\/plugins/mcufinder/images/
2024-04-03 19:38:18,128 [WARN] DbFile:41 - Overriding database path with different value: C:\Users\Daniel\.stmcufinder\plugins\mcufinder/ => C:\Users\Daniel\.stmcufinder\plugins\mcufinder
2024-04-03 19:38:18,128 [INFO] ApiDb:250 - Set database path to: C:\Users\Daniel\.stmcufinder\plugins\mcufinder//mcu/
2024-04-03 19:38:18,128 [WARN] DbFile:41 - Overriding database path with different value: C:\Users\Daniel\.stmcufinder\plugins\mcufinder/ => C:\Users\Daniel\.stmcufinder\plugins\mcufinder
2024-04-03 19:38:18,128 [INFO] DbMcusAds:125 - Set database path to: C:\Users\Daniel\.stmcufinder\plugins\mcufinder//mcu/
2024-04-03 19:38:18,128 [WARN] DbFile:41 - Overriding database path with different value: C:\Users\Daniel\.stmcufinder\plugins\mcufinder/ => C:\Users\Daniel\.stmcufinder\plugins\mcufinder
2024-04-03 19:38:18,128 [WARN] DbFile:41 - Overriding database path with different value: C:\Users\Daniel\.stmcufinder\plugins\mcufinder/ => C:\Users\Daniel\.stmcufinder\plugins\mcufinder
2024-04-03 19:38:18,128 [INFO] CrossReferenceDbSqlite:203 - Set database path to: C:\Users\Daniel\.stmcufinder\plugins\mcufinder//mcu/cs/
2024-04-03 19:38:18,141 [INFO] ApplicationProperties:184 - Using Application install path: C:\ST\STM32CubeIDE_1.10.1\STM32CubeIDE\plugins\com.st.stm32cube.common.mx_6.9.2.202309101412
2024-04-03 19:38:18,141 [INFO] PluginManage:196 - Search for loadable plugins [exclusion list=, ]
2024-04-03 19:38:18,142 [INFO] PluginManage:310 - Check plugin analytics
2024-04-03 19:38:18,241 [INFO] AnalyticsPlugin:253 - Accepted Software Licenses: 
2024-04-03 19:38:18,241 [INFO] AnalyticsPlugin:255 - Accepted CMSIS Pack Licenses: 
2024-04-03 19:38:18,241 [INFO] AnalyticsPlugin:257 - Accepted Firmware Licenses: 
2024-04-03 19:38:18,243 [INFO] PluginManage:359 - Loaded plugin analytics (category:tool,tabindex:-1)
2024-04-03 19:38:18,243 [INFO] PluginManage:310 - Check plugin cadmodel
2024-04-03 19:38:18,263 [INFO] CADModel:105 - Init CAD model plugin
2024-04-03 19:38:18,264 [INFO] PluginManage:359 - Loaded plugin cadmodel (category:power,tabindex:5)
2024-04-03 19:38:18,264 [INFO] PluginManage:310 - Check plugin clock
2024-04-03 19:38:18,279 [INFO] PluginManage:359 - Loaded plugin clock (category:base,tabindex:2)
2024-04-03 19:38:18,279 [INFO] PluginManage:310 - Check plugin ddr
2024-04-03 19:38:18,281 [INFO] PluginManage:359 - Loaded plugin ddr (category:tool,tabindex:6)
2024-04-03 19:38:18,281 [INFO] PluginManage:310 - Check plugin filemanager
2024-04-03 19:38:18,370 [INFO] PluginManage:359 - Loaded plugin filemanager (category:base,tabindex:10)
2024-04-03 19:38:18,371 [INFO] PluginManage:310 - Check plugin ipmanager
2024-04-03 19:38:18,376 [INFO] PluginManage:359 - Loaded plugin ipmanager (category:base,tabindex:5)
2024-04-03 19:38:18,376 [INFO] PluginManage:310 - Check plugin lpbam
2024-04-03 19:38:18,387 [INFO] PluginManage:359 - Loaded plugin lpbam (category:base,tabindex:0)
2024-04-03 19:38:18,387 [INFO] PluginManage:310 - Check plugin memorymap
2024-04-03 19:38:18,402 [INFO] PluginManage:359 - Loaded plugin memorymap (category:base,tabindex:4)
2024-04-03 19:38:18,402 [INFO] PluginManage:310 - Check plugin pinoutandconfiguration
2024-04-03 19:38:18,412 [INFO] PluginManage:359 - Loaded plugin pinoutandconfiguration (category:base,tabindex:1)
2024-04-03 19:38:18,412 [INFO] PluginManage:310 - Check plugin pinoutconfig
2024-04-03 19:38:18,471 [WARN] SupportedApi:132 - Cannot load RTOS API schema: s4s-elt-must-match.1: The content of 'definitions' must match (annotation?, (simpleType | complexType)?, (unique | key | keyref)*)). A problem was found starting at: attribute.
2024-04-03 19:38:18,556 [INFO] PluginManage:359 - Loaded plugin pinoutconfig (category:base,tabindex:0)
2024-04-03 19:38:18,556 [INFO] PluginManage:310 - Check plugin power
2024-04-03 19:38:18,570 [INFO] PluginManage:359 - Loaded plugin power (category:power,tabindex:4)
2024-04-03 19:38:18,570 [INFO] PluginManage:310 - Check plugin projectmanager
2024-04-03 19:38:18,580 [INFO] PluginManage:359 - Loaded plugin projectmanager (category:projectmanager,tabindex:3)
2024-04-03 19:38:18,580 [INFO] PluginManage:310 - Check plugin thirdparty
2024-04-03 19:38:18,738 [INFO] PluginManage:359 - Loaded plugin thirdparty (category:base,tabindex:-1)
2024-04-03 19:38:18,738 [WARN] IntegrityCheckThread:84 - waiting for thirdparty lock release [integrity check]
2024-04-03 19:38:18,738 [INFO] PluginManage:310 - Check plugin tools
2024-04-03 19:38:18,738 [INFO] IntegrityCheckThread:86 - entering critical section [integrity check]
2024-04-03 19:38:18,738 [INFO] ThirdPartyUpdaterWithRetryManager:70 - Updater plugin not ready yet. [1/15]
2024-04-03 19:38:18,759 [INFO] PluginManage:359 - Loaded plugin tools (category:base,tabindex:7)
2024-04-03 19:38:18,759 [INFO] PluginManage:310 - Check plugin tutovideos
2024-04-03 19:38:18,889 [INFO] PluginManage:359 - Loaded plugin tutovideos (category:base,tabindex:-1)
2024-04-03 19:38:18,889 [INFO] PluginManage:310 - Check plugin updater
2024-04-03 19:38:18,897 [INFO] PluginManage:359 - Loaded plugin updater (category:base,tabindex:12)
2024-04-03 19:38:18,897 [INFO] PluginManage:310 - Check plugin userauth
2024-04-03 19:38:18,901 [INFO] UserAuth:113 - Init User Auth plugin
2024-04-03 19:38:18,901 [INFO] PluginManage:359 - Loaded plugin userauth (category:base,tabindex:14)
2024-04-03 19:38:18,901 [INFO] PluginManage:283 - PluginManage : Loaded plugins [17]
2024-04-03 19:38:19,042 [INFO] PinOutPanel:1499 - setPackage(No Configuration,No Configuration)
2024-04-03 19:38:19,108 [INFO] CADModel:165 - CPN selected for project level
2024-04-03 19:38:19,108 [INFO] CADModel:114 - Register for checkConnection events
2024-04-03 19:38:19,125 [INFO] IPUIPlugin:80 - create IPUIPlugin
2024-04-03 19:38:19,125 [INFO] PluginManager:220 - loadIPPluginJar : add adc
2024-04-03 19:38:19,147 [INFO] IPUIPlugin:80 - create IPUIPlugin
2024-04-03 19:38:19,147 [INFO] PluginManager:220 - loadIPPluginJar : add aes
2024-04-03 19:38:19,174 [INFO] IPUIPlugin:80 - create IPUIPlugin
2024-04-03 19:38:19,174 [INFO] PluginManager:220 - loadIPPluginJar : add can
2024-04-03 19:38:19,188 [INFO] IPUIPlugin:80 - create IPUIPlugin
2024-04-03 19:38:19,188 [INFO] PluginManager:220 - loadIPPluginJar : add comp
2024-04-03 19:38:19,207 [INFO] IPUIPlugin:80 - create IPUIPlugin
2024-04-03 19:38:19,207 [INFO] PluginManager:220 - loadIPPluginJar : add cryp
2024-04-03 19:38:19,224 [INFO] IPUIPlugin:80 - create IPUIPlugin
2024-04-03 19:38:19,224 [INFO] PluginManager:220 - loadIPPluginJar : add dfsdm
2024-04-03 19:38:19,233 [INFO] IPUIPlugin:80 - create IPUIPlugin
2024-04-03 19:38:19,233 [INFO] PluginManager:220 - loadIPPluginJar : add dma
2024-04-03 19:38:19,258 [INFO] IPUIPlugin:80 - create IPUIPlugin
2024-04-03 19:38:19,258 [INFO] PluginManager:220 - loadIPPluginJar : add dma3
2024-04-03 19:38:19,269 [INFO] IPUIPlugin:80 - create IPUIPlugin
2024-04-03 19:38:19,269 [INFO] PluginManager:220 - loadIPPluginJar : add fatfs
2024-04-03 19:38:19,297 [INFO] IPUIPlugin:80 - create IPUIPlugin
2024-04-03 19:38:19,297 [INFO] PluginManager:220 - loadIPPluginJar : add fmc
2024-04-03 19:38:19,307 [INFO] IPUIPlugin:80 - create IPUIPlugin
2024-04-03 19:38:19,307 [INFO] PluginManager:220 - loadIPPluginJar : add freertos
2024-04-03 19:38:19,319 [INFO] IPUIPlugin:80 - create IPUIPlugin
2024-04-03 19:38:19,319 [INFO] PluginManager:220 - loadIPPluginJar : add genericplugin
2024-04-03 19:38:19,374 [INFO] IPUIPlugin:80 - create IPUIPlugin
2024-04-03 19:38:19,374 [INFO] PluginManager:220 - loadIPPluginJar : add gfxmmu
2024-04-03 19:38:19,456 [INFO] IPUIPlugin:80 - create IPUIPlugin
2024-04-03 19:38:19,456 [INFO] PluginManager:220 - loadIPPluginJar : add gic
2024-04-03 19:38:19,465 [INFO] IPUIPlugin:80 - create IPUIPlugin
2024-04-03 19:38:19,465 [INFO] PluginManager:220 - loadIPPluginJar : add gpio
2024-04-03 19:38:19,527 [INFO] IPUIPlugin:80 - create IPUIPlugin
2024-04-03 19:38:19,527 [INFO] PluginManager:220 - loadIPPluginJar : add gtzc
2024-04-03 19:38:19,547 [INFO] IPUIPlugin:80 - create IPUIPlugin
2024-04-03 19:38:19,548 [INFO] PluginManager:220 - loadIPPluginJar : add hash
2024-04-03 19:38:19,581 [INFO] IPUIPlugin:80 - create IPUIPlugin
2024-04-03 19:38:19,581 [INFO] PluginManager:220 - loadIPPluginJar : add i2c
2024-04-03 19:38:19,605 [INFO] IPUIPlugin:80 - create IPUIPlugin
2024-04-03 19:38:19,605 [INFO] PluginManager:220 - loadIPPluginJar : add i2s
2024-04-03 19:38:19,630 [INFO] IPUIPlugin:80 - create IPUIPlugin
2024-04-03 19:38:19,630 [INFO] PluginManager:220 - loadIPPluginJar : add i3c
2024-04-03 19:38:19,701 [INFO] IPUIPlugin:80 - create IPUIPlugin
2024-04-03 19:38:19,701 [INFO] PluginManager:220 - loadIPPluginJar : add ipddr
2024-04-03 19:38:19,760 [INFO] IPUIPlugin:80 - create IPUIPlugin
2024-04-03 19:38:19,760 [INFO] PluginManager:220 - loadIPPluginJar : add linkedlist
2024-04-03 19:38:19,781 [INFO] IPUIPlugin:80 - create IPUIPlugin
2024-04-03 19:38:19,781 [INFO] PluginManager:220 - loadIPPluginJar : add lorawan
2024-04-03 19:38:19,802 [INFO] IPUIPlugin:80 - create IPUIPlugin
2024-04-03 19:38:19,803 [INFO] PluginManager:220 - loadIPPluginJar : add ltdc
2024-04-03 19:38:19,812 [INFO] IPUIPlugin:80 - create IPUIPlugin
2024-04-03 19:38:19,812 [INFO] PluginManager:220 - loadIPPluginJar : add mdma
2024-04-03 19:38:19,819 [INFO] IPUIPlugin:80 - create IPUIPlugin
2024-04-03 19:38:19,819 [INFO] PluginManager:220 - loadIPPluginJar : add nvic
2024-04-03 19:38:19,840 [INFO] IPUIPlugin:80 - create IPUIPlugin
2024-04-03 19:38:19,840 [INFO] PluginManager:220 - loadIPPluginJar : add opamp
2024-04-03 19:38:19,877 [INFO] IPUIPlugin:80 - create IPUIPlugin
2024-04-03 19:38:19,877 [INFO] PluginManager:220 - loadIPPluginJar : add openamp
2024-04-03 19:38:19,902 [INFO] IPUIPlugin:80 - create IPUIPlugin
2024-04-03 19:38:19,902 [INFO] PluginManager:220 - loadIPPluginJar : add pdm2pcm
2024-04-03 19:38:19,912 [INFO] IPUIPlugin:80 - create IPUIPlugin
2024-04-03 19:38:19,913 [INFO] PluginManager:220 - loadIPPluginJar : add plateformsettings
2024-04-03 19:38:19,927 [INFO] IPUIPlugin:80 - create IPUIPlugin
2024-04-03 19:38:19,927 [INFO] PluginManager:220 - loadIPPluginJar : add quadspi
2024-04-03 19:38:19,936 [INFO] IPUIPlugin:80 - create IPUIPlugin
2024-04-03 19:38:19,936 [INFO] PluginManager:220 - loadIPPluginJar : add resmgrutility
2024-04-03 19:38:19,968 [INFO] IPUIPlugin:80 - create IPUIPlugin
2024-04-03 19:38:19,969 [INFO] PluginManager:220 - loadIPPluginJar : add sai
2024-04-03 19:38:19,996 [INFO] IPUIPlugin:80 - create IPUIPlugin
2024-04-03 19:38:19,996 [INFO] PluginManager:220 - loadIPPluginJar : add spi
2024-04-03 19:38:20,034 [INFO] IPUIPlugin:80 - create IPUIPlugin
2024-04-03 19:38:20,034 [INFO] PluginManager:220 - loadIPPluginJar : add stm32_wpan
2024-04-03 19:38:20,049 [INFO] IPUIPlugin:80 - create IPUIPlugin
2024-04-03 19:38:20,049 [INFO] PluginManager:220 - loadIPPluginJar : add tim
2024-04-03 19:38:20,090 [INFO] IPUIPlugin:80 - create IPUIPlugin
2024-04-03 19:38:20,090 [INFO] PluginManager:220 - loadIPPluginJar : add touchsensing
2024-04-03 19:38:20,106 [INFO] IPUIPlugin:80 - create IPUIPlugin
2024-04-03 19:38:20,106 [INFO] PluginManager:220 - loadIPPluginJar : add tracer_emb
2024-04-03 19:38:20,120 [INFO] IPUIPlugin:80 - create IPUIPlugin
2024-04-03 19:38:20,121 [INFO] PluginManager:220 - loadIPPluginJar : add ts
2024-04-03 19:38:20,133 [INFO] IPUIPlugin:80 - create IPUIPlugin
2024-04-03 19:38:20,133 [INFO] PluginManager:220 - loadIPPluginJar : add tsc
2024-04-03 19:38:20,145 [INFO] IPUIPlugin:80 - create IPUIPlugin
2024-04-03 19:38:20,145 [INFO] PluginManager:220 - loadIPPluginJar : add ucpd
2024-04-03 19:38:20,170 [INFO] IPUIPlugin:80 - create IPUIPlugin
2024-04-03 19:38:20,170 [INFO] PluginManager:220 - loadIPPluginJar : add usart
2024-04-03 19:38:20,195 [INFO] IPUIPlugin:80 - create IPUIPlugin
2024-04-03 19:38:20,196 [INFO] PluginManager:220 - loadIPPluginJar : add usbx
2024-04-03 19:38:20,302 [INFO] CADModel:165 - CPN selected for project level
2024-04-03 19:38:20,302 [INFO] CADModel:114 - Register for checkConnection events
2024-04-03 19:38:20,302 [FATAL] Updater:308 - Updater called before beeing initialized
2024-04-03 19:38:20,302 [ERROR] CADModel:125 - Updater not yet initialized, retry later 
2024-04-03 19:38:20,389 [INFO] CADModel:165 - CPN selected for project level
2024-04-03 19:38:20,389 [INFO] CADModel:114 - Register for checkConnection events
2024-04-03 19:38:20,389 [FATAL] Updater:308 - Updater called before beeing initialized
2024-04-03 19:38:20,389 [ERROR] CADModel:125 - Updater not yet initialized, retry later 
2024-04-03 19:38:20,392 [FATAL] Updater:308 - Updater called before beeing initialized
2024-04-03 19:38:20,466 [FATAL] Updater:308 - Updater called before beeing initialized
2024-04-03 19:38:20,477 [INFO] DbMcusAds:53 - JSON generation date=Wed Nov 29 12:52:27 EET 2023 (1701255147349)
2024-04-03 19:38:20,477 [FATAL] Updater:308 - Updater called before beeing initialized
2024-04-03 19:38:20,508 [WARN] DetailPanel:346 - Failed to get advertising image, set to default
2024-04-03 19:38:20,587 [FATAL] Updater:308 - Updater called before beeing initialized
2024-04-03 19:38:20,588 [FATAL] Updater:308 - Updater called before beeing initialized
2024-04-03 19:38:20,588 [FATAL] Updater:308 - Updater called before beeing initialized
2024-04-03 19:38:20,589 [WARN] DetailPanel:346 - Failed to get advertising image, set to default
2024-04-03 19:38:20,589 [FATAL] Updater:308 - Updater called before beeing initialized
2024-04-03 19:38:20,639 [ERROR] Updater:1120 - MainUpdater not yet initialized. External WinMGr cannot be set.
2024-04-03 19:38:20,648 [INFO] Updater:1056 - Updater Version found : 6.9.2
2024-04-03 19:38:20,664 [INFO] ApplicationProperties:184 - Using Application install path: C:\ST\STM32CubeIDE_1.10.1\STM32CubeIDE\plugins\com.st.stm32cube.common.mx_6.9.2.202309101412
2024-04-03 19:38:21,347 [INFO] MainUpdater:2868 - connection check result : 10
2024-04-03 19:38:21,347 [INFO] MainUpdater:285 - Updater Check For Update Now.
2024-04-03 19:38:21,347 [INFO] MicroXplorer:498 - Change Database Version : DB.6.0.92
2024-04-03 19:38:21,355 [INFO] McuFinderGlobals:63 - Set McuFinder mode to 2 (CubeIDE integrated)
2024-04-03 19:38:21,511 [INFO] CheckServerUpdateThread:120 - End of CheckServer Thread
2024-04-03 19:38:21,894 [WARN] PackLoader:240 - Cannot read IP mode file for STMicroelectronics.X-CUBE-SMBUS.2.1.0
2024-04-03 19:38:21,903 [WARN] PackLoader:240 - Cannot read IP mode file for STMicroelectronics.X-CUBE-TOUCHGFX.4.23.1
2024-04-03 19:38:21,910 [WARN] PackLoader:240 - Cannot read IP mode file for STMicroelectronics.X-CUBE-TOUCHGFX.4.23.0
2024-04-03 19:38:21,935 [WARN] PackLoader:240 - Cannot read IP mode file for STMicroelectronics.X-CUBE-AZRTOS-F7.1.1.0
2024-04-03 19:38:21,946 [ERROR] RealEvaluatedCondition:428 - Found unsupported composite condition: CLASS='Data Exchange' GROUP='STM32_MetaDataManager'
2024-04-03 19:38:21,946 [ERROR] RealEvaluatedCondition:428 - Found unsupported composite condition: CLASS='Data Exchange' GROUP='STM32_MetaDataManager'
2024-04-03 19:38:21,947 [WARN] PackLoader:240 - Cannot read IP mode file for STMicroelectronics.FP-SNS-MOTENV1.4.3.0
2024-04-03 19:38:21,956 [WARN] PackLoader:240 - Cannot read IP mode file for STMicroelectronics.FP-SNS-FLIGHT1.5.0.0
2024-04-03 19:38:21,963 [ERROR] RealEvaluatedCondition:428 - Found unsupported composite condition: CLASS='Data Exchange' GROUP='STM32_MetaDataManager'
2024-04-03 19:38:21,963 [ERROR] RealEvaluatedCondition:428 - Found unsupported composite condition: GROUP='STM32_MetaDataManager' CLASS='Data Exchange'
2024-04-03 19:38:21,963 [WARN] PackLoader:240 - Cannot read IP mode file for STMicroelectronics.FP-SNS-MOTENV1.4.3.1
2024-04-03 19:38:21,972 [WARN] PackLoader:240 - Cannot read IP mode file for STMicroelectronics.FP-SNS-FLIGHT1.5.0.1
2024-04-03 19:38:21,981 [WARN] PackLoader:240 - Cannot read IP mode file for STMicroelectronics.X-CUBE-BLE1.6.2.3
2024-04-03 19:38:21,992 [WARN] PackLoader:240 - Cannot read IP mode file for STMicroelectronics.X-CUBE-BLE1.6.2.4
2024-04-03 19:38:22,002 [WARN] PackLoader:240 - Cannot read IP mode file for STMicroelectronics.X-CUBE-DISPLAY.3.0.0
2024-04-03 19:38:22,012 [WARN] PackLoader:240 - Cannot read IP mode file for STMicroelectronics.X-CUBE-BLE1.7.0.0
2024-04-03 19:38:22,019 [WARN] PackLoader:240 - Cannot read IP mode file for STMicroelectronics.X-CUBE-TOUCHGFX.4.22.1
2024-04-03 19:38:22,050 [WARN] PackLoader:240 - Cannot read IP mode file for STMicroelectronics.X-CUBE-MEMS1.9.3.0
2024-04-03 19:38:22,127 [WARN] PackLoader:240 - Cannot read IP mode file for STMicroelectronics.X-CUBE-BLEMGR.3.1.0
2024-04-03 19:38:22,137 [WARN] PackLoader:240 - Cannot read IP mode file for STMicroelectronics.FP-SNS-MOTENV1.5.0.0
2024-04-03 19:38:22,146 [WARN] PackLoader:240 - Cannot read IP mode file for WES.I-CUBE-Cesium.1.3.0
2024-04-03 19:38:22,163 [WARN] PackLoader:240 - Cannot read IP mode file for STMicroelectronics.X-CUBE-BLE2.3.3.0
2024-04-03 19:38:22,260 [WARN] PackLoader:240 - Cannot read IP mode file for STMicroelectronics.X-CUBE-DISPLAY.2.2.0
2024-04-03 19:38:22,274 [WARN] PackLoader:240 - Cannot read IP mode file for STMicroelectronics.X-CUBE-TOF1.3.2.0
2024-04-03 19:38:22,294 [WARN] PackLoader:240 - Cannot read IP mode file for STMicroelectronics.X-CUBE-AZRTOS-H7.2.1.0
2024-04-03 19:38:22,303 [WARN] PackLoader:240 - Cannot read IP mode file for STMicroelectronics.X-CUBE-TOUCHGFX.4.21.1
2024-04-03 19:38:22,310 [WARN] PackLoader:240 - Cannot read IP mode file for STMicroelectronics.X-CUBE-TOUCHGFX.4.21.0
2024-04-03 19:38:22,317 [WARN] PackLoader:240 - Cannot read IP mode file for STMicroelectronics.X-CUBE-TOUCHGFX.4.21.3
2024-04-03 19:38:22,325 [WARN] PackLoader:240 - Cannot read IP mode file for STMicroelectronics.X-CUBE-TOUCHGFX.4.21.4
2024-04-03 19:38:22,353 [WARN] PackLoader:240 - Cannot read IP mode file for STMicroelectronics.X-CUBE-MEMS1.9.4.0
2024-04-03 19:38:22,422 [WARN] PackLoader:240 - Cannot read IP mode file for STMicroelectronics.X-CUBE-AI.7.3.0
2024-04-03 19:38:22,456 [WARN] PackLoader:240 - Cannot read IP mode file for STMicroelectronics.X-CUBE-ALGOBUILD.1.3.0
2024-04-03 19:38:22,472 [WARN] PackLoader:240 - Cannot read IP mode file for STMicroelectronics.X-CUBE-AZRTOS-G0.1.1.0
2024-04-03 19:38:22,482 [WARN] PackLoader:240 - Cannot read IP mode file for STMicroelectronics.X-CUBE-SAFEA1.1.2.2
2024-04-03 19:38:22,491 [WARN] PackLoader:240 - Cannot read IP mode file for STMicroelectronics.X-CUBE-NFC4.3.0.0
2024-04-03 19:38:22,513 [WARN] PackLoader:240 - Cannot read IP mode file for SEGGER.I-CUBE-embOS.1.2.1
2024-04-03 19:38:22,539 [WARN] PackLoader:240 - Cannot read IP mode file for STMicroelectronics.X-CUBE-BLEMGR.3.0.0
2024-04-03 19:38:22,551 [WARN] PackLoader:240 - Cannot read IP mode file for STMicroelectronics.X-CUBE-BLEMGR.1.3.0
2024-04-03 19:38:22,595 [WARN] PackLoader:240 - Cannot read IP mode file for STMicroelectronics.FP-ATR-SIGFOX1.3.2.0
2024-04-03 19:38:22,604 [WARN] PackLoader:240 - Cannot read IP mode file for STMicroelectronics.X-CUBE-EEPRMA1.5.1.0
2024-04-03 19:38:22,612 [WARN] PackLoader:240 - Cannot read IP mode file for STMicroelectronics.X-CUBE-TOUCHGFX.4.20.0
2024-04-03 19:38:22,647 [WARN] PackLoader:240 - Cannot read IP mode file for STMicroelectronics.X-CUBE-MEMS1.9.5.0
2024-04-03 19:38:22,742 [WARN] PackLoader:240 - Cannot read IP mode file for SEGGER.I-CUBE-embOS.1.3.1
2024-04-03 19:38:22,809 [WARN] PackLoader:240 - Cannot read IP mode file for STMicroelectronics.X-CUBE-GNSS1.6.0.0
2024-04-03 19:38:22,824 [WARN] PackLoader:240 - Cannot read IP mode file for STMicroelectronics.X-CUBE-AZRTOS-F4.1.1.0
2024-04-03 19:38:22,834 [WARN] PackLoader:240 - Cannot read IP mode file for STMicroelectronics.X-CUBE-BLEMGR.1.2.0
2024-04-03 19:38:22,851 [WARN] PackLoader:240 - Cannot read IP mode file for STMicroelectronics.X-CUBE-AZRTOS-L5.2.0.0
2024-04-03 19:38:22,880 [WARN] PackLoader:240 - Cannot read IP mode file for STMicroelectronics.X-CUBE-MEMS1.9.6.0
2024-04-03 19:38:22,940 [WARN] PackLoader:240 - Cannot read IP mode file for STMicroelectronics.X-CUBE-EEPRMA1.4.2.0
2024-04-03 19:38:22,948 [WARN] PackLoader:240 - Cannot read IP mode file for STMicroelectronics.X-CUBE-NFC6.3.1.0
2024-04-03 19:38:22,956 [WARN] PackLoader:240 - Cannot read IP mode file for ITTIA_DB.I-CUBE-ITTIADB.8.8.0
2024-04-03 19:38:22,966 [WARN] PackLoader:240 - Cannot read IP mode file for emotas.I-CUBE-CANOPEN.1.1.3
2024-04-03 19:38:23,001 [WARN] PackLoader:240 - Cannot read IP mode file for STMicroelectronics.X-CUBE-BLEMGR.2.0.0
2024-04-03 19:38:23,038 [WARN] PackLoader:240 - Cannot read IP mode file for STMicroelectronics.X-CUBE-NFC4.2.0.5
2024-04-03 19:38:23,055 [WARN] ConditionMgr:438 - getConditionDescription Invalid condition id : UX DEVICE CLASS RTOS Condition cause : null
2024-04-03 19:38:23,055 [WARN] ConditionMgr:438 - getConditionDescription Invalid condition id : UX DEVICE CLASS RTOS Condition cause : null
2024-04-03 19:38:23,056 [WARN] PackLoader:240 - Cannot read IP mode file for STMicroelectronics.X-CUBE-AZRTOS-H7.3.1.0
2024-04-03 19:38:23,057 [WARN] ConditionMgr:1039 - genDependencies : Invalid condition id : UX DEVICE CLASS RTOS Condition cause : null
2024-04-03 19:38:23,057 [WARN] ConditionMgr:1039 - genDependencies : Invalid condition id : UX DEVICE CLASS RTOS Condition cause : null
2024-04-03 19:38:23,057 [WARN] ConditionMgr:1039 - genDependencies : Invalid condition id : UX DEVICE CLASS RTOS Condition cause : null
2024-04-03 19:38:23,057 [WARN] ConditionMgr:1039 - genDependencies : Invalid condition id : UX DEVICE CLASS RTOS Condition cause : null
2024-04-03 19:38:23,057 [WARN] ConditionMgr:1039 - genDependencies : Invalid condition id : UX DEVICE CLASS RTOS Condition cause : null
2024-04-03 19:38:23,067 [WARN] PackLoader:240 - Cannot read IP mode file for wolfSSL.I-CUBE-wolfSSL.5.5.3
2024-04-03 19:38:23,096 [WARN] PackLoader:240 - Cannot read IP mode file for STMicroelectronics.X-CUBE-NFC7.1.0.0
2024-04-03 19:38:23,106 [WARN] PackLoader:240 - Cannot read IP mode file for STMicroelectronics.X-CUBE-EEPRMA1.4.1.0
2024-04-03 19:38:23,143 [WARN] ConditionMgr:438 - getConditionDescription Invalid condition id : LAN8742 Phy interface Condition cause : null
2024-04-03 19:38:23,144 [WARN] PackLoader:240 - Cannot read IP mode file for STMicroelectronics.X-CUBE-AZRTOS-L4.2.0.0
2024-04-03 19:38:23,144 [WARN] ConditionMgr:1039 - genDependencies : Invalid condition id : LAN8742 Phy interface Condition cause : null
2024-04-03 19:38:23,144 [WARN] ConditionMgr:1039 - genDependencies : Invalid condition id : LAN8742 Phy interface Condition cause : null
2024-04-03 19:38:23,145 [WARN] ConditionMgr:1039 - genDependencies : Invalid condition id : LAN8742 Phy interface Condition cause : null
2024-04-03 19:38:23,153 [WARN] PackLoader:240 - Cannot read IP mode file for STMicroelectronics.X-CUBE-SFXS2LP1.4.0.0
2024-04-03 19:38:23,170 [WARN] PackLoader:240 - Cannot read IP mode file for STMicroelectronics.X-CUBE-AZRTOS-H7.3.0.0
2024-04-03 19:38:23,179 [WARN] PackLoader:240 - Cannot read IP mode file for STMicroelectronics.X-CUBE-ISPU.1.1.0
2024-04-03 19:38:23,191 [WARN] PackLoader:240 - Cannot read IP mode file for RoweBots.I-CUBE-UNISONRTOS.5.5.0-4
2024-04-03 19:38:23,199 [WARN] PackLoader:240 - Cannot read IP mode file for STMicroelectronics.X-CUBE-AI.8.0.0
2024-04-03 19:38:23,232 [WARN] ConditionMgr:438 - getConditionDescription Invalid condition id : UX DEVICE CLASS RTOS Condition cause : null
2024-04-03 19:38:23,232 [WARN] ConditionMgr:438 - getConditionDescription Invalid condition id : UX DEVICE CLASS RTOS Condition cause : null
2024-04-03 19:38:23,233 [WARN] PackLoader:240 - Cannot read IP mode file for STMicroelectronics.X-CUBE-AZRTOS-WB.2.0.0
2024-04-03 19:38:23,233 [WARN] ConditionMgr:1039 - genDependencies : Invalid condition id : UX DEVICE CLASS RTOS Condition cause : null
2024-04-03 19:38:23,233 [WARN] ConditionMgr:1039 - genDependencies : Invalid condition id : UX DEVICE CLASS RTOS Condition cause : null
2024-04-03 19:38:23,234 [WARN] ConditionMgr:1039 - genDependencies : Invalid condition id : UX DEVICE CLASS RTOS Condition cause : null
2024-04-03 19:38:23,234 [WARN] ConditionMgr:1039 - genDependencies : Invalid condition id : UX DEVICE CLASS RTOS Condition cause : null
2024-04-03 19:38:23,234 [WARN] ConditionMgr:1039 - genDependencies : Invalid condition id : UX DEVICE CLASS RTOS Condition cause : null
2024-04-03 19:38:23,241 [WARN] PackLoader:240 - Cannot read IP mode file for STMicroelectronics.X-CUBE-FREERTOS.1.0.0
2024-04-03 19:38:23,249 [WARN] PackLoader:240 - Cannot read IP mode file for STMicroelectronics.X-CUBE-FREERTOS.1.0.1
2024-04-03 19:38:23,290 [WARN] PackLoader:240 - Cannot read IP mode file for STMicroelectronics.X-CUBE-AZRTOS-L5.1.1.0
2024-04-03 19:38:23,299 [WARN] PackLoader:240 - Cannot read IP mode file for STMicroelectronics.X-CUBE-AI.8.0.1
2024-04-03 19:38:23,329 [WARN] PackLoader:240 - Cannot read IP mode file for STMicroelectronics.X-CUBE-SUBG2.5.0.0
2024-04-03 19:38:23,345 [WARN] PackLoader:240 - Cannot read IP mode file for STMicroelectronics.X-CUBE-AZRTOS-G4.2.0.0
2024-04-03 19:38:23,357 [WARN] PackLoader:240 - Cannot read IP mode file for STMicroelectronics.X-CUBE-TOF1.3.3.0
2024-04-03 19:38:23,366 [WARN] PackLoader:240 - Cannot read IP mode file for STMicroelectronics.FP-ATR-ASTRA1.1.1.1
2024-04-03 19:38:23,379 [WARN] PackLoader:240 - Cannot read IP mode file for Infineon.AIROC-Wi-Fi-Bluetooth-STM32.1.5.1
2024-04-03 19:38:23,388 [WARN] PackLoader:240 - Cannot read IP mode file for STMicroelectronics.FP-SNS-MOTENVWB1.1.3.0
2024-04-03 19:38:23,394 [WARN] PackLoader:240 - Cannot read IP mode file for STMicroelectronics.FP-SNS-MOTENVWB1.1.3.1
2024-04-03 19:38:23,407 [WARN] PackLoader:240 - Cannot read IP mode file for STMicroelectronics.X-CUBE-AZRTOS-G4.1.0.0
2024-04-03 19:38:23,422 [WARN] PackLoader:240 - Cannot read IP mode file for STMicroelectronics.X-CUBE-AZRTOS-L4.1.0.0
2024-04-03 19:38:23,430 [WARN] PackLoader:240 - Cannot read IP mode file for STMicroelectronics.X-CUBE-ISPU.2.0.0
2024-04-03 19:38:23,456 [WARN] PackLoader:240 - Cannot read IP mode file for STMicroelectronics.X-CUBE-MEMS1.10.0.0
2024-04-03 19:38:23,504 [WARN] PackLoader:240 - Cannot read IP mode file for STMicroelectronics.X-CUBE-FREERTOS.1.1.0
2024-04-03 19:38:23,515 [WARN] PackLoader:240 - Cannot read IP mode file for STMicroelectronics.X-CUBE-AZRTOS-WL.1.0.0
2024-04-03 19:38:23,524 [WARN] PackLoader:240 - Cannot read IP mode file for portGmbH.I-Cube-SoM-uGOAL.1.1.0
2024-04-03 19:38:23,550 [WARN] PackLoader:240 - Cannot read IP mode file for STMicroelectronics.X-CUBE-ALS.1.0.1
2024-04-03 19:38:23,563 [WARN] PackLoader:240 - Cannot read IP mode file for STMicroelectronics.X-CUBE-AZRTOS-WB.1.1.0
2024-04-03 19:38:23,577 [WARN] PackLoader:240 - Cannot read IP mode file for STMicroelectronics.X-CUBE-AZRTOS-L5.1.0.0
2024-04-03 19:38:23,588 [WARN] PackLoader:240 - Cannot read IP mode file for STMicroelectronics.X-CUBE-EEPRMA1.3.1.1
2024-04-03 19:38:23,613 [WARN] PackLoader:240 - Cannot read IP mode file for STMicroelectronics.FP-ATR-ASTRA1.2.0.0
2024-04-03 19:38:23,622 [WARN] PackLoader:240 - Cannot read IP mode file for STMicroelectronics.X-CUBE-TOF1.3.4.0
2024-04-03 19:38:23,639 [WARN] PackLoader:240 - Cannot read IP mode file for STMicroelectronics.X-CUBE-TOF1.3.4.1
2024-04-03 19:38:23,658 [WARN] PackLoader:240 - Cannot read IP mode file for STMicroelectronics.X-CUBE-AZRTOS-H7.3.2.0
2024-04-03 19:38:23,660 [INFO] ThirdParty:978 - Integrity check success = true
2024-04-03 19:38:23,660 [INFO] IntegrityCheckThread:100 - exiting critical section [integrity check]
2024-04-03 19:38:23,660 [INFO] IntegrityCheckThread:103 - End integrity checks thread
2024-04-03 19:38:37,576 [ERROR] LogOutputStream:75 - [STDERR_REDIRECT] SLF4J: Failed to load class "org.slf4j.impl.StaticLoggerBinder".
2024-04-03 19:38:37,576 [ERROR] LogOutputStream:75 - [STDERR_REDIRECT] SLF4J: Defaulting to no-operation (NOP) logger implementation
2024-04-03 19:38:37,577 [ERROR] LogOutputStream:75 - [STDERR_REDIRECT] SLF4J: See http://www.slf4j.org/codes.html#StaticLoggerBinder for further details.
2024-04-03 19:50:08,300 [INFO] McuFinderGlobals:63 - Set McuFinder mode to 2 (CubeIDE integrated)
2024-04-03 19:50:08,315 [INFO] MainUpdater:2868 - connection check result : 10
2024-04-03 19:50:08,319 [INFO] MainUpdater:2868 - connection check result : 10
2024-04-03 19:50:08,400 [INFO] MicroXplorer:468 - Change Database Path : 
2024-04-03 19:50:08,400 [INFO] MicroXplorer:498 - Change Database Version : DB.6.0.92
2024-04-03 19:50:08,402 [WARN] ThirdParty:871 - waiting for thirdparty lock release [close project]
2024-04-03 19:50:08,402 [INFO] ThirdParty:873 - entering critical section [close project]
2024-04-03 19:50:08,402 [INFO] ThirdParty:883 - exiting critical section [close project]
2024-04-03 19:50:08,403 [INFO] PinOutPanel:1499 - setPackage(No Configuration,No Configuration)
2024-04-03 19:50:08,406 [INFO] UtilMem:75 - Begin LoadConfig() Used Memory: 708909680 Bytes (1005584384)
2024-04-03 19:50:08,407 [INFO] MicroXplorer:468 - Change Database Path : 
2024-04-03 19:50:08,407 [INFO] MicroXplorer:498 - Change Database Version : DB.6.0.92
2024-04-03 19:50:08,407 [INFO] OpenFileManager:308 - Change cursor
2024-04-03 19:50:08,426 [INFO] Mcu:1946 - Initializing MCU STM32F411R(C-E)Tx STM32F411RETx STM32F411RET6
2024-04-03 19:50:09,210 [INFO] Context:659 - Trying to add GPIOservice into a context  which must be forbidden
2024-04-03 19:50:09,548 [INFO] RtosManager:555 - Registered RTOS mode: class=CMSIS, group=RTOS, mode=CMSIS_V1, owner=FREERTOS
2024-04-03 19:50:09,548 [INFO] RtosManager:555 - Registered RTOS mode: class=CMSIS, group=RTOS2, mode=CMSIS_V2, owner=FREERTOS
2024-04-03 19:50:09,548 [INFO] RtosManager:555 - Registered RTOS mode: class=RTOS, group=Core, mode=CMSIS_V1, owner=FREERTOS
2024-04-03 19:50:09,548 [INFO] RtosManager:555 - Registered RTOS mode: class=RTOS, group=Core, mode=CMSIS_V2, owner=FREERTOS
2024-04-03 19:50:09,548 [WARN] ModelIntegratedComponent:184 - Missing modes for component STMicroelectronics:FreeRTOS:0.0.1:STMicroelectronics:RTOS:FreeRTOS:Core:::10.2.0:
2024-04-03 19:50:09,551 [WARN] ModelIntegratedComponent:63 - No mode defined for component null
2024-04-03 19:50:09,551 [WARN] ModelIntegratedComponent:63 - No mode defined for component null
2024-04-03 19:50:09,551 [WARN] ModelIntegratedComponent:63 - No mode defined for component null
2024-04-03 19:50:09,551 [WARN] ModelIntegratedComponent:63 - No mode defined for component null
2024-04-03 19:50:09,551 [WARN] ModelIntegratedComponent:63 - No mode defined for component null
2024-04-03 19:50:09,551 [WARN] ModelIntegratedComponent:63 - No mode defined for component null
2024-04-03 19:50:09,551 [WARN] ModelIntegratedComponent:63 - No mode defined for component null
2024-04-03 19:50:09,551 [WARN] ModelIntegratedComponent:63 - No mode defined for component null
2024-04-03 19:50:09,551 [WARN] ModelIntegratedComponent:63 - No mode defined for component null
2024-04-03 19:50:09,551 [WARN] ModelIntegratedComponent:63 - No mode defined for component null
2024-04-03 19:50:09,551 [WARN] ModelIntegratedComponent:63 - No mode defined for component null
2024-04-03 19:50:09,551 [WARN] ModelIntegratedComponent:63 - No mode defined for component null
2024-04-03 19:50:09,552 [WARN] ModelIntegratedComponent:63 - No mode defined for component null
2024-04-03 19:50:09,552 [WARN] ModelIntegratedComponent:63 - No mode defined for component null
2024-04-03 19:50:09,552 [WARN] ModelIntegratedComponent:63 - No mode defined for component null
2024-04-03 19:50:09,552 [WARN] ModelIntegratedComponent:63 - No mode defined for component null
2024-04-03 19:50:09,552 [WARN] ModelIntegratedComponent:63 - No mode defined for component null
2024-04-03 19:50:09,552 [WARN] ModelIntegratedComponent:63 - No mode defined for component null
2024-04-03 19:50:09,552 [WARN] ModelIntegratedComponent:63 - No mode defined for component null
2024-04-03 19:50:09,552 [WARN] ModelIntegratedComponent:63 - No mode defined for component null
2024-04-03 19:50:09,552 [WARN] ModelIntegratedComponent:63 - No mode defined for component null
2024-04-03 19:50:09,552 [WARN] ModelIntegratedComponent:63 - No mode defined for component null
2024-04-03 19:50:09,552 [WARN] ModelIntegratedComponent:63 - No mode defined for component null
2024-04-03 19:50:09,552 [WARN] ModelIntegratedComponent:63 - No mode defined for component null
2024-04-03 19:50:09,552 [WARN] ModelIntegratedComponent:63 - No mode defined for component null
2024-04-03 19:50:09,552 [WARN] ModelIntegratedComponent:63 - No mode defined for component null
2024-04-03 19:50:09,552 [WARN] ModelIntegratedComponent:63 - No mode defined for component null
2024-04-03 19:50:09,552 [WARN] ModelIntegratedComponent:63 - No mode defined for component null
2024-04-03 19:50:09,552 [WARN] ModelIntegratedComponent:63 - No mode defined for component null
2024-04-03 19:50:09,552 [WARN] ModelIntegratedComponent:63 - No mode defined for component null
2024-04-03 19:50:09,552 [WARN] ModelIntegratedComponent:63 - No mode defined for component null
2024-04-03 19:50:09,552 [WARN] ModelIntegratedComponent:63 - No mode defined for component null
2024-04-03 19:50:09,552 [WARN] ModelIntegratedComponent:63 - No mode defined for component null
2024-04-03 19:50:09,591 [WARN] ModelIntegratedComponent:182 - Modes not found for component STMicroelectronics:USB_DEVICE:1.0.0:STMicroelectronics:USB::USB Device:Audio HS::1.0:USB_DEVICE_1_0_RESTRICTED_HS
2024-04-03 19:50:09,591 [WARN] ModelIntegratedComponent:188 - Modes not found for component STMicroelectronics:USB_DEVICE:1.0.0:STMicroelectronics:USB::USB Device:Audio HS::1.0:USB_DEVICE_1_0_RESTRICTED_HS
2024-04-03 19:50:09,591 [WARN] ModelIntegratedComponent:182 - Modes not found for component STMicroelectronics:USB_DEVICE:1.0.0:STMicroelectronics:USB::USB Device:CDC HS::1.0:USB_DEVICE_1_0_RESTRICTED_HS
2024-04-03 19:50:09,591 [WARN] ModelIntegratedComponent:188 - Modes not found for component STMicroelectronics:USB_DEVICE:1.0.0:STMicroelectronics:USB::USB Device:CDC HS::1.0:USB_DEVICE_1_0_RESTRICTED_HS
2024-04-03 19:50:09,591 [WARN] ModelIntegratedComponent:182 - Modes not found for component STMicroelectronics:USB_DEVICE:1.0.0:STMicroelectronics:USB::USB Device:DFU HS::1.0:USB_DEVICE_1_0_RESTRICTED_HS
2024-04-03 19:50:09,591 [WARN] ModelIntegratedComponent:188 - Modes not found for component STMicroelectronics:USB_DEVICE:1.0.0:STMicroelectronics:USB::USB Device:DFU HS::1.0:USB_DEVICE_1_0_RESTRICTED_HS
2024-04-03 19:50:09,591 [WARN] ModelIntegratedComponent:182 - Modes not found for component STMicroelectronics:USB_DEVICE:1.0.0:STMicroelectronics:USB::USB Device:HID HS::1.0:USB_DEVICE_1_0_RESTRICTED_HS
2024-04-03 19:50:09,591 [WARN] ModelIntegratedComponent:188 - Modes not found for component STMicroelectronics:USB_DEVICE:1.0.0:STMicroelectronics:USB::USB Device:HID HS::1.0:USB_DEVICE_1_0_RESTRICTED_HS
2024-04-03 19:50:09,591 [WARN] ModelIntegratedComponent:182 - Modes not found for component STMicroelectronics:USB_DEVICE:1.0.0:STMicroelectronics:USB::USB Device:Custom HID HS::1.0:USB_DEVICE_1_0_RESTRICTED_HS
2024-04-03 19:50:09,591 [WARN] ModelIntegratedComponent:188 - Modes not found for component STMicroelectronics:USB_DEVICE:1.0.0:STMicroelectronics:USB::USB Device:Custom HID HS::1.0:USB_DEVICE_1_0_RESTRICTED_HS
2024-04-03 19:50:09,591 [WARN] ModelIntegratedComponent:182 - Modes not found for component STMicroelectronics:USB_DEVICE:1.0.0:STMicroelectronics:USB::USB Device:MSC HS::1.0:USB_DEVICE_1_0_RESTRICTED_HS
2024-04-03 19:50:09,591 [WARN] ModelIntegratedComponent:188 - Modes not found for component STMicroelectronics:USB_DEVICE:1.0.0:STMicroelectronics:USB::USB Device:MSC HS::1.0:USB_DEVICE_1_0_RESTRICTED_HS
2024-04-03 19:50:09,635 [WARN] ModelIntegratedComponent:182 - Modes not found for component STMicroelectronics:USB_HOST:1.0.0:STMicroelectronics:USB::USB Host:Audio HS::1.0:USB_HOST_1_0_RESTRICTED_HS
2024-04-03 19:50:09,635 [WARN] ModelIntegratedComponent:188 - Modes not found for component STMicroelectronics:USB_HOST:1.0.0:STMicroelectronics:USB::USB Host:Audio HS::1.0:USB_HOST_1_0_RESTRICTED_HS
2024-04-03 19:50:09,635 [WARN] ModelIntegratedComponent:182 - Modes not found for component STMicroelectronics:USB_HOST:1.0.0:STMicroelectronics:USB::USB Host:CDC HS::1.0:USB_HOST_1_0_RESTRICTED_HS
2024-04-03 19:50:09,635 [WARN] ModelIntegratedComponent:188 - Modes not found for component STMicroelectronics:USB_HOST:1.0.0:STMicroelectronics:USB::USB Host:CDC HS::1.0:USB_HOST_1_0_RESTRICTED_HS
2024-04-03 19:50:09,635 [WARN] ModelIntegratedComponent:182 - Modes not found for component STMicroelectronics:USB_HOST:1.0.0:STMicroelectronics:USB::USB Host:MSC HS::1.0:USB_HOST_1_0_RESTRICTED_HS
2024-04-03 19:50:09,635 [WARN] ModelIntegratedComponent:188 - Modes not found for component STMicroelectronics:USB_HOST:1.0.0:STMicroelectronics:USB::USB Host:MSC HS::1.0:USB_HOST_1_0_RESTRICTED_HS
2024-04-03 19:50:09,635 [WARN] ModelIntegratedComponent:182 - Modes not found for component STMicroelectronics:USB_HOST:1.0.0:STMicroelectronics:USB::USB Host:HID HS::1.0:USB_HOST_1_0_RESTRICTED_HS
2024-04-03 19:50:09,635 [WARN] ModelIntegratedComponent:188 - Modes not found for component STMicroelectronics:USB_HOST:1.0.0:STMicroelectronics:USB::USB Host:HID HS::1.0:USB_HOST_1_0_RESTRICTED_HS
2024-04-03 19:50:09,635 [WARN] ModelIntegratedComponent:182 - Modes not found for component STMicroelectronics:USB_HOST:1.0.0:STMicroelectronics:USB::USB Host:MTP HS::1.0:USB_HOST_1_0_RESTRICTED_HS
2024-04-03 19:50:09,635 [WARN] ModelIntegratedComponent:188 - Modes not found for component STMicroelectronics:USB_HOST:1.0.0:STMicroelectronics:USB::USB Host:MTP HS::1.0:USB_HOST_1_0_RESTRICTED_HS
2024-04-03 19:50:09,758 [INFO] ThirdPartyModel:298 - Start build external matchings
2024-04-03 19:50:11,520 [INFO] ThirdPartyModel:316 - End build external matchings
2024-04-03 19:50:11,567 [INFO] RtosManager:919 - Current active RTOS is FREERTOS [Cortex-M4NS]
2024-04-03 19:50:11,577 [WARN] IP:2114 - I2C_Coeff_DF not found: check if there is a RefParameter without a condition.
2024-04-03 19:50:11,577 [WARN] IP:2114 - Analog_Filter not found: check if there is a RefParameter without a condition.
2024-04-03 19:50:11,577 [INFO] ImportTextPane:194 - (OptionalMessage_ERROR) IP (RCC) : Parameter (48MHZClocksFreq_Value) has invalid value (50000000)
2024-04-03 19:50:11,579 [INFO] ImportTextPane:194 - (OptionalMessage_ERROR) IP (RCC) : Parameter (FLatency) has Id (AdvancedSettings) currently not set
2024-04-03 19:50:11,580 [INFO] ImportTextPane:194 - (OptionalMessage_ERROR) IP (RCC) : Parameter (RTCHSEDivFreq_Value) has invalid value (4000000)
2024-04-03 19:50:11,703 [INFO] UtilMem:75 - End LoadConfig() Used Memory: 570967144 Bytes (1073741824)
2024-04-03 19:50:11,771 [INFO] ApiDb:581 - Connected to CubeFinder SQLite database (C:\Users\Daniel\.stmcufinder\plugins\mcufinder\mcu\cube-finder-db.db)
2024-04-03 19:50:11,829 [INFO] ApiDb:668 - CubeFinder database Data Model version=2.1
2024-04-03 19:50:11,829 [INFO] ApiDb:669 - CubeFinder database Configuration version=3.0.39
2024-04-03 19:50:11,829 [INFO] ApiDb:670 - CubeFinder database generation date=2024-03-01 (1709305525)
2024-04-03 19:50:11,830 [INFO] ApiDb:671 - CubeFinder database FW Pack versions=[FP-ATR-ASTRA1_V2.0.0, FP-SNS-FLIGHT1_V5.0.1, FP-SNS-FLIGHT1_V5.0.2, FP-SNS-MOTENV1_V4.3.1, FP-SNS-MOTENV1_V4.3.2, FP-SNS-MOTENVWB1_V1.3.1, FP-SNS-SMARTAG2_V1.2.0, STM32Cube_FW_C0_V1.1.0, STM32Cube_FW_F4_V1.28.0, STM32Cube_FW_F7_V1.17.0, STM32Cube_FW_G0_V1.6.2, STM32Cube_FW_G4_V1.5.2, STM32Cube_FW_H5_V0.5.1, STM32Cube_FW_H5_V1.1.1, STM32Cube_FW_H5_V1.2.0, STM32Cube_FW_H5_V1.2.0RC4, STM32Cube_FW_H7RS_V1.0.0, STM32Cube_FW_H7RS_V1.0.0RC4, STM32Cube_FW_H7_V1.11.0, STM32Cube_FW_L0_V1.12.2, STM32Cube_FW_L5_V1.5.1, STM32Cube_FW_U0_V1.0.0, STM32Cube_FW_U0_V1.0.0RC1, STM32Cube_FW_U5_V1.3.0RC4, STM32Cube_FW_U5_V1.5.0, STM32Cube_FW_U5_V1.5.0RC1, STM32Cube_FW_WBA_V1.0.0RC1, STM32Cube_FW_WBA_V1.2.0, STM32Cube_FW_WBA_V1.2.0RC2, STM32Cube_FW_WBA_V1.3.0, STM32Cube_FW_WBA_V1.3.0RC1, STM32Cube_FW_WB_V1.15.0RC1, STM32Cube_FW_WB_V1.16.0, STM32Cube_FW_WB_V1.16.0RC2, STM32Cube_FW_WB_V1.18.0, STM32Cube_FW_WB_V1.19.0, STM32Cube_FW_WL_V1.3.0, X-CUBE-ALGOBUILD_V1.3.0, X-CUBE-ALS_V1.0.1, X-CUBE-AZRTOS-F4_V1.1.0, X-CUBE-AZRTOS-F7_V1.1.0, X-CUBE-AZRTOS-G0_V1.1.0, X-CUBE-AZRTOS-G4_V2.0.0, X-CUBE-AZRTOS-H7_V3.2.0, X-CUBE-AZRTOS-L4_V1.0.0, X-CUBE-AZRTOS-L4_V2.0.0, X-CUBE-AZRTOS-L5_V1.1.0, X-CUBE-AZRTOS-WB_V2.0.0, X-CUBE-AZRTOS-WL_V2.0.0, X-CUBE-BLE1_V7.0.0, X-CUBE-BLE2_V3.3.0, X-CUBE-BLEMGR_V3.1.0, X-CUBE-EEPRMA1_V4.1.0, X-CUBE-EEPRMA1_V5.1.0, X-CUBE-FREERTOS_V1.1.0, X-CUBE-GNSS1_V6.0.0, X-CUBE-MEMS1_V10.0.0, X-CUBE-MEMS1_V9.1.0, X-CUBE-MEMS1_V9.4.0, X-CUBE-MEMS1_V9.6.0, X-CUBE-NFC4_V3.0.0, X-CUBE-NFC7_V1.0.1, X-CUBE-SFXS2LP1_V4.0.0, X-CUBE-SUBG2_V5.0.0, X-CUBE-TOF1_V3.4.0]
2024-04-03 19:50:13,815 [INFO] ApiDb:240 - Found 323 in-development CPN: [B-G473E-ZEST1S, B-WB1M-WPAN1, B-WL5M-SUBG1, NUCLEO-C031C6, NUCLEO-H503RB, NUCLEO-H563ZI, NUCLEO-U545RE-Q, NUCLEO-U5A5ZJ-Q, NUCLEO-WBA52CG, STEVAL-PROTEUS1, STEVAL-SMARTAG2, STEVAL-STWINBX1, STM320518-EVAL, STM32C0116-DK, STM32C011D6Y3TR, STM32C011D6Y6TR, STM32C011F4P3, STM32C011F4P6, STM32C011F4U3, STM32C011F4U6TR, STM32C011F6P3, STM32C011F6P6, STM32C011F6U3, STM32C011F6U6TR, STM32C011J4M3, STM32C011J4M6, STM32C011J6M3, STM32C011J6M6, STM32C0316-DK, STM32C031C4T3, STM32C031C4T6, STM32C031C4U3, STM32C031C4U6, STM32C031C6T3, STM32C031C6T6, STM32C031C6U3, STM32C031C6U6, STM32C031F4P3, STM32C031F4P6, STM32C031F6P3, STM32C031F6P6, STM32C031G4U3, STM32C031G4U6, STM32C031G6U3, STM32C031G6U6, STM32C031K4T3, STM32C031K4T6, STM32C031K4U3, STM32C031K4U6, STM32C031K6T3, STM32C031K6T6, STM32C031K6U3, STM32C031K6U6, STM32G071K8TXN, STM32G071K8UXN, STM32G081GBU6N, STM32G081KBT6N, STM32G081KBUXN, STM32G0B1CCT6N, STM32G0B1KCT6, STM32G0B1NEY6TR, STM32G0B1RCT6N, STM32G0C1CCT6, STM32G0C1CCT6N, STM32G0C1CCU6N, STM32G0C1CET6N, STM32G0C1CEU6N, STM32G0C1KCT6, STM32G0C1NEY6TR, STM32G0C1RCI6N, STM32G0C1RCT6N, STM32G0C1REI6N, STM32G0C1RET6N, STM32G0C1VCI6, STM32G0C1VEI6, STM32G471CCT6, STM32G471CCU6, STM32G471CET3, STM32G471CET6, STM32G471CEU3, STM32G471CEU6, STM32G471MCT6, STM32G471MET3, STM32G471MET6, STM32G471MEY6TR, STM32G471QCT6, STM32G471QET3, STM32G471RCT6, STM32G471RET3, STM32G471RET6, STM32G471VCH6, STM32G471VCI6, STM32G471VCT6, STM32G471VEH3, STM32G471VEH6, STM32G471VEI3, STM32G471VEI6, STM32G471VET3, STM32G471VET6, STM32G474CCT6, STM32H503CBT6, STM32H503CBU6, STM32H503EBY6TR, STM32H503KBU6, STM32H503RBT6, STM32H562AGI6, STM32H562AII6, STM32H562IGK6, STM32H562IGT6, STM32H562IIK6, STM32H562IIT6, STM32H562RGT6, STM32H562RGV6, STM32H562RIT6, STM32H562RIV6, STM32H562VGT6, STM32H562VIT6, STM32H562ZGT6, STM32H562ZIT6, STM32H563AGI6, STM32H563AII3Q, STM32H563AII6, STM32H563IGK6, STM32H563IGT6, STM32H563IIK3Q, STM32H563IIK6, STM32H563IIT3Q, STM32H563IIT6, STM32H563MIY3QTR, STM32H563RGT6, STM32H563RGV6, STM32H563RIT6, STM32H563RIV6, STM32H563VGT6, STM32H563VIT3Q, STM32H563VIT6, STM32H563ZGT6, STM32H563ZIT3Q, STM32H563ZIT6, STM32H573AII3Q, STM32H573AII6, STM32H573I-DK, STM32H573IIK3Q, STM32H573IIK6, STM32H573IIT3Q, STM32H573IIT6, STM32H573MIY3QTR, STM32H573RIT6, STM32H573RIV6, STM32H573VIT3Q, STM32H573VIT6, STM32H573ZIT3Q, STM32H573ZIT6, STM32L4R5QGI6STR, STM32MP131AAE3, STM32MP131AAF3, STM32MP131AAG3, STM32MP131CAE3, STM32MP131CAF3, STM32MP131CAG3, STM32MP131DAE7, STM32MP131DAF7, STM32MP131DAG7, STM32MP131FAE7, STM32MP131FAF7, STM32MP131FAG7, STM32MP133AAE3, STM32MP133AAF3, STM32MP133AAG3, STM32MP133CAE3, STM32MP133CAF3, STM32MP133CAG3, STM32MP133DAE7, STM32MP133DAF7, STM32MP133DAG7, STM32MP133FAE7, STM32MP133FAF7, STM32MP133FAG7, STM32MP135AAE3, STM32MP135AAF3, STM32MP135AAG3, STM32MP135CAE3, STM32MP135CAF3, STM32MP135CAG3, STM32MP135DAE7, STM32MP135DAF7, STM32MP135DAG7, STM32MP135F-DK, STM32MP135FAE7, STM32MP135FAF7, STM32MP135FAF7T, STM32MP135FAF7U, STM32MP135FAG7, STM32U535CBT6, STM32U535CBT6Q, STM32U535CBU6, STM32U535CBU6Q, STM32U535CCT6, STM32U535CCT6Q, STM32U535CCU6, STM32U535CCU6Q, STM32U535CET6, STM32U535CET6Q, STM32U535CEU6, STM32U535CEU6Q, STM32U535JEY6QTR, STM32U535NCY6QTR, STM32U535NEY6QTR, STM32U535RBI6, STM32U535RBI6Q, STM32U535RBT6, STM32U535RBT6Q, STM32U535RCI6, STM32U535RCI6Q, STM32U535RCT6, STM32U535RCT6Q, STM32U535REI6, STM32U535REI6Q, STM32U535RET6, STM32U535RET6Q, STM32U535VCI6, STM32U535VCI6Q, STM32U535VCT6, STM32U535VCT6Q, STM32U535VEI6, STM32U535VEI6Q, STM32U535VET6, STM32U535VET6Q, STM32U545CET6, STM32U545CET6Q, STM32U545CEU6, STM32U545CEU6Q, STM32U545JEY6QTR, STM32U545NEY6QTR, STM32U545REI6, STM32U545REI6Q, STM32U545RET6, STM32U545RET6Q, STM32U545VEI6, STM32U545VEI6Q, STM32U545VET6, STM32U545VET6Q, STM32U595AIH6, STM32U595AIH6Q, STM32U595AJH6, STM32U595AJH6Q, STM32U595QII6, STM32U595QII6Q, STM32U595QJI6, STM32U595QJI6Q, STM32U595RIT6, STM32U595RIT6Q, STM32U595RJT6, STM32U595RJT6Q, STM32U595VIT6, STM32U595VIT6Q, STM32U595VJT6, STM32U595VJT6Q, STM32U595ZIT6, STM32U595ZIT6Q, STM32U595ZIY6QTR, STM32U595ZJT6, STM32U595ZJT6Q, STM32U595ZJY6QTR, STM32U599BJY6QTR, STM32U599NIH6Q, STM32U599NJH6Q, STM32U599VIT6Q, STM32U599VJT6, STM32U599VJT6Q, STM32U599ZIT6Q, STM32U599ZIY6QTR, STM32U599ZJT6Q, STM32U599ZJY6QTR, STM32U5A5AJH6, STM32U5A5AJH6Q, STM32U5A5QJI6, STM32U5A5QJI6Q, STM32U5A5RJT6, STM32U5A5RJT6Q, STM32U5A5VJT6, STM32U5A5VJT6Q, STM32U5A5ZJT6, STM32U5A5ZJT6Q, STM32U5A5ZJY6QTR, STM32U5A9BJY6QTR, STM32U5A9J-DK, STM32U5A9NJH6Q, STM32U5A9VJT6Q, STM32U5A9ZJT6Q, STM32U5A9ZJY6QTR, STM32U5F7VIT6, STM32U5F7VIT6Q, STM32U5F7VJT6, STM32U5F7VJT6Q, STM32U5F9BJY6QTR, STM32U5F9NJH6Q, STM32U5F9VIT6Q, STM32U5F9VJT6Q, STM32U5F9ZIJ6QTR, STM32U5F9ZIT6Q, STM32U5F9ZJJ6QTR, STM32U5F9ZJT6Q, STM32U5G7VJT6, STM32U5G7VJT6Q, STM32U5G9BJY6QTR, STM32U5G9J-DK1, STM32U5G9J-DK2, STM32U5G9NJH6Q, STM32U5G9VJT6Q, STM32U5G9ZJJ6QTR, STM32U5G9ZJT6Q, STM32WB1MMCH6, STM32WBA52CEU6, STM32WBA52CEU6T, STM32WBA52CGU6, STM32WBA52CGU6T, STM32WBA52KEU6, STM32WBA52KEU6T, STM32WBA52KGU6, STM32WBA52KGU6T, STM32WL5MOCH6, STM32WL5MOCH6TR]
2024-04-03 19:50:13,818 [INFO] DbMcus:217 - Found 3938 MCUs, 3938 are supported
2024-04-03 19:50:13,819 [INFO] ApiDb:423 - Load user favorites file C:\Users\Daniel/.stm32cubeide/favorites.mcus.txt: 0 item(s)
2024-04-03 19:50:13,819 [INFO] ApiDb:427 - User favorites MCUs=[]
2024-04-03 19:50:13,819 [INFO] DbMcus:223 - Set 0 / 0 favorites MCUs
2024-04-03 19:50:14,094 [WARN] ThirdParty:833 - waiting for thirdparty lock release [change project]
2024-04-03 19:50:14,094 [INFO] ThirdParty:835 - entering critical section [change project]
2024-04-03 19:50:14,094 [INFO] ThirdParty:1030 - CMSIS Pack Vendor :STMicroelectronics USBPD 4.1
2024-04-03 19:50:14,094 [INFO] ThirdParty:1030 - CMSIS Pack Vendor :STMicroelectronics X-CUBE-GNSS1 6.0.0
2024-04-03 19:50:14,095 [INFO] ThirdParty:1030 - CMSIS Pack Vendor :STMicroelectronics USB_HOST 2.0.0
2024-04-03 19:50:14,095 [INFO] ThirdParty:1030 - CMSIS Pack Vendor :STMicroelectronics X-CUBE-AZRTOS-F4 1.1.0
2024-04-03 19:50:14,095 [INFO] ThirdParty:1030 - CMSIS Pack Vendor :STMicroelectronics LIBJPEG 8.0.0
2024-04-03 19:50:14,095 [INFO] ThirdParty:1030 - CMSIS Pack Vendor :STMicroelectronics X-CUBE-SMBUS 2.1.0
2024-04-03 19:50:14,095 [INFO] ThirdParty:1030 - CMSIS Pack Vendor :STMicroelectronics X-CUBE-TOUCHGFX 4.23.1
2024-04-03 19:50:14,095 [INFO] ThirdParty:1030 - CMSIS Pack Vendor :STMicroelectronics X-CUBE-TOUCHGFX 4.23.0
2024-04-03 19:50:14,095 [INFO] ThirdParty:1030 - CMSIS Pack Vendor :STMicroelectronics X-CUBE-BLEMGR 1.2.0
2024-04-03 19:50:14,095 [INFO] ThirdParty:1030 - CMSIS Pack Vendor :STMicroelectronics X-CUBE-AZRTOS-F7 1.1.0
2024-04-03 19:50:14,095 [INFO] ThirdParty:1030 - CMSIS Pack Vendor :STMicroelectronics X-CUBE-AZRTOS-L5 2.0.0
2024-04-03 19:50:14,095 [INFO] ThirdParty:1030 - CMSIS Pack Vendor :STMicroelectronics USB_DEVICE 2.0.0
2024-04-03 19:50:14,095 [INFO] ThirdParty:1030 - CMSIS Pack Vendor :STMicroelectronics X-CUBE-MEMS1 9.6.0
2024-04-03 19:50:14,095 [INFO] ThirdParty:1030 - CMSIS Pack Vendor :STMicroelectronics X-CUBE-EEPRMA1 4.2.0
2024-04-03 19:50:14,095 [INFO] ThirdParty:1030 - CMSIS Pack Vendor :STMicroelectronics X-CUBE-NFC6 3.1.0
2024-04-03 19:50:14,095 [INFO] ThirdParty:1030 - CMSIS Pack Vendor :ITTIA_DB I-CUBE-ITTIADB 8.8.0
2024-04-03 19:50:14,095 [INFO] ThirdParty:1030 - CMSIS Pack Vendor :STMicroelectronics FP-SNS-MOTENV1 4.3.0
2024-04-03 19:50:14,095 [INFO] ThirdParty:1030 - CMSIS Pack Vendor :STMicroelectronics FP-SNS-FLIGHT1 5.0.0
2024-04-03 19:50:14,095 [INFO] ThirdParty:1030 - CMSIS Pack Vendor :STMicroelectronics FP-SNS-MOTENV1 4.3.1
2024-04-03 19:50:14,095 [INFO] ThirdParty:1030 - CMSIS Pack Vendor :STMicroelectronics FP-SNS-FLIGHT1 5.0.1
2024-04-03 19:50:14,095 [INFO] ThirdParty:1030 - CMSIS Pack Vendor :STMicroelectronics X-CUBE-BLE1 6.2.3
2024-04-03 19:50:14,095 [INFO] ThirdParty:1030 - CMSIS Pack Vendor :STMicroelectronics X-CUBE-BLE1 6.2.4
2024-04-03 19:50:14,095 [INFO] ThirdParty:1030 - CMSIS Pack Vendor :STMicroelectronics FreeRTOS 0.0.1
2024-04-03 19:50:14,095 [INFO] ThirdParty:1030 - CMSIS Pack Vendor :emotas I-CUBE-CANOPEN 1.1.3
2024-04-03 19:50:14,095 [INFO] ThirdParty:1030 - CMSIS Pack Vendor :STMicroelectronics X-CUBE-BLEMGR 2.0.0
2024-04-03 19:50:14,095 [INFO] ThirdParty:1030 - CMSIS Pack Vendor :STMicroelectronics X-CUBE-NFC4 2.0.5
2024-04-03 19:50:14,095 [INFO] ThirdParty:1030 - CMSIS Pack Vendor :STMicroelectronics X-CUBE-AZRTOS-H7 3.1.0
2024-04-03 19:50:14,095 [INFO] ThirdParty:1030 - CMSIS Pack Vendor :STMicroelectronics PDM2PCM 3.3.0
2024-04-03 19:50:14,095 [INFO] ThirdParty:1030 - CMSIS Pack Vendor :STMicroelectronics X-CUBE-DISPLAY 3.0.0
2024-04-03 19:50:14,095 [INFO] ThirdParty:1030 - CMSIS Pack Vendor :wolfSSL I-CUBE-wolfSSL 5.5.3
2024-04-03 19:50:14,095 [INFO] ThirdParty:1030 - CMSIS Pack Vendor :STMicroelectronics X-CUBE-BLE1 7.0.0
2024-04-03 19:50:14,095 [INFO] ThirdParty:1030 - CMSIS Pack Vendor :STMicroelectronics HAL Drivers 0.0.0
2024-04-03 19:50:14,095 [INFO] ThirdParty:1030 - CMSIS Pack Vendor :STMicroelectronics MBEDTLS 2.14.1
2024-04-03 19:50:14,095 [INFO] ThirdParty:1030 - CMSIS Pack Vendor :STMicroelectronics X-CUBE-NFC7 1.0.0
2024-04-03 19:50:14,095 [INFO] ThirdParty:1030 - CMSIS Pack Vendor :STMicroelectronics X-CUBE-TOUCHGFX 4.22.1
2024-04-03 19:50:14,095 [INFO] ThirdParty:1030 - CMSIS Pack Vendor :STMicroelectronics X-CUBE-MEMS1 9.3.0
2024-04-03 19:50:14,095 [INFO] ThirdParty:1030 - CMSIS Pack Vendor :STMicroelectronics X-CUBE-EEPRMA1 4.1.0
2024-04-03 19:50:14,095 [INFO] ThirdParty:1030 - CMSIS Pack Vendor :STMicroelectronics X-CUBE-BLEMGR 3.1.0
2024-04-03 19:50:14,095 [INFO] ThirdParty:1030 - CMSIS Pack Vendor :STMicroelectronics FP-SNS-MOTENV1 5.0.0
2024-04-03 19:50:14,095 [INFO] ThirdParty:1030 - CMSIS Pack Vendor :STMicroelectronics USB_DEVICE 1.0.0
2024-04-03 19:50:14,096 [INFO] ThirdParty:1030 - CMSIS Pack Vendor :STMicroelectronics X-CUBE-AZRTOS-L4 2.0.0
2024-04-03 19:50:14,096 [INFO] ThirdParty:1030 - CMSIS Pack Vendor :STMicroelectronics ThreadX 0.0.2
2024-04-03 19:50:14,096 [INFO] ThirdParty:1030 - CMSIS Pack Vendor :WES I-CUBE-Cesium 1.3.0
2024-04-03 19:50:14,096 [INFO] ThirdParty:1030 - CMSIS Pack Vendor :STMicroelectronics lwIP 2.1.2
2024-04-03 19:50:14,096 [INFO] ThirdParty:1030 - CMSIS Pack Vendor :STMicroelectronics X-CUBE-SFXS2LP1 4.0.0
2024-04-03 19:50:14,096 [INFO] ThirdParty:1030 - CMSIS Pack Vendor :STMicroelectronics X-CUBE-BLE2 3.3.0
2024-04-03 19:50:14,096 [INFO] ThirdParty:1030 - CMSIS Pack Vendor :STMicroelectronics X-CUBE-DISPLAY 2.2.0
2024-04-03 19:50:14,096 [INFO] ThirdParty:1030 - CMSIS Pack Vendor :STMicroelectronics X-CUBE-TOF1 3.2.0
2024-04-03 19:50:14,096 [INFO] ThirdParty:1030 - CMSIS Pack Vendor :STMicroelectronics PDM2PCM 3.2.0
2024-04-03 19:50:14,096 [INFO] ThirdParty:1030 - CMSIS Pack Vendor :STMicroelectronics X-CUBE-AZRTOS-H7 3.0.0
2024-04-03 19:50:14,096 [INFO] ThirdParty:1030 - CMSIS Pack Vendor :STMicroelectronics X-CUBE-ISPU 1.1.0
2024-04-03 19:50:14,096 [INFO] ThirdParty:1030 - CMSIS Pack Vendor :RoweBots I-CUBE-UNISONRTOS 5.5.0-4
2024-04-03 19:50:14,096 [INFO] ThirdParty:1030 - CMSIS Pack Vendor :STMicroelectronics X-CUBE-AZRTOS-H7 2.1.0
2024-04-03 19:50:14,096 [INFO] ThirdParty:1030 - CMSIS Pack Vendor :STMicroelectronics USB_DEVICE 3.0.0
2024-04-03 19:50:14,096 [INFO] ThirdParty:1030 - CMSIS Pack Vendor :STMicroelectronics X-CUBE-AI 8.0.0
2024-04-03 19:50:14,096 [INFO] ThirdParty:1030 - CMSIS Pack Vendor :STMicroelectronics X-CUBE-AZRTOS-WB 2.0.0
2024-04-03 19:50:14,096 [INFO] ThirdParty:1030 - CMSIS Pack Vendor :STMicroelectronics X-CUBE-FREERTOS 1.0.0
2024-04-03 19:50:14,096 [INFO] ThirdParty:1030 - CMSIS Pack Vendor :STMicroelectronics X-CUBE-FREERTOS 1.0.1
2024-04-03 19:50:14,096 [INFO] ThirdParty:1030 - CMSIS Pack Vendor :STMicroelectronics X-CUBE-TOUCHGFX 4.21.1
2024-04-03 19:50:14,096 [INFO] ThirdParty:1030 - CMSIS Pack Vendor :STMicroelectronics X-CUBE-TOUCHGFX 4.21.0
2024-04-03 19:50:14,096 [INFO] ThirdParty:1030 - CMSIS Pack Vendor :STMicroelectronics X-CUBE-TOUCHGFX 4.21.3
2024-04-03 19:50:14,096 [INFO] ThirdParty:1030 - CMSIS Pack Vendor :STMicroelectronics X-CUBE-TOUCHGFX 4.21.4
2024-04-03 19:50:14,096 [INFO] ThirdParty:1030 - CMSIS Pack Vendor :STMicroelectronics X-CUBE-MEMS1 9.4.0
2024-04-03 19:50:14,096 [INFO] ThirdParty:1030 - CMSIS Pack Vendor :STMicroelectronics X-CUBE-AI 7.3.0
2024-04-03 19:50:14,096 [INFO] ThirdParty:1030 - CMSIS Pack Vendor :STMicroelectronics X-CUBE-ALGOBUILD 1.3.0
2024-04-03 19:50:14,096 [INFO] ThirdParty:1030 - CMSIS Pack Vendor :STMicroelectronics X-CUBE-AZRTOS-L5 1.1.0
2024-04-03 19:50:14,096 [INFO] ThirdParty:1030 - CMSIS Pack Vendor :STMicroelectronics X-CUBE-AZRTOS-G0 1.1.0
2024-04-03 19:50:14,096 [INFO] ThirdParty:1030 - CMSIS Pack Vendor :STMicroelectronics X-CUBE-AI 8.0.1
2024-04-03 19:50:14,096 [INFO] ThirdParty:1030 - CMSIS Pack Vendor :STMicroelectronics X-CUBE-SAFEA1 1.2.2
2024-04-03 19:50:14,096 [INFO] ThirdParty:1030 - CMSIS Pack Vendor :STMicroelectronics X-CUBE-NFC4 3.0.0
2024-04-03 19:50:14,096 [INFO] ThirdParty:1030 - CMSIS Pack Vendor :STMicroelectronics X-CUBE-SUBG2 5.0.0
2024-04-03 19:50:14,096 [INFO] ThirdParty:1030 - CMSIS Pack Vendor :STMicroelectronics STM32_WPAN 1.0.0
2024-04-03 19:50:14,096 [INFO] ThirdParty:1030 - CMSIS Pack Vendor :SEGGER I-CUBE-embOS 1.2.1
2024-04-03 19:50:14,096 [INFO] ThirdParty:1030 - CMSIS Pack Vendor :STMicroelectronics lwIP 2.0.3
2024-04-03 19:50:14,096 [INFO] ThirdParty:1030 - CMSIS Pack Vendor :STMicroelectronics USB_HOST 1.0.0
2024-04-03 19:50:14,096 [INFO] ThirdParty:1030 - CMSIS Pack Vendor :STMicroelectronics X-CUBE-AZRTOS-G4 2.0.0
2024-04-03 19:50:14,096 [INFO] ThirdParty:1030 - CMSIS Pack Vendor :STMicroelectronics PDM2PCM 3.1.0
2024-04-03 19:50:14,096 [INFO] ThirdParty:1030 - CMSIS Pack Vendor :STMicroelectronics X-CUBE-TOF1 3.3.0
2024-04-03 19:50:14,097 [INFO] ThirdParty:1030 - CMSIS Pack Vendor :STMicroelectronics FP-ATR-ASTRA1 1.1.1
2024-04-03 19:50:14,097 [INFO] ThirdParty:1030 - CMSIS Pack Vendor :Infineon AIROC-Wi-Fi-Bluetooth-STM32 1.5.1
2024-04-03 19:50:14,097 [INFO] ThirdParty:1030 - CMSIS Pack Vendor :STMicroelectronics X-CUBE-BLEMGR 3.0.0
2024-04-03 19:50:14,097 [INFO] ThirdParty:1030 - CMSIS Pack Vendor :STMicroelectronics X-CUBE-BLEMGR 1.3.0
2024-04-03 19:50:14,097 [INFO] ThirdParty:1030 - CMSIS Pack Vendor :STMicroelectronics FP-SNS-MOTENVWB1 1.3.0
2024-04-03 19:50:14,097 [INFO] ThirdParty:1030 - CMSIS Pack Vendor :STMicroelectronics FP-SNS-MOTENVWB1 1.3.1
2024-04-03 19:50:14,097 [INFO] ThirdParty:1030 - CMSIS Pack Vendor :STMicroelectronics FP-ATR-SIGFOX1 3.2.0
2024-04-03 19:50:14,097 [INFO] ThirdParty:1030 - CMSIS Pack Vendor :STMicroelectronics X-CUBE-AZRTOS-G4 1.0.0
2024-04-03 19:50:14,097 [INFO] ThirdParty:1030 - CMSIS Pack Vendor :STMicroelectronics X-CUBE-AZRTOS-L4 1.0.0
2024-04-03 19:50:14,097 [INFO] ThirdParty:1030 - CMSIS Pack Vendor :STMicroelectronics X-CUBE-ISPU 2.0.0
2024-04-03 19:50:14,097 [INFO] ThirdParty:1030 - CMSIS Pack Vendor :STMicroelectronics X-CUBE-EEPRMA1 5.1.0
2024-04-03 19:50:14,097 [INFO] ThirdParty:1030 - CMSIS Pack Vendor :STMicroelectronics MBEDTLS 2.16.2
2024-04-03 19:50:14,097 [INFO] ThirdParty:1030 - CMSIS Pack Vendor :STMicroelectronics X-CUBE-TOUCHGFX 4.20.0
2024-04-03 19:50:14,097 [INFO] ThirdParty:1030 - CMSIS Pack Vendor :STMicroelectronics X-CUBE-MEMS1 10.0.0
2024-04-03 19:50:14,097 [INFO] ThirdParty:1030 - CMSIS Pack Vendor :STMicroelectronics X-CUBE-FREERTOS 1.1.0
2024-04-03 19:50:14,097 [INFO] ThirdParty:1030 - CMSIS Pack Vendor :STMicroelectronics X-CUBE-AZRTOS-WL 1.0.0
2024-04-03 19:50:14,097 [INFO] ThirdParty:1030 - CMSIS Pack Vendor :portGmbH I-Cube-SoM-uGOAL 1.1.0
2024-04-03 19:50:14,097 [INFO] ThirdParty:1030 - CMSIS Pack Vendor :STMicroelectronics X-CUBE-ALS 1.0.1
2024-04-03 19:50:14,097 [INFO] ThirdParty:1030 - CMSIS Pack Vendor :STMicroelectronics X-CUBE-MEMS1 9.5.0
2024-04-03 19:50:14,097 [INFO] ThirdParty:1030 - CMSIS Pack Vendor :STMicroelectronics ThreadX 1.0.0
2024-04-03 19:50:14,097 [INFO] ThirdParty:1030 - CMSIS Pack Vendor :STMicroelectronics X-CUBE-AZRTOS-WB 1.1.0
2024-04-03 19:50:14,097 [INFO] ThirdParty:1030 - CMSIS Pack Vendor :SEGGER I-CUBE-embOS 1.3.1
2024-04-03 19:50:14,097 [INFO] ThirdParty:1030 - CMSIS Pack Vendor :STMicroelectronics X-CUBE-AZRTOS-L5 1.0.0
2024-04-03 19:50:14,097 [INFO] ThirdParty:1030 - CMSIS Pack Vendor :STMicroelectronics X-CUBE-EEPRMA1 3.1.1
2024-04-03 19:50:14,097 [INFO] ThirdParty:1030 - CMSIS Pack Vendor :STMicroelectronics FP-ATR-ASTRA1 2.0.0
2024-04-03 19:50:14,097 [INFO] ThirdParty:1030 - CMSIS Pack Vendor :STMicroelectronics X-CUBE-TOF1 3.4.0
2024-04-03 19:50:14,097 [INFO] ThirdParty:1030 - CMSIS Pack Vendor :STMicroelectronics X-CUBE-TOF1 3.4.1
2024-04-03 19:50:14,097 [INFO] ThirdParty:1030 - CMSIS Pack Vendor :STMicroelectronics X-CUBE-AZRTOS-H7 3.2.0
2024-04-03 19:50:14,097 [INFO] ThirdParty:841 - exiting critical section [change project]
2024-04-03 19:50:14,294 [INFO] PinOutPanel:1499 - setPackage(No Configuration,No Configuration)
2024-04-03 19:50:14,295 [INFO] PinOutPanel:1499 - setPackage(STM32F411RETx,LQFP64)
2024-04-03 19:50:14,618 [INFO] UtilMem:75 - Before build in PCC Used Memory: 642260440 Bytes (1073741824)
2024-04-03 19:50:15,126 [INFO] UtilMem:75 - After build in PCC Used Memory: 718806488 Bytes (1073741824)
2024-04-03 19:50:15,206 [INFO] ApiDbMcu:507 - Load IP Config File for FREERTOS
2024-04-03 19:50:15,229 [INFO] IPUIPlugin:80 - create IPUIPlugin
2024-04-03 19:50:15,230 [INFO] IPUIPlugin:80 - create IPUIPlugin
2024-04-03 19:50:15,230 [INFO] IPUIPlugin:80 - create IPUIPlugin
2024-04-03 19:50:15,230 [INFO] IPUIPlugin:80 - create IPUIPlugin
2024-04-03 19:50:15,230 [INFO] IPUIPlugin:80 - create IPUIPlugin
2024-04-03 19:50:15,230 [INFO] IPUIPlugin:80 - create IPUIPlugin
2024-04-03 19:50:15,230 [INFO] IPUIPlugin:80 - create IPUIPlugin
2024-04-03 19:50:15,230 [INFO] IPUIPlugin:80 - create IPUIPlugin
2024-04-03 19:50:15,230 [INFO] IPUIPlugin:80 - create IPUIPlugin
2024-04-03 19:50:15,230 [INFO] IPUIPlugin:80 - create IPUIPlugin
2024-04-03 19:50:15,230 [INFO] IPUIPlugin:80 - create IPUIPlugin
2024-04-03 19:50:15,230 [INFO] IPUIPlugin:80 - create IPUIPlugin
2024-04-03 19:50:15,230 [INFO] IPUIPlugin:80 - create IPUIPlugin
2024-04-03 19:50:15,230 [INFO] IPUIPlugin:80 - create IPUIPlugin
2024-04-03 19:50:15,231 [INFO] IPUIPlugin:80 - create IPUIPlugin
2024-04-03 19:50:15,231 [INFO] IPUIPlugin:80 - create IPUIPlugin
2024-04-03 19:50:15,231 [INFO] IPUIPlugin:80 - create IPUIPlugin
2024-04-03 19:50:15,231 [INFO] IPUIPlugin:80 - create IPUIPlugin
2024-04-03 19:50:15,231 [INFO] IPUIPlugin:80 - create IPUIPlugin
2024-04-03 19:50:15,231 [INFO] IPUIPlugin:80 - create IPUIPlugin
2024-04-03 19:50:15,231 [INFO] IPUIPlugin:80 - create IPUIPlugin
2024-04-03 19:50:15,231 [INFO] IPUIPlugin:80 - create IPUIPlugin
2024-04-03 19:50:15,231 [INFO] IPUIPlugin:80 - create IPUIPlugin
2024-04-03 19:50:15,232 [INFO] IPUIPlugin:80 - create IPUIPlugin
2024-04-03 19:50:15,232 [INFO] IPUIPlugin:80 - create IPUIPlugin
2024-04-03 19:50:15,232 [INFO] IPUIPlugin:80 - create IPUIPlugin
2024-04-03 19:50:15,232 [INFO] IPUIPlugin:80 - create IPUIPlugin
2024-04-03 19:50:15,232 [INFO] IPUIPlugin:80 - create IPUIPlugin
2024-04-03 19:50:15,232 [INFO] IPUIPlugin:80 - create IPUIPlugin
2024-04-03 19:50:15,232 [INFO] IPUIPlugin:80 - create IPUIPlugin
2024-04-03 19:50:15,232 [INFO] IPUIPlugin:80 - create IPUIPlugin
2024-04-03 19:50:15,233 [INFO] IPUIPlugin:80 - create IPUIPlugin
2024-04-03 19:50:15,233 [INFO] IPUIPlugin:80 - create IPUIPlugin
2024-04-03 19:50:15,233 [INFO] IPUIPlugin:80 - create IPUIPlugin
2024-04-03 19:50:15,233 [INFO] IPUIPlugin:80 - create IPUIPlugin
2024-04-03 19:50:15,233 [INFO] IPUIPlugin:80 - create IPUIPlugin
2024-04-03 19:50:15,233 [INFO] IPUIPlugin:80 - create IPUIPlugin
2024-04-03 19:50:15,233 [INFO] IPUIPlugin:80 - create IPUIPlugin
2024-04-03 19:50:15,233 [INFO] IPUIPlugin:80 - create IPUIPlugin
2024-04-03 19:50:15,234 [INFO] IPUIPlugin:80 - create IPUIPlugin
2024-04-03 19:50:15,234 [INFO] IPUIPlugin:80 - create IPUIPlugin
2024-04-03 19:50:15,234 [INFO] IPUIPlugin:80 - create IPUIPlugin
2024-04-03 19:50:15,234 [INFO] IPUIPlugin:80 - create IPUIPlugin
2024-04-03 19:50:15,249 [INFO] ApiDbMcu:507 - Load IP Config File for PDM2PCM
2024-04-03 19:50:15,256 [WARN] IP:2114 - I2C_Coeff_DF not found: check if there is a RefParameter without a condition.
2024-04-03 19:50:15,256 [WARN] IP:2114 - Analog_Filter not found: check if there is a RefParameter without a condition.
2024-04-03 19:50:15,271 [WARN] FreeRTOS:1023 - Null or empty value: should not occur! (nothing added to the table)
2024-04-03 19:50:15,459 [INFO] CADModel:165 - CPN selected for project levelSTM32F411RET6
2024-04-03 19:50:15,459 [INFO] CADModel:114 - Register for checkConnection events
2024-04-03 19:50:15,461 [INFO] RtosManager:697 - Active RTOS found at IOC load: FREERTOS [Cortex-M4NS]
2024-04-03 19:50:15,498 [INFO] OpenFileManager:328 - Restore cursor
2024-04-03 19:50:15,677 [WARN] IP:2114 - I2C_Coeff_DF not found: check if there is a RefParameter without a condition.
2024-04-03 19:50:15,677 [WARN] IP:2114 - Analog_Filter not found: check if there is a RefParameter without a condition.
2024-04-03 19:50:15,678 [WARN] IP:2114 - I2C_Coeff_DF not found: check if there is a RefParameter without a condition.
2024-04-03 19:50:15,678 [WARN] IP:2114 - Analog_Filter not found: check if there is a RefParameter without a condition.
2024-04-03 19:55:21,854 [INFO] NvicIntPanel:101 - NVIC parent = com.st.microxplorer.plugins.ip.nvic.MultiNvicIntPanel[,0,0,0x0,invalid,layout=javax.swing.BoxLayout,alignmentX=0.0,alignmentY=0.0,border=,flags=9,maximumSize=,minimumSize=,preferredSize=]
2024-04-03 19:55:22,100 [INFO] UtilMem:75 - End SaveConfig() Used Memory: 798047144 Bytes (1073741824)
2024-04-03 19:55:22,208 [INFO] UtilMem:75 - End SaveConfig() Used Memory: 813775784 Bytes (1073741824)
2024-04-03 19:55:22,835 [INFO] UtilMem:75 - End SaveConfig() Used Memory: 846167368 Bytes (1073741824)
2024-04-03 19:55:23,226 [INFO] BlockDiagram:2759 - set Specific Code input for plugin: RTC
2024-04-03 19:55:23,227 [INFO] BlockDiagram:2759 - set Specific Code input for plugin: SPI
2024-04-03 19:55:23,227 [INFO] BlockDiagram:2759 - set Specific Code input for plugin: NVIC
2024-04-03 19:55:23,227 [INFO] BlockDiagram:2759 - set Specific Code input for plugin: FREERTOS
2024-04-03 19:55:23,227 [INFO] BlockDiagram:2759 - set Specific Code input for plugin: USART
2024-04-03 19:55:23,227 [INFO] BlockDiagram:2759 - set Specific Code input for plugin: TIM1_8
2024-04-03 19:55:23,227 [INFO] BlockDiagram:2759 - set Specific Code input for plugin: TIM1_8
2024-04-03 19:55:23,227 [INFO] BlockDiagram:2759 - set Specific Code input for plugin: SYS
2024-04-03 19:55:23,227 [INFO] BlockDiagram:2759 - set Specific Code input for plugin: GPIO
2024-04-03 19:55:23,227 [INFO] BlockDiagram:2759 - set Specific Code input for plugin: ADC
2024-04-03 19:55:23,227 [INFO] BlockDiagram:2759 - set Specific Code input for plugin: RCC
2024-04-03 19:55:23,227 [INFO] BlockDiagram:2759 - set Specific Code input for plugin: I2C
2024-04-03 19:55:23,228 [INFO] CodeGenerator:799 - code generatio: config db path: C:\ST\STM32CubeIDE_1.10.1\STM32CubeIDE\plugins\com.st.stm32cube.common.mx_6.9.2.202309101412\\db\
2024-04-03 19:55:23,238 [WARN] IP:2114 - I2C_Coeff_DF not found: check if there is a RefParameter without a condition.
2024-04-03 19:55:23,238 [WARN] IP:2114 - Analog_Filter not found: check if there is a RefParameter without a condition.
2024-04-03 19:55:23,422 [INFO] CodeEngine:255 - oldGeneratedFile, C:\Users\Daniel\Desktop\M8F93\EDAS\EDAS_APPL\MXTmpFiles\license.tmp_save
2024-04-03 19:55:23,789 [INFO] CodeEngine:279 - Generated code: C:\Users\Daniel\Desktop\M8F93\EDAS\EDAS_APPL\MXTmpFiles\license.tmp
2024-04-03 19:55:23,864 [INFO] CodeEngine:255 - oldGeneratedFile, C:\Users\Daniel\Desktop\M8F93\EDAS\EDAS_APPL\Core\Src\gpio.c_save
2024-04-03 19:55:23,974 [INFO] CodeEngine:279 - Generated code: C:\Users\Daniel\Desktop\M8F93\EDAS\EDAS_APPL\Core\Src\gpio.c
2024-04-03 19:55:23,987 [INFO] CodeEngine:255 - oldGeneratedFile, C:\Users\Daniel\Desktop\M8F93\EDAS\EDAS_APPL\Core\Inc\gpio.h_save
2024-04-03 19:55:24,054 [INFO] CodeEngine:279 - Generated code: C:\Users\Daniel\Desktop\M8F93\EDAS\EDAS_APPL\Core\Inc\gpio.h
2024-04-03 19:55:24,463 [INFO] Middleware:1439 - No code input for Bsp Dependency
2024-04-03 19:55:24,475 [INFO] CodeEngine:255 - oldGeneratedFile, C:\Users\Daniel\Desktop\M8F93\EDAS\EDAS_APPL\MXTmpFiles\rtos_inc.tmp_save
2024-04-03 19:55:24,564 [INFO] CodeEngine:279 - Generated code: C:\Users\Daniel\Desktop\M8F93\EDAS\EDAS_APPL\MXTmpFiles\rtos_inc.tmp
2024-04-03 19:55:24,573 [INFO] CodeEngine:255 - oldGeneratedFile, C:\Users\Daniel\Desktop\M8F93\EDAS\EDAS_APPL\MXTmpFiles\rtos_kernelInit.tmp_save
2024-04-03 19:55:24,643 [INFO] CodeEngine:279 - Generated code: C:\Users\Daniel\Desktop\M8F93\EDAS\EDAS_APPL\MXTmpFiles\rtos_kernelInit.tmp
2024-04-03 19:55:24,652 [INFO] CodeEngine:255 - oldGeneratedFile, C:\Users\Daniel\Desktop\M8F93\EDAS\EDAS_APPL\MXTmpFiles\rtos_kernelStart.tmp_save
2024-04-03 19:55:24,717 [INFO] CodeEngine:279 - Generated code: C:\Users\Daniel\Desktop\M8F93\EDAS\EDAS_APPL\MXTmpFiles\rtos_kernelStart.tmp
2024-04-03 19:55:24,726 [INFO] CodeEngine:255 - oldGeneratedFile, C:\Users\Daniel\Desktop\M8F93\EDAS\EDAS_APPL\MXTmpFiles\rtos_typedefs.tmp_save
2024-04-03 19:55:24,792 [INFO] CodeEngine:279 - Generated code: C:\Users\Daniel\Desktop\M8F93\EDAS\EDAS_APPL\MXTmpFiles\rtos_typedefs.tmp
2024-04-03 19:55:24,799 [INFO] CodeEngine:255 - oldGeneratedFile, C:\Users\Daniel\Desktop\M8F93\EDAS\EDAS_APPL\MXTmpFiles\rtos_vars.tmp_save
2024-04-03 19:55:24,873 [INFO] CodeEngine:279 - Generated code: C:\Users\Daniel\Desktop\M8F93\EDAS\EDAS_APPL\MXTmpFiles\rtos_vars.tmp
2024-04-03 19:55:24,880 [INFO] CodeEngine:255 - oldGeneratedFile, C:\Users\Daniel\Desktop\M8F93\EDAS\EDAS_APPL\MXTmpFiles\rtos_pfp.tmp_save
2024-04-03 19:55:24,934 [INFO] CodeEngine:279 - Generated code: C:\Users\Daniel\Desktop\M8F93\EDAS\EDAS_APPL\MXTmpFiles\rtos_pfp.tmp
2024-04-03 19:55:24,942 [INFO] CodeEngine:255 - oldGeneratedFile, C:\Users\Daniel\Desktop\M8F93\EDAS\EDAS_APPL\MXTmpFiles\rtos_obj_creat.tmp_save
2024-04-03 19:55:24,998 [INFO] CodeEngine:279 - Generated code: C:\Users\Daniel\Desktop\M8F93\EDAS\EDAS_APPL\MXTmpFiles\rtos_obj_creat.tmp
2024-04-03 19:55:25,007 [INFO] CodeEngine:255 - oldGeneratedFile, C:\Users\Daniel\Desktop\M8F93\EDAS\EDAS_APPL\MXTmpFiles\rtos_default_thread.tmp_save
2024-04-03 19:55:25,056 [INFO] CodeEngine:279 - Generated code: C:\Users\Daniel\Desktop\M8F93\EDAS\EDAS_APPL\MXTmpFiles\rtos_default_thread.tmp
2024-04-03 19:55:25,062 [INFO] CodeEngine:255 - oldGeneratedFile, C:\Users\Daniel\Desktop\M8F93\EDAS\EDAS_APPL\MXTmpFiles\rtos_threads.tmp_save
2024-04-03 19:55:25,113 [INFO] CodeEngine:279 - Generated code: C:\Users\Daniel\Desktop\M8F93\EDAS\EDAS_APPL\MXTmpFiles\rtos_threads.tmp
2024-04-03 19:55:25,123 [INFO] Middleware:1439 - No code input for Bsp Dependency
2024-04-03 19:55:25,129 [INFO] CodeEngine:255 - oldGeneratedFile, C:\Users\Daniel\Desktop\M8F93\EDAS\EDAS_APPL\MXTmpFiles\rtos_inc.tmp_save
2024-04-03 19:55:25,181 [INFO] CodeEngine:279 - Generated code: C:\Users\Daniel\Desktop\M8F93\EDAS\EDAS_APPL\MXTmpFiles\rtos_inc.tmp
2024-04-03 19:55:25,185 [INFO] CodeEngine:255 - oldGeneratedFile, C:\Users\Daniel\Desktop\M8F93\EDAS\EDAS_APPL\MXTmpFiles\rtos_kernelInit.tmp_save
2024-04-03 19:55:25,225 [INFO] CodeEngine:279 - Generated code: C:\Users\Daniel\Desktop\M8F93\EDAS\EDAS_APPL\MXTmpFiles\rtos_kernelInit.tmp
2024-04-03 19:55:25,228 [INFO] CodeEngine:255 - oldGeneratedFile, C:\Users\Daniel\Desktop\M8F93\EDAS\EDAS_APPL\MXTmpFiles\rtos_kernelStart.tmp_save
2024-04-03 19:55:25,268 [INFO] CodeEngine:279 - Generated code: C:\Users\Daniel\Desktop\M8F93\EDAS\EDAS_APPL\MXTmpFiles\rtos_kernelStart.tmp
2024-04-03 19:55:25,272 [INFO] CodeEngine:255 - oldGeneratedFile, C:\Users\Daniel\Desktop\M8F93\EDAS\EDAS_APPL\MXTmpFiles\rtos_typedefs.tmp_save
2024-04-03 19:55:25,312 [INFO] CodeEngine:279 - Generated code: C:\Users\Daniel\Desktop\M8F93\EDAS\EDAS_APPL\MXTmpFiles\rtos_typedefs.tmp
2024-04-03 19:55:25,320 [INFO] CodeEngine:255 - oldGeneratedFile, C:\Users\Daniel\Desktop\M8F93\EDAS\EDAS_APPL\MXTmpFiles\rtos_vars.tmp_save
2024-04-03 19:55:25,362 [INFO] CodeEngine:279 - Generated code: C:\Users\Daniel\Desktop\M8F93\EDAS\EDAS_APPL\MXTmpFiles\rtos_vars.tmp
2024-04-03 19:55:25,365 [INFO] CodeEngine:255 - oldGeneratedFile, C:\Users\Daniel\Desktop\M8F93\EDAS\EDAS_APPL\MXTmpFiles\rtos_pfp.tmp_save
2024-04-03 19:55:25,408 [INFO] CodeEngine:279 - Generated code: C:\Users\Daniel\Desktop\M8F93\EDAS\EDAS_APPL\MXTmpFiles\rtos_pfp.tmp
2024-04-03 19:55:25,416 [INFO] CodeEngine:255 - oldGeneratedFile, C:\Users\Daniel\Desktop\M8F93\EDAS\EDAS_APPL\MXTmpFiles\rtos_obj_creat.tmp_save
2024-04-03 19:55:25,458 [INFO] CodeEngine:279 - Generated code: C:\Users\Daniel\Desktop\M8F93\EDAS\EDAS_APPL\MXTmpFiles\rtos_obj_creat.tmp
2024-04-03 19:55:25,461 [INFO] CodeEngine:255 - oldGeneratedFile, C:\Users\Daniel\Desktop\M8F93\EDAS\EDAS_APPL\MXTmpFiles\rtos_default_thread.tmp_save
2024-04-03 19:55:25,501 [INFO] CodeEngine:279 - Generated code: C:\Users\Daniel\Desktop\M8F93\EDAS\EDAS_APPL\MXTmpFiles\rtos_default_thread.tmp
2024-04-03 19:55:25,505 [INFO] CodeEngine:255 - oldGeneratedFile, C:\Users\Daniel\Desktop\M8F93\EDAS\EDAS_APPL\MXTmpFiles\rtos_threads.tmp_save
2024-04-03 19:55:25,547 [INFO] CodeEngine:279 - Generated code: C:\Users\Daniel\Desktop\M8F93\EDAS\EDAS_APPL\MXTmpFiles\rtos_threads.tmp
2024-04-03 19:55:25,560 [INFO] CodeEngine:255 - oldGeneratedFile, C:\Users\Daniel\Desktop\M8F93\EDAS\EDAS_APPL\Core\Inc\FreeRTOSConfig.h_save
2024-04-03 19:55:25,628 [INFO] CodeEngine:279 - Generated code: C:\Users\Daniel\Desktop\M8F93\EDAS\EDAS_APPL\Core\Inc\FreeRTOSConfig.h
2024-04-03 19:55:25,641 [INFO] CodeEngine:255 - oldGeneratedFile, C:\Users\Daniel\Desktop\M8F93\EDAS\EDAS_APPL\Core\Src\freertos.c_save
2024-04-03 19:55:25,715 [INFO] CodeEngine:279 - Generated code: C:\Users\Daniel\Desktop\M8F93\EDAS\EDAS_APPL\Core\Src\freertos.c
2024-04-03 19:55:25,733 [INFO] CodeEngine:255 - oldGeneratedFile, C:\Users\Daniel\Desktop\M8F93\EDAS\EDAS_APPL\Core\Src\adc.c_save
2024-04-03 19:55:25,828 [INFO] CodeEngine:279 - Generated code: C:\Users\Daniel\Desktop\M8F93\EDAS\EDAS_APPL\Core\Src\adc.c
2024-04-03 19:55:25,839 [INFO] CodeEngine:255 - oldGeneratedFile, C:\Users\Daniel\Desktop\M8F93\EDAS\EDAS_APPL\Core\Inc\adc.h_save
2024-04-03 19:55:25,895 [INFO] CodeEngine:279 - Generated code: C:\Users\Daniel\Desktop\M8F93\EDAS\EDAS_APPL\Core\Inc\adc.h
2024-04-03 19:55:25,906 [INFO] CodeEngine:255 - oldGeneratedFile, C:\Users\Daniel\Desktop\M8F93\EDAS\EDAS_APPL\Core\Src\i2c.c_save
2024-04-03 19:55:25,980 [INFO] CodeEngine:279 - Generated code: C:\Users\Daniel\Desktop\M8F93\EDAS\EDAS_APPL\Core\Src\i2c.c
2024-04-03 19:55:25,984 [INFO] CodeEngine:255 - oldGeneratedFile, C:\Users\Daniel\Desktop\M8F93\EDAS\EDAS_APPL\Core\Inc\i2c.h_save
2024-04-03 19:55:26,043 [INFO] CodeEngine:279 - Generated code: C:\Users\Daniel\Desktop\M8F93\EDAS\EDAS_APPL\Core\Inc\i2c.h
2024-04-03 19:55:26,054 [INFO] CodeEngine:255 - oldGeneratedFile, C:\Users\Daniel\Desktop\M8F93\EDAS\EDAS_APPL\Core\Src\rtc.c_save
2024-04-03 19:55:26,132 [INFO] CodeEngine:279 - Generated code: C:\Users\Daniel\Desktop\M8F93\EDAS\EDAS_APPL\Core\Src\rtc.c
2024-04-03 19:55:26,135 [INFO] CodeEngine:255 - oldGeneratedFile, C:\Users\Daniel\Desktop\M8F93\EDAS\EDAS_APPL\Core\Inc\rtc.h_save
2024-04-03 19:55:26,190 [INFO] CodeEngine:279 - Generated code: C:\Users\Daniel\Desktop\M8F93\EDAS\EDAS_APPL\Core\Inc\rtc.h
2024-04-03 19:55:26,199 [INFO] CodeEngine:255 - oldGeneratedFile, C:\Users\Daniel\Desktop\M8F93\EDAS\EDAS_APPL\Core\Src\spi.c_save
2024-04-03 19:55:26,267 [INFO] CodeEngine:279 - Generated code: C:\Users\Daniel\Desktop\M8F93\EDAS\EDAS_APPL\Core\Src\spi.c
2024-04-03 19:55:26,271 [INFO] CodeEngine:255 - oldGeneratedFile, C:\Users\Daniel\Desktop\M8F93\EDAS\EDAS_APPL\Core\Inc\spi.h_save
2024-04-03 19:55:26,328 [INFO] CodeEngine:279 - Generated code: C:\Users\Daniel\Desktop\M8F93\EDAS\EDAS_APPL\Core\Inc\spi.h
2024-04-03 19:55:26,338 [INFO] CodeEngine:255 - oldGeneratedFile, C:\Users\Daniel\Desktop\M8F93\EDAS\EDAS_APPL\Core\Src\tim.c_save
2024-04-03 19:55:26,420 [INFO] CodeEngine:279 - Generated code: C:\Users\Daniel\Desktop\M8F93\EDAS\EDAS_APPL\Core\Src\tim.c
2024-04-03 19:55:26,423 [INFO] CodeEngine:255 - oldGeneratedFile, C:\Users\Daniel\Desktop\M8F93\EDAS\EDAS_APPL\Core\Inc\tim.h_save
2024-04-03 19:55:26,478 [INFO] CodeEngine:279 - Generated code: C:\Users\Daniel\Desktop\M8F93\EDAS\EDAS_APPL\Core\Inc\tim.h
2024-04-03 19:55:26,489 [INFO] CodeEngine:255 - oldGeneratedFile, C:\Users\Daniel\Desktop\M8F93\EDAS\EDAS_APPL\Core\Src\usart.c_save
2024-04-03 19:55:26,558 [INFO] CodeEngine:279 - Generated code: C:\Users\Daniel\Desktop\M8F93\EDAS\EDAS_APPL\Core\Src\usart.c
2024-04-03 19:55:26,562 [INFO] CodeEngine:255 - oldGeneratedFile, C:\Users\Daniel\Desktop\M8F93\EDAS\EDAS_APPL\Core\Inc\usart.h_save
2024-04-03 19:55:26,616 [INFO] CodeEngine:279 - Generated code: C:\Users\Daniel\Desktop\M8F93\EDAS\EDAS_APPL\Core\Inc\usart.h
2024-04-03 19:55:26,635 [INFO] CodeEngine:255 - oldGeneratedFile, C:\Users\Daniel\Desktop\M8F93\EDAS\EDAS_APPL\Core\Src\stm32f4xx_it.c_save
2024-04-03 19:55:26,724 [INFO] CodeEngine:279 - Generated code: C:\Users\Daniel\Desktop\M8F93\EDAS\EDAS_APPL\Core\Src\stm32f4xx_it.c
2024-04-03 19:55:26,739 [INFO] CodeEngine:255 - oldGeneratedFile, C:\Users\Daniel\Desktop\M8F93\EDAS\EDAS_APPL\Core\Inc\stm32f4xx_it.h_save
2024-04-03 19:55:26,800 [INFO] CodeEngine:279 - Generated code: C:\Users\Daniel\Desktop\M8F93\EDAS\EDAS_APPL\Core\Inc\stm32f4xx_it.h
2024-04-03 19:55:26,828 [INFO] CodeEngine:255 - oldGeneratedFile, C:\Users\Daniel\Desktop\M8F93\EDAS\EDAS_APPL\Core\Src\stm32f4xx_hal_msp.c_save
2024-04-03 19:55:26,896 [INFO] CodeEngine:279 - Generated code: C:\Users\Daniel\Desktop\M8F93\EDAS\EDAS_APPL\Core\Src\stm32f4xx_hal_msp.c
2024-04-03 19:55:26,902 [INFO] CodeEngine:255 - oldGeneratedFile, C:\Users\Daniel\Desktop\M8F93\EDAS\EDAS_APPL\MXTmpFiles\system.tmp_save
2024-04-03 19:55:26,947 [INFO] CodeEngine:279 - Generated code: C:\Users\Daniel\Desktop\M8F93\EDAS\EDAS_APPL\MXTmpFiles\system.tmp
2024-04-03 19:55:26,958 [INFO] CodeEngine:255 - oldGeneratedFile, C:\Users\Daniel\Desktop\M8F93\EDAS\EDAS_APPL\Core\Src\stm32f4xx_hal_timebase_tim.c_save
2024-04-03 19:55:27,018 [INFO] CodeEngine:279 - Generated code: C:\Users\Daniel\Desktop\M8F93\EDAS\EDAS_APPL\Core\Src\stm32f4xx_hal_timebase_tim.c
2024-04-03 19:55:27,037 [INFO] CodeEngine:311 - oldGeneratedFile, C:\Users\Daniel\Desktop\M8F93\EDAS\EDAS_APPL\Core\Inc\stm32f4xx_hal_conf.h_save
2024-04-03 19:55:27,107 [INFO] CodeEngine:335 - Generated code: C:\Users\Daniel\Desktop\M8F93\EDAS\EDAS_APPL\Core\Inc\stm32f4xx_hal_conf.h
2024-04-03 19:55:27,151 [INFO] CodeEngine:255 - oldGeneratedFile, C:\Users\Daniel\Desktop\M8F93\EDAS\EDAS_APPL\Core\Inc\main.h_save
2024-04-03 19:55:27,217 [INFO] CodeEngine:279 - Generated code: C:\Users\Daniel\Desktop\M8F93\EDAS\EDAS_APPL\Core\Inc\main.h
2024-04-03 19:55:27,234 [INFO] CodeEngine:255 - oldGeneratedFile, C:\Users\Daniel\Desktop\M8F93\EDAS\EDAS_APPL\Core\Src\main.c_save
2024-04-03 19:55:27,318 [INFO] CodeEngine:279 - Generated code: C:\Users\Daniel\Desktop\M8F93\EDAS\EDAS_APPL\Core\Src\main.c
2024-04-03 19:55:27,537 [INFO] ProjectBuilder:3064 - Time for Copy HAL[2] : 0mS.
2024-04-03 19:55:27,547 [INFO] ProjectBuilder:4404 - Project Generator version: 4.1.0
2024-04-03 19:55:27,716 [INFO] ConfigFileManager:1457 - The Die is : DIE431
2024-04-03 19:55:27,727 [INFO] ApiDbMcu:507 - Load IP Config File for FATFS
2024-04-03 19:55:27,734 [INFO] ApiDbMcu:507 - Load IP Config File for LIBJPEG
2024-04-03 19:55:27,749 [INFO] ApiDbMcu:507 - Load IP Config File for MBEDTLS
2024-04-03 19:55:27,762 [INFO] ApiDbMcu:507 - Load IP Config File for USB_DEVICE
2024-04-03 19:55:27,772 [INFO] ApiDbMcu:507 - Load IP Config File for USB_HOST
2024-04-03 19:55:28,841 [INFO] LogOutputStream:77 - [STDOUT_REDIRECT] 
2024-04-03 19:55:31,430 [INFO] ProjectBuilder:4626 - Time for Generating toolchain IDE Files: 3883mS.
2024-04-03 19:55:31,430 [INFO] ProjectBuilder:2935 - Time for Copy CMSIS : 0mS.
2024-04-03 19:55:31,432 [INFO] ProjectBuilder:2935 - Time for Copy CMSIS : 0mS.
