2024-04-17 00:20:59,787 [INFO] Activator:176 - 


2024-04-17 00:20:59,792 [INFO] Activator:177 - !SESSION log4j initialized
2024-04-17 00:21:01,260 [INFO] LogOutputStream:77 - [STDOUT_REDIRECT] 
2024-04-17 00:21:02,818 [INFO] ApplicationProperties:184 - Using Application install path: C:\ST\STM32CubeIDE_1.10.1\STM32CubeIDE\plugins\com.st.stm32cube.common.mx_6.9.2.202309101412
2024-04-17 00:21:02,828 [INFO] DbMcusXml:78 - Set database path to: C:\ST\STM32CubeIDE_1.10.1\STM32CubeIDE\plugins\com.st.stm32cube.common.mx_6.9.2.202309101412\\db\/mcu/
2024-04-17 00:21:02,829 [INFO] ApiDb:274 - Set plugin database path to: C:\ST\STM32CubeIDE_1.10.1\STM32CubeIDE\plugins\com.st.stm32cube.common.mx_6.9.2.202309101412\\db\/plugins/boardmanager/
2024-04-17 00:21:02,829 [WARN] ApiDb:259 - Overriding images path with different value:  => C:\ST\STM32CubeIDE_1.10.1\STM32CubeIDE\plugins\com.st.stm32cube.common.mx_6.9.2.202309101412\\db\/plugins/mcufinder/images/
2024-04-17 00:21:02,834 [INFO] ApiDb:250 - Set database path to: C:\Users\Daniel\.stmcufinder\plugins\mcufinder//mcu/
2024-04-17 00:21:02,834 [INFO] DbMcusAds:125 - Set database path to: C:\Users\Daniel\.stmcufinder\plugins\mcufinder//mcu/
2024-04-17 00:21:02,836 [INFO] CrossReferenceDbSqlite:203 - Set database path to: C:\Users\Daniel\.stmcufinder\plugins\mcufinder//mcu/cs/
2024-04-17 00:21:02,905 [INFO] RulesReader:64 - Compatibility file has been processed (293 Rules)
2024-04-17 00:21:02,955 [INFO] DbMcusXml:78 - Set database path to: C:\ST\STM32CubeIDE_1.10.1\STM32CubeIDE\plugins\com.st.stm32cube.common.mx_6.9.2.202309101412\\db\/mcu/
2024-04-17 00:21:02,955 [INFO] ApiDb:274 - Set plugin database path to: C:\ST\STM32CubeIDE_1.10.1\STM32CubeIDE\plugins\com.st.stm32cube.common.mx_6.9.2.202309101412\\db\/plugins/boardmanager/
2024-04-17 00:21:02,956 [INFO] ApiDb:261 - Set plugin images path to: C:\ST\STM32CubeIDE_1.10.1\STM32CubeIDE\plugins\com.st.stm32cube.common.mx_6.9.2.202309101412\\db\/plugins/mcufinder/images/
2024-04-17 00:21:02,956 [WARN] DbFile:41 - Overriding database path with different value: C:\Users\Daniel\.stmcufinder\plugins\mcufinder/ => C:\Users\Daniel\.stmcufinder\plugins\mcufinder
2024-04-17 00:21:02,956 [INFO] ApiDb:250 - Set database path to: C:\Users\Daniel\.stmcufinder\plugins\mcufinder//mcu/
2024-04-17 00:21:02,956 [WARN] DbFile:41 - Overriding database path with different value: C:\Users\Daniel\.stmcufinder\plugins\mcufinder/ => C:\Users\Daniel\.stmcufinder\plugins\mcufinder
2024-04-17 00:21:02,956 [INFO] DbMcusAds:125 - Set database path to: C:\Users\Daniel\.stmcufinder\plugins\mcufinder//mcu/
2024-04-17 00:21:02,956 [WARN] DbFile:41 - Overriding database path with different value: C:\Users\Daniel\.stmcufinder\plugins\mcufinder/ => C:\Users\Daniel\.stmcufinder\plugins\mcufinder
2024-04-17 00:21:02,956 [WARN] DbFile:41 - Overriding database path with different value: C:\Users\Daniel\.stmcufinder\plugins\mcufinder/ => C:\Users\Daniel\.stmcufinder\plugins\mcufinder
2024-04-17 00:21:02,956 [INFO] CrossReferenceDbSqlite:203 - Set database path to: C:\Users\Daniel\.stmcufinder\plugins\mcufinder//mcu/cs/
2024-04-17 00:21:02,999 [INFO] MainPanel:262 - HeapMemory: 268435456
2024-04-17 00:21:03,039 [INFO] DbMcusXml:78 - Set database path to: C:\ST\STM32CubeIDE_1.10.1\STM32CubeIDE\plugins\com.st.stm32cube.common.mx_6.9.2.202309101412\\db\/mcu/
2024-04-17 00:21:03,040 [INFO] ApiDb:274 - Set plugin database path to: C:\ST\STM32CubeIDE_1.10.1\STM32CubeIDE\plugins\com.st.stm32cube.common.mx_6.9.2.202309101412\\db\/plugins/boardmanager/
2024-04-17 00:21:03,040 [INFO] ApiDb:261 - Set plugin images path to: C:\ST\STM32CubeIDE_1.10.1\STM32CubeIDE\plugins\com.st.stm32cube.common.mx_6.9.2.202309101412\\db\/plugins/mcufinder/images/
2024-04-17 00:21:03,040 [WARN] DbFile:41 - Overriding database path with different value: C:\Users\Daniel\.stmcufinder\plugins\mcufinder/ => C:\Users\Daniel\.stmcufinder\plugins\mcufinder
2024-04-17 00:21:03,040 [INFO] ApiDb:250 - Set database path to: C:\Users\Daniel\.stmcufinder\plugins\mcufinder//mcu/
2024-04-17 00:21:03,040 [WARN] DbFile:41 - Overriding database path with different value: C:\Users\Daniel\.stmcufinder\plugins\mcufinder/ => C:\Users\Daniel\.stmcufinder\plugins\mcufinder
2024-04-17 00:21:03,040 [INFO] DbMcusAds:125 - Set database path to: C:\Users\Daniel\.stmcufinder\plugins\mcufinder//mcu/
2024-04-17 00:21:03,040 [WARN] DbFile:41 - Overriding database path with different value: C:\Users\Daniel\.stmcufinder\plugins\mcufinder/ => C:\Users\Daniel\.stmcufinder\plugins\mcufinder
2024-04-17 00:21:03,040 [WARN] DbFile:41 - Overriding database path with different value: C:\Users\Daniel\.stmcufinder\plugins\mcufinder/ => C:\Users\Daniel\.stmcufinder\plugins\mcufinder
2024-04-17 00:21:03,040 [INFO] CrossReferenceDbSqlite:203 - Set database path to: C:\Users\Daniel\.stmcufinder\plugins\mcufinder//mcu/cs/
2024-04-17 00:21:03,051 [INFO] ApplicationProperties:184 - Using Application install path: C:\ST\STM32CubeIDE_1.10.1\STM32CubeIDE\plugins\com.st.stm32cube.common.mx_6.9.2.202309101412
2024-04-17 00:21:03,052 [INFO] PluginManage:196 - Search for loadable plugins [exclusion list=, ]
2024-04-17 00:21:03,053 [INFO] PluginManage:310 - Check plugin analytics
2024-04-17 00:21:03,148 [INFO] AnalyticsPlugin:253 - Accepted Software Licenses: 
2024-04-17 00:21:03,148 [INFO] AnalyticsPlugin:255 - Accepted CMSIS Pack Licenses: 
2024-04-17 00:21:03,148 [INFO] AnalyticsPlugin:257 - Accepted Firmware Licenses: 
2024-04-17 00:21:03,150 [INFO] PluginManage:359 - Loaded plugin analytics (category:tool,tabindex:-1)
2024-04-17 00:21:03,150 [INFO] PluginManage:310 - Check plugin cadmodel
2024-04-17 00:21:03,153 [INFO] CADModel:105 - Init CAD model plugin
2024-04-17 00:21:03,153 [INFO] PluginManage:359 - Loaded plugin cadmodel (category:power,tabindex:5)
2024-04-17 00:21:03,153 [INFO] PluginManage:310 - Check plugin clock
2024-04-17 00:21:03,158 [INFO] PluginManage:359 - Loaded plugin clock (category:base,tabindex:2)
2024-04-17 00:21:03,158 [INFO] PluginManage:310 - Check plugin ddr
2024-04-17 00:21:03,159 [INFO] PluginManage:359 - Loaded plugin ddr (category:tool,tabindex:6)
2024-04-17 00:21:03,159 [INFO] PluginManage:310 - Check plugin filemanager
2024-04-17 00:21:03,256 [INFO] PluginManage:359 - Loaded plugin filemanager (category:base,tabindex:10)
2024-04-17 00:21:03,256 [INFO] PluginManage:310 - Check plugin ipmanager
2024-04-17 00:21:03,260 [INFO] PluginManage:359 - Loaded plugin ipmanager (category:base,tabindex:5)
2024-04-17 00:21:03,260 [INFO] PluginManage:310 - Check plugin lpbam
2024-04-17 00:21:03,266 [INFO] PluginManage:359 - Loaded plugin lpbam (category:base,tabindex:0)
2024-04-17 00:21:03,266 [INFO] PluginManage:310 - Check plugin memorymap
2024-04-17 00:21:03,273 [INFO] PluginManage:359 - Loaded plugin memorymap (category:base,tabindex:4)
2024-04-17 00:21:03,273 [INFO] PluginManage:310 - Check plugin pinoutandconfiguration
2024-04-17 00:21:03,278 [INFO] PluginManage:359 - Loaded plugin pinoutandconfiguration (category:base,tabindex:1)
2024-04-17 00:21:03,278 [INFO] PluginManage:310 - Check plugin pinoutconfig
2024-04-17 00:21:03,330 [WARN] SupportedApi:132 - Cannot load RTOS API schema: s4s-elt-must-match.1: The content of 'definitions' must match (annotation?, (simpleType | complexType)?, (unique | key | keyref)*)). A problem was found starting at: attribute.
2024-04-17 00:21:03,412 [INFO] PluginManage:359 - Loaded plugin pinoutconfig (category:base,tabindex:0)
2024-04-17 00:21:03,413 [INFO] PluginManage:310 - Check plugin power
2024-04-17 00:21:03,418 [INFO] PluginManage:359 - Loaded plugin power (category:power,tabindex:4)
2024-04-17 00:21:03,418 [INFO] PluginManage:310 - Check plugin projectmanager
2024-04-17 00:21:03,427 [INFO] PluginManage:359 - Loaded plugin projectmanager (category:projectmanager,tabindex:3)
2024-04-17 00:21:03,427 [INFO] PluginManage:310 - Check plugin thirdparty
2024-04-17 00:21:03,506 [INFO] PluginManage:359 - Loaded plugin thirdparty (category:base,tabindex:-1)
2024-04-17 00:21:03,506 [WARN] IntegrityCheckThread:84 - waiting for thirdparty lock release [integrity check]
2024-04-17 00:21:03,506 [INFO] PluginManage:310 - Check plugin tools
2024-04-17 00:21:03,507 [INFO] IntegrityCheckThread:86 - entering critical section [integrity check]
2024-04-17 00:21:03,507 [INFO] ThirdPartyUpdaterWithRetryManager:70 - Updater plugin not ready yet. [1/15]
2024-04-17 00:21:03,508 [INFO] PluginManage:359 - Loaded plugin tools (category:base,tabindex:7)
2024-04-17 00:21:03,508 [INFO] PluginManage:310 - Check plugin tutovideos
2024-04-17 00:21:03,614 [INFO] PluginManage:359 - Loaded plugin tutovideos (category:base,tabindex:-1)
2024-04-17 00:21:03,614 [INFO] PluginManage:310 - Check plugin updater
2024-04-17 00:21:03,619 [INFO] PluginManage:359 - Loaded plugin updater (category:base,tabindex:12)
2024-04-17 00:21:03,619 [INFO] PluginManage:310 - Check plugin userauth
2024-04-17 00:21:03,622 [INFO] UserAuth:113 - Init User Auth plugin
2024-04-17 00:21:03,623 [INFO] PluginManage:359 - Loaded plugin userauth (category:base,tabindex:14)
2024-04-17 00:21:03,623 [INFO] PluginManage:283 - PluginManage : Loaded plugins [17]
2024-04-17 00:21:03,760 [INFO] PinOutPanel:1499 - setPackage(No Configuration,No Configuration)
2024-04-17 00:21:03,827 [INFO] CADModel:165 - CPN selected for project level
2024-04-17 00:21:03,827 [INFO] CADModel:114 - Register for checkConnection events
2024-04-17 00:21:03,837 [INFO] IPUIPlugin:80 - create IPUIPlugin
2024-04-17 00:21:03,837 [INFO] PluginManager:220 - loadIPPluginJar : add adc
2024-04-17 00:21:03,839 [INFO] IPUIPlugin:80 - create IPUIPlugin
2024-04-17 00:21:03,839 [INFO] PluginManager:220 - loadIPPluginJar : add aes
2024-04-17 00:21:03,840 [INFO] IPUIPlugin:80 - create IPUIPlugin
2024-04-17 00:21:03,840 [INFO] PluginManager:220 - loadIPPluginJar : add can
2024-04-17 00:21:03,842 [INFO] IPUIPlugin:80 - create IPUIPlugin
2024-04-17 00:21:03,842 [INFO] PluginManager:220 - loadIPPluginJar : add comp
2024-04-17 00:21:03,843 [INFO] IPUIPlugin:80 - create IPUIPlugin
2024-04-17 00:21:03,843 [INFO] PluginManager:220 - loadIPPluginJar : add cryp
2024-04-17 00:21:03,844 [INFO] IPUIPlugin:80 - create IPUIPlugin
2024-04-17 00:21:03,844 [INFO] PluginManager:220 - loadIPPluginJar : add dfsdm
2024-04-17 00:21:03,848 [INFO] IPUIPlugin:80 - create IPUIPlugin
2024-04-17 00:21:03,848 [INFO] PluginManager:220 - loadIPPluginJar : add dma
2024-04-17 00:21:03,850 [INFO] IPUIPlugin:80 - create IPUIPlugin
2024-04-17 00:21:03,850 [INFO] PluginManager:220 - loadIPPluginJar : add dma3
2024-04-17 00:21:03,851 [INFO] IPUIPlugin:80 - create IPUIPlugin
2024-04-17 00:21:03,851 [INFO] PluginManager:220 - loadIPPluginJar : add fatfs
2024-04-17 00:21:03,853 [INFO] IPUIPlugin:80 - create IPUIPlugin
2024-04-17 00:21:03,853 [INFO] PluginManager:220 - loadIPPluginJar : add fmc
2024-04-17 00:21:03,857 [INFO] IPUIPlugin:80 - create IPUIPlugin
2024-04-17 00:21:03,857 [INFO] PluginManager:220 - loadIPPluginJar : add freertos
2024-04-17 00:21:03,858 [INFO] IPUIPlugin:80 - create IPUIPlugin
2024-04-17 00:21:03,858 [INFO] PluginManager:220 - loadIPPluginJar : add genericplugin
2024-04-17 00:21:03,859 [INFO] IPUIPlugin:80 - create IPUIPlugin
2024-04-17 00:21:03,859 [INFO] PluginManager:220 - loadIPPluginJar : add gfxmmu
2024-04-17 00:21:03,861 [INFO] IPUIPlugin:80 - create IPUIPlugin
2024-04-17 00:21:03,861 [INFO] PluginManager:220 - loadIPPluginJar : add gic
2024-04-17 00:21:03,863 [INFO] IPUIPlugin:80 - create IPUIPlugin
2024-04-17 00:21:03,864 [INFO] PluginManager:220 - loadIPPluginJar : add gpio
2024-04-17 00:21:03,865 [INFO] IPUIPlugin:80 - create IPUIPlugin
2024-04-17 00:21:03,865 [INFO] PluginManager:220 - loadIPPluginJar : add gtzc
2024-04-17 00:21:03,866 [INFO] IPUIPlugin:80 - create IPUIPlugin
2024-04-17 00:21:03,866 [INFO] PluginManager:220 - loadIPPluginJar : add hash
2024-04-17 00:21:03,867 [INFO] IPUIPlugin:80 - create IPUIPlugin
2024-04-17 00:21:03,867 [INFO] PluginManager:220 - loadIPPluginJar : add i2c
2024-04-17 00:21:03,869 [INFO] IPUIPlugin:80 - create IPUIPlugin
2024-04-17 00:21:03,869 [INFO] PluginManager:220 - loadIPPluginJar : add i2s
2024-04-17 00:21:03,870 [INFO] IPUIPlugin:80 - create IPUIPlugin
2024-04-17 00:21:03,870 [INFO] PluginManager:220 - loadIPPluginJar : add i3c
2024-04-17 00:21:03,873 [INFO] IPUIPlugin:80 - create IPUIPlugin
2024-04-17 00:21:03,873 [INFO] PluginManager:220 - loadIPPluginJar : add ipddr
2024-04-17 00:21:03,877 [INFO] IPUIPlugin:80 - create IPUIPlugin
2024-04-17 00:21:03,877 [INFO] PluginManager:220 - loadIPPluginJar : add linkedlist
2024-04-17 00:21:03,879 [INFO] IPUIPlugin:80 - create IPUIPlugin
2024-04-17 00:21:03,879 [INFO] PluginManager:220 - loadIPPluginJar : add lorawan
2024-04-17 00:21:03,879 [INFO] IPUIPlugin:80 - create IPUIPlugin
2024-04-17 00:21:03,879 [INFO] PluginManager:220 - loadIPPluginJar : add ltdc
2024-04-17 00:21:03,882 [INFO] IPUIPlugin:80 - create IPUIPlugin
2024-04-17 00:21:03,882 [INFO] PluginManager:220 - loadIPPluginJar : add mdma
2024-04-17 00:21:03,885 [INFO] IPUIPlugin:80 - create IPUIPlugin
2024-04-17 00:21:03,885 [INFO] PluginManager:220 - loadIPPluginJar : add nvic
2024-04-17 00:21:03,887 [INFO] IPUIPlugin:80 - create IPUIPlugin
2024-04-17 00:21:03,887 [INFO] PluginManager:220 - loadIPPluginJar : add opamp
2024-04-17 00:21:03,888 [INFO] IPUIPlugin:80 - create IPUIPlugin
2024-04-17 00:21:03,888 [INFO] PluginManager:220 - loadIPPluginJar : add openamp
2024-04-17 00:21:03,890 [INFO] IPUIPlugin:80 - create IPUIPlugin
2024-04-17 00:21:03,890 [INFO] PluginManager:220 - loadIPPluginJar : add pdm2pcm
2024-04-17 00:21:03,893 [INFO] IPUIPlugin:80 - create IPUIPlugin
2024-04-17 00:21:03,894 [INFO] PluginManager:220 - loadIPPluginJar : add plateformsettings
2024-04-17 00:21:03,895 [INFO] IPUIPlugin:80 - create IPUIPlugin
2024-04-17 00:21:03,895 [INFO] PluginManager:220 - loadIPPluginJar : add quadspi
2024-04-17 00:21:03,897 [INFO] IPUIPlugin:80 - create IPUIPlugin
2024-04-17 00:21:03,897 [INFO] PluginManager:220 - loadIPPluginJar : add resmgrutility
2024-04-17 00:21:03,899 [INFO] IPUIPlugin:80 - create IPUIPlugin
2024-04-17 00:21:03,899 [INFO] PluginManager:220 - loadIPPluginJar : add sai
2024-04-17 00:21:03,900 [INFO] IPUIPlugin:80 - create IPUIPlugin
2024-04-17 00:21:03,900 [INFO] PluginManager:220 - loadIPPluginJar : add spi
2024-04-17 00:21:03,903 [INFO] IPUIPlugin:80 - create IPUIPlugin
2024-04-17 00:21:03,903 [INFO] PluginManager:220 - loadIPPluginJar : add stm32_wpan
2024-04-17 00:21:03,904 [INFO] IPUIPlugin:80 - create IPUIPlugin
2024-04-17 00:21:03,904 [INFO] PluginManager:220 - loadIPPluginJar : add tim
2024-04-17 00:21:03,905 [INFO] IPUIPlugin:80 - create IPUIPlugin
2024-04-17 00:21:03,905 [INFO] PluginManager:220 - loadIPPluginJar : add touchsensing
2024-04-17 00:21:03,906 [INFO] IPUIPlugin:80 - create IPUIPlugin
2024-04-17 00:21:03,906 [INFO] PluginManager:220 - loadIPPluginJar : add tracer_emb
2024-04-17 00:21:03,907 [INFO] IPUIPlugin:80 - create IPUIPlugin
2024-04-17 00:21:03,907 [INFO] PluginManager:220 - loadIPPluginJar : add ts
2024-04-17 00:21:03,908 [INFO] IPUIPlugin:80 - create IPUIPlugin
2024-04-17 00:21:03,908 [INFO] PluginManager:220 - loadIPPluginJar : add tsc
2024-04-17 00:21:03,909 [INFO] IPUIPlugin:80 - create IPUIPlugin
2024-04-17 00:21:03,909 [INFO] PluginManager:220 - loadIPPluginJar : add ucpd
2024-04-17 00:21:03,910 [INFO] IPUIPlugin:80 - create IPUIPlugin
2024-04-17 00:21:03,910 [INFO] PluginManager:220 - loadIPPluginJar : add usart
2024-04-17 00:21:03,912 [INFO] IPUIPlugin:80 - create IPUIPlugin
2024-04-17 00:21:03,912 [INFO] PluginManager:220 - loadIPPluginJar : add usbx
2024-04-17 00:21:04,016 [INFO] CADModel:165 - CPN selected for project level
2024-04-17 00:21:04,016 [INFO] CADModel:114 - Register for checkConnection events
2024-04-17 00:21:04,016 [FATAL] Updater:308 - Updater called before beeing initialized
2024-04-17 00:21:04,016 [ERROR] CADModel:125 - Updater not yet initialized, retry later 
2024-04-17 00:21:04,112 [INFO] CADModel:165 - CPN selected for project level
2024-04-17 00:21:04,112 [INFO] CADModel:114 - Register for checkConnection events
2024-04-17 00:21:04,112 [FATAL] Updater:308 - Updater called before beeing initialized
2024-04-17 00:21:04,112 [ERROR] CADModel:125 - Updater not yet initialized, retry later 
2024-04-17 00:21:04,114 [FATAL] Updater:308 - Updater called before beeing initialized
2024-04-17 00:21:04,183 [FATAL] Updater:308 - Updater called before beeing initialized
2024-04-17 00:21:04,186 [INFO] DbMcusAds:53 - JSON generation date=Wed Nov 29 12:52:27 EET 2023 (1701255147349)
2024-04-17 00:21:04,187 [FATAL] Updater:308 - Updater called before beeing initialized
2024-04-17 00:21:04,209 [WARN] DetailPanel:346 - Failed to get advertising image, set to default
2024-04-17 00:21:04,285 [FATAL] Updater:308 - Updater called before beeing initialized
2024-04-17 00:21:04,286 [FATAL] Updater:308 - Updater called before beeing initialized
2024-04-17 00:21:04,286 [FATAL] Updater:308 - Updater called before beeing initialized
2024-04-17 00:21:04,286 [WARN] DetailPanel:346 - Failed to get advertising image, set to default
2024-04-17 00:21:04,287 [FATAL] Updater:308 - Updater called before beeing initialized
2024-04-17 00:21:04,332 [ERROR] Updater:1120 - MainUpdater not yet initialized. External WinMGr cannot be set.
2024-04-17 00:21:04,334 [INFO] Updater:1056 - Updater Version found : 6.9.2
2024-04-17 00:21:04,345 [INFO] ApplicationProperties:184 - Using Application install path: C:\ST\STM32CubeIDE_1.10.1\STM32CubeIDE\plugins\com.st.stm32cube.common.mx_6.9.2.202309101412
2024-04-17 00:21:04,586 [INFO] MainUpdater:2868 - connection check result : 10
2024-04-17 00:21:04,586 [INFO] MainUpdater:285 - Updater Check For Update Now.
2024-04-17 00:21:04,586 [INFO] MicroXplorer:498 - Change Database Version : DB.6.0.92
2024-04-17 00:21:04,589 [INFO] McuFinderGlobals:63 - Set McuFinder mode to 2 (CubeIDE integrated)
2024-04-17 00:21:04,730 [INFO] CheckServerUpdateThread:120 - End of CheckServer Thread
2024-04-17 00:21:06,626 [WARN] PackLoader:240 - Cannot read IP mode file for STMicroelectronics.FP-SNS-MOTENVWB1.1.4.0
2024-04-17 00:21:06,632 [WARN] PackLoader:240 - Cannot read IP mode file for STMicroelectronics.X-CUBE-SMBUS.2.1.0
2024-04-17 00:21:06,635 [WARN] PackLoader:240 - Cannot read IP mode file for STMicroelectronics.X-CUBE-TOUCHGFX.4.23.1
2024-04-17 00:21:06,636 [WARN] PackLoader:240 - Cannot read IP mode file for STMicroelectronics.X-CUBE-TOUCHGFX.4.23.0
2024-04-17 00:21:06,637 [WARN] PackLoader:240 - Cannot read IP mode file for STMicroelectronics.X-CUBE-TOUCHGFX.4.23.2
2024-04-17 00:21:06,656 [WARN] PackLoader:240 - Cannot read IP mode file for STMicroelectronics.X-CUBE-AZRTOS-F7.1.1.0
2024-04-17 00:21:06,662 [ERROR] RealEvaluatedCondition:428 - Found unsupported composite condition: GROUP='STM32_MetaDataManager' CLASS='Data Exchange'
2024-04-17 00:21:06,662 [ERROR] RealEvaluatedCondition:428 - Found unsupported composite condition: CLASS='Data Exchange' GROUP='STM32_MetaDataManager'
2024-04-17 00:21:06,663 [WARN] PackLoader:240 - Cannot read IP mode file for STMicroelectronics.FP-SNS-MOTENV1.4.3.0
2024-04-17 00:21:06,666 [WARN] PackLoader:240 - Cannot read IP mode file for STMicroelectronics.FP-SNS-FLIGHT1.5.0.0
2024-04-17 00:21:06,668 [ERROR] RealEvaluatedCondition:428 - Found unsupported composite condition: CLASS='Data Exchange' GROUP='STM32_MetaDataManager'
2024-04-17 00:21:06,668 [ERROR] RealEvaluatedCondition:428 - Found unsupported composite condition: GROUP='STM32_MetaDataManager' CLASS='Data Exchange'
2024-04-17 00:21:06,669 [WARN] PackLoader:240 - Cannot read IP mode file for STMicroelectronics.FP-SNS-MOTENV1.4.3.1
2024-04-17 00:21:06,672 [WARN] PackLoader:240 - Cannot read IP mode file for STMicroelectronics.FP-SNS-FLIGHT1.5.0.1
2024-04-17 00:21:06,676 [WARN] PackLoader:240 - Cannot read IP mode file for STMicroelectronics.X-CUBE-BLE1.6.2.3
2024-04-17 00:21:06,679 [WARN] PackLoader:240 - Cannot read IP mode file for STMicroelectronics.X-CUBE-BLE1.6.2.4
2024-04-17 00:21:06,683 [WARN] PackLoader:240 - Cannot read IP mode file for STMicroelectronics.X-CUBE-DISPLAY.3.0.0
2024-04-17 00:21:06,688 [WARN] PackLoader:240 - Cannot read IP mode file for STMicroelectronics.X-CUBE-BLE1.7.0.0
2024-04-17 00:21:06,690 [WARN] PackLoader:240 - Cannot read IP mode file for STMicroelectronics.X-CUBE-TOUCHGFX.4.22.1
2024-04-17 00:21:06,717 [WARN] PackLoader:240 - Cannot read IP mode file for STMicroelectronics.X-CUBE-MEMS1.9.3.0
2024-04-17 00:21:06,798 [WARN] PackLoader:240 - Cannot read IP mode file for STMicroelectronics.X-CUBE-BLEMGR.3.1.0
2024-04-17 00:21:06,801 [WARN] PackLoader:240 - Cannot read IP mode file for STMicroelectronics.FP-SNS-MOTENV1.5.0.0
2024-04-17 00:21:06,805 [WARN] PackLoader:240 - Cannot read IP mode file for WES.I-CUBE-Cesium.1.3.0
2024-04-17 00:21:06,808 [WARN] PackLoader:240 - Cannot read IP mode file for STMicroelectronics.X-CUBE-BLE2.3.3.0
2024-04-17 00:21:06,853 [WARN] PackLoader:240 - Cannot read IP mode file for STMicroelectronics.X-CUBE-DISPLAY.2.2.0
2024-04-17 00:21:06,859 [WARN] PackLoader:240 - Cannot read IP mode file for STMicroelectronics.X-CUBE-TOF1.3.2.0
2024-04-17 00:21:06,870 [WARN] PackLoader:240 - Cannot read IP mode file for STMicroelectronics.X-CUBE-AZRTOS-H7.2.1.0
2024-04-17 00:21:06,874 [WARN] PackLoader:240 - Cannot read IP mode file for STMicroelectronics.X-CUBE-TCPP.4.1.0
2024-04-17 00:21:06,876 [WARN] PackLoader:240 - Cannot read IP mode file for STMicroelectronics.X-CUBE-TOUCHGFX.4.21.1
2024-04-17 00:21:06,877 [WARN] PackLoader:240 - Cannot read IP mode file for STMicroelectronics.X-CUBE-TOUCHGFX.4.21.0
2024-04-17 00:21:06,878 [WARN] PackLoader:240 - Cannot read IP mode file for STMicroelectronics.X-CUBE-TOUCHGFX.4.21.3
2024-04-17 00:21:06,879 [WARN] PackLoader:240 - Cannot read IP mode file for STMicroelectronics.X-CUBE-TOUCHGFX.4.21.4
2024-04-17 00:21:06,902 [WARN] PackLoader:240 - Cannot read IP mode file for STMicroelectronics.X-CUBE-MEMS1.9.4.0
2024-04-17 00:21:06,963 [WARN] PackLoader:240 - Cannot read IP mode file for STMicroelectronics.X-CUBE-AI.7.3.0
2024-04-17 00:21:06,980 [WARN] PackLoader:240 - Cannot read IP mode file for STMicroelectronics.X-CUBE-ALGOBUILD.1.3.0
2024-04-17 00:21:06,988 [WARN] PackLoader:240 - Cannot read IP mode file for STMicroelectronics.X-CUBE-AZRTOS-G0.1.1.0
2024-04-17 00:21:06,993 [WARN] PackLoader:240 - Cannot read IP mode file for STMicroelectronics.X-CUBE-SAFEA1.1.2.2
2024-04-17 00:21:06,997 [WARN] PackLoader:240 - Cannot read IP mode file for STMicroelectronics.X-CUBE-NFC4.3.0.0
2024-04-17 00:21:07,016 [WARN] PackLoader:240 - Cannot read IP mode file for SEGGER.I-CUBE-embOS.1.2.1
2024-04-17 00:21:07,042 [WARN] PackLoader:240 - Cannot read IP mode file for STMicroelectronics.X-CUBE-BLEMGR.3.0.0
2024-04-17 00:21:07,046 [WARN] PackLoader:240 - Cannot read IP mode file for STMicroelectronics.X-CUBE-BLEMGR.1.3.0
2024-04-17 00:21:07,072 [WARN] PackLoader:240 - Cannot read IP mode file for STMicroelectronics.FP-ATR-SIGFOX1.3.2.0
2024-04-17 00:21:07,075 [WARN] PackLoader:240 - Cannot read IP mode file for STMicroelectronics.X-CUBE-EEPRMA1.5.1.0
2024-04-17 00:21:07,077 [WARN] PackLoader:240 - Cannot read IP mode file for STMicroelectronics.X-CUBE-TOUCHGFX.4.20.0
2024-04-17 00:21:07,096 [WARN] PackLoader:240 - Cannot read IP mode file for STMicroelectronics.X-CUBE-MEMS1.9.5.0
2024-04-17 00:21:07,178 [WARN] PackLoader:240 - Cannot read IP mode file for SEGGER.I-CUBE-embOS.1.3.1
2024-04-17 00:21:07,235 [WARN] PackLoader:240 - Cannot read IP mode file for STMicroelectronics.X-CUBE-GNSS1.6.0.0
2024-04-17 00:21:07,246 [WARN] PackLoader:240 - Cannot read IP mode file for STMicroelectronics.X-CUBE-AZRTOS-F4.1.1.0
2024-04-17 00:21:07,252 [WARN] PackLoader:240 - Cannot read IP mode file for STMicroelectronics.X-CUBE-BLEMGR.1.2.0
2024-04-17 00:21:07,263 [WARN] PackLoader:240 - Cannot read IP mode file for STMicroelectronics.X-CUBE-AZRTOS-L5.2.0.0
2024-04-17 00:21:07,282 [WARN] PackLoader:240 - Cannot read IP mode file for STMicroelectronics.X-CUBE-MEMS1.9.6.0
2024-04-17 00:21:07,342 [WARN] PackLoader:240 - Cannot read IP mode file for STMicroelectronics.X-CUBE-EEPRMA1.4.2.0
2024-04-17 00:21:07,345 [WARN] PackLoader:240 - Cannot read IP mode file for STMicroelectronics.X-CUBE-NFC6.3.1.0
2024-04-17 00:21:07,348 [WARN] PackLoader:240 - Cannot read IP mode file for ITTIA_DB.I-CUBE-ITTIADB.8.8.0
2024-04-17 00:21:07,352 [WARN] PackLoader:240 - Cannot read IP mode file for emotas.I-CUBE-CANOPEN.1.1.3
2024-04-17 00:21:07,370 [WARN] PackLoader:240 - Cannot read IP mode file for STMicroelectronics.X-CUBE-BLEMGR.2.0.0
2024-04-17 00:21:07,391 [WARN] PackLoader:240 - Cannot read IP mode file for STMicroelectronics.X-CUBE-NFC4.2.0.5
2024-04-17 00:21:07,393 [WARN] PackLoader:240 - Cannot read IP mode file for STMicroelectronics.X-CUBE-AI.9.0.0
2024-04-17 00:21:07,400 [WARN] ConditionMgr:438 - getConditionDescription Invalid condition id : UX DEVICE CLASS RTOS Condition cause : null
2024-04-17 00:21:07,400 [WARN] ConditionMgr:438 - getConditionDescription Invalid condition id : UX DEVICE CLASS RTOS Condition cause : null
2024-04-17 00:21:07,402 [WARN] PackLoader:240 - Cannot read IP mode file for STMicroelectronics.X-CUBE-AZRTOS-H7.3.1.0
2024-04-17 00:21:07,402 [WARN] ConditionMgr:1039 - genDependencies : Invalid condition id : UX DEVICE CLASS RTOS Condition cause : null
2024-04-17 00:21:07,402 [WARN] ConditionMgr:1039 - genDependencies : Invalid condition id : UX DEVICE CLASS RTOS Condition cause : null
2024-04-17 00:21:07,403 [WARN] ConditionMgr:1039 - genDependencies : Invalid condition id : UX DEVICE CLASS RTOS Condition cause : null
2024-04-17 00:21:07,403 [WARN] ConditionMgr:1039 - genDependencies : Invalid condition id : UX DEVICE CLASS RTOS Condition cause : null
2024-04-17 00:21:07,403 [WARN] ConditionMgr:1039 - genDependencies : Invalid condition id : UX DEVICE CLASS RTOS Condition cause : null
2024-04-17 00:21:07,407 [WARN] PackLoader:240 - Cannot read IP mode file for wolfSSL.I-CUBE-wolfSSL.5.5.3
2024-04-17 00:21:07,420 [WARN] PackLoader:240 - Cannot read IP mode file for STMicroelectronics.X-CUBE-NFC7.1.0.0
2024-04-17 00:21:07,424 [WARN] PackLoader:240 - Cannot read IP mode file for STMicroelectronics.X-CUBE-EEPRMA1.4.1.0
2024-04-17 00:21:07,447 [WARN] ConditionMgr:438 - getConditionDescription Invalid condition id : LAN8742 Phy interface Condition cause : null
2024-04-17 00:21:07,447 [WARN] PackLoader:240 - Cannot read IP mode file for STMicroelectronics.X-CUBE-AZRTOS-L4.2.0.0
2024-04-17 00:21:07,448 [WARN] ConditionMgr:1039 - genDependencies : Invalid condition id : LAN8742 Phy interface Condition cause : null
2024-04-17 00:21:07,448 [WARN] ConditionMgr:1039 - genDependencies : Invalid condition id : LAN8742 Phy interface Condition cause : null
2024-04-17 00:21:07,448 [WARN] ConditionMgr:1039 - genDependencies : Invalid condition id : LAN8742 Phy interface Condition cause : null
2024-04-17 00:21:07,453 [WARN] PackLoader:240 - Cannot read IP mode file for STMicroelectronics.X-CUBE-SFXS2LP1.4.0.0
2024-04-17 00:21:07,463 [WARN] PackLoader:240 - Cannot read IP mode file for STMicroelectronics.X-CUBE-AZRTOS-H7.3.0.0
2024-04-17 00:21:07,468 [WARN] PackLoader:240 - Cannot read IP mode file for STMicroelectronics.X-CUBE-ISPU.1.1.0
2024-04-17 00:21:07,472 [WARN] PackLoader:240 - Cannot read IP mode file for RoweBots.I-CUBE-UNISONRTOS.5.5.0-4
2024-04-17 00:21:07,474 [WARN] PackLoader:240 - Cannot read IP mode file for STMicroelectronics.X-CUBE-AI.8.0.0
2024-04-17 00:21:07,490 [WARN] ConditionMgr:438 - getConditionDescription Invalid condition id : UX DEVICE CLASS RTOS Condition cause : null
2024-04-17 00:21:07,490 [WARN] ConditionMgr:438 - getConditionDescription Invalid condition id : UX DEVICE CLASS RTOS Condition cause : null
2024-04-17 00:21:07,492 [WARN] PackLoader:240 - Cannot read IP mode file for STMicroelectronics.X-CUBE-AZRTOS-WB.2.0.0
2024-04-17 00:21:07,493 [WARN] ConditionMgr:1039 - genDependencies : Invalid condition id : UX DEVICE CLASS RTOS Condition cause : null
2024-04-17 00:21:07,493 [WARN] ConditionMgr:1039 - genDependencies : Invalid condition id : UX DEVICE CLASS RTOS Condition cause : null
2024-04-17 00:21:07,493 [WARN] ConditionMgr:1039 - genDependencies : Invalid condition id : UX DEVICE CLASS RTOS Condition cause : null
2024-04-17 00:21:07,493 [WARN] ConditionMgr:1039 - genDependencies : Invalid condition id : UX DEVICE CLASS RTOS Condition cause : null
2024-04-17 00:21:07,493 [WARN] ConditionMgr:1039 - genDependencies : Invalid condition id : UX DEVICE CLASS RTOS Condition cause : null
2024-04-17 00:21:07,496 [WARN] PackLoader:240 - Cannot read IP mode file for STMicroelectronics.X-CUBE-FREERTOS.1.0.0
2024-04-17 00:21:07,498 [WARN] PackLoader:240 - Cannot read IP mode file for STMicroelectronics.X-CUBE-FREERTOS.1.0.1
2024-04-17 00:21:07,518 [WARN] PackLoader:240 - Cannot read IP mode file for STMicroelectronics.X-CUBE-AZRTOS-L5.1.1.0
2024-04-17 00:21:07,522 [WARN] PackLoader:240 - Cannot read IP mode file for STMicroelectronics.X-CUBE-AI.8.0.1
2024-04-17 00:21:07,538 [WARN] PackLoader:240 - Cannot read IP mode file for STMicroelectronics.X-CUBE-SUBG2.5.0.0
2024-04-17 00:21:07,548 [WARN] PackLoader:240 - Cannot read IP mode file for STMicroelectronics.X-CUBE-AZRTOS-G4.2.0.0
2024-04-17 00:21:07,554 [WARN] PackLoader:240 - Cannot read IP mode file for STMicroelectronics.X-CUBE-TOF1.3.3.0
2024-04-17 00:21:07,561 [WARN] PackLoader:240 - Cannot read IP mode file for STMicroelectronics.FP-ATR-ASTRA1.1.1.1
2024-04-17 00:21:07,568 [WARN] PackLoader:240 - Cannot read IP mode file for Infineon.AIROC-Wi-Fi-Bluetooth-STM32.1.5.1
2024-04-17 00:21:07,571 [WARN] PackLoader:240 - Cannot read IP mode file for STMicroelectronics.FP-SNS-MOTENVWB1.1.3.0
2024-04-17 00:21:07,572 [WARN] PackLoader:240 - Cannot read IP mode file for STMicroelectronics.FP-SNS-MOTENVWB1.1.3.1
2024-04-17 00:21:07,579 [WARN] PackLoader:240 - Cannot read IP mode file for STMicroelectronics.X-CUBE-AZRTOS-G4.1.0.0
2024-04-17 00:21:07,588 [WARN] PackLoader:240 - Cannot read IP mode file for STMicroelectronics.X-CUBE-AZRTOS-L4.1.0.0
2024-04-17 00:21:07,592 [WARN] PackLoader:240 - Cannot read IP mode file for STMicroelectronics.X-CUBE-ISPU.2.0.0
2024-04-17 00:21:07,614 [WARN] PackLoader:240 - Cannot read IP mode file for STMicroelectronics.X-CUBE-MEMS1.10.0.0
2024-04-17 00:21:07,684 [WARN] PackLoader:240 - Cannot read IP mode file for STMicroelectronics.X-CUBE-FREERTOS.1.1.0
2024-04-17 00:21:07,689 [WARN] PackLoader:240 - Cannot read IP mode file for STMicroelectronics.X-CUBE-AZRTOS-WL.1.0.0
2024-04-17 00:21:07,692 [WARN] PackLoader:240 - Cannot read IP mode file for portGmbH.I-Cube-SoM-uGOAL.1.1.0
2024-04-17 00:21:07,705 [WARN] PackLoader:240 - Cannot read IP mode file for STMicroelectronics.X-CUBE-ALS.1.0.1
2024-04-17 00:21:07,710 [WARN] PackLoader:240 - Cannot read IP mode file for STMicroelectronics.X-CUBE-AZRTOS-WB.1.1.0
2024-04-17 00:21:07,716 [WARN] PackLoader:240 - Cannot read IP mode file for STMicroelectronics.X-CUBE-AZRTOS-L5.1.0.0
2024-04-17 00:21:07,719 [WARN] PackLoader:240 - Cannot read IP mode file for STMicroelectronics.X-CUBE-EEPRMA1.3.1.1
2024-04-17 00:21:07,739 [WARN] PackLoader:240 - Cannot read IP mode file for STMicroelectronics.X-CUBE-AZRTOS-H7RS.1.0.0
2024-04-17 00:21:07,742 [WARN] PackLoader:240 - Cannot read IP mode file for STMicroelectronics.FP-ATR-ASTRA1.2.0.0
2024-04-17 00:21:07,748 [WARN] PackLoader:240 - Cannot read IP mode file for STMicroelectronics.X-CUBE-TOF1.3.4.0
2024-04-17 00:21:07,755 [WARN] PackLoader:240 - Cannot read IP mode file for STMicroelectronics.X-CUBE-TOF1.3.4.1
2024-04-17 00:21:07,767 [WARN] PackLoader:240 - Cannot read IP mode file for STMicroelectronics.X-CUBE-AZRTOS-H7.3.2.0
2024-04-17 00:21:07,769 [INFO] ThirdParty:978 - Integrity check success = true
2024-04-17 00:21:07,769 [INFO] IntegrityCheckThread:100 - exiting critical section [integrity check]
2024-04-17 00:21:07,769 [INFO] IntegrityCheckThread:103 - End integrity checks thread
2024-04-17 00:21:22,791 [ERROR] LogOutputStream:75 - [STDERR_REDIRECT] SLF4J: Failed to load class "org.slf4j.impl.StaticLoggerBinder".
2024-04-17 00:21:22,792 [ERROR] LogOutputStream:75 - [STDERR_REDIRECT] SLF4J: Defaulting to no-operation (NOP) logger implementation
2024-04-17 00:21:22,792 [ERROR] LogOutputStream:75 - [STDERR_REDIRECT] SLF4J: See http://www.slf4j.org/codes.html#StaticLoggerBinder for further details.
