2024-03-20 20:22:53,235 [INFO] Activator:176 - 


2024-03-20 20:22:53,239 [INFO] Activator:177 - !SESSION log4j initialized
2024-03-20 20:22:55,185 [INFO] LogOutputStream:77 - [STDOUT_REDIRECT] 
2024-03-20 20:22:57,941 [INFO] ApplicationProperties:184 - Using Application install path: C:\ST\STM32CubeIDE_1.10.1\STM32CubeIDE\plugins\com.st.stm32cube.common.mx_6.9.2.202309101412
2024-03-20 20:22:57,953 [INFO] DbMcusXml:78 - Set database path to: C:\ST\STM32CubeIDE_1.10.1\STM32CubeIDE\plugins\com.st.stm32cube.common.mx_6.9.2.202309101412\\db\/mcu/
2024-03-20 20:22:57,953 [INFO] ApiDb:274 - Set plugin database path to: C:\ST\STM32CubeIDE_1.10.1\STM32CubeIDE\plugins\com.st.stm32cube.common.mx_6.9.2.202309101412\\db\/plugins/boardmanager/
2024-03-20 20:22:57,953 [WARN] ApiDb:259 - Overriding images path with different value:  => C:\ST\STM32CubeIDE_1.10.1\STM32CubeIDE\plugins\com.st.stm32cube.common.mx_6.9.2.202309101412\\db\/plugins/mcufinder/images/
2024-03-20 20:22:57,963 [INFO] ApiDb:250 - Set database path to: C:\Users\Daniel\.stmcufinder\plugins\mcufinder//mcu/
2024-03-20 20:22:57,963 [INFO] DbMcusAds:125 - Set database path to: C:\Users\Daniel\.stmcufinder\plugins\mcufinder//mcu/
2024-03-20 20:22:57,964 [INFO] CrossReferenceDbSqlite:203 - Set database path to: C:\Users\Daniel\.stmcufinder\plugins\mcufinder//mcu/cs/
2024-03-20 20:22:58,041 [INFO] RulesReader:64 - Compatibility file has been processed (293 Rules)
2024-03-20 20:22:58,096 [INFO] DbMcusXml:78 - Set database path to: C:\ST\STM32CubeIDE_1.10.1\STM32CubeIDE\plugins\com.st.stm32cube.common.mx_6.9.2.202309101412\\db\/mcu/
2024-03-20 20:22:58,096 [INFO] ApiDb:274 - Set plugin database path to: C:\ST\STM32CubeIDE_1.10.1\STM32CubeIDE\plugins\com.st.stm32cube.common.mx_6.9.2.202309101412\\db\/plugins/boardmanager/
2024-03-20 20:22:58,097 [INFO] ApiDb:261 - Set plugin images path to: C:\ST\STM32CubeIDE_1.10.1\STM32CubeIDE\plugins\com.st.stm32cube.common.mx_6.9.2.202309101412\\db\/plugins/mcufinder/images/
2024-03-20 20:22:58,097 [WARN] DbFile:41 - Overriding database path with different value: C:\Users\Daniel\.stmcufinder\plugins\mcufinder/ => C:\Users\Daniel\.stmcufinder\plugins\mcufinder
2024-03-20 20:22:58,097 [INFO] ApiDb:250 - Set database path to: C:\Users\Daniel\.stmcufinder\plugins\mcufinder//mcu/
2024-03-20 20:22:58,097 [WARN] DbFile:41 - Overriding database path with different value: C:\Users\Daniel\.stmcufinder\plugins\mcufinder/ => C:\Users\Daniel\.stmcufinder\plugins\mcufinder
2024-03-20 20:22:58,097 [INFO] DbMcusAds:125 - Set database path to: C:\Users\Daniel\.stmcufinder\plugins\mcufinder//mcu/
2024-03-20 20:22:58,097 [WARN] DbFile:41 - Overriding database path with different value: C:\Users\Daniel\.stmcufinder\plugins\mcufinder/ => C:\Users\Daniel\.stmcufinder\plugins\mcufinder
2024-03-20 20:22:58,097 [WARN] DbFile:41 - Overriding database path with different value: C:\Users\Daniel\.stmcufinder\plugins\mcufinder/ => C:\Users\Daniel\.stmcufinder\plugins\mcufinder
2024-03-20 20:22:58,097 [INFO] CrossReferenceDbSqlite:203 - Set database path to: C:\Users\Daniel\.stmcufinder\plugins\mcufinder//mcu/cs/
2024-03-20 20:22:58,149 [INFO] MainPanel:262 - HeapMemory: 268435456
2024-03-20 20:22:58,210 [INFO] DbMcusXml:78 - Set database path to: C:\ST\STM32CubeIDE_1.10.1\STM32CubeIDE\plugins\com.st.stm32cube.common.mx_6.9.2.202309101412\\db\/mcu/
2024-03-20 20:22:58,210 [INFO] ApiDb:274 - Set plugin database path to: C:\ST\STM32CubeIDE_1.10.1\STM32CubeIDE\plugins\com.st.stm32cube.common.mx_6.9.2.202309101412\\db\/plugins/boardmanager/
2024-03-20 20:22:58,210 [INFO] ApiDb:261 - Set plugin images path to: C:\ST\STM32CubeIDE_1.10.1\STM32CubeIDE\plugins\com.st.stm32cube.common.mx_6.9.2.202309101412\\db\/plugins/mcufinder/images/
2024-03-20 20:22:58,211 [WARN] DbFile:41 - Overriding database path with different value: C:\Users\Daniel\.stmcufinder\plugins\mcufinder/ => C:\Users\Daniel\.stmcufinder\plugins\mcufinder
2024-03-20 20:22:58,211 [INFO] ApiDb:250 - Set database path to: C:\Users\Daniel\.stmcufinder\plugins\mcufinder//mcu/
2024-03-20 20:22:58,211 [WARN] DbFile:41 - Overriding database path with different value: C:\Users\Daniel\.stmcufinder\plugins\mcufinder/ => C:\Users\Daniel\.stmcufinder\plugins\mcufinder
2024-03-20 20:22:58,211 [INFO] DbMcusAds:125 - Set database path to: C:\Users\Daniel\.stmcufinder\plugins\mcufinder//mcu/
2024-03-20 20:22:58,211 [WARN] DbFile:41 - Overriding database path with different value: C:\Users\Daniel\.stmcufinder\plugins\mcufinder/ => C:\Users\Daniel\.stmcufinder\plugins\mcufinder
2024-03-20 20:22:58,211 [WARN] DbFile:41 - Overriding database path with different value: C:\Users\Daniel\.stmcufinder\plugins\mcufinder/ => C:\Users\Daniel\.stmcufinder\plugins\mcufinder
2024-03-20 20:22:58,211 [INFO] CrossReferenceDbSqlite:203 - Set database path to: C:\Users\Daniel\.stmcufinder\plugins\mcufinder//mcu/cs/
2024-03-20 20:22:58,224 [INFO] ApplicationProperties:184 - Using Application install path: C:\ST\STM32CubeIDE_1.10.1\STM32CubeIDE\plugins\com.st.stm32cube.common.mx_6.9.2.202309101412
2024-03-20 20:22:58,224 [INFO] PluginManage:196 - Search for loadable plugins [exclusion list=, ]
2024-03-20 20:22:58,225 [INFO] PluginManage:310 - Check plugin analytics
2024-03-20 20:22:58,343 [INFO] AnalyticsPlugin:253 - Accepted Software Licenses: 
2024-03-20 20:22:58,343 [INFO] AnalyticsPlugin:255 - Accepted CMSIS Pack Licenses: 
2024-03-20 20:22:58,343 [INFO] AnalyticsPlugin:257 - Accepted Firmware Licenses: 
2024-03-20 20:22:58,344 [INFO] PluginManage:359 - Loaded plugin analytics (category:tool,tabindex:-1)
2024-03-20 20:22:58,344 [INFO] PluginManage:310 - Check plugin cadmodel
2024-03-20 20:22:58,354 [INFO] CADModel:105 - Init CAD model plugin
2024-03-20 20:22:58,354 [INFO] PluginManage:359 - Loaded plugin cadmodel (category:power,tabindex:5)
2024-03-20 20:22:58,354 [INFO] PluginManage:310 - Check plugin clock
2024-03-20 20:22:58,367 [INFO] PluginManage:359 - Loaded plugin clock (category:base,tabindex:2)
2024-03-20 20:22:58,367 [INFO] PluginManage:310 - Check plugin ddr
2024-03-20 20:22:58,368 [INFO] PluginManage:359 - Loaded plugin ddr (category:tool,tabindex:6)
2024-03-20 20:22:58,368 [INFO] PluginManage:310 - Check plugin filemanager
2024-03-20 20:22:58,447 [INFO] PluginManage:359 - Loaded plugin filemanager (category:base,tabindex:10)
2024-03-20 20:22:58,448 [INFO] PluginManage:310 - Check plugin ipmanager
2024-03-20 20:22:58,452 [INFO] PluginManage:359 - Loaded plugin ipmanager (category:base,tabindex:5)
2024-03-20 20:22:58,452 [INFO] PluginManage:310 - Check plugin lpbam
2024-03-20 20:22:58,463 [INFO] PluginManage:359 - Loaded plugin lpbam (category:base,tabindex:0)
2024-03-20 20:22:58,463 [INFO] PluginManage:310 - Check plugin memorymap
2024-03-20 20:22:58,478 [INFO] PluginManage:359 - Loaded plugin memorymap (category:base,tabindex:4)
2024-03-20 20:22:58,478 [INFO] PluginManage:310 - Check plugin pinoutandconfiguration
2024-03-20 20:22:58,488 [INFO] PluginManage:359 - Loaded plugin pinoutandconfiguration (category:base,tabindex:1)
2024-03-20 20:22:58,488 [INFO] PluginManage:310 - Check plugin pinoutconfig
2024-03-20 20:22:58,549 [WARN] SupportedApi:132 - Cannot load RTOS API schema: s4s-elt-must-match.1: The content of 'definitions' must match (annotation?, (simpleType | complexType)?, (unique | key | keyref)*)). A problem was found starting at: attribute.
2024-03-20 20:22:58,628 [INFO] PluginManage:359 - Loaded plugin pinoutconfig (category:base,tabindex:0)
2024-03-20 20:22:58,629 [INFO] PluginManage:310 - Check plugin power
2024-03-20 20:22:58,642 [INFO] PluginManage:359 - Loaded plugin power (category:power,tabindex:4)
2024-03-20 20:22:58,642 [INFO] PluginManage:310 - Check plugin projectmanager
2024-03-20 20:22:58,651 [INFO] PluginManage:359 - Loaded plugin projectmanager (category:projectmanager,tabindex:3)
2024-03-20 20:22:58,651 [INFO] PluginManage:310 - Check plugin thirdparty
2024-03-20 20:22:58,798 [INFO] PluginManage:359 - Loaded plugin thirdparty (category:base,tabindex:-1)
2024-03-20 20:22:58,798 [WARN] IntegrityCheckThread:84 - waiting for thirdparty lock release [integrity check]
2024-03-20 20:22:58,798 [INFO] PluginManage:310 - Check plugin tools
2024-03-20 20:22:58,798 [INFO] IntegrityCheckThread:86 - entering critical section [integrity check]
2024-03-20 20:22:58,799 [INFO] ThirdPartyUpdaterWithRetryManager:70 - Updater plugin not ready yet. [1/15]
2024-03-20 20:22:58,819 [INFO] PluginManage:359 - Loaded plugin tools (category:base,tabindex:7)
2024-03-20 20:22:58,819 [INFO] PluginManage:310 - Check plugin tutovideos
2024-03-20 20:22:58,944 [INFO] PluginManage:359 - Loaded plugin tutovideos (category:base,tabindex:-1)
2024-03-20 20:22:58,944 [INFO] PluginManage:310 - Check plugin updater
2024-03-20 20:22:58,951 [INFO] PluginManage:359 - Loaded plugin updater (category:base,tabindex:12)
2024-03-20 20:22:58,951 [INFO] PluginManage:310 - Check plugin userauth
2024-03-20 20:22:58,955 [INFO] UserAuth:113 - Init User Auth plugin
2024-03-20 20:22:58,955 [INFO] PluginManage:359 - Loaded plugin userauth (category:base,tabindex:14)
2024-03-20 20:22:58,955 [INFO] PluginManage:283 - PluginManage : Loaded plugins [17]
2024-03-20 20:22:59,092 [INFO] PinOutPanel:1499 - setPackage(No Configuration,No Configuration)
2024-03-20 20:22:59,155 [INFO] CADModel:165 - CPN selected for project level
2024-03-20 20:22:59,155 [INFO] CADModel:114 - Register for checkConnection events
2024-03-20 20:22:59,172 [INFO] IPUIPlugin:80 - create IPUIPlugin
2024-03-20 20:22:59,172 [INFO] PluginManager:220 - loadIPPluginJar : add adc
2024-03-20 20:22:59,193 [INFO] IPUIPlugin:80 - create IPUIPlugin
2024-03-20 20:22:59,193 [INFO] PluginManager:220 - loadIPPluginJar : add aes
2024-03-20 20:22:59,216 [INFO] IPUIPlugin:80 - create IPUIPlugin
2024-03-20 20:22:59,216 [INFO] PluginManager:220 - loadIPPluginJar : add can
2024-03-20 20:22:59,228 [INFO] IPUIPlugin:80 - create IPUIPlugin
2024-03-20 20:22:59,228 [INFO] PluginManager:220 - loadIPPluginJar : add comp
2024-03-20 20:22:59,246 [INFO] IPUIPlugin:80 - create IPUIPlugin
2024-03-20 20:22:59,247 [INFO] PluginManager:220 - loadIPPluginJar : add cryp
2024-03-20 20:22:59,263 [INFO] IPUIPlugin:80 - create IPUIPlugin
2024-03-20 20:22:59,263 [INFO] PluginManager:220 - loadIPPluginJar : add dfsdm
2024-03-20 20:22:59,272 [INFO] IPUIPlugin:80 - create IPUIPlugin
2024-03-20 20:22:59,272 [INFO] PluginManager:220 - loadIPPluginJar : add dma
2024-03-20 20:22:59,295 [INFO] IPUIPlugin:80 - create IPUIPlugin
2024-03-20 20:22:59,295 [INFO] PluginManager:220 - loadIPPluginJar : add dma3
2024-03-20 20:22:59,306 [INFO] IPUIPlugin:80 - create IPUIPlugin
2024-03-20 20:22:59,307 [INFO] PluginManager:220 - loadIPPluginJar : add fatfs
2024-03-20 20:22:59,334 [INFO] IPUIPlugin:80 - create IPUIPlugin
2024-03-20 20:22:59,334 [INFO] PluginManager:220 - loadIPPluginJar : add fmc
2024-03-20 20:22:59,343 [INFO] IPUIPlugin:80 - create IPUIPlugin
2024-03-20 20:22:59,344 [INFO] PluginManager:220 - loadIPPluginJar : add freertos
2024-03-20 20:22:59,354 [INFO] IPUIPlugin:80 - create IPUIPlugin
2024-03-20 20:22:59,355 [INFO] PluginManager:220 - loadIPPluginJar : add genericplugin
2024-03-20 20:22:59,405 [INFO] IPUIPlugin:80 - create IPUIPlugin
2024-03-20 20:22:59,406 [INFO] PluginManager:220 - loadIPPluginJar : add gfxmmu
2024-03-20 20:22:59,478 [INFO] IPUIPlugin:80 - create IPUIPlugin
2024-03-20 20:22:59,478 [INFO] PluginManager:220 - loadIPPluginJar : add gic
2024-03-20 20:22:59,485 [INFO] IPUIPlugin:80 - create IPUIPlugin
2024-03-20 20:22:59,485 [INFO] PluginManager:220 - loadIPPluginJar : add gpio
2024-03-20 20:22:59,538 [INFO] IPUIPlugin:80 - create IPUIPlugin
2024-03-20 20:22:59,538 [INFO] PluginManager:220 - loadIPPluginJar : add gtzc
2024-03-20 20:22:59,555 [INFO] IPUIPlugin:80 - create IPUIPlugin
2024-03-20 20:22:59,555 [INFO] PluginManager:220 - loadIPPluginJar : add hash
2024-03-20 20:22:59,583 [INFO] IPUIPlugin:80 - create IPUIPlugin
2024-03-20 20:22:59,583 [INFO] PluginManager:220 - loadIPPluginJar : add i2c
2024-03-20 20:22:59,604 [INFO] IPUIPlugin:80 - create IPUIPlugin
2024-03-20 20:22:59,604 [INFO] PluginManager:220 - loadIPPluginJar : add i2s
2024-03-20 20:22:59,627 [INFO] IPUIPlugin:80 - create IPUIPlugin
2024-03-20 20:22:59,627 [INFO] PluginManager:220 - loadIPPluginJar : add i3c
2024-03-20 20:22:59,691 [INFO] IPUIPlugin:80 - create IPUIPlugin
2024-03-20 20:22:59,691 [INFO] PluginManager:220 - loadIPPluginJar : add ipddr
2024-03-20 20:22:59,744 [INFO] IPUIPlugin:80 - create IPUIPlugin
2024-03-20 20:22:59,744 [INFO] PluginManager:220 - loadIPPluginJar : add linkedlist
2024-03-20 20:22:59,763 [INFO] IPUIPlugin:80 - create IPUIPlugin
2024-03-20 20:22:59,763 [INFO] PluginManager:220 - loadIPPluginJar : add lorawan
2024-03-20 20:22:59,783 [INFO] IPUIPlugin:80 - create IPUIPlugin
2024-03-20 20:22:59,783 [INFO] PluginManager:220 - loadIPPluginJar : add ltdc
2024-03-20 20:22:59,792 [INFO] IPUIPlugin:80 - create IPUIPlugin
2024-03-20 20:22:59,792 [INFO] PluginManager:220 - loadIPPluginJar : add mdma
2024-03-20 20:22:59,798 [INFO] IPUIPlugin:80 - create IPUIPlugin
2024-03-20 20:22:59,798 [INFO] PluginManager:220 - loadIPPluginJar : add nvic
2024-03-20 20:22:59,818 [INFO] IPUIPlugin:80 - create IPUIPlugin
2024-03-20 20:22:59,818 [INFO] PluginManager:220 - loadIPPluginJar : add opamp
2024-03-20 20:22:59,850 [INFO] IPUIPlugin:80 - create IPUIPlugin
2024-03-20 20:22:59,850 [INFO] PluginManager:220 - loadIPPluginJar : add openamp
2024-03-20 20:22:59,873 [INFO] IPUIPlugin:80 - create IPUIPlugin
2024-03-20 20:22:59,873 [INFO] PluginManager:220 - loadIPPluginJar : add pdm2pcm
2024-03-20 20:22:59,881 [INFO] IPUIPlugin:80 - create IPUIPlugin
2024-03-20 20:22:59,883 [INFO] PluginManager:220 - loadIPPluginJar : add plateformsettings
2024-03-20 20:22:59,894 [INFO] IPUIPlugin:80 - create IPUIPlugin
2024-03-20 20:22:59,894 [INFO] PluginManager:220 - loadIPPluginJar : add quadspi
2024-03-20 20:22:59,901 [INFO] IPUIPlugin:80 - create IPUIPlugin
2024-03-20 20:22:59,901 [INFO] PluginManager:220 - loadIPPluginJar : add resmgrutility
2024-03-20 20:22:59,929 [INFO] IPUIPlugin:80 - create IPUIPlugin
2024-03-20 20:22:59,929 [INFO] PluginManager:220 - loadIPPluginJar : add sai
2024-03-20 20:22:59,950 [INFO] IPUIPlugin:80 - create IPUIPlugin
2024-03-20 20:22:59,950 [INFO] PluginManager:220 - loadIPPluginJar : add spi
2024-03-20 20:22:59,984 [INFO] IPUIPlugin:80 - create IPUIPlugin
2024-03-20 20:22:59,984 [INFO] PluginManager:220 - loadIPPluginJar : add stm32_wpan
2024-03-20 20:22:59,996 [INFO] IPUIPlugin:80 - create IPUIPlugin
2024-03-20 20:22:59,997 [INFO] PluginManager:220 - loadIPPluginJar : add tim
2024-03-20 20:23:00,030 [INFO] IPUIPlugin:80 - create IPUIPlugin
2024-03-20 20:23:00,030 [INFO] PluginManager:220 - loadIPPluginJar : add touchsensing
2024-03-20 20:23:00,042 [INFO] IPUIPlugin:80 - create IPUIPlugin
2024-03-20 20:23:00,042 [INFO] PluginManager:220 - loadIPPluginJar : add tracer_emb
2024-03-20 20:23:00,054 [INFO] IPUIPlugin:80 - create IPUIPlugin
2024-03-20 20:23:00,054 [INFO] PluginManager:220 - loadIPPluginJar : add ts
2024-03-20 20:23:00,065 [INFO] IPUIPlugin:80 - create IPUIPlugin
2024-03-20 20:23:00,065 [INFO] PluginManager:220 - loadIPPluginJar : add tsc
2024-03-20 20:23:00,076 [INFO] IPUIPlugin:80 - create IPUIPlugin
2024-03-20 20:23:00,077 [INFO] PluginManager:220 - loadIPPluginJar : add ucpd
2024-03-20 20:23:00,101 [INFO] IPUIPlugin:80 - create IPUIPlugin
2024-03-20 20:23:00,101 [INFO] PluginManager:220 - loadIPPluginJar : add usart
2024-03-20 20:23:00,125 [INFO] IPUIPlugin:80 - create IPUIPlugin
2024-03-20 20:23:00,125 [INFO] PluginManager:220 - loadIPPluginJar : add usbx
2024-03-20 20:23:00,228 [INFO] CADModel:165 - CPN selected for project level
2024-03-20 20:23:00,228 [INFO] CADModel:114 - Register for checkConnection events
2024-03-20 20:23:00,228 [FATAL] Updater:308 - Updater called before beeing initialized
2024-03-20 20:23:00,228 [ERROR] CADModel:125 - Updater not yet initialized, retry later 
2024-03-20 20:23:00,313 [INFO] CADModel:165 - CPN selected for project level
2024-03-20 20:23:00,313 [INFO] CADModel:114 - Register for checkConnection events
2024-03-20 20:23:00,313 [FATAL] Updater:308 - Updater called before beeing initialized
2024-03-20 20:23:00,313 [ERROR] CADModel:125 - Updater not yet initialized, retry later 
2024-03-20 20:23:00,315 [FATAL] Updater:308 - Updater called before beeing initialized
2024-03-20 20:23:00,376 [FATAL] Updater:308 - Updater called before beeing initialized
2024-03-20 20:23:00,383 [INFO] DbMcusAds:53 - JSON generation date=Wed Nov 29 12:52:27 EET 2023 (1701255147349)
2024-03-20 20:23:00,383 [FATAL] Updater:308 - Updater called before beeing initialized
2024-03-20 20:23:00,411 [WARN] DetailPanel:346 - Failed to get advertising image, set to default
2024-03-20 20:23:00,483 [FATAL] Updater:308 - Updater called before beeing initialized
2024-03-20 20:23:00,485 [FATAL] Updater:308 - Updater called before beeing initialized
2024-03-20 20:23:00,485 [FATAL] Updater:308 - Updater called before beeing initialized
2024-03-20 20:23:00,485 [WARN] DetailPanel:346 - Failed to get advertising image, set to default
2024-03-20 20:23:00,485 [FATAL] Updater:308 - Updater called before beeing initialized
2024-03-20 20:23:00,521 [ERROR] Updater:1120 - MainUpdater not yet initialized. External WinMGr cannot be set.
2024-03-20 20:23:00,527 [INFO] Updater:1056 - Updater Version found : 6.9.2
2024-03-20 20:23:00,539 [INFO] ApplicationProperties:184 - Using Application install path: C:\ST\STM32CubeIDE_1.10.1\STM32CubeIDE\plugins\com.st.stm32cube.common.mx_6.9.2.202309101412
2024-03-20 20:23:01,122 [INFO] MainUpdater:2868 - connection check result : 10
2024-03-20 20:23:01,123 [INFO] MainUpdater:285 - Updater Check For Update Now.
2024-03-20 20:23:01,123 [INFO] MicroXplorer:498 - Change Database Version : DB.6.0.92
2024-03-20 20:23:01,132 [INFO] McuFinderGlobals:63 - Set McuFinder mode to 2 (CubeIDE integrated)
2024-03-20 20:23:01,286 [INFO] CheckServerUpdateThread:120 - End of CheckServer Thread
2024-03-20 20:23:01,942 [WARN] PackLoader:240 - Cannot read IP mode file for STMicroelectronics.X-CUBE-SMBUS.2.1.0
2024-03-20 20:23:01,951 [WARN] PackLoader:240 - Cannot read IP mode file for STMicroelectronics.X-CUBE-TOUCHGFX.4.23.0
2024-03-20 20:23:01,974 [WARN] PackLoader:240 - Cannot read IP mode file for STMicroelectronics.X-CUBE-AZRTOS-F7.1.1.0
2024-03-20 20:23:01,984 [ERROR] RealEvaluatedCondition:428 - Found unsupported composite condition: GROUP='STM32_MetaDataManager' CLASS='Data Exchange'
2024-03-20 20:23:01,985 [ERROR] RealEvaluatedCondition:428 - Found unsupported composite condition: CLASS='Data Exchange' GROUP='STM32_MetaDataManager'
2024-03-20 20:23:01,985 [WARN] PackLoader:240 - Cannot read IP mode file for STMicroelectronics.FP-SNS-MOTENV1.4.3.0
2024-03-20 20:23:01,993 [WARN] PackLoader:240 - Cannot read IP mode file for STMicroelectronics.FP-SNS-FLIGHT1.5.0.0
2024-03-20 20:23:01,999 [ERROR] RealEvaluatedCondition:428 - Found unsupported composite condition: CLASS='Data Exchange' GROUP='STM32_MetaDataManager'
2024-03-20 20:23:01,999 [ERROR] RealEvaluatedCondition:428 - Found unsupported composite condition: GROUP='STM32_MetaDataManager' CLASS='Data Exchange'
2024-03-20 20:23:02,000 [WARN] PackLoader:240 - Cannot read IP mode file for STMicroelectronics.FP-SNS-MOTENV1.4.3.1
2024-03-20 20:23:02,007 [WARN] PackLoader:240 - Cannot read IP mode file for STMicroelectronics.FP-SNS-FLIGHT1.5.0.1
2024-03-20 20:23:02,015 [WARN] PackLoader:240 - Cannot read IP mode file for STMicroelectronics.X-CUBE-BLE1.6.2.3
2024-03-20 20:23:02,021 [WARN] PackLoader:240 - Cannot read IP mode file for STMicroelectronics.X-CUBE-BLE1.6.2.4
2024-03-20 20:23:02,029 [WARN] PackLoader:240 - Cannot read IP mode file for STMicroelectronics.X-CUBE-DISPLAY.3.0.0
2024-03-20 20:23:02,039 [WARN] PackLoader:240 - Cannot read IP mode file for STMicroelectronics.X-CUBE-BLE1.7.0.0
2024-03-20 20:23:02,045 [WARN] PackLoader:240 - Cannot read IP mode file for STMicroelectronics.X-CUBE-TOUCHGFX.4.22.1
2024-03-20 20:23:02,076 [WARN] PackLoader:240 - Cannot read IP mode file for STMicroelectronics.X-CUBE-MEMS1.9.3.0
2024-03-20 20:23:02,159 [WARN] PackLoader:240 - Cannot read IP mode file for STMicroelectronics.X-CUBE-BLEMGR.3.1.0
2024-03-20 20:23:02,169 [WARN] PackLoader:240 - Cannot read IP mode file for WES.I-CUBE-Cesium.1.3.0
2024-03-20 20:23:02,179 [WARN] PackLoader:240 - Cannot read IP mode file for STMicroelectronics.X-CUBE-BLE2.3.3.0
2024-03-20 20:23:02,241 [WARN] PackLoader:240 - Cannot read IP mode file for STMicroelectronics.X-CUBE-DISPLAY.2.2.0
2024-03-20 20:23:02,253 [WARN] PackLoader:240 - Cannot read IP mode file for STMicroelectronics.X-CUBE-TOF1.3.2.0
2024-03-20 20:23:02,275 [WARN] PackLoader:240 - Cannot read IP mode file for STMicroelectronics.X-CUBE-AZRTOS-H7.2.1.0
2024-03-20 20:23:02,285 [WARN] PackLoader:240 - Cannot read IP mode file for STMicroelectronics.X-CUBE-TOUCHGFX.4.21.1
2024-03-20 20:23:02,291 [WARN] PackLoader:240 - Cannot read IP mode file for STMicroelectronics.X-CUBE-TOUCHGFX.4.21.0
2024-03-20 20:23:02,298 [WARN] PackLoader:240 - Cannot read IP mode file for STMicroelectronics.X-CUBE-TOUCHGFX.4.21.3
2024-03-20 20:23:02,303 [WARN] PackLoader:240 - Cannot read IP mode file for STMicroelectronics.X-CUBE-TOUCHGFX.4.21.4
2024-03-20 20:23:02,332 [WARN] PackLoader:240 - Cannot read IP mode file for STMicroelectronics.X-CUBE-MEMS1.9.4.0
2024-03-20 20:23:02,385 [WARN] PackLoader:240 - Cannot read IP mode file for STMicroelectronics.X-CUBE-AI.7.3.0
2024-03-20 20:23:02,419 [WARN] PackLoader:240 - Cannot read IP mode file for STMicroelectronics.X-CUBE-ALGOBUILD.1.3.0
2024-03-20 20:23:02,434 [WARN] PackLoader:240 - Cannot read IP mode file for STMicroelectronics.X-CUBE-AZRTOS-G0.1.1.0
2024-03-20 20:23:02,443 [WARN] PackLoader:240 - Cannot read IP mode file for STMicroelectronics.X-CUBE-NFC4.3.0.0
2024-03-20 20:23:02,471 [WARN] PackLoader:240 - Cannot read IP mode file for SEGGER.I-CUBE-embOS.1.2.1
2024-03-20 20:23:02,515 [WARN] PackLoader:240 - Cannot read IP mode file for STMicroelectronics.X-CUBE-BLEMGR.3.0.0
2024-03-20 20:23:02,529 [WARN] PackLoader:240 - Cannot read IP mode file for STMicroelectronics.X-CUBE-BLEMGR.1.3.0
2024-03-20 20:23:02,572 [WARN] PackLoader:240 - Cannot read IP mode file for STMicroelectronics.FP-ATR-SIGFOX1.3.2.0
2024-03-20 20:23:02,580 [WARN] PackLoader:240 - Cannot read IP mode file for STMicroelectronics.X-CUBE-EEPRMA1.5.1.0
2024-03-20 20:23:02,587 [WARN] PackLoader:240 - Cannot read IP mode file for STMicroelectronics.X-CUBE-TOUCHGFX.4.20.0
2024-03-20 20:23:02,612 [WARN] PackLoader:240 - Cannot read IP mode file for STMicroelectronics.X-CUBE-MEMS1.9.5.0
2024-03-20 20:23:02,694 [WARN] PackLoader:240 - Cannot read IP mode file for SEGGER.I-CUBE-embOS.1.3.1
2024-03-20 20:23:02,755 [WARN] PackLoader:240 - Cannot read IP mode file for STMicroelectronics.X-CUBE-GNSS1.6.0.0
2024-03-20 20:23:02,771 [WARN] PackLoader:240 - Cannot read IP mode file for STMicroelectronics.X-CUBE-AZRTOS-F4.1.1.0
2024-03-20 20:23:02,781 [WARN] PackLoader:240 - Cannot read IP mode file for STMicroelectronics.X-CUBE-BLEMGR.1.2.0
2024-03-20 20:23:02,800 [WARN] PackLoader:240 - Cannot read IP mode file for STMicroelectronics.X-CUBE-AZRTOS-L5.2.0.0
2024-03-20 20:23:02,827 [WARN] PackLoader:240 - Cannot read IP mode file for STMicroelectronics.X-CUBE-MEMS1.9.6.0
2024-03-20 20:23:02,882 [WARN] PackLoader:240 - Cannot read IP mode file for STMicroelectronics.X-CUBE-EEPRMA1.4.2.0
2024-03-20 20:23:02,890 [WARN] PackLoader:240 - Cannot read IP mode file for STMicroelectronics.X-CUBE-NFC6.3.1.0
2024-03-20 20:23:02,897 [WARN] PackLoader:240 - Cannot read IP mode file for ITTIA_DB.I-CUBE-ITTIADB.8.8.0
2024-03-20 20:23:02,906 [WARN] PackLoader:240 - Cannot read IP mode file for emotas.I-CUBE-CANOPEN.1.1.3
2024-03-20 20:23:02,939 [WARN] PackLoader:240 - Cannot read IP mode file for STMicroelectronics.X-CUBE-BLEMGR.2.0.0
2024-03-20 20:23:02,975 [WARN] PackLoader:240 - Cannot read IP mode file for STMicroelectronics.X-CUBE-NFC4.2.0.5
2024-03-20 20:23:02,991 [WARN] ConditionMgr:438 - getConditionDescription Invalid condition id : UX DEVICE CLASS RTOS Condition cause : null
2024-03-20 20:23:02,991 [WARN] ConditionMgr:438 - getConditionDescription Invalid condition id : UX DEVICE CLASS RTOS Condition cause : null
2024-03-20 20:23:02,992 [WARN] PackLoader:240 - Cannot read IP mode file for STMicroelectronics.X-CUBE-AZRTOS-H7.3.1.0
2024-03-20 20:23:02,993 [WARN] ConditionMgr:1039 - genDependencies : Invalid condition id : UX DEVICE CLASS RTOS Condition cause : null
2024-03-20 20:23:02,993 [WARN] ConditionMgr:1039 - genDependencies : Invalid condition id : UX DEVICE CLASS RTOS Condition cause : null
2024-03-20 20:23:02,993 [WARN] ConditionMgr:1039 - genDependencies : Invalid condition id : UX DEVICE CLASS RTOS Condition cause : null
2024-03-20 20:23:02,993 [WARN] ConditionMgr:1039 - genDependencies : Invalid condition id : UX DEVICE CLASS RTOS Condition cause : null
2024-03-20 20:23:02,993 [WARN] ConditionMgr:1039 - genDependencies : Invalid condition id : UX DEVICE CLASS RTOS Condition cause : null
2024-03-20 20:23:03,003 [WARN] PackLoader:240 - Cannot read IP mode file for wolfSSL.I-CUBE-wolfSSL.5.5.3
2024-03-20 20:23:03,031 [WARN] PackLoader:240 - Cannot read IP mode file for STMicroelectronics.X-CUBE-NFC7.1.0.0
2024-03-20 20:23:03,040 [WARN] PackLoader:240 - Cannot read IP mode file for STMicroelectronics.X-CUBE-EEPRMA1.4.1.0
2024-03-20 20:23:03,076 [WARN] ConditionMgr:438 - getConditionDescription Invalid condition id : LAN8742 Phy interface Condition cause : null
2024-03-20 20:23:03,076 [WARN] PackLoader:240 - Cannot read IP mode file for STMicroelectronics.X-CUBE-AZRTOS-L4.2.0.0
2024-03-20 20:23:03,077 [WARN] ConditionMgr:1039 - genDependencies : Invalid condition id : LAN8742 Phy interface Condition cause : null
2024-03-20 20:23:03,077 [WARN] ConditionMgr:1039 - genDependencies : Invalid condition id : LAN8742 Phy interface Condition cause : null
2024-03-20 20:23:03,077 [WARN] ConditionMgr:1039 - genDependencies : Invalid condition id : LAN8742 Phy interface Condition cause : null
2024-03-20 20:23:03,086 [WARN] PackLoader:240 - Cannot read IP mode file for STMicroelectronics.X-CUBE-SFXS2LP1.4.0.0
2024-03-20 20:23:03,103 [WARN] PackLoader:240 - Cannot read IP mode file for STMicroelectronics.X-CUBE-AZRTOS-H7.3.0.0
2024-03-20 20:23:03,111 [WARN] PackLoader:240 - Cannot read IP mode file for STMicroelectronics.X-CUBE-ISPU.1.1.0
2024-03-20 20:23:03,121 [WARN] PackLoader:240 - Cannot read IP mode file for RoweBots.I-CUBE-UNISONRTOS.5.5.0-4
2024-03-20 20:23:03,129 [WARN] PackLoader:240 - Cannot read IP mode file for STMicroelectronics.X-CUBE-AI.8.0.0
2024-03-20 20:23:03,162 [WARN] ConditionMgr:438 - getConditionDescription Invalid condition id : UX DEVICE CLASS RTOS Condition cause : null
2024-03-20 20:23:03,162 [WARN] ConditionMgr:438 - getConditionDescription Invalid condition id : UX DEVICE CLASS RTOS Condition cause : null
2024-03-20 20:23:03,163 [WARN] PackLoader:240 - Cannot read IP mode file for STMicroelectronics.X-CUBE-AZRTOS-WB.2.0.0
2024-03-20 20:23:03,163 [WARN] ConditionMgr:1039 - genDependencies : Invalid condition id : UX DEVICE CLASS RTOS Condition cause : null
2024-03-20 20:23:03,163 [WARN] ConditionMgr:1039 - genDependencies : Invalid condition id : UX DEVICE CLASS RTOS Condition cause : null
2024-03-20 20:23:03,163 [WARN] ConditionMgr:1039 - genDependencies : Invalid condition id : UX DEVICE CLASS RTOS Condition cause : null
2024-03-20 20:23:03,163 [WARN] ConditionMgr:1039 - genDependencies : Invalid condition id : UX DEVICE CLASS RTOS Condition cause : null
2024-03-20 20:23:03,163 [WARN] ConditionMgr:1039 - genDependencies : Invalid condition id : UX DEVICE CLASS RTOS Condition cause : null
2024-03-20 20:23:03,171 [WARN] PackLoader:240 - Cannot read IP mode file for STMicroelectronics.X-CUBE-FREERTOS.1.0.0
2024-03-20 20:23:03,179 [WARN] PackLoader:240 - Cannot read IP mode file for STMicroelectronics.X-CUBE-FREERTOS.1.0.1
2024-03-20 20:23:03,216 [WARN] PackLoader:240 - Cannot read IP mode file for STMicroelectronics.X-CUBE-AZRTOS-L5.1.1.0
2024-03-20 20:23:03,226 [WARN] PackLoader:240 - Cannot read IP mode file for STMicroelectronics.X-CUBE-AI.8.0.1
2024-03-20 20:23:03,254 [WARN] PackLoader:240 - Cannot read IP mode file for STMicroelectronics.X-CUBE-SUBG2.5.0.0
2024-03-20 20:23:03,269 [WARN] PackLoader:240 - Cannot read IP mode file for STMicroelectronics.X-CUBE-AZRTOS-G4.2.0.0
2024-03-20 20:23:03,282 [WARN] PackLoader:240 - Cannot read IP mode file for STMicroelectronics.X-CUBE-TOF1.3.3.0
2024-03-20 20:23:03,291 [WARN] PackLoader:240 - Cannot read IP mode file for STMicroelectronics.FP-ATR-ASTRA1.1.1.1
2024-03-20 20:23:03,304 [WARN] PackLoader:240 - Cannot read IP mode file for Infineon.AIROC-Wi-Fi-Bluetooth-STM32.1.5.1
2024-03-20 20:23:03,312 [WARN] PackLoader:240 - Cannot read IP mode file for STMicroelectronics.FP-SNS-MOTENVWB1.1.3.0
2024-03-20 20:23:03,318 [WARN] PackLoader:240 - Cannot read IP mode file for STMicroelectronics.FP-SNS-MOTENVWB1.1.3.1
2024-03-20 20:23:03,331 [WARN] PackLoader:240 - Cannot read IP mode file for STMicroelectronics.X-CUBE-AZRTOS-G4.1.0.0
2024-03-20 20:23:03,345 [WARN] PackLoader:240 - Cannot read IP mode file for STMicroelectronics.X-CUBE-AZRTOS-L4.1.0.0
2024-03-20 20:23:03,353 [WARN] PackLoader:240 - Cannot read IP mode file for STMicroelectronics.X-CUBE-ISPU.2.0.0
2024-03-20 20:23:03,376 [WARN] PackLoader:240 - Cannot read IP mode file for STMicroelectronics.X-CUBE-MEMS1.10.0.0
2024-03-20 20:23:03,427 [WARN] PackLoader:240 - Cannot read IP mode file for STMicroelectronics.X-CUBE-FREERTOS.1.1.0
2024-03-20 20:23:03,438 [WARN] PackLoader:240 - Cannot read IP mode file for STMicroelectronics.X-CUBE-AZRTOS-WL.1.0.0
2024-03-20 20:23:03,448 [WARN] PackLoader:240 - Cannot read IP mode file for portGmbH.I-Cube-SoM-uGOAL.1.1.0
2024-03-20 20:23:03,476 [WARN] PackLoader:240 - Cannot read IP mode file for STMicroelectronics.X-CUBE-ALS.1.0.1
2024-03-20 20:23:03,488 [WARN] PackLoader:240 - Cannot read IP mode file for STMicroelectronics.X-CUBE-AZRTOS-WB.1.1.0
2024-03-20 20:23:03,502 [WARN] PackLoader:240 - Cannot read IP mode file for STMicroelectronics.X-CUBE-AZRTOS-L5.1.0.0
2024-03-20 20:23:03,511 [WARN] PackLoader:240 - Cannot read IP mode file for STMicroelectronics.X-CUBE-EEPRMA1.3.1.1
2024-03-20 20:23:03,536 [WARN] PackLoader:240 - Cannot read IP mode file for STMicroelectronics.FP-ATR-ASTRA1.2.0.0
2024-03-20 20:23:03,545 [WARN] PackLoader:240 - Cannot read IP mode file for STMicroelectronics.X-CUBE-TOF1.3.4.0
2024-03-20 20:23:03,558 [WARN] PackLoader:240 - Cannot read IP mode file for STMicroelectronics.X-CUBE-TOF1.3.4.1
2024-03-20 20:23:03,577 [WARN] PackLoader:240 - Cannot read IP mode file for STMicroelectronics.X-CUBE-AZRTOS-H7.3.2.0
2024-03-20 20:23:03,578 [INFO] ThirdParty:978 - Integrity check success = true
2024-03-20 20:23:03,578 [INFO] IntegrityCheckThread:100 - exiting critical section [integrity check]
2024-03-20 20:23:03,578 [INFO] IntegrityCheckThread:103 - End integrity checks thread
2024-03-20 20:23:17,670 [ERROR] LogOutputStream:75 - [STDERR_REDIRECT] SLF4J: Failed to load class "org.slf4j.impl.StaticLoggerBinder".
2024-03-20 20:23:17,670 [ERROR] LogOutputStream:75 - [STDERR_REDIRECT] SLF4J: Defaulting to no-operation (NOP) logger implementation
2024-03-20 20:23:17,671 [ERROR] LogOutputStream:75 - [STDERR_REDIRECT] SLF4J: See http://www.slf4j.org/codes.html#StaticLoggerBinder for further details.
2024-03-20 20:24:39,176 [INFO] McuFinderGlobals:63 - Set McuFinder mode to 2 (CubeIDE integrated)
2024-03-20 20:24:39,191 [INFO] MainUpdater:2868 - connection check result : 10
2024-03-20 20:24:39,194 [INFO] MainUpdater:2868 - connection check result : 10
2024-03-20 20:24:39,271 [INFO] MicroXplorer:468 - Change Database Path : 
2024-03-20 20:24:39,271 [INFO] MicroXplorer:498 - Change Database Version : DB.6.0.92
2024-03-20 20:24:39,273 [WARN] ThirdParty:871 - waiting for thirdparty lock release [close project]
2024-03-20 20:24:39,273 [INFO] ThirdParty:873 - entering critical section [close project]
2024-03-20 20:24:39,274 [INFO] ThirdParty:883 - exiting critical section [close project]
2024-03-20 20:24:39,275 [INFO] PinOutPanel:1499 - setPackage(No Configuration,No Configuration)
2024-03-20 20:24:39,278 [INFO] UtilMem:75 - Begin LoadConfig() Used Memory: 709815312 Bytes (1010827264)
2024-03-20 20:24:39,279 [INFO] MicroXplorer:468 - Change Database Path : 
2024-03-20 20:24:39,279 [INFO] MicroXplorer:498 - Change Database Version : DB.6.0.92
2024-03-20 20:24:39,279 [INFO] OpenFileManager:308 - Change cursor
2024-03-20 20:24:39,304 [INFO] Mcu:1946 - Initializing MCU STM32F411R(C-E)Tx STM32F411RETx STM32F411RET6
2024-03-20 20:24:40,148 [INFO] Context:659 - Trying to add GPIOservice into a context  which must be forbidden
2024-03-20 20:24:40,465 [INFO] RtosManager:555 - Registered RTOS mode: class=CMSIS, group=RTOS, mode=CMSIS_V1, owner=FREERTOS
2024-03-20 20:24:40,465 [INFO] RtosManager:555 - Registered RTOS mode: class=CMSIS, group=RTOS2, mode=CMSIS_V2, owner=FREERTOS
2024-03-20 20:24:40,465 [INFO] RtosManager:555 - Registered RTOS mode: class=RTOS, group=Core, mode=CMSIS_V1, owner=FREERTOS
2024-03-20 20:24:40,466 [INFO] RtosManager:555 - Registered RTOS mode: class=RTOS, group=Core, mode=CMSIS_V2, owner=FREERTOS
2024-03-20 20:24:40,466 [WARN] ModelIntegratedComponent:184 - Missing modes for component STMicroelectronics:FreeRTOS:0.0.1:STMicroelectronics:RTOS:FreeRTOS:Core:::10.2.0:
2024-03-20 20:24:40,469 [WARN] ModelIntegratedComponent:63 - No mode defined for component null
2024-03-20 20:24:40,469 [WARN] ModelIntegratedComponent:63 - No mode defined for component null
2024-03-20 20:24:40,469 [WARN] ModelIntegratedComponent:63 - No mode defined for component null
2024-03-20 20:24:40,469 [WARN] ModelIntegratedComponent:63 - No mode defined for component null
2024-03-20 20:24:40,469 [WARN] ModelIntegratedComponent:63 - No mode defined for component null
2024-03-20 20:24:40,469 [WARN] ModelIntegratedComponent:63 - No mode defined for component null
2024-03-20 20:24:40,469 [WARN] ModelIntegratedComponent:63 - No mode defined for component null
2024-03-20 20:24:40,469 [WARN] ModelIntegratedComponent:63 - No mode defined for component null
2024-03-20 20:24:40,469 [WARN] ModelIntegratedComponent:63 - No mode defined for component null
2024-03-20 20:24:40,469 [WARN] ModelIntegratedComponent:63 - No mode defined for component null
2024-03-20 20:24:40,469 [WARN] ModelIntegratedComponent:63 - No mode defined for component null
2024-03-20 20:24:40,469 [WARN] ModelIntegratedComponent:63 - No mode defined for component null
2024-03-20 20:24:40,469 [WARN] ModelIntegratedComponent:63 - No mode defined for component null
2024-03-20 20:24:40,469 [WARN] ModelIntegratedComponent:63 - No mode defined for component null
2024-03-20 20:24:40,469 [WARN] ModelIntegratedComponent:63 - No mode defined for component null
2024-03-20 20:24:40,469 [WARN] ModelIntegratedComponent:63 - No mode defined for component null
2024-03-20 20:24:40,469 [WARN] ModelIntegratedComponent:63 - No mode defined for component null
2024-03-20 20:24:40,469 [WARN] ModelIntegratedComponent:63 - No mode defined for component null
2024-03-20 20:24:40,469 [WARN] ModelIntegratedComponent:63 - No mode defined for component null
2024-03-20 20:24:40,469 [WARN] ModelIntegratedComponent:63 - No mode defined for component null
2024-03-20 20:24:40,469 [WARN] ModelIntegratedComponent:63 - No mode defined for component null
2024-03-20 20:24:40,470 [WARN] ModelIntegratedComponent:63 - No mode defined for component null
2024-03-20 20:24:40,470 [WARN] ModelIntegratedComponent:63 - No mode defined for component null
2024-03-20 20:24:40,470 [WARN] ModelIntegratedComponent:63 - No mode defined for component null
2024-03-20 20:24:40,470 [WARN] ModelIntegratedComponent:63 - No mode defined for component null
2024-03-20 20:24:40,470 [WARN] ModelIntegratedComponent:63 - No mode defined for component null
2024-03-20 20:24:40,470 [WARN] ModelIntegratedComponent:63 - No mode defined for component null
2024-03-20 20:24:40,470 [WARN] ModelIntegratedComponent:63 - No mode defined for component null
2024-03-20 20:24:40,470 [WARN] ModelIntegratedComponent:63 - No mode defined for component null
2024-03-20 20:24:40,470 [WARN] ModelIntegratedComponent:63 - No mode defined for component null
2024-03-20 20:24:40,470 [WARN] ModelIntegratedComponent:63 - No mode defined for component null
2024-03-20 20:24:40,470 [WARN] ModelIntegratedComponent:63 - No mode defined for component null
2024-03-20 20:24:40,470 [WARN] ModelIntegratedComponent:63 - No mode defined for component null
2024-03-20 20:24:40,507 [WARN] ModelIntegratedComponent:182 - Modes not found for component STMicroelectronics:USB_DEVICE:1.0.0:STMicroelectronics:USB::USB Device:Audio HS::1.0:USB_DEVICE_1_0_RESTRICTED_HS
2024-03-20 20:24:40,507 [WARN] ModelIntegratedComponent:188 - Modes not found for component STMicroelectronics:USB_DEVICE:1.0.0:STMicroelectronics:USB::USB Device:Audio HS::1.0:USB_DEVICE_1_0_RESTRICTED_HS
2024-03-20 20:24:40,507 [WARN] ModelIntegratedComponent:182 - Modes not found for component STMicroelectronics:USB_DEVICE:1.0.0:STMicroelectronics:USB::USB Device:CDC HS::1.0:USB_DEVICE_1_0_RESTRICTED_HS
2024-03-20 20:24:40,507 [WARN] ModelIntegratedComponent:188 - Modes not found for component STMicroelectronics:USB_DEVICE:1.0.0:STMicroelectronics:USB::USB Device:CDC HS::1.0:USB_DEVICE_1_0_RESTRICTED_HS
2024-03-20 20:24:40,507 [WARN] ModelIntegratedComponent:182 - Modes not found for component STMicroelectronics:USB_DEVICE:1.0.0:STMicroelectronics:USB::USB Device:DFU HS::1.0:USB_DEVICE_1_0_RESTRICTED_HS
2024-03-20 20:24:40,507 [WARN] ModelIntegratedComponent:188 - Modes not found for component STMicroelectronics:USB_DEVICE:1.0.0:STMicroelectronics:USB::USB Device:DFU HS::1.0:USB_DEVICE_1_0_RESTRICTED_HS
2024-03-20 20:24:40,507 [WARN] ModelIntegratedComponent:182 - Modes not found for component STMicroelectronics:USB_DEVICE:1.0.0:STMicroelectronics:USB::USB Device:HID HS::1.0:USB_DEVICE_1_0_RESTRICTED_HS
2024-03-20 20:24:40,507 [WARN] ModelIntegratedComponent:188 - Modes not found for component STMicroelectronics:USB_DEVICE:1.0.0:STMicroelectronics:USB::USB Device:HID HS::1.0:USB_DEVICE_1_0_RESTRICTED_HS
2024-03-20 20:24:40,507 [WARN] ModelIntegratedComponent:182 - Modes not found for component STMicroelectronics:USB_DEVICE:1.0.0:STMicroelectronics:USB::USB Device:Custom HID HS::1.0:USB_DEVICE_1_0_RESTRICTED_HS
2024-03-20 20:24:40,507 [WARN] ModelIntegratedComponent:188 - Modes not found for component STMicroelectronics:USB_DEVICE:1.0.0:STMicroelectronics:USB::USB Device:Custom HID HS::1.0:USB_DEVICE_1_0_RESTRICTED_HS
2024-03-20 20:24:40,507 [WARN] ModelIntegratedComponent:182 - Modes not found for component STMicroelectronics:USB_DEVICE:1.0.0:STMicroelectronics:USB::USB Device:MSC HS::1.0:USB_DEVICE_1_0_RESTRICTED_HS
2024-03-20 20:24:40,507 [WARN] ModelIntegratedComponent:188 - Modes not found for component STMicroelectronics:USB_DEVICE:1.0.0:STMicroelectronics:USB::USB Device:MSC HS::1.0:USB_DEVICE_1_0_RESTRICTED_HS
2024-03-20 20:24:40,553 [WARN] ModelIntegratedComponent:182 - Modes not found for component STMicroelectronics:USB_HOST:1.0.0:STMicroelectronics:USB::USB Host:Audio HS::1.0:USB_HOST_1_0_RESTRICTED_HS
2024-03-20 20:24:40,553 [WARN] ModelIntegratedComponent:188 - Modes not found for component STMicroelectronics:USB_HOST:1.0.0:STMicroelectronics:USB::USB Host:Audio HS::1.0:USB_HOST_1_0_RESTRICTED_HS
2024-03-20 20:24:40,553 [WARN] ModelIntegratedComponent:182 - Modes not found for component STMicroelectronics:USB_HOST:1.0.0:STMicroelectronics:USB::USB Host:CDC HS::1.0:USB_HOST_1_0_RESTRICTED_HS
2024-03-20 20:24:40,553 [WARN] ModelIntegratedComponent:188 - Modes not found for component STMicroelectronics:USB_HOST:1.0.0:STMicroelectronics:USB::USB Host:CDC HS::1.0:USB_HOST_1_0_RESTRICTED_HS
2024-03-20 20:24:40,553 [WARN] ModelIntegratedComponent:182 - Modes not found for component STMicroelectronics:USB_HOST:1.0.0:STMicroelectronics:USB::USB Host:MSC HS::1.0:USB_HOST_1_0_RESTRICTED_HS
2024-03-20 20:24:40,553 [WARN] ModelIntegratedComponent:188 - Modes not found for component STMicroelectronics:USB_HOST:1.0.0:STMicroelectronics:USB::USB Host:MSC HS::1.0:USB_HOST_1_0_RESTRICTED_HS
2024-03-20 20:24:40,553 [WARN] ModelIntegratedComponent:182 - Modes not found for component STMicroelectronics:USB_HOST:1.0.0:STMicroelectronics:USB::USB Host:HID HS::1.0:USB_HOST_1_0_RESTRICTED_HS
2024-03-20 20:24:40,553 [WARN] ModelIntegratedComponent:188 - Modes not found for component STMicroelectronics:USB_HOST:1.0.0:STMicroelectronics:USB::USB Host:HID HS::1.0:USB_HOST_1_0_RESTRICTED_HS
2024-03-20 20:24:40,553 [WARN] ModelIntegratedComponent:182 - Modes not found for component STMicroelectronics:USB_HOST:1.0.0:STMicroelectronics:USB::USB Host:MTP HS::1.0:USB_HOST_1_0_RESTRICTED_HS
2024-03-20 20:24:40,553 [WARN] ModelIntegratedComponent:188 - Modes not found for component STMicroelectronics:USB_HOST:1.0.0:STMicroelectronics:USB::USB Host:MTP HS::1.0:USB_HOST_1_0_RESTRICTED_HS
2024-03-20 20:24:40,659 [INFO] ThirdPartyModel:298 - Start build external matchings
2024-03-20 20:24:42,379 [INFO] ThirdPartyModel:316 - End build external matchings
2024-03-20 20:24:42,403 [INFO] RtosManager:919 - Current active RTOS is FREERTOS [Cortex-M4NS]
2024-03-20 20:24:42,411 [WARN] IP:2114 - I2C_Coeff_DF not found: check if there is a RefParameter without a condition.
2024-03-20 20:24:42,411 [WARN] IP:2114 - Analog_Filter not found: check if there is a RefParameter without a condition.
2024-03-20 20:24:42,411 [INFO] ImportTextPane:194 - (OptionalMessage_ERROR) IP (RCC) : Parameter (48MHZClocksFreq_Value) has invalid value (50000000)
2024-03-20 20:24:42,412 [INFO] ImportTextPane:194 - (OptionalMessage_ERROR) IP (RCC) : Parameter (FLatency) has Id (AdvancedSettings) currently not set
2024-03-20 20:24:42,413 [INFO] ImportTextPane:194 - (OptionalMessage_ERROR) IP (RCC) : Parameter (RTCHSEDivFreq_Value) has invalid value (4000000)
2024-03-20 20:24:42,544 [INFO] UtilMem:75 - End LoadConfig() Used Memory: 822245616 Bytes (1073741824)
2024-03-20 20:24:42,618 [INFO] ApiDb:581 - Connected to CubeFinder SQLite database (C:\Users\Daniel\.stmcufinder\plugins\mcufinder\mcu\cube-finder-db.db)
2024-03-20 20:24:42,679 [INFO] ApiDb:668 - CubeFinder database Data Model version=2.1
2024-03-20 20:24:42,680 [INFO] ApiDb:669 - CubeFinder database Configuration version=3.0.39
2024-03-20 20:24:42,680 [INFO] ApiDb:670 - CubeFinder database generation date=2024-03-01 (1709305525)
2024-03-20 20:24:42,680 [INFO] ApiDb:671 - CubeFinder database FW Pack versions=[FP-ATR-ASTRA1_V2.0.0, FP-SNS-FLIGHT1_V5.0.1, FP-SNS-FLIGHT1_V5.0.2, FP-SNS-MOTENV1_V4.3.1, FP-SNS-MOTENV1_V4.3.2, FP-SNS-MOTENVWB1_V1.3.1, FP-SNS-SMARTAG2_V1.2.0, STM32Cube_FW_C0_V1.1.0, STM32Cube_FW_F4_V1.28.0, STM32Cube_FW_F7_V1.17.0, STM32Cube_FW_G0_V1.6.2, STM32Cube_FW_G4_V1.5.2, STM32Cube_FW_H5_V0.5.1, STM32Cube_FW_H5_V1.1.1, STM32Cube_FW_H5_V1.2.0, STM32Cube_FW_H5_V1.2.0RC4, STM32Cube_FW_H7RS_V1.0.0, STM32Cube_FW_H7RS_V1.0.0RC4, STM32Cube_FW_H7_V1.11.0, STM32Cube_FW_L0_V1.12.2, STM32Cube_FW_L5_V1.5.1, STM32Cube_FW_U0_V1.0.0, STM32Cube_FW_U0_V1.0.0RC1, STM32Cube_FW_U5_V1.3.0RC4, STM32Cube_FW_U5_V1.5.0, STM32Cube_FW_U5_V1.5.0RC1, STM32Cube_FW_WBA_V1.0.0RC1, STM32Cube_FW_WBA_V1.2.0, STM32Cube_FW_WBA_V1.2.0RC2, STM32Cube_FW_WBA_V1.3.0, STM32Cube_FW_WBA_V1.3.0RC1, STM32Cube_FW_WB_V1.15.0RC1, STM32Cube_FW_WB_V1.16.0, STM32Cube_FW_WB_V1.16.0RC2, STM32Cube_FW_WB_V1.18.0, STM32Cube_FW_WB_V1.19.0, STM32Cube_FW_WL_V1.3.0, X-CUBE-ALGOBUILD_V1.3.0, X-CUBE-ALS_V1.0.1, X-CUBE-AZRTOS-F4_V1.1.0, X-CUBE-AZRTOS-F7_V1.1.0, X-CUBE-AZRTOS-G0_V1.1.0, X-CUBE-AZRTOS-G4_V2.0.0, X-CUBE-AZRTOS-H7_V3.2.0, X-CUBE-AZRTOS-L4_V1.0.0, X-CUBE-AZRTOS-L4_V2.0.0, X-CUBE-AZRTOS-L5_V1.1.0, X-CUBE-AZRTOS-WB_V2.0.0, X-CUBE-AZRTOS-WL_V2.0.0, X-CUBE-BLE1_V7.0.0, X-CUBE-BLE2_V3.3.0, X-CUBE-BLEMGR_V3.1.0, X-CUBE-EEPRMA1_V4.1.0, X-CUBE-EEPRMA1_V5.1.0, X-CUBE-FREERTOS_V1.1.0, X-CUBE-GNSS1_V6.0.0, X-CUBE-MEMS1_V10.0.0, X-CUBE-MEMS1_V9.1.0, X-CUBE-MEMS1_V9.4.0, X-CUBE-MEMS1_V9.6.0, X-CUBE-NFC4_V3.0.0, X-CUBE-NFC7_V1.0.1, X-CUBE-SFXS2LP1_V4.0.0, X-CUBE-SUBG2_V5.0.0, X-CUBE-TOF1_V3.4.0]
2024-03-20 20:24:44,476 [INFO] ApiDb:240 - Found 323 in-development CPN: [B-G473E-ZEST1S, B-WB1M-WPAN1, B-WL5M-SUBG1, NUCLEO-C031C6, NUCLEO-H503RB, NUCLEO-H563ZI, NUCLEO-U545RE-Q, NUCLEO-U5A5ZJ-Q, NUCLEO-WBA52CG, STEVAL-PROTEUS1, STEVAL-SMARTAG2, STEVAL-STWINBX1, STM320518-EVAL, STM32C0116-DK, STM32C011D6Y3TR, STM32C011D6Y6TR, STM32C011F4P3, STM32C011F4P6, STM32C011F4U3, STM32C011F4U6TR, STM32C011F6P3, STM32C011F6P6, STM32C011F6U3, STM32C011F6U6TR, STM32C011J4M3, STM32C011J4M6, STM32C011J6M3, STM32C011J6M6, STM32C0316-DK, STM32C031C4T3, STM32C031C4T6, STM32C031C4U3, STM32C031C4U6, STM32C031C6T3, STM32C031C6T6, STM32C031C6U3, STM32C031C6U6, STM32C031F4P3, STM32C031F4P6, STM32C031F6P3, STM32C031F6P6, STM32C031G4U3, STM32C031G4U6, STM32C031G6U3, STM32C031G6U6, STM32C031K4T3, STM32C031K4T6, STM32C031K4U3, STM32C031K4U6, STM32C031K6T3, STM32C031K6T6, STM32C031K6U3, STM32C031K6U6, STM32G071K8TXN, STM32G071K8UXN, STM32G081GBU6N, STM32G081KBT6N, STM32G081KBUXN, STM32G0B1CCT6N, STM32G0B1KCT6, STM32G0B1NEY6TR, STM32G0B1RCT6N, STM32G0C1CCT6, STM32G0C1CCT6N, STM32G0C1CCU6N, STM32G0C1CET6N, STM32G0C1CEU6N, STM32G0C1KCT6, STM32G0C1NEY6TR, STM32G0C1RCI6N, STM32G0C1RCT6N, STM32G0C1REI6N, STM32G0C1RET6N, STM32G0C1VCI6, STM32G0C1VEI6, STM32G471CCT6, STM32G471CCU6, STM32G471CET3, STM32G471CET6, STM32G471CEU3, STM32G471CEU6, STM32G471MCT6, STM32G471MET3, STM32G471MET6, STM32G471MEY6TR, STM32G471QCT6, STM32G471QET3, STM32G471RCT6, STM32G471RET3, STM32G471RET6, STM32G471VCH6, STM32G471VCI6, STM32G471VCT6, STM32G471VEH3, STM32G471VEH6, STM32G471VEI3, STM32G471VEI6, STM32G471VET3, STM32G471VET6, STM32G474CCT6, STM32H503CBT6, STM32H503CBU6, STM32H503EBY6TR, STM32H503KBU6, STM32H503RBT6, STM32H562AGI6, STM32H562AII6, STM32H562IGK6, STM32H562IGT6, STM32H562IIK6, STM32H562IIT6, STM32H562RGT6, STM32H562RGV6, STM32H562RIT6, STM32H562RIV6, STM32H562VGT6, STM32H562VIT6, STM32H562ZGT6, STM32H562ZIT6, STM32H563AGI6, STM32H563AII3Q, STM32H563AII6, STM32H563IGK6, STM32H563IGT6, STM32H563IIK3Q, STM32H563IIK6, STM32H563IIT3Q, STM32H563IIT6, STM32H563MIY3QTR, STM32H563RGT6, STM32H563RGV6, STM32H563RIT6, STM32H563RIV6, STM32H563VGT6, STM32H563VIT3Q, STM32H563VIT6, STM32H563ZGT6, STM32H563ZIT3Q, STM32H563ZIT6, STM32H573AII3Q, STM32H573AII6, STM32H573I-DK, STM32H573IIK3Q, STM32H573IIK6, STM32H573IIT3Q, STM32H573IIT6, STM32H573MIY3QTR, STM32H573RIT6, STM32H573RIV6, STM32H573VIT3Q, STM32H573VIT6, STM32H573ZIT3Q, STM32H573ZIT6, STM32L4R5QGI6STR, STM32MP131AAE3, STM32MP131AAF3, STM32MP131AAG3, STM32MP131CAE3, STM32MP131CAF3, STM32MP131CAG3, STM32MP131DAE7, STM32MP131DAF7, STM32MP131DAG7, STM32MP131FAE7, STM32MP131FAF7, STM32MP131FAG7, STM32MP133AAE3, STM32MP133AAF3, STM32MP133AAG3, STM32MP133CAE3, STM32MP133CAF3, STM32MP133CAG3, STM32MP133DAE7, STM32MP133DAF7, STM32MP133DAG7, STM32MP133FAE7, STM32MP133FAF7, STM32MP133FAG7, STM32MP135AAE3, STM32MP135AAF3, STM32MP135AAG3, STM32MP135CAE3, STM32MP135CAF3, STM32MP135CAG3, STM32MP135DAE7, STM32MP135DAF7, STM32MP135DAG7, STM32MP135F-DK, STM32MP135FAE7, STM32MP135FAF7, STM32MP135FAF7T, STM32MP135FAF7U, STM32MP135FAG7, STM32U535CBT6, STM32U535CBT6Q, STM32U535CBU6, STM32U535CBU6Q, STM32U535CCT6, STM32U535CCT6Q, STM32U535CCU6, STM32U535CCU6Q, STM32U535CET6, STM32U535CET6Q, STM32U535CEU6, STM32U535CEU6Q, STM32U535JEY6QTR, STM32U535NCY6QTR, STM32U535NEY6QTR, STM32U535RBI6, STM32U535RBI6Q, STM32U535RBT6, STM32U535RBT6Q, STM32U535RCI6, STM32U535RCI6Q, STM32U535RCT6, STM32U535RCT6Q, STM32U535REI6, STM32U535REI6Q, STM32U535RET6, STM32U535RET6Q, STM32U535VCI6, STM32U535VCI6Q, STM32U535VCT6, STM32U535VCT6Q, STM32U535VEI6, STM32U535VEI6Q, STM32U535VET6, STM32U535VET6Q, STM32U545CET6, STM32U545CET6Q, STM32U545CEU6, STM32U545CEU6Q, STM32U545JEY6QTR, STM32U545NEY6QTR, STM32U545REI6, STM32U545REI6Q, STM32U545RET6, STM32U545RET6Q, STM32U545VEI6, STM32U545VEI6Q, STM32U545VET6, STM32U545VET6Q, STM32U595AIH6, STM32U595AIH6Q, STM32U595AJH6, STM32U595AJH6Q, STM32U595QII6, STM32U595QII6Q, STM32U595QJI6, STM32U595QJI6Q, STM32U595RIT6, STM32U595RIT6Q, STM32U595RJT6, STM32U595RJT6Q, STM32U595VIT6, STM32U595VIT6Q, STM32U595VJT6, STM32U595VJT6Q, STM32U595ZIT6, STM32U595ZIT6Q, STM32U595ZIY6QTR, STM32U595ZJT6, STM32U595ZJT6Q, STM32U595ZJY6QTR, STM32U599BJY6QTR, STM32U599NIH6Q, STM32U599NJH6Q, STM32U599VIT6Q, STM32U599VJT6, STM32U599VJT6Q, STM32U599ZIT6Q, STM32U599ZIY6QTR, STM32U599ZJT6Q, STM32U599ZJY6QTR, STM32U5A5AJH6, STM32U5A5AJH6Q, STM32U5A5QJI6, STM32U5A5QJI6Q, STM32U5A5RJT6, STM32U5A5RJT6Q, STM32U5A5VJT6, STM32U5A5VJT6Q, STM32U5A5ZJT6, STM32U5A5ZJT6Q, STM32U5A5ZJY6QTR, STM32U5A9BJY6QTR, STM32U5A9J-DK, STM32U5A9NJH6Q, STM32U5A9VJT6Q, STM32U5A9ZJT6Q, STM32U5A9ZJY6QTR, STM32U5F7VIT6, STM32U5F7VIT6Q, STM32U5F7VJT6, STM32U5F7VJT6Q, STM32U5F9BJY6QTR, STM32U5F9NJH6Q, STM32U5F9VIT6Q, STM32U5F9VJT6Q, STM32U5F9ZIJ6QTR, STM32U5F9ZIT6Q, STM32U5F9ZJJ6QTR, STM32U5F9ZJT6Q, STM32U5G7VJT6, STM32U5G7VJT6Q, STM32U5G9BJY6QTR, STM32U5G9J-DK1, STM32U5G9J-DK2, STM32U5G9NJH6Q, STM32U5G9VJT6Q, STM32U5G9ZJJ6QTR, STM32U5G9ZJT6Q, STM32WB1MMCH6, STM32WBA52CEU6, STM32WBA52CEU6T, STM32WBA52CGU6, STM32WBA52CGU6T, STM32WBA52KEU6, STM32WBA52KEU6T, STM32WBA52KGU6, STM32WBA52KGU6T, STM32WL5MOCH6, STM32WL5MOCH6TR]
2024-03-20 20:24:44,479 [INFO] DbMcus:217 - Found 3938 MCUs, 3938 are supported
2024-03-20 20:24:44,480 [INFO] ApiDb:423 - Load user favorites file C:\Users\Daniel/.stm32cubeide/favorites.mcus.txt: 0 item(s)
2024-03-20 20:24:44,480 [INFO] ApiDb:427 - User favorites MCUs=[]
2024-03-20 20:24:44,480 [INFO] DbMcus:223 - Set 0 / 0 favorites MCUs
2024-03-20 20:24:44,756 [WARN] ThirdParty:833 - waiting for thirdparty lock release [change project]
2024-03-20 20:24:44,756 [INFO] ThirdParty:835 - entering critical section [change project]
2024-03-20 20:24:44,756 [INFO] ThirdParty:1030 - CMSIS Pack Vendor :STMicroelectronics USBPD 4.1
2024-03-20 20:24:44,756 [INFO] ThirdParty:1030 - CMSIS Pack Vendor :STMicroelectronics X-CUBE-GNSS1 6.0.0
2024-03-20 20:24:44,756 [INFO] ThirdParty:1030 - CMSIS Pack Vendor :STMicroelectronics USB_HOST 2.0.0
2024-03-20 20:24:44,756 [INFO] ThirdParty:1030 - CMSIS Pack Vendor :STMicroelectronics X-CUBE-AZRTOS-F4 1.1.0
2024-03-20 20:24:44,756 [INFO] ThirdParty:1030 - CMSIS Pack Vendor :STMicroelectronics LIBJPEG 8.0.0
2024-03-20 20:24:44,756 [INFO] ThirdParty:1030 - CMSIS Pack Vendor :STMicroelectronics X-CUBE-SMBUS 2.1.0
2024-03-20 20:24:44,756 [INFO] ThirdParty:1030 - CMSIS Pack Vendor :STMicroelectronics X-CUBE-TOUCHGFX 4.23.0
2024-03-20 20:24:44,756 [INFO] ThirdParty:1030 - CMSIS Pack Vendor :STMicroelectronics X-CUBE-BLEMGR 1.2.0
2024-03-20 20:24:44,756 [INFO] ThirdParty:1030 - CMSIS Pack Vendor :STMicroelectronics X-CUBE-AZRTOS-F7 1.1.0
2024-03-20 20:24:44,756 [INFO] ThirdParty:1030 - CMSIS Pack Vendor :STMicroelectronics X-CUBE-AZRTOS-L5 2.0.0
2024-03-20 20:24:44,756 [INFO] ThirdParty:1030 - CMSIS Pack Vendor :STMicroelectronics USB_DEVICE 2.0.0
2024-03-20 20:24:44,756 [INFO] ThirdParty:1030 - CMSIS Pack Vendor :STMicroelectronics X-CUBE-MEMS1 9.6.0
2024-03-20 20:24:44,756 [INFO] ThirdParty:1030 - CMSIS Pack Vendor :STMicroelectronics X-CUBE-EEPRMA1 4.2.0
2024-03-20 20:24:44,756 [INFO] ThirdParty:1030 - CMSIS Pack Vendor :STMicroelectronics X-CUBE-NFC6 3.1.0
2024-03-20 20:24:44,756 [INFO] ThirdParty:1030 - CMSIS Pack Vendor :ITTIA_DB I-CUBE-ITTIADB 8.8.0
2024-03-20 20:24:44,756 [INFO] ThirdParty:1030 - CMSIS Pack Vendor :STMicroelectronics FP-SNS-MOTENV1 4.3.0
2024-03-20 20:24:44,756 [INFO] ThirdParty:1030 - CMSIS Pack Vendor :STMicroelectronics FP-SNS-FLIGHT1 5.0.0
2024-03-20 20:24:44,756 [INFO] ThirdParty:1030 - CMSIS Pack Vendor :STMicroelectronics FP-SNS-MOTENV1 4.3.1
2024-03-20 20:24:44,756 [INFO] ThirdParty:1030 - CMSIS Pack Vendor :STMicroelectronics FP-SNS-FLIGHT1 5.0.1
2024-03-20 20:24:44,756 [INFO] ThirdParty:1030 - CMSIS Pack Vendor :STMicroelectronics X-CUBE-BLE1 6.2.3
2024-03-20 20:24:44,756 [INFO] ThirdParty:1030 - CMSIS Pack Vendor :STMicroelectronics X-CUBE-BLE1 6.2.4
2024-03-20 20:24:44,756 [INFO] ThirdParty:1030 - CMSIS Pack Vendor :STMicroelectronics FreeRTOS 0.0.1
2024-03-20 20:24:44,756 [INFO] ThirdParty:1030 - CMSIS Pack Vendor :emotas I-CUBE-CANOPEN 1.1.3
2024-03-20 20:24:44,757 [INFO] ThirdParty:1030 - CMSIS Pack Vendor :STMicroelectronics X-CUBE-BLEMGR 2.0.0
2024-03-20 20:24:44,757 [INFO] ThirdParty:1030 - CMSIS Pack Vendor :STMicroelectronics X-CUBE-NFC4 2.0.5
2024-03-20 20:24:44,757 [INFO] ThirdParty:1030 - CMSIS Pack Vendor :STMicroelectronics X-CUBE-AZRTOS-H7 3.1.0
2024-03-20 20:24:44,757 [INFO] ThirdParty:1030 - CMSIS Pack Vendor :STMicroelectronics PDM2PCM 3.3.0
2024-03-20 20:24:44,757 [INFO] ThirdParty:1030 - CMSIS Pack Vendor :STMicroelectronics X-CUBE-DISPLAY 3.0.0
2024-03-20 20:24:44,757 [INFO] ThirdParty:1030 - CMSIS Pack Vendor :wolfSSL I-CUBE-wolfSSL 5.5.3
2024-03-20 20:24:44,757 [INFO] ThirdParty:1030 - CMSIS Pack Vendor :STMicroelectronics X-CUBE-BLE1 7.0.0
2024-03-20 20:24:44,757 [INFO] ThirdParty:1030 - CMSIS Pack Vendor :STMicroelectronics HAL Drivers 0.0.0
2024-03-20 20:24:44,757 [INFO] ThirdParty:1030 - CMSIS Pack Vendor :STMicroelectronics MBEDTLS 2.14.1
2024-03-20 20:24:44,757 [INFO] ThirdParty:1030 - CMSIS Pack Vendor :STMicroelectronics X-CUBE-NFC7 1.0.0
2024-03-20 20:24:44,757 [INFO] ThirdParty:1030 - CMSIS Pack Vendor :STMicroelectronics X-CUBE-TOUCHGFX 4.22.1
2024-03-20 20:24:44,757 [INFO] ThirdParty:1030 - CMSIS Pack Vendor :STMicroelectronics X-CUBE-MEMS1 9.3.0
2024-03-20 20:24:44,757 [INFO] ThirdParty:1030 - CMSIS Pack Vendor :STMicroelectronics X-CUBE-EEPRMA1 4.1.0
2024-03-20 20:24:44,757 [INFO] ThirdParty:1030 - CMSIS Pack Vendor :STMicroelectronics X-CUBE-BLEMGR 3.1.0
2024-03-20 20:24:44,757 [INFO] ThirdParty:1030 - CMSIS Pack Vendor :STMicroelectronics USB_DEVICE 1.0.0
2024-03-20 20:24:44,757 [INFO] ThirdParty:1030 - CMSIS Pack Vendor :STMicroelectronics X-CUBE-AZRTOS-L4 2.0.0
2024-03-20 20:24:44,757 [INFO] ThirdParty:1030 - CMSIS Pack Vendor :STMicroelectronics ThreadX 0.0.2
2024-03-20 20:24:44,757 [INFO] ThirdParty:1030 - CMSIS Pack Vendor :WES I-CUBE-Cesium 1.3.0
2024-03-20 20:24:44,757 [INFO] ThirdParty:1030 - CMSIS Pack Vendor :STMicroelectronics lwIP 2.1.2
2024-03-20 20:24:44,757 [INFO] ThirdParty:1030 - CMSIS Pack Vendor :STMicroelectronics X-CUBE-SFXS2LP1 4.0.0
2024-03-20 20:24:44,757 [INFO] ThirdParty:1030 - CMSIS Pack Vendor :STMicroelectronics X-CUBE-BLE2 3.3.0
2024-03-20 20:24:44,757 [INFO] ThirdParty:1030 - CMSIS Pack Vendor :STMicroelectronics X-CUBE-DISPLAY 2.2.0
2024-03-20 20:24:44,757 [INFO] ThirdParty:1030 - CMSIS Pack Vendor :STMicroelectronics X-CUBE-TOF1 3.2.0
2024-03-20 20:24:44,757 [INFO] ThirdParty:1030 - CMSIS Pack Vendor :STMicroelectronics PDM2PCM 3.2.0
2024-03-20 20:24:44,757 [INFO] ThirdParty:1030 - CMSIS Pack Vendor :STMicroelectronics X-CUBE-AZRTOS-H7 3.0.0
2024-03-20 20:24:44,757 [INFO] ThirdParty:1030 - CMSIS Pack Vendor :STMicroelectronics X-CUBE-ISPU 1.1.0
2024-03-20 20:24:44,757 [INFO] ThirdParty:1030 - CMSIS Pack Vendor :RoweBots I-CUBE-UNISONRTOS 5.5.0-4
2024-03-20 20:24:44,757 [INFO] ThirdParty:1030 - CMSIS Pack Vendor :STMicroelectronics X-CUBE-AZRTOS-H7 2.1.0
2024-03-20 20:24:44,757 [INFO] ThirdParty:1030 - CMSIS Pack Vendor :STMicroelectronics USB_DEVICE 3.0.0
2024-03-20 20:24:44,757 [INFO] ThirdParty:1030 - CMSIS Pack Vendor :STMicroelectronics X-CUBE-AI 8.0.0
2024-03-20 20:24:44,757 [INFO] ThirdParty:1030 - CMSIS Pack Vendor :STMicroelectronics X-CUBE-AZRTOS-WB 2.0.0
2024-03-20 20:24:44,757 [INFO] ThirdParty:1030 - CMSIS Pack Vendor :STMicroelectronics X-CUBE-FREERTOS 1.0.0
2024-03-20 20:24:44,757 [INFO] ThirdParty:1030 - CMSIS Pack Vendor :STMicroelectronics X-CUBE-FREERTOS 1.0.1
2024-03-20 20:24:44,757 [INFO] ThirdParty:1030 - CMSIS Pack Vendor :STMicroelectronics X-CUBE-TOUCHGFX 4.21.1
2024-03-20 20:24:44,757 [INFO] ThirdParty:1030 - CMSIS Pack Vendor :STMicroelectronics X-CUBE-TOUCHGFX 4.21.0
2024-03-20 20:24:44,757 [INFO] ThirdParty:1030 - CMSIS Pack Vendor :STMicroelectronics X-CUBE-TOUCHGFX 4.21.3
2024-03-20 20:24:44,758 [INFO] ThirdParty:1030 - CMSIS Pack Vendor :STMicroelectronics X-CUBE-TOUCHGFX 4.21.4
2024-03-20 20:24:44,758 [INFO] ThirdParty:1030 - CMSIS Pack Vendor :STMicroelectronics X-CUBE-MEMS1 9.4.0
2024-03-20 20:24:44,758 [INFO] ThirdParty:1030 - CMSIS Pack Vendor :STMicroelectronics X-CUBE-AI 7.3.0
2024-03-20 20:24:44,758 [INFO] ThirdParty:1030 - CMSIS Pack Vendor :STMicroelectronics X-CUBE-ALGOBUILD 1.3.0
2024-03-20 20:24:44,758 [INFO] ThirdParty:1030 - CMSIS Pack Vendor :STMicroelectronics X-CUBE-AZRTOS-L5 1.1.0
2024-03-20 20:24:44,758 [INFO] ThirdParty:1030 - CMSIS Pack Vendor :STMicroelectronics X-CUBE-AZRTOS-G0 1.1.0
2024-03-20 20:24:44,758 [INFO] ThirdParty:1030 - CMSIS Pack Vendor :STMicroelectronics X-CUBE-AI 8.0.1
2024-03-20 20:24:44,758 [INFO] ThirdParty:1030 - CMSIS Pack Vendor :STMicroelectronics X-CUBE-NFC4 3.0.0
2024-03-20 20:24:44,758 [INFO] ThirdParty:1030 - CMSIS Pack Vendor :STMicroelectronics X-CUBE-SUBG2 5.0.0
2024-03-20 20:24:44,758 [INFO] ThirdParty:1030 - CMSIS Pack Vendor :STMicroelectronics STM32_WPAN 1.0.0
2024-03-20 20:24:44,758 [INFO] ThirdParty:1030 - CMSIS Pack Vendor :SEGGER I-CUBE-embOS 1.2.1
2024-03-20 20:24:44,758 [INFO] ThirdParty:1030 - CMSIS Pack Vendor :STMicroelectronics lwIP 2.0.3
2024-03-20 20:24:44,758 [INFO] ThirdParty:1030 - CMSIS Pack Vendor :STMicroelectronics USB_HOST 1.0.0
2024-03-20 20:24:44,758 [INFO] ThirdParty:1030 - CMSIS Pack Vendor :STMicroelectronics X-CUBE-AZRTOS-G4 2.0.0
2024-03-20 20:24:44,758 [INFO] ThirdParty:1030 - CMSIS Pack Vendor :STMicroelectronics PDM2PCM 3.1.0
2024-03-20 20:24:44,758 [INFO] ThirdParty:1030 - CMSIS Pack Vendor :STMicroelectronics X-CUBE-TOF1 3.3.0
2024-03-20 20:24:44,758 [INFO] ThirdParty:1030 - CMSIS Pack Vendor :STMicroelectronics FP-ATR-ASTRA1 1.1.1
2024-03-20 20:24:44,758 [INFO] ThirdParty:1030 - CMSIS Pack Vendor :Infineon AIROC-Wi-Fi-Bluetooth-STM32 1.5.1
2024-03-20 20:24:44,758 [INFO] ThirdParty:1030 - CMSIS Pack Vendor :STMicroelectronics X-CUBE-BLEMGR 3.0.0
2024-03-20 20:24:44,758 [INFO] ThirdParty:1030 - CMSIS Pack Vendor :STMicroelectronics X-CUBE-BLEMGR 1.3.0
2024-03-20 20:24:44,758 [INFO] ThirdParty:1030 - CMSIS Pack Vendor :STMicroelectronics FP-SNS-MOTENVWB1 1.3.0
2024-03-20 20:24:44,758 [INFO] ThirdParty:1030 - CMSIS Pack Vendor :STMicroelectronics FP-SNS-MOTENVWB1 1.3.1
2024-03-20 20:24:44,758 [INFO] ThirdParty:1030 - CMSIS Pack Vendor :STMicroelectronics FP-ATR-SIGFOX1 3.2.0
2024-03-20 20:24:44,758 [INFO] ThirdParty:1030 - CMSIS Pack Vendor :STMicroelectronics X-CUBE-AZRTOS-G4 1.0.0
2024-03-20 20:24:44,758 [INFO] ThirdParty:1030 - CMSIS Pack Vendor :STMicroelectronics X-CUBE-AZRTOS-L4 1.0.0
2024-03-20 20:24:44,758 [INFO] ThirdParty:1030 - CMSIS Pack Vendor :STMicroelectronics X-CUBE-ISPU 2.0.0
2024-03-20 20:24:44,758 [INFO] ThirdParty:1030 - CMSIS Pack Vendor :STMicroelectronics X-CUBE-EEPRMA1 5.1.0
2024-03-20 20:24:44,758 [INFO] ThirdParty:1030 - CMSIS Pack Vendor :STMicroelectronics MBEDTLS 2.16.2
2024-03-20 20:24:44,758 [INFO] ThirdParty:1030 - CMSIS Pack Vendor :STMicroelectronics X-CUBE-TOUCHGFX 4.20.0
2024-03-20 20:24:44,758 [INFO] ThirdParty:1030 - CMSIS Pack Vendor :STMicroelectronics X-CUBE-MEMS1 10.0.0
2024-03-20 20:24:44,758 [INFO] ThirdParty:1030 - CMSIS Pack Vendor :STMicroelectronics X-CUBE-FREERTOS 1.1.0
2024-03-20 20:24:44,758 [INFO] ThirdParty:1030 - CMSIS Pack Vendor :STMicroelectronics X-CUBE-AZRTOS-WL 1.0.0
2024-03-20 20:24:44,758 [INFO] ThirdParty:1030 - CMSIS Pack Vendor :portGmbH I-Cube-SoM-uGOAL 1.1.0
2024-03-20 20:24:44,758 [INFO] ThirdParty:1030 - CMSIS Pack Vendor :STMicroelectronics X-CUBE-ALS 1.0.1
2024-03-20 20:24:44,758 [INFO] ThirdParty:1030 - CMSIS Pack Vendor :STMicroelectronics X-CUBE-MEMS1 9.5.0
2024-03-20 20:24:44,759 [INFO] ThirdParty:1030 - CMSIS Pack Vendor :STMicroelectronics ThreadX 1.0.0
2024-03-20 20:24:44,759 [INFO] ThirdParty:1030 - CMSIS Pack Vendor :STMicroelectronics X-CUBE-AZRTOS-WB 1.1.0
2024-03-20 20:24:44,759 [INFO] ThirdParty:1030 - CMSIS Pack Vendor :SEGGER I-CUBE-embOS 1.3.1
2024-03-20 20:24:44,759 [INFO] ThirdParty:1030 - CMSIS Pack Vendor :STMicroelectronics X-CUBE-AZRTOS-L5 1.0.0
2024-03-20 20:24:44,759 [INFO] ThirdParty:1030 - CMSIS Pack Vendor :STMicroelectronics X-CUBE-EEPRMA1 3.1.1
2024-03-20 20:24:44,759 [INFO] ThirdParty:1030 - CMSIS Pack Vendor :STMicroelectronics FP-ATR-ASTRA1 2.0.0
2024-03-20 20:24:44,759 [INFO] ThirdParty:1030 - CMSIS Pack Vendor :STMicroelectronics X-CUBE-TOF1 3.4.0
2024-03-20 20:24:44,759 [INFO] ThirdParty:1030 - CMSIS Pack Vendor :STMicroelectronics X-CUBE-TOF1 3.4.1
2024-03-20 20:24:44,759 [INFO] ThirdParty:1030 - CMSIS Pack Vendor :STMicroelectronics X-CUBE-AZRTOS-H7 3.2.0
2024-03-20 20:24:44,759 [INFO] ThirdParty:841 - exiting critical section [change project]
2024-03-20 20:24:44,976 [INFO] PinOutPanel:1499 - setPackage(No Configuration,No Configuration)
2024-03-20 20:24:44,977 [INFO] PinOutPanel:1499 - setPackage(STM32F411RETx,LQFP64)
2024-03-20 20:24:45,294 [INFO] UtilMem:75 - Before build in PCC Used Memory: 719379392 Bytes (1073741824)
2024-03-20 20:24:45,749 [INFO] UtilMem:75 - After build in PCC Used Memory: 793301952 Bytes (1073741824)
2024-03-20 20:24:45,818 [INFO] ApiDbMcu:507 - Load IP Config File for FREERTOS
2024-03-20 20:24:45,840 [INFO] IPUIPlugin:80 - create IPUIPlugin
2024-03-20 20:24:45,841 [INFO] IPUIPlugin:80 - create IPUIPlugin
2024-03-20 20:24:45,841 [INFO] IPUIPlugin:80 - create IPUIPlugin
2024-03-20 20:24:45,841 [INFO] IPUIPlugin:80 - create IPUIPlugin
2024-03-20 20:24:45,841 [INFO] IPUIPlugin:80 - create IPUIPlugin
2024-03-20 20:24:45,841 [INFO] IPUIPlugin:80 - create IPUIPlugin
2024-03-20 20:24:45,841 [INFO] IPUIPlugin:80 - create IPUIPlugin
2024-03-20 20:24:45,841 [INFO] IPUIPlugin:80 - create IPUIPlugin
2024-03-20 20:24:45,842 [INFO] IPUIPlugin:80 - create IPUIPlugin
2024-03-20 20:24:45,842 [INFO] IPUIPlugin:80 - create IPUIPlugin
2024-03-20 20:24:45,842 [INFO] IPUIPlugin:80 - create IPUIPlugin
2024-03-20 20:24:45,842 [INFO] IPUIPlugin:80 - create IPUIPlugin
2024-03-20 20:24:45,843 [INFO] IPUIPlugin:80 - create IPUIPlugin
2024-03-20 20:24:45,843 [INFO] IPUIPlugin:80 - create IPUIPlugin
2024-03-20 20:24:45,843 [INFO] IPUIPlugin:80 - create IPUIPlugin
2024-03-20 20:24:45,843 [INFO] IPUIPlugin:80 - create IPUIPlugin
2024-03-20 20:24:45,843 [INFO] IPUIPlugin:80 - create IPUIPlugin
2024-03-20 20:24:45,843 [INFO] IPUIPlugin:80 - create IPUIPlugin
2024-03-20 20:24:45,843 [INFO] IPUIPlugin:80 - create IPUIPlugin
2024-03-20 20:24:45,844 [INFO] IPUIPlugin:80 - create IPUIPlugin
2024-03-20 20:24:45,844 [INFO] IPUIPlugin:80 - create IPUIPlugin
2024-03-20 20:24:45,845 [INFO] IPUIPlugin:80 - create IPUIPlugin
2024-03-20 20:24:45,845 [INFO] IPUIPlugin:80 - create IPUIPlugin
2024-03-20 20:24:45,845 [INFO] IPUIPlugin:80 - create IPUIPlugin
2024-03-20 20:24:45,845 [INFO] IPUIPlugin:80 - create IPUIPlugin
2024-03-20 20:24:45,845 [INFO] IPUIPlugin:80 - create IPUIPlugin
2024-03-20 20:24:45,845 [INFO] IPUIPlugin:80 - create IPUIPlugin
2024-03-20 20:24:45,846 [INFO] IPUIPlugin:80 - create IPUIPlugin
2024-03-20 20:24:45,846 [INFO] IPUIPlugin:80 - create IPUIPlugin
2024-03-20 20:24:45,846 [INFO] IPUIPlugin:80 - create IPUIPlugin
2024-03-20 20:24:45,846 [INFO] IPUIPlugin:80 - create IPUIPlugin
2024-03-20 20:24:45,846 [INFO] IPUIPlugin:80 - create IPUIPlugin
2024-03-20 20:24:45,847 [INFO] IPUIPlugin:80 - create IPUIPlugin
2024-03-20 20:24:45,847 [INFO] IPUIPlugin:80 - create IPUIPlugin
2024-03-20 20:24:45,847 [INFO] IPUIPlugin:80 - create IPUIPlugin
2024-03-20 20:24:45,847 [INFO] IPUIPlugin:80 - create IPUIPlugin
2024-03-20 20:24:45,847 [INFO] IPUIPlugin:80 - create IPUIPlugin
2024-03-20 20:24:45,848 [INFO] IPUIPlugin:80 - create IPUIPlugin
2024-03-20 20:24:45,848 [INFO] IPUIPlugin:80 - create IPUIPlugin
2024-03-20 20:24:45,848 [INFO] IPUIPlugin:80 - create IPUIPlugin
2024-03-20 20:24:45,848 [INFO] IPUIPlugin:80 - create IPUIPlugin
2024-03-20 20:24:45,849 [INFO] IPUIPlugin:80 - create IPUIPlugin
2024-03-20 20:24:45,849 [INFO] IPUIPlugin:80 - create IPUIPlugin
2024-03-20 20:24:45,864 [INFO] ApiDbMcu:507 - Load IP Config File for PDM2PCM
2024-03-20 20:24:45,870 [WARN] IP:2114 - I2C_Coeff_DF not found: check if there is a RefParameter without a condition.
2024-03-20 20:24:45,870 [WARN] IP:2114 - Analog_Filter not found: check if there is a RefParameter without a condition.
2024-03-20 20:24:45,886 [WARN] FreeRTOS:1023 - Null or empty value: should not occur! (nothing added to the table)
2024-03-20 20:24:46,034 [INFO] CADModel:165 - CPN selected for project levelSTM32F411RET6
2024-03-20 20:24:46,035 [INFO] CADModel:114 - Register for checkConnection events
2024-03-20 20:24:46,036 [INFO] RtosManager:697 - Active RTOS found at IOC load: FREERTOS [Cortex-M4NS]
2024-03-20 20:24:46,079 [INFO] OpenFileManager:328 - Restore cursor
2024-03-20 20:24:46,256 [WARN] IP:2114 - I2C_Coeff_DF not found: check if there is a RefParameter without a condition.
2024-03-20 20:24:46,256 [WARN] IP:2114 - Analog_Filter not found: check if there is a RefParameter without a condition.
2024-03-20 20:24:46,257 [WARN] IP:2114 - I2C_Coeff_DF not found: check if there is a RefParameter without a condition.
2024-03-20 20:24:46,257 [WARN] IP:2114 - Analog_Filter not found: check if there is a RefParameter without a condition.
2024-03-20 20:25:02,474 [WARN] IP:2114 - I2C_Coeff_DF not found: check if there is a RefParameter without a condition.
2024-03-20 20:25:02,474 [WARN] IP:2114 - Analog_Filter not found: check if there is a RefParameter without a condition.
2024-03-20 20:25:02,482 [INFO] NvicIntPanel:101 - NVIC parent = com.st.microxplorer.plugins.ip.nvic.MultiNvicIntPanel[,0,0,0x0,invalid,layout=javax.swing.BoxLayout,alignmentX=0.0,alignmentY=0.0,border=,flags=9,maximumSize=,minimumSize=,preferredSize=]
2024-03-20 20:25:03,785 [WARN] IP:2114 - I2C_Coeff_DF not found: check if there is a RefParameter without a condition.
2024-03-20 20:25:03,785 [WARN] IP:2114 - Analog_Filter not found: check if there is a RefParameter without a condition.
2024-03-20 20:25:06,536 [WARN] IP:2114 - I2C_Coeff_DF not found: check if there is a RefParameter without a condition.
2024-03-20 20:25:06,536 [WARN] IP:2114 - Analog_Filter not found: check if there is a RefParameter without a condition.
2024-03-20 20:25:16,120 [INFO] NvicIntPanel:101 - NVIC parent = com.st.microxplorer.plugins.ip.nvic.MultiNvicIntPanel[,0,0,519x270,layout=javax.swing.BoxLayout,alignmentX=0.0,alignmentY=0.0,border=,flags=9,maximumSize=,minimumSize=,preferredSize=]
2024-03-20 20:25:25,829 [ERROR] RtosPanel:558 - Can not restore the selected Tab for FREERTOS(A reason can be that the tab is no more available.)
2024-03-20 20:25:32,942 [INFO] TasksAndQueuesTab:757 - Dynamic
2024-03-20 20:25:32,942 [WARN] TasksAndQueuesTab:763 - 128 128
2024-03-20 20:25:32,943 [WARN] TasksAndQueuesTab:775 - max value is: 7500.0
2024-03-20 20:25:32,943 [INFO] TasksAndQueuesTab:757 - Dynamic
2024-03-20 20:25:32,943 [WARN] TasksAndQueuesTab:763 - 128 128
2024-03-20 20:25:32,943 [WARN] TasksAndQueuesTab:775 - max value is: 7500.0
2024-03-20 20:25:32,943 [INFO] TasksAndQueuesTab:757 - Dynamic
2024-03-20 20:25:32,943 [WARN] TasksAndQueuesTab:763 - 128 128
2024-03-20 20:25:32,943 [WARN] TasksAndQueuesTab:775 - max value is: 7500.0
2024-03-20 20:25:32,943 [INFO] TasksAndQueuesTab:757 - Dynamic
2024-03-20 20:25:32,943 [WARN] TasksAndQueuesTab:763 - 128 128
2024-03-20 20:25:32,943 [WARN] TasksAndQueuesTab:775 - max value is: 7500.0
2024-03-20 20:25:32,943 [INFO] TasksAndQueuesTab:757 - Dynamic
2024-03-20 20:25:32,943 [WARN] TasksAndQueuesTab:763 - 128 128
2024-03-20 20:25:32,943 [WARN] TasksAndQueuesTab:775 - max value is: 7500.0
2024-03-20 20:25:38,755 [INFO] EditThreadDialog:704 - RAM SIZE (in KB): 128
2024-03-20 20:25:38,755 [INFO] EditThreadDialog:706 - RAM SIZE (in words): 32768
2024-03-20 20:25:55,167 [INFO] TasksAndQueuesTab:757 - Dynamic
2024-03-20 20:25:55,167 [WARN] TasksAndQueuesTab:763 - 128 128
2024-03-20 20:25:55,167 [WARN] TasksAndQueuesTab:775 - max value is: 7500.0
2024-03-20 20:25:55,167 [INFO] TasksAndQueuesTab:757 - Dynamic
2024-03-20 20:25:55,167 [WARN] TasksAndQueuesTab:763 - 128 128
2024-03-20 20:25:55,167 [WARN] TasksAndQueuesTab:775 - max value is: 7500.0
2024-03-20 20:25:55,167 [INFO] TasksAndQueuesTab:757 - Dynamic
2024-03-20 20:25:55,167 [WARN] TasksAndQueuesTab:763 - 128 128
2024-03-20 20:25:55,167 [WARN] TasksAndQueuesTab:775 - max value is: 7500.0
2024-03-20 20:25:55,167 [INFO] TasksAndQueuesTab:757 - Dynamic
2024-03-20 20:25:55,167 [WARN] TasksAndQueuesTab:763 - 128 128
2024-03-20 20:25:55,167 [WARN] TasksAndQueuesTab:775 - max value is: 7500.0
2024-03-20 20:25:56,422 [INFO] EditThreadDialog:704 - RAM SIZE (in KB): 128
2024-03-20 20:25:56,422 [INFO] EditThreadDialog:706 - RAM SIZE (in words): 32768
2024-03-20 20:26:28,038 [INFO] TasksAndQueuesTab:757 - Dynamic
2024-03-20 20:26:28,038 [WARN] TasksAndQueuesTab:763 - 512 128
2024-03-20 20:26:28,038 [WARN] TasksAndQueuesTab:775 - max value is: 7500.0
2024-03-20 20:26:28,038 [INFO] TasksAndQueuesTab:757 - Dynamic
2024-03-20 20:26:28,038 [WARN] TasksAndQueuesTab:763 - 128 128
2024-03-20 20:26:28,038 [WARN] TasksAndQueuesTab:775 - max value is: 7500.0
2024-03-20 20:26:28,038 [INFO] TasksAndQueuesTab:757 - Dynamic
2024-03-20 20:26:28,038 [WARN] TasksAndQueuesTab:763 - 128 128
2024-03-20 20:26:28,038 [WARN] TasksAndQueuesTab:775 - max value is: 7500.0
2024-03-20 20:26:28,038 [INFO] TasksAndQueuesTab:757 - Dynamic
2024-03-20 20:26:28,038 [WARN] TasksAndQueuesTab:763 - 128 128
2024-03-20 20:26:28,038 [WARN] TasksAndQueuesTab:775 - max value is: 7500.0
2024-03-20 20:26:29,276 [INFO] EditThreadDialog:704 - RAM SIZE (in KB): 128
2024-03-20 20:26:29,276 [INFO] EditThreadDialog:706 - RAM SIZE (in words): 32768
2024-03-20 20:26:46,423 [INFO] TasksAndQueuesTab:757 - Dynamic
2024-03-20 20:26:46,423 [WARN] TasksAndQueuesTab:763 - 512 128
2024-03-20 20:26:46,423 [WARN] TasksAndQueuesTab:775 - max value is: 7500.0
2024-03-20 20:26:46,423 [INFO] TasksAndQueuesTab:757 - Dynamic
2024-03-20 20:26:46,423 [WARN] TasksAndQueuesTab:763 - 256 128
2024-03-20 20:26:46,423 [WARN] TasksAndQueuesTab:775 - max value is: 7500.0
2024-03-20 20:26:46,423 [INFO] TasksAndQueuesTab:757 - Dynamic
2024-03-20 20:26:46,423 [WARN] TasksAndQueuesTab:763 - 128 128
2024-03-20 20:26:46,423 [WARN] TasksAndQueuesTab:775 - max value is: 7500.0
2024-03-20 20:26:46,423 [INFO] TasksAndQueuesTab:757 - Dynamic
2024-03-20 20:26:46,424 [WARN] TasksAndQueuesTab:763 - 128 128
2024-03-20 20:26:46,424 [WARN] TasksAndQueuesTab:775 - max value is: 7500.0
2024-03-20 20:26:47,379 [INFO] EditThreadDialog:704 - RAM SIZE (in KB): 128
2024-03-20 20:26:47,379 [INFO] EditThreadDialog:706 - RAM SIZE (in words): 32768
2024-03-20 20:27:07,895 [INFO] TasksAndQueuesTab:757 - Dynamic
2024-03-20 20:27:07,895 [WARN] TasksAndQueuesTab:763 - 512 128
2024-03-20 20:27:07,895 [WARN] TasksAndQueuesTab:775 - max value is: 7500.0
2024-03-20 20:27:07,895 [INFO] TasksAndQueuesTab:757 - Dynamic
2024-03-20 20:27:07,895 [WARN] TasksAndQueuesTab:763 - 256 128
2024-03-20 20:27:07,895 [WARN] TasksAndQueuesTab:775 - max value is: 7500.0
2024-03-20 20:27:07,895 [INFO] TasksAndQueuesTab:757 - Dynamic
2024-03-20 20:27:07,895 [WARN] TasksAndQueuesTab:763 - 256 128
2024-03-20 20:27:07,895 [WARN] TasksAndQueuesTab:775 - max value is: 7500.0
2024-03-20 20:27:07,895 [INFO] TasksAndQueuesTab:757 - Dynamic
2024-03-20 20:27:07,895 [WARN] TasksAndQueuesTab:763 - 128 128
2024-03-20 20:27:07,895 [WARN] TasksAndQueuesTab:775 - max value is: 7500.0
2024-03-20 20:27:10,314 [INFO] EditThreadDialog:704 - RAM SIZE (in KB): 128
2024-03-20 20:27:10,315 [INFO] EditThreadDialog:706 - RAM SIZE (in words): 32768
2024-03-20 20:27:28,716 [INFO] TasksAndQueuesTab:757 - Dynamic
2024-03-20 20:27:28,716 [WARN] TasksAndQueuesTab:763 - 512 128
2024-03-20 20:27:28,716 [WARN] TasksAndQueuesTab:775 - max value is: 7500.0
2024-03-20 20:27:28,716 [INFO] TasksAndQueuesTab:757 - Dynamic
2024-03-20 20:27:28,716 [WARN] TasksAndQueuesTab:763 - 256 128
2024-03-20 20:27:28,716 [WARN] TasksAndQueuesTab:775 - max value is: 7500.0
2024-03-20 20:27:28,717 [INFO] TasksAndQueuesTab:757 - Dynamic
2024-03-20 20:27:28,717 [WARN] TasksAndQueuesTab:763 - 256 128
2024-03-20 20:27:28,717 [WARN] TasksAndQueuesTab:775 - max value is: 7500.0
2024-03-20 20:27:28,717 [INFO] TasksAndQueuesTab:757 - Dynamic
2024-03-20 20:27:28,717 [WARN] TasksAndQueuesTab:763 - 256 128
2024-03-20 20:27:28,717 [WARN] TasksAndQueuesTab:775 - max value is: 7500.0
2024-03-20 20:28:36,826 [INFO] UtilMem:75 - End SaveConfig() Used Memory: 843909656 Bytes (1073741824)
2024-03-20 20:28:36,921 [INFO] UtilMem:75 - End SaveConfig() Used Memory: 862784032 Bytes (1073741824)
2024-03-20 20:28:37,790 [INFO] UtilMem:75 - End SaveConfig() Used Memory: 919710072 Bytes (1073741824)
2024-03-20 20:28:38,204 [INFO] BlockDiagram:2759 - set Specific Code input for plugin: RTC
2024-03-20 20:28:38,204 [INFO] BlockDiagram:2759 - set Specific Code input for plugin: SPI
2024-03-20 20:28:38,204 [INFO] BlockDiagram:2759 - set Specific Code input for plugin: NVIC
2024-03-20 20:28:38,204 [INFO] BlockDiagram:2759 - set Specific Code input for plugin: FREERTOS
2024-03-20 20:28:38,204 [INFO] BlockDiagram:2759 - set Specific Code input for plugin: USART
2024-03-20 20:28:38,204 [INFO] BlockDiagram:2759 - set Specific Code input for plugin: IWDG
2024-03-20 20:28:38,204 [INFO] BlockDiagram:2759 - set Specific Code input for plugin: TIM1_8
2024-03-20 20:28:38,204 [INFO] BlockDiagram:2759 - set Specific Code input for plugin: TIM1_8
2024-03-20 20:28:38,204 [INFO] BlockDiagram:2759 - set Specific Code input for plugin: SYS
2024-03-20 20:28:38,204 [INFO] BlockDiagram:2759 - set Specific Code input for plugin: GPIO
2024-03-20 20:28:38,204 [INFO] BlockDiagram:2759 - set Specific Code input for plugin: ADC
2024-03-20 20:28:38,204 [INFO] BlockDiagram:2759 - set Specific Code input for plugin: RCC
2024-03-20 20:28:38,204 [INFO] BlockDiagram:2759 - set Specific Code input for plugin: CRC
2024-03-20 20:28:38,204 [INFO] BlockDiagram:2759 - set Specific Code input for plugin: I2C
2024-03-20 20:28:38,205 [INFO] CodeGenerator:799 - code generatio: config db path: C:\ST\STM32CubeIDE_1.10.1\STM32CubeIDE\plugins\com.st.stm32cube.common.mx_6.9.2.202309101412\\db\
2024-03-20 20:28:38,218 [WARN] IP:2114 - I2C_Coeff_DF not found: check if there is a RefParameter without a condition.
2024-03-20 20:28:38,219 [WARN] IP:2114 - Analog_Filter not found: check if there is a RefParameter without a condition.
2024-03-20 20:28:38,404 [INFO] CodeEngine:255 - oldGeneratedFile, C:\Users\Daniel\Desktop\M8F93\EDAS\EDAS_APPL\MXTmpFiles\license.tmp_save
2024-03-20 20:28:38,621 [INFO] CodeEngine:279 - Generated code: C:\Users\Daniel\Desktop\M8F93\EDAS\EDAS_APPL\MXTmpFiles\license.tmp
2024-03-20 20:28:38,699 [INFO] CodeEngine:255 - oldGeneratedFile, C:\Users\Daniel\Desktop\M8F93\EDAS\EDAS_APPL\Core\Src\gpio.c_save
2024-03-20 20:28:38,800 [INFO] CodeEngine:279 - Generated code: C:\Users\Daniel\Desktop\M8F93\EDAS\EDAS_APPL\Core\Src\gpio.c
2024-03-20 20:28:38,812 [INFO] CodeEngine:255 - oldGeneratedFile, C:\Users\Daniel\Desktop\M8F93\EDAS\EDAS_APPL\Core\Inc\gpio.h_save
2024-03-20 20:28:38,895 [INFO] CodeEngine:279 - Generated code: C:\Users\Daniel\Desktop\M8F93\EDAS\EDAS_APPL\Core\Inc\gpio.h
2024-03-20 20:28:39,239 [INFO] Middleware:1439 - No code input for Bsp Dependency
2024-03-20 20:28:39,250 [INFO] CodeEngine:255 - oldGeneratedFile, C:\Users\Daniel\Desktop\M8F93\EDAS\EDAS_APPL\MXTmpFiles\rtos_inc.tmp_save
2024-03-20 20:28:39,338 [INFO] CodeEngine:279 - Generated code: C:\Users\Daniel\Desktop\M8F93\EDAS\EDAS_APPL\MXTmpFiles\rtos_inc.tmp
2024-03-20 20:28:39,346 [INFO] CodeEngine:255 - oldGeneratedFile, C:\Users\Daniel\Desktop\M8F93\EDAS\EDAS_APPL\MXTmpFiles\rtos_kernelInit.tmp_save
2024-03-20 20:28:39,411 [INFO] CodeEngine:279 - Generated code: C:\Users\Daniel\Desktop\M8F93\EDAS\EDAS_APPL\MXTmpFiles\rtos_kernelInit.tmp
2024-03-20 20:28:39,419 [INFO] CodeEngine:255 - oldGeneratedFile, C:\Users\Daniel\Desktop\M8F93\EDAS\EDAS_APPL\MXTmpFiles\rtos_kernelStart.tmp_save
2024-03-20 20:28:39,480 [INFO] CodeEngine:279 - Generated code: C:\Users\Daniel\Desktop\M8F93\EDAS\EDAS_APPL\MXTmpFiles\rtos_kernelStart.tmp
2024-03-20 20:28:39,488 [INFO] CodeEngine:255 - oldGeneratedFile, C:\Users\Daniel\Desktop\M8F93\EDAS\EDAS_APPL\MXTmpFiles\rtos_typedefs.tmp_save
2024-03-20 20:28:39,541 [INFO] CodeEngine:279 - Generated code: C:\Users\Daniel\Desktop\M8F93\EDAS\EDAS_APPL\MXTmpFiles\rtos_typedefs.tmp
2024-03-20 20:28:39,550 [INFO] CodeEngine:255 - oldGeneratedFile, C:\Users\Daniel\Desktop\M8F93\EDAS\EDAS_APPL\MXTmpFiles\rtos_vars.tmp_save
2024-03-20 20:28:39,609 [INFO] CodeEngine:279 - Generated code: C:\Users\Daniel\Desktop\M8F93\EDAS\EDAS_APPL\MXTmpFiles\rtos_vars.tmp
2024-03-20 20:28:39,615 [INFO] CodeEngine:255 - oldGeneratedFile, C:\Users\Daniel\Desktop\M8F93\EDAS\EDAS_APPL\MXTmpFiles\rtos_pfp.tmp_save
2024-03-20 20:28:39,661 [INFO] CodeEngine:279 - Generated code: C:\Users\Daniel\Desktop\M8F93\EDAS\EDAS_APPL\MXTmpFiles\rtos_pfp.tmp
2024-03-20 20:28:39,668 [INFO] CodeEngine:255 - oldGeneratedFile, C:\Users\Daniel\Desktop\M8F93\EDAS\EDAS_APPL\MXTmpFiles\rtos_obj_creat.tmp_save
2024-03-20 20:28:39,717 [INFO] CodeEngine:279 - Generated code: C:\Users\Daniel\Desktop\M8F93\EDAS\EDAS_APPL\MXTmpFiles\rtos_obj_creat.tmp
2024-03-20 20:28:39,724 [INFO] CodeEngine:255 - oldGeneratedFile, C:\Users\Daniel\Desktop\M8F93\EDAS\EDAS_APPL\MXTmpFiles\rtos_default_thread.tmp_save
2024-03-20 20:28:39,771 [INFO] CodeEngine:279 - Generated code: C:\Users\Daniel\Desktop\M8F93\EDAS\EDAS_APPL\MXTmpFiles\rtos_default_thread.tmp
2024-03-20 20:28:39,777 [INFO] CodeEngine:255 - oldGeneratedFile, C:\Users\Daniel\Desktop\M8F93\EDAS\EDAS_APPL\MXTmpFiles\rtos_threads.tmp_save
2024-03-20 20:28:39,825 [INFO] CodeEngine:279 - Generated code: C:\Users\Daniel\Desktop\M8F93\EDAS\EDAS_APPL\MXTmpFiles\rtos_threads.tmp
2024-03-20 20:28:39,836 [INFO] Middleware:1439 - No code input for Bsp Dependency
2024-03-20 20:28:39,841 [INFO] CodeEngine:255 - oldGeneratedFile, C:\Users\Daniel\Desktop\M8F93\EDAS\EDAS_APPL\MXTmpFiles\rtos_inc.tmp_save
2024-03-20 20:28:39,890 [INFO] CodeEngine:279 - Generated code: C:\Users\Daniel\Desktop\M8F93\EDAS\EDAS_APPL\MXTmpFiles\rtos_inc.tmp
2024-03-20 20:28:39,893 [INFO] CodeEngine:255 - oldGeneratedFile, C:\Users\Daniel\Desktop\M8F93\EDAS\EDAS_APPL\MXTmpFiles\rtos_kernelInit.tmp_save
2024-03-20 20:28:39,932 [INFO] CodeEngine:279 - Generated code: C:\Users\Daniel\Desktop\M8F93\EDAS\EDAS_APPL\MXTmpFiles\rtos_kernelInit.tmp
2024-03-20 20:28:39,935 [INFO] CodeEngine:255 - oldGeneratedFile, C:\Users\Daniel\Desktop\M8F93\EDAS\EDAS_APPL\MXTmpFiles\rtos_kernelStart.tmp_save
2024-03-20 20:28:39,975 [INFO] CodeEngine:279 - Generated code: C:\Users\Daniel\Desktop\M8F93\EDAS\EDAS_APPL\MXTmpFiles\rtos_kernelStart.tmp
2024-03-20 20:28:39,982 [INFO] CodeEngine:255 - oldGeneratedFile, C:\Users\Daniel\Desktop\M8F93\EDAS\EDAS_APPL\MXTmpFiles\rtos_typedefs.tmp_save
2024-03-20 20:28:40,022 [INFO] CodeEngine:279 - Generated code: C:\Users\Daniel\Desktop\M8F93\EDAS\EDAS_APPL\MXTmpFiles\rtos_typedefs.tmp
2024-03-20 20:28:40,029 [INFO] CodeEngine:255 - oldGeneratedFile, C:\Users\Daniel\Desktop\M8F93\EDAS\EDAS_APPL\MXTmpFiles\rtos_vars.tmp_save
2024-03-20 20:28:40,070 [INFO] CodeEngine:279 - Generated code: C:\Users\Daniel\Desktop\M8F93\EDAS\EDAS_APPL\MXTmpFiles\rtos_vars.tmp
2024-03-20 20:28:40,077 [INFO] CodeEngine:255 - oldGeneratedFile, C:\Users\Daniel\Desktop\M8F93\EDAS\EDAS_APPL\MXTmpFiles\rtos_pfp.tmp_save
2024-03-20 20:28:40,116 [INFO] CodeEngine:279 - Generated code: C:\Users\Daniel\Desktop\M8F93\EDAS\EDAS_APPL\MXTmpFiles\rtos_pfp.tmp
2024-03-20 20:28:40,123 [INFO] CodeEngine:255 - oldGeneratedFile, C:\Users\Daniel\Desktop\M8F93\EDAS\EDAS_APPL\MXTmpFiles\rtos_obj_creat.tmp_save
2024-03-20 20:28:40,164 [INFO] CodeEngine:279 - Generated code: C:\Users\Daniel\Desktop\M8F93\EDAS\EDAS_APPL\MXTmpFiles\rtos_obj_creat.tmp
2024-03-20 20:28:40,167 [INFO] CodeEngine:255 - oldGeneratedFile, C:\Users\Daniel\Desktop\M8F93\EDAS\EDAS_APPL\MXTmpFiles\rtos_default_thread.tmp_save
2024-03-20 20:28:40,207 [INFO] CodeEngine:279 - Generated code: C:\Users\Daniel\Desktop\M8F93\EDAS\EDAS_APPL\MXTmpFiles\rtos_default_thread.tmp
2024-03-20 20:28:40,210 [INFO] CodeEngine:255 - oldGeneratedFile, C:\Users\Daniel\Desktop\M8F93\EDAS\EDAS_APPL\MXTmpFiles\rtos_threads.tmp_save
2024-03-20 20:28:40,250 [INFO] CodeEngine:279 - Generated code: C:\Users\Daniel\Desktop\M8F93\EDAS\EDAS_APPL\MXTmpFiles\rtos_threads.tmp
2024-03-20 20:28:40,267 [INFO] CodeEngine:255 - oldGeneratedFile, C:\Users\Daniel\Desktop\M8F93\EDAS\EDAS_APPL\Core\Inc\FreeRTOSConfig.h_save
2024-03-20 20:28:40,338 [INFO] CodeEngine:279 - Generated code: C:\Users\Daniel\Desktop\M8F93\EDAS\EDAS_APPL\Core\Inc\FreeRTOSConfig.h
2024-03-20 20:28:40,350 [INFO] CodeEngine:255 - oldGeneratedFile, C:\Users\Daniel\Desktop\M8F93\EDAS\EDAS_APPL\Core\Src\freertos.c_save
2024-03-20 20:28:40,430 [INFO] CodeEngine:279 - Generated code: C:\Users\Daniel\Desktop\M8F93\EDAS\EDAS_APPL\Core\Src\freertos.c
2024-03-20 20:28:40,453 [INFO] CodeEngine:255 - oldGeneratedFile, C:\Users\Daniel\Desktop\M8F93\EDAS\EDAS_APPL\Core\Src\adc.c_save
2024-03-20 20:28:40,558 [INFO] CodeEngine:279 - Generated code: C:\Users\Daniel\Desktop\M8F93\EDAS\EDAS_APPL\Core\Src\adc.c
2024-03-20 20:28:40,570 [INFO] CodeEngine:255 - oldGeneratedFile, C:\Users\Daniel\Desktop\M8F93\EDAS\EDAS_APPL\Core\Inc\adc.h_save
2024-03-20 20:28:40,627 [INFO] CodeEngine:279 - Generated code: C:\Users\Daniel\Desktop\M8F93\EDAS\EDAS_APPL\Core\Inc\adc.h
2024-03-20 20:28:40,638 [INFO] CodeEngine:255 - oldGeneratedFile, C:\Users\Daniel\Desktop\M8F93\EDAS\EDAS_APPL\Core\Src\crc.c_save
2024-03-20 20:28:40,708 [INFO] CodeEngine:279 - Generated code: C:\Users\Daniel\Desktop\M8F93\EDAS\EDAS_APPL\Core\Src\crc.c
2024-03-20 20:28:40,711 [INFO] CodeEngine:255 - oldGeneratedFile, C:\Users\Daniel\Desktop\M8F93\EDAS\EDAS_APPL\Core\Inc\crc.h_save
2024-03-20 20:28:40,766 [INFO] CodeEngine:279 - Generated code: C:\Users\Daniel\Desktop\M8F93\EDAS\EDAS_APPL\Core\Inc\crc.h
2024-03-20 20:28:40,776 [INFO] CodeEngine:255 - oldGeneratedFile, C:\Users\Daniel\Desktop\M8F93\EDAS\EDAS_APPL\Core\Src\i2c.c_save
2024-03-20 20:28:40,843 [INFO] CodeEngine:279 - Generated code: C:\Users\Daniel\Desktop\M8F93\EDAS\EDAS_APPL\Core\Src\i2c.c
2024-03-20 20:28:40,847 [INFO] CodeEngine:255 - oldGeneratedFile, C:\Users\Daniel\Desktop\M8F93\EDAS\EDAS_APPL\Core\Inc\i2c.h_save
2024-03-20 20:28:40,899 [INFO] CodeEngine:279 - Generated code: C:\Users\Daniel\Desktop\M8F93\EDAS\EDAS_APPL\Core\Inc\i2c.h
2024-03-20 20:28:40,908 [INFO] CodeEngine:255 - oldGeneratedFile, C:\Users\Daniel\Desktop\M8F93\EDAS\EDAS_APPL\Core\Src\iwdg.c_save
2024-03-20 20:28:40,973 [INFO] CodeEngine:279 - Generated code: C:\Users\Daniel\Desktop\M8F93\EDAS\EDAS_APPL\Core\Src\iwdg.c
2024-03-20 20:28:40,976 [INFO] CodeEngine:255 - oldGeneratedFile, C:\Users\Daniel\Desktop\M8F93\EDAS\EDAS_APPL\Core\Inc\iwdg.h_save
2024-03-20 20:28:41,026 [INFO] CodeEngine:279 - Generated code: C:\Users\Daniel\Desktop\M8F93\EDAS\EDAS_APPL\Core\Inc\iwdg.h
2024-03-20 20:28:41,036 [INFO] CodeEngine:255 - oldGeneratedFile, C:\Users\Daniel\Desktop\M8F93\EDAS\EDAS_APPL\Core\Src\rtc.c_save
2024-03-20 20:28:41,104 [INFO] CodeEngine:279 - Generated code: C:\Users\Daniel\Desktop\M8F93\EDAS\EDAS_APPL\Core\Src\rtc.c
2024-03-20 20:28:41,108 [INFO] CodeEngine:255 - oldGeneratedFile, C:\Users\Daniel\Desktop\M8F93\EDAS\EDAS_APPL\Core\Inc\rtc.h_save
2024-03-20 20:28:41,160 [INFO] CodeEngine:279 - Generated code: C:\Users\Daniel\Desktop\M8F93\EDAS\EDAS_APPL\Core\Inc\rtc.h
2024-03-20 20:28:41,170 [INFO] CodeEngine:255 - oldGeneratedFile, C:\Users\Daniel\Desktop\M8F93\EDAS\EDAS_APPL\Core\Src\spi.c_save
2024-03-20 20:28:41,237 [INFO] CodeEngine:279 - Generated code: C:\Users\Daniel\Desktop\M8F93\EDAS\EDAS_APPL\Core\Src\spi.c
2024-03-20 20:28:41,240 [INFO] CodeEngine:255 - oldGeneratedFile, C:\Users\Daniel\Desktop\M8F93\EDAS\EDAS_APPL\Core\Inc\spi.h_save
2024-03-20 20:28:41,292 [INFO] CodeEngine:279 - Generated code: C:\Users\Daniel\Desktop\M8F93\EDAS\EDAS_APPL\Core\Inc\spi.h
2024-03-20 20:28:41,301 [INFO] CodeEngine:255 - oldGeneratedFile, C:\Users\Daniel\Desktop\M8F93\EDAS\EDAS_APPL\Core\Src\tim.c_save
2024-03-20 20:28:41,369 [INFO] CodeEngine:279 - Generated code: C:\Users\Daniel\Desktop\M8F93\EDAS\EDAS_APPL\Core\Src\tim.c
2024-03-20 20:28:41,372 [INFO] CodeEngine:255 - oldGeneratedFile, C:\Users\Daniel\Desktop\M8F93\EDAS\EDAS_APPL\Core\Inc\tim.h_save
2024-03-20 20:28:41,424 [INFO] CodeEngine:279 - Generated code: C:\Users\Daniel\Desktop\M8F93\EDAS\EDAS_APPL\Core\Inc\tim.h
2024-03-20 20:28:41,436 [INFO] CodeEngine:255 - oldGeneratedFile, C:\Users\Daniel\Desktop\M8F93\EDAS\EDAS_APPL\Core\Src\usart.c_save
2024-03-20 20:28:41,500 [INFO] CodeEngine:279 - Generated code: C:\Users\Daniel\Desktop\M8F93\EDAS\EDAS_APPL\Core\Src\usart.c
2024-03-20 20:28:41,503 [INFO] CodeEngine:255 - oldGeneratedFile, C:\Users\Daniel\Desktop\M8F93\EDAS\EDAS_APPL\Core\Inc\usart.h_save
2024-03-20 20:28:41,554 [INFO] CodeEngine:279 - Generated code: C:\Users\Daniel\Desktop\M8F93\EDAS\EDAS_APPL\Core\Inc\usart.h
2024-03-20 20:28:41,571 [INFO] CodeEngine:255 - oldGeneratedFile, C:\Users\Daniel\Desktop\M8F93\EDAS\EDAS_APPL\Core\Src\stm32f4xx_it.c_save
2024-03-20 20:28:41,642 [INFO] CodeEngine:279 - Generated code: C:\Users\Daniel\Desktop\M8F93\EDAS\EDAS_APPL\Core\Src\stm32f4xx_it.c
2024-03-20 20:28:41,653 [INFO] CodeEngine:255 - oldGeneratedFile, C:\Users\Daniel\Desktop\M8F93\EDAS\EDAS_APPL\Core\Inc\stm32f4xx_it.h_save
2024-03-20 20:28:41,705 [INFO] CodeEngine:279 - Generated code: C:\Users\Daniel\Desktop\M8F93\EDAS\EDAS_APPL\Core\Inc\stm32f4xx_it.h
2024-03-20 20:28:41,722 [INFO] CodeEngine:255 - oldGeneratedFile, C:\Users\Daniel\Desktop\M8F93\EDAS\EDAS_APPL\Core\Src\stm32f4xx_hal_msp.c_save
2024-03-20 20:28:41,789 [INFO] CodeEngine:279 - Generated code: C:\Users\Daniel\Desktop\M8F93\EDAS\EDAS_APPL\Core\Src\stm32f4xx_hal_msp.c
2024-03-20 20:28:41,795 [INFO] CodeEngine:255 - oldGeneratedFile, C:\Users\Daniel\Desktop\M8F93\EDAS\EDAS_APPL\MXTmpFiles\system.tmp_save
2024-03-20 20:28:41,837 [INFO] CodeEngine:279 - Generated code: C:\Users\Daniel\Desktop\M8F93\EDAS\EDAS_APPL\MXTmpFiles\system.tmp
2024-03-20 20:28:41,847 [INFO] CodeEngine:255 - oldGeneratedFile, C:\Users\Daniel\Desktop\M8F93\EDAS\EDAS_APPL\Core\Src\stm32f4xx_hal_timebase_tim.c_save
2024-03-20 20:28:41,907 [INFO] CodeEngine:279 - Generated code: C:\Users\Daniel\Desktop\M8F93\EDAS\EDAS_APPL\Core\Src\stm32f4xx_hal_timebase_tim.c
2024-03-20 20:28:41,922 [INFO] CodeEngine:311 - oldGeneratedFile, C:\Users\Daniel\Desktop\M8F93\EDAS\EDAS_APPL\Core\Inc\stm32f4xx_hal_conf.h_save
2024-03-20 20:28:42,005 [INFO] CodeEngine:335 - Generated code: C:\Users\Daniel\Desktop\M8F93\EDAS\EDAS_APPL\Core\Inc\stm32f4xx_hal_conf.h
2024-03-20 20:28:42,043 [INFO] CodeEngine:255 - oldGeneratedFile, C:\Users\Daniel\Desktop\M8F93\EDAS\EDAS_APPL\Core\Inc\main.h_save
2024-03-20 20:28:42,120 [INFO] CodeEngine:279 - Generated code: C:\Users\Daniel\Desktop\M8F93\EDAS\EDAS_APPL\Core\Inc\main.h
2024-03-20 20:28:42,133 [INFO] CodeEngine:255 - oldGeneratedFile, C:\Users\Daniel\Desktop\M8F93\EDAS\EDAS_APPL\Core\Src\main.c_save
2024-03-20 20:28:42,237 [INFO] CodeEngine:279 - Generated code: C:\Users\Daniel\Desktop\M8F93\EDAS\EDAS_APPL\Core\Src\main.c
2024-03-20 20:28:42,455 [INFO] ProjectBuilder:3064 - Time for Copy HAL[2] : 1mS.
2024-03-20 20:28:42,464 [INFO] ProjectBuilder:4404 - Project Generator version: 4.1.0
2024-03-20 20:28:42,662 [INFO] ConfigFileManager:1457 - The Die is : DIE431
2024-03-20 20:28:42,671 [INFO] ApiDbMcu:507 - Load IP Config File for FATFS
2024-03-20 20:28:42,678 [INFO] ApiDbMcu:507 - Load IP Config File for LIBJPEG
2024-03-20 20:28:42,693 [INFO] ApiDbMcu:507 - Load IP Config File for MBEDTLS
2024-03-20 20:28:42,704 [INFO] ApiDbMcu:507 - Load IP Config File for USB_DEVICE
2024-03-20 20:28:42,715 [INFO] ApiDbMcu:507 - Load IP Config File for USB_HOST
2024-03-20 20:28:43,394 [INFO] LogOutputStream:77 - [STDOUT_REDIRECT] 
2024-03-20 20:28:44,507 [INFO] ProjectBuilder:4626 - Time for Generating toolchain IDE Files: 2043mS.
2024-03-20 20:28:44,507 [INFO] ProjectBuilder:2935 - Time for Copy CMSIS : 0mS.
2024-03-20 20:28:44,511 [INFO] ProjectBuilder:2935 - Time for Copy CMSIS : 0mS.
