2024-04-09 20:45:47,110 [INFO] Activator:176 - 


2024-04-09 20:45:47,115 [INFO] Activator:177 - !SESSION log4j initialized
2024-04-09 20:45:50,333 [INFO] LogOutputStream:77 - [STDOUT_REDIRECT] 
2024-04-09 20:45:52,939 [INFO] ApplicationProperties:184 - Using Application install path: C:\ST\STM32CubeIDE_1.10.1\STM32CubeIDE\plugins\com.st.stm32cube.common.mx_6.9.2.202309101412
2024-04-09 20:45:52,953 [INFO] DbMcusXml:78 - Set database path to: C:\ST\STM32CubeIDE_1.10.1\STM32CubeIDE\plugins\com.st.stm32cube.common.mx_6.9.2.202309101412\\db\/mcu/
2024-04-09 20:45:52,953 [INFO] ApiDb:274 - Set plugin database path to: C:\ST\STM32CubeIDE_1.10.1\STM32CubeIDE\plugins\com.st.stm32cube.common.mx_6.9.2.202309101412\\db\/plugins/boardmanager/
2024-04-09 20:45:52,954 [WARN] ApiDb:259 - Overriding images path with different value:  => C:\ST\STM32CubeIDE_1.10.1\STM32CubeIDE\plugins\com.st.stm32cube.common.mx_6.9.2.202309101412\\db\/plugins/mcufinder/images/
2024-04-09 20:45:52,962 [INFO] ApiDb:250 - Set database path to: C:\Users\Daniel\.stmcufinder\plugins\mcufinder//mcu/
2024-04-09 20:45:52,963 [INFO] DbMcusAds:125 - Set database path to: C:\Users\Daniel\.stmcufinder\plugins\mcufinder//mcu/
2024-04-09 20:45:52,964 [INFO] CrossReferenceDbSqlite:203 - Set database path to: C:\Users\Daniel\.stmcufinder\plugins\mcufinder//mcu/cs/
2024-04-09 20:45:53,060 [INFO] RulesReader:64 - Compatibility file has been processed (293 Rules)
2024-04-09 20:45:53,128 [INFO] DbMcusXml:78 - Set database path to: C:\ST\STM32CubeIDE_1.10.1\STM32CubeIDE\plugins\com.st.stm32cube.common.mx_6.9.2.202309101412\\db\/mcu/
2024-04-09 20:45:53,128 [INFO] ApiDb:274 - Set plugin database path to: C:\ST\STM32CubeIDE_1.10.1\STM32CubeIDE\plugins\com.st.stm32cube.common.mx_6.9.2.202309101412\\db\/plugins/boardmanager/
2024-04-09 20:45:53,128 [INFO] ApiDb:261 - Set plugin images path to: C:\ST\STM32CubeIDE_1.10.1\STM32CubeIDE\plugins\com.st.stm32cube.common.mx_6.9.2.202309101412\\db\/plugins/mcufinder/images/
2024-04-09 20:45:53,128 [WARN] DbFile:41 - Overriding database path with different value: C:\Users\Daniel\.stmcufinder\plugins\mcufinder/ => C:\Users\Daniel\.stmcufinder\plugins\mcufinder
2024-04-09 20:45:53,128 [INFO] ApiDb:250 - Set database path to: C:\Users\Daniel\.stmcufinder\plugins\mcufinder//mcu/
2024-04-09 20:45:53,128 [WARN] DbFile:41 - Overriding database path with different value: C:\Users\Daniel\.stmcufinder\plugins\mcufinder/ => C:\Users\Daniel\.stmcufinder\plugins\mcufinder
2024-04-09 20:45:53,128 [INFO] DbMcusAds:125 - Set database path to: C:\Users\Daniel\.stmcufinder\plugins\mcufinder//mcu/
2024-04-09 20:45:53,129 [WARN] DbFile:41 - Overriding database path with different value: C:\Users\Daniel\.stmcufinder\plugins\mcufinder/ => C:\Users\Daniel\.stmcufinder\plugins\mcufinder
2024-04-09 20:45:53,129 [WARN] DbFile:41 - Overriding database path with different value: C:\Users\Daniel\.stmcufinder\plugins\mcufinder/ => C:\Users\Daniel\.stmcufinder\plugins\mcufinder
2024-04-09 20:45:53,129 [INFO] CrossReferenceDbSqlite:203 - Set database path to: C:\Users\Daniel\.stmcufinder\plugins\mcufinder//mcu/cs/
2024-04-09 20:45:53,194 [INFO] MainPanel:262 - HeapMemory: 268435456
2024-04-09 20:45:53,266 [INFO] DbMcusXml:78 - Set database path to: C:\ST\STM32CubeIDE_1.10.1\STM32CubeIDE\plugins\com.st.stm32cube.common.mx_6.9.2.202309101412\\db\/mcu/
2024-04-09 20:45:53,266 [INFO] ApiDb:274 - Set plugin database path to: C:\ST\STM32CubeIDE_1.10.1\STM32CubeIDE\plugins\com.st.stm32cube.common.mx_6.9.2.202309101412\\db\/plugins/boardmanager/
2024-04-09 20:45:53,267 [INFO] ApiDb:261 - Set plugin images path to: C:\ST\STM32CubeIDE_1.10.1\STM32CubeIDE\plugins\com.st.stm32cube.common.mx_6.9.2.202309101412\\db\/plugins/mcufinder/images/
2024-04-09 20:45:53,267 [WARN] DbFile:41 - Overriding database path with different value: C:\Users\Daniel\.stmcufinder\plugins\mcufinder/ => C:\Users\Daniel\.stmcufinder\plugins\mcufinder
2024-04-09 20:45:53,267 [INFO] ApiDb:250 - Set database path to: C:\Users\Daniel\.stmcufinder\plugins\mcufinder//mcu/
2024-04-09 20:45:53,267 [WARN] DbFile:41 - Overriding database path with different value: C:\Users\Daniel\.stmcufinder\plugins\mcufinder/ => C:\Users\Daniel\.stmcufinder\plugins\mcufinder
2024-04-09 20:45:53,267 [INFO] DbMcusAds:125 - Set database path to: C:\Users\Daniel\.stmcufinder\plugins\mcufinder//mcu/
2024-04-09 20:45:53,267 [WARN] DbFile:41 - Overriding database path with different value: C:\Users\Daniel\.stmcufinder\plugins\mcufinder/ => C:\Users\Daniel\.stmcufinder\plugins\mcufinder
2024-04-09 20:45:53,267 [WARN] DbFile:41 - Overriding database path with different value: C:\Users\Daniel\.stmcufinder\plugins\mcufinder/ => C:\Users\Daniel\.stmcufinder\plugins\mcufinder
2024-04-09 20:45:53,267 [INFO] CrossReferenceDbSqlite:203 - Set database path to: C:\Users\Daniel\.stmcufinder\plugins\mcufinder//mcu/cs/
2024-04-09 20:45:53,282 [INFO] ApplicationProperties:184 - Using Application install path: C:\ST\STM32CubeIDE_1.10.1\STM32CubeIDE\plugins\com.st.stm32cube.common.mx_6.9.2.202309101412
2024-04-09 20:45:53,283 [INFO] PluginManage:196 - Search for loadable plugins [exclusion list=, ]
2024-04-09 20:45:53,284 [INFO] PluginManage:310 - Check plugin analytics
2024-04-09 20:45:53,386 [INFO] AnalyticsPlugin:253 - Accepted Software Licenses: 
2024-04-09 20:45:53,386 [INFO] AnalyticsPlugin:255 - Accepted CMSIS Pack Licenses: 
2024-04-09 20:45:53,387 [INFO] AnalyticsPlugin:257 - Accepted Firmware Licenses: 
2024-04-09 20:45:53,388 [INFO] PluginManage:359 - Loaded plugin analytics (category:tool,tabindex:-1)
2024-04-09 20:45:53,388 [INFO] PluginManage:310 - Check plugin cadmodel
2024-04-09 20:45:53,399 [INFO] CADModel:105 - Init CAD model plugin
2024-04-09 20:45:53,399 [INFO] PluginManage:359 - Loaded plugin cadmodel (category:power,tabindex:5)
2024-04-09 20:45:53,399 [INFO] PluginManage:310 - Check plugin clock
2024-04-09 20:45:53,413 [INFO] PluginManage:359 - Loaded plugin clock (category:base,tabindex:2)
2024-04-09 20:45:53,413 [INFO] PluginManage:310 - Check plugin ddr
2024-04-09 20:45:53,414 [INFO] PluginManage:359 - Loaded plugin ddr (category:tool,tabindex:6)
2024-04-09 20:45:53,415 [INFO] PluginManage:310 - Check plugin filemanager
2024-04-09 20:45:53,504 [INFO] PluginManage:359 - Loaded plugin filemanager (category:base,tabindex:10)
2024-04-09 20:45:53,504 [INFO] PluginManage:310 - Check plugin ipmanager
2024-04-09 20:45:53,510 [INFO] PluginManage:359 - Loaded plugin ipmanager (category:base,tabindex:5)
2024-04-09 20:45:53,510 [INFO] PluginManage:310 - Check plugin lpbam
2024-04-09 20:45:53,522 [INFO] PluginManage:359 - Loaded plugin lpbam (category:base,tabindex:0)
2024-04-09 20:45:53,522 [INFO] PluginManage:310 - Check plugin memorymap
2024-04-09 20:45:53,538 [INFO] PluginManage:359 - Loaded plugin memorymap (category:base,tabindex:4)
2024-04-09 20:45:53,538 [INFO] PluginManage:310 - Check plugin pinoutandconfiguration
2024-04-09 20:45:53,551 [INFO] PluginManage:359 - Loaded plugin pinoutandconfiguration (category:base,tabindex:1)
2024-04-09 20:45:53,551 [INFO] PluginManage:310 - Check plugin pinoutconfig
2024-04-09 20:45:53,615 [WARN] SupportedApi:132 - Cannot load RTOS API schema: s4s-elt-must-match.1: The content of 'definitions' must match (annotation?, (simpleType | complexType)?, (unique | key | keyref)*)). A problem was found starting at: attribute.
2024-04-09 20:45:53,707 [INFO] PluginManage:359 - Loaded plugin pinoutconfig (category:base,tabindex:0)
2024-04-09 20:45:53,707 [INFO] PluginManage:310 - Check plugin power
2024-04-09 20:45:53,725 [INFO] PluginManage:359 - Loaded plugin power (category:power,tabindex:4)
2024-04-09 20:45:53,726 [INFO] PluginManage:310 - Check plugin projectmanager
2024-04-09 20:45:53,736 [INFO] PluginManage:359 - Loaded plugin projectmanager (category:projectmanager,tabindex:3)
2024-04-09 20:45:53,736 [INFO] PluginManage:310 - Check plugin thirdparty
2024-04-09 20:45:53,915 [INFO] PluginManage:359 - Loaded plugin thirdparty (category:base,tabindex:-1)
2024-04-09 20:45:53,915 [WARN] IntegrityCheckThread:84 - waiting for thirdparty lock release [integrity check]
2024-04-09 20:45:53,915 [INFO] PluginManage:310 - Check plugin tools
2024-04-09 20:45:53,915 [INFO] IntegrityCheckThread:86 - entering critical section [integrity check]
2024-04-09 20:45:53,915 [INFO] ThirdPartyUpdaterWithRetryManager:70 - Updater plugin not ready yet. [1/15]
2024-04-09 20:45:53,938 [INFO] PluginManage:359 - Loaded plugin tools (category:base,tabindex:7)
2024-04-09 20:45:53,938 [INFO] PluginManage:310 - Check plugin tutovideos
2024-04-09 20:45:54,076 [INFO] PluginManage:359 - Loaded plugin tutovideos (category:base,tabindex:-1)
2024-04-09 20:45:54,076 [INFO] PluginManage:310 - Check plugin updater
2024-04-09 20:45:54,084 [INFO] PluginManage:359 - Loaded plugin updater (category:base,tabindex:12)
2024-04-09 20:45:54,084 [INFO] PluginManage:310 - Check plugin userauth
2024-04-09 20:45:54,088 [INFO] UserAuth:113 - Init User Auth plugin
2024-04-09 20:45:54,088 [INFO] PluginManage:359 - Loaded plugin userauth (category:base,tabindex:14)
2024-04-09 20:45:54,088 [INFO] PluginManage:283 - PluginManage : Loaded plugins [17]
2024-04-09 20:45:54,249 [INFO] PinOutPanel:1499 - setPackage(No Configuration,No Configuration)
2024-04-09 20:45:54,342 [INFO] CADModel:165 - CPN selected for project level
2024-04-09 20:45:54,342 [INFO] CADModel:114 - Register for checkConnection events
2024-04-09 20:45:54,362 [INFO] IPUIPlugin:80 - create IPUIPlugin
2024-04-09 20:45:54,363 [INFO] PluginManager:220 - loadIPPluginJar : add adc
2024-04-09 20:45:54,387 [INFO] IPUIPlugin:80 - create IPUIPlugin
2024-04-09 20:45:54,387 [INFO] PluginManager:220 - loadIPPluginJar : add aes
2024-04-09 20:45:54,414 [INFO] IPUIPlugin:80 - create IPUIPlugin
2024-04-09 20:45:54,414 [INFO] PluginManager:220 - loadIPPluginJar : add can
2024-04-09 20:45:54,428 [INFO] IPUIPlugin:80 - create IPUIPlugin
2024-04-09 20:45:54,429 [INFO] PluginManager:220 - loadIPPluginJar : add comp
2024-04-09 20:45:54,449 [INFO] IPUIPlugin:80 - create IPUIPlugin
2024-04-09 20:45:54,449 [INFO] PluginManager:220 - loadIPPluginJar : add cryp
2024-04-09 20:45:54,468 [INFO] IPUIPlugin:80 - create IPUIPlugin
2024-04-09 20:45:54,468 [INFO] PluginManager:220 - loadIPPluginJar : add dfsdm
2024-04-09 20:45:54,478 [INFO] IPUIPlugin:80 - create IPUIPlugin
2024-04-09 20:45:54,478 [INFO] PluginManager:220 - loadIPPluginJar : add dma
2024-04-09 20:45:54,506 [INFO] IPUIPlugin:80 - create IPUIPlugin
2024-04-09 20:45:54,506 [INFO] PluginManager:220 - loadIPPluginJar : add dma3
2024-04-09 20:45:54,519 [INFO] IPUIPlugin:80 - create IPUIPlugin
2024-04-09 20:45:54,519 [INFO] PluginManager:220 - loadIPPluginJar : add fatfs
2024-04-09 20:45:54,550 [INFO] IPUIPlugin:80 - create IPUIPlugin
2024-04-09 20:45:54,550 [INFO] PluginManager:220 - loadIPPluginJar : add fmc
2024-04-09 20:45:54,560 [INFO] IPUIPlugin:80 - create IPUIPlugin
2024-04-09 20:45:54,560 [INFO] PluginManager:220 - loadIPPluginJar : add freertos
2024-04-09 20:45:54,573 [INFO] IPUIPlugin:80 - create IPUIPlugin
2024-04-09 20:45:54,573 [INFO] PluginManager:220 - loadIPPluginJar : add genericplugin
2024-04-09 20:45:54,632 [INFO] IPUIPlugin:80 - create IPUIPlugin
2024-04-09 20:45:54,632 [INFO] PluginManager:220 - loadIPPluginJar : add gfxmmu
2024-04-09 20:45:54,717 [INFO] IPUIPlugin:80 - create IPUIPlugin
2024-04-09 20:45:54,717 [INFO] PluginManager:220 - loadIPPluginJar : add gic
2024-04-09 20:45:54,726 [INFO] IPUIPlugin:80 - create IPUIPlugin
2024-04-09 20:45:54,726 [INFO] PluginManager:220 - loadIPPluginJar : add gpio
2024-04-09 20:45:54,786 [INFO] IPUIPlugin:80 - create IPUIPlugin
2024-04-09 20:45:54,786 [INFO] PluginManager:220 - loadIPPluginJar : add gtzc
2024-04-09 20:45:54,807 [INFO] IPUIPlugin:80 - create IPUIPlugin
2024-04-09 20:45:54,807 [INFO] PluginManager:220 - loadIPPluginJar : add hash
2024-04-09 20:45:54,840 [INFO] IPUIPlugin:80 - create IPUIPlugin
2024-04-09 20:45:54,840 [INFO] PluginManager:220 - loadIPPluginJar : add i2c
2024-04-09 20:45:54,868 [INFO] IPUIPlugin:80 - create IPUIPlugin
2024-04-09 20:45:54,868 [INFO] PluginManager:220 - loadIPPluginJar : add i2s
2024-04-09 20:45:54,896 [INFO] IPUIPlugin:80 - create IPUIPlugin
2024-04-09 20:45:54,896 [INFO] PluginManager:220 - loadIPPluginJar : add i3c
2024-04-09 20:45:54,967 [INFO] IPUIPlugin:80 - create IPUIPlugin
2024-04-09 20:45:54,968 [INFO] PluginManager:220 - loadIPPluginJar : add ipddr
2024-04-09 20:45:55,029 [INFO] IPUIPlugin:80 - create IPUIPlugin
2024-04-09 20:45:55,029 [INFO] PluginManager:220 - loadIPPluginJar : add linkedlist
2024-04-09 20:45:55,052 [INFO] IPUIPlugin:80 - create IPUIPlugin
2024-04-09 20:45:55,052 [INFO] PluginManager:220 - loadIPPluginJar : add lorawan
2024-04-09 20:45:55,076 [INFO] IPUIPlugin:80 - create IPUIPlugin
2024-04-09 20:45:55,076 [INFO] PluginManager:220 - loadIPPluginJar : add ltdc
2024-04-09 20:45:55,086 [INFO] IPUIPlugin:80 - create IPUIPlugin
2024-04-09 20:45:55,086 [INFO] PluginManager:220 - loadIPPluginJar : add mdma
2024-04-09 20:45:55,096 [INFO] IPUIPlugin:80 - create IPUIPlugin
2024-04-09 20:45:55,096 [INFO] PluginManager:220 - loadIPPluginJar : add nvic
2024-04-09 20:45:55,120 [INFO] IPUIPlugin:80 - create IPUIPlugin
2024-04-09 20:45:55,121 [INFO] PluginManager:220 - loadIPPluginJar : add opamp
2024-04-09 20:45:55,162 [INFO] IPUIPlugin:80 - create IPUIPlugin
2024-04-09 20:45:55,162 [INFO] PluginManager:220 - loadIPPluginJar : add openamp
2024-04-09 20:45:55,190 [INFO] IPUIPlugin:80 - create IPUIPlugin
2024-04-09 20:45:55,190 [INFO] PluginManager:220 - loadIPPluginJar : add pdm2pcm
2024-04-09 20:45:55,201 [INFO] IPUIPlugin:80 - create IPUIPlugin
2024-04-09 20:45:55,202 [INFO] PluginManager:220 - loadIPPluginJar : add plateformsettings
2024-04-09 20:45:55,217 [INFO] IPUIPlugin:80 - create IPUIPlugin
2024-04-09 20:45:55,217 [INFO] PluginManager:220 - loadIPPluginJar : add quadspi
2024-04-09 20:45:55,226 [INFO] IPUIPlugin:80 - create IPUIPlugin
2024-04-09 20:45:55,226 [INFO] PluginManager:220 - loadIPPluginJar : add resmgrutility
2024-04-09 20:45:55,257 [INFO] IPUIPlugin:80 - create IPUIPlugin
2024-04-09 20:45:55,257 [INFO] PluginManager:220 - loadIPPluginJar : add sai
2024-04-09 20:45:55,282 [INFO] IPUIPlugin:80 - create IPUIPlugin
2024-04-09 20:45:55,282 [INFO] PluginManager:220 - loadIPPluginJar : add spi
2024-04-09 20:45:55,324 [INFO] IPUIPlugin:80 - create IPUIPlugin
2024-04-09 20:45:55,325 [INFO] PluginManager:220 - loadIPPluginJar : add stm32_wpan
2024-04-09 20:45:55,340 [INFO] IPUIPlugin:80 - create IPUIPlugin
2024-04-09 20:45:55,340 [INFO] PluginManager:220 - loadIPPluginJar : add tim
2024-04-09 20:45:55,377 [INFO] IPUIPlugin:80 - create IPUIPlugin
2024-04-09 20:45:55,377 [INFO] PluginManager:220 - loadIPPluginJar : add touchsensing
2024-04-09 20:45:55,391 [INFO] IPUIPlugin:80 - create IPUIPlugin
2024-04-09 20:45:55,391 [INFO] PluginManager:220 - loadIPPluginJar : add tracer_emb
2024-04-09 20:45:55,406 [INFO] IPUIPlugin:80 - create IPUIPlugin
2024-04-09 20:45:55,406 [INFO] PluginManager:220 - loadIPPluginJar : add ts
2024-04-09 20:45:55,421 [INFO] IPUIPlugin:80 - create IPUIPlugin
2024-04-09 20:45:55,421 [INFO] PluginManager:220 - loadIPPluginJar : add tsc
2024-04-09 20:45:55,434 [INFO] IPUIPlugin:80 - create IPUIPlugin
2024-04-09 20:45:55,434 [INFO] PluginManager:220 - loadIPPluginJar : add ucpd
2024-04-09 20:45:55,464 [INFO] IPUIPlugin:80 - create IPUIPlugin
2024-04-09 20:45:55,464 [INFO] PluginManager:220 - loadIPPluginJar : add usart
2024-04-09 20:45:55,491 [INFO] IPUIPlugin:80 - create IPUIPlugin
2024-04-09 20:45:55,492 [INFO] PluginManager:220 - loadIPPluginJar : add usbx
2024-04-09 20:45:55,602 [INFO] CADModel:165 - CPN selected for project level
2024-04-09 20:45:55,603 [INFO] CADModel:114 - Register for checkConnection events
2024-04-09 20:45:55,603 [FATAL] Updater:308 - Updater called before beeing initialized
2024-04-09 20:45:55,603 [ERROR] CADModel:125 - Updater not yet initialized, retry later 
2024-04-09 20:45:55,698 [INFO] CADModel:165 - CPN selected for project level
2024-04-09 20:45:55,698 [INFO] CADModel:114 - Register for checkConnection events
2024-04-09 20:45:55,698 [FATAL] Updater:308 - Updater called before beeing initialized
2024-04-09 20:45:55,698 [ERROR] CADModel:125 - Updater not yet initialized, retry later 
2024-04-09 20:45:55,701 [FATAL] Updater:308 - Updater called before beeing initialized
2024-04-09 20:45:55,774 [FATAL] Updater:308 - Updater called before beeing initialized
2024-04-09 20:45:55,783 [INFO] DbMcusAds:53 - JSON generation date=Wed Nov 29 12:52:27 EET 2023 (1701255147349)
2024-04-09 20:45:55,783 [FATAL] Updater:308 - Updater called before beeing initialized
2024-04-09 20:45:55,815 [WARN] DetailPanel:346 - Failed to get advertising image, set to default
2024-04-09 20:45:55,896 [FATAL] Updater:308 - Updater called before beeing initialized
2024-04-09 20:45:55,897 [FATAL] Updater:308 - Updater called before beeing initialized
2024-04-09 20:45:55,897 [FATAL] Updater:308 - Updater called before beeing initialized
2024-04-09 20:45:55,898 [WARN] DetailPanel:346 - Failed to get advertising image, set to default
2024-04-09 20:45:55,898 [FATAL] Updater:308 - Updater called before beeing initialized
2024-04-09 20:45:55,936 [ERROR] Updater:1120 - MainUpdater not yet initialized. External WinMGr cannot be set.
2024-04-09 20:45:55,944 [INFO] Updater:1056 - Updater Version found : 6.9.2
2024-04-09 20:45:55,957 [INFO] ApplicationProperties:184 - Using Application install path: C:\ST\STM32CubeIDE_1.10.1\STM32CubeIDE\plugins\com.st.stm32cube.common.mx_6.9.2.202309101412
2024-04-09 20:45:56,539 [INFO] MainUpdater:2868 - connection check result : 10
2024-04-09 20:45:56,539 [INFO] MainUpdater:285 - Updater Check For Update Now.
2024-04-09 20:45:56,539 [INFO] MicroXplorer:498 - Change Database Version : DB.6.0.92
2024-04-09 20:45:56,550 [INFO] McuFinderGlobals:63 - Set McuFinder mode to 2 (CubeIDE integrated)
2024-04-09 20:45:56,709 [INFO] CheckServerUpdateThread:120 - End of CheckServer Thread
2024-04-09 20:45:57,069 [WARN] PackLoader:240 - Cannot read IP mode file for STMicroelectronics.X-CUBE-SMBUS.2.1.0
2024-04-09 20:45:57,080 [WARN] PackLoader:240 - Cannot read IP mode file for STMicroelectronics.X-CUBE-TOUCHGFX.4.23.1
2024-04-09 20:45:57,086 [WARN] PackLoader:240 - Cannot read IP mode file for STMicroelectronics.X-CUBE-TOUCHGFX.4.23.0
2024-04-09 20:45:57,093 [WARN] PackLoader:240 - Cannot read IP mode file for STMicroelectronics.X-CUBE-TOUCHGFX.4.23.2
2024-04-09 20:45:57,119 [WARN] PackLoader:240 - Cannot read IP mode file for STMicroelectronics.X-CUBE-AZRTOS-F7.1.1.0
2024-04-09 20:45:57,132 [ERROR] RealEvaluatedCondition:428 - Found unsupported composite condition: CLASS='Data Exchange' GROUP='STM32_MetaDataManager'
2024-04-09 20:45:57,133 [ERROR] RealEvaluatedCondition:428 - Found unsupported composite condition: CLASS='Data Exchange' GROUP='STM32_MetaDataManager'
2024-04-09 20:45:57,133 [WARN] PackLoader:240 - Cannot read IP mode file for STMicroelectronics.FP-SNS-MOTENV1.4.3.0
2024-04-09 20:45:57,145 [WARN] PackLoader:240 - Cannot read IP mode file for STMicroelectronics.FP-SNS-FLIGHT1.5.0.0
2024-04-09 20:45:57,153 [ERROR] RealEvaluatedCondition:428 - Found unsupported composite condition: CLASS='Data Exchange' GROUP='STM32_MetaDataManager'
2024-04-09 20:45:57,153 [ERROR] RealEvaluatedCondition:428 - Found unsupported composite condition: GROUP='STM32_MetaDataManager' CLASS='Data Exchange'
2024-04-09 20:45:57,154 [WARN] PackLoader:240 - Cannot read IP mode file for STMicroelectronics.FP-SNS-MOTENV1.4.3.1
2024-04-09 20:45:57,164 [WARN] PackLoader:240 - Cannot read IP mode file for STMicroelectronics.FP-SNS-FLIGHT1.5.0.1
2024-04-09 20:45:57,174 [WARN] PackLoader:240 - Cannot read IP mode file for STMicroelectronics.X-CUBE-BLE1.6.2.3
2024-04-09 20:45:57,183 [WARN] PackLoader:240 - Cannot read IP mode file for STMicroelectronics.X-CUBE-BLE1.6.2.4
2024-04-09 20:45:57,196 [WARN] PackLoader:240 - Cannot read IP mode file for STMicroelectronics.X-CUBE-DISPLAY.3.0.0
2024-04-09 20:45:57,207 [WARN] PackLoader:240 - Cannot read IP mode file for STMicroelectronics.X-CUBE-BLE1.7.0.0
2024-04-09 20:45:57,217 [WARN] PackLoader:240 - Cannot read IP mode file for STMicroelectronics.X-CUBE-TOUCHGFX.4.22.1
2024-04-09 20:45:57,259 [WARN] PackLoader:240 - Cannot read IP mode file for STMicroelectronics.X-CUBE-MEMS1.9.3.0
2024-04-09 20:45:57,348 [WARN] PackLoader:240 - Cannot read IP mode file for STMicroelectronics.X-CUBE-BLEMGR.3.1.0
2024-04-09 20:45:57,360 [WARN] PackLoader:240 - Cannot read IP mode file for STMicroelectronics.FP-SNS-MOTENV1.5.0.0
2024-04-09 20:45:57,371 [WARN] PackLoader:240 - Cannot read IP mode file for WES.I-CUBE-Cesium.1.3.0
2024-04-09 20:45:57,384 [WARN] PackLoader:240 - Cannot read IP mode file for STMicroelectronics.X-CUBE-BLE2.3.3.0
2024-04-09 20:45:57,459 [WARN] PackLoader:240 - Cannot read IP mode file for STMicroelectronics.X-CUBE-DISPLAY.2.2.0
2024-04-09 20:45:57,482 [WARN] PackLoader:240 - Cannot read IP mode file for STMicroelectronics.X-CUBE-TOF1.3.2.0
2024-04-09 20:45:57,518 [WARN] PackLoader:240 - Cannot read IP mode file for STMicroelectronics.X-CUBE-AZRTOS-H7.2.1.0
2024-04-09 20:45:57,530 [WARN] PackLoader:240 - Cannot read IP mode file for STMicroelectronics.X-CUBE-TOUCHGFX.4.21.1
2024-04-09 20:45:57,538 [WARN] PackLoader:240 - Cannot read IP mode file for STMicroelectronics.X-CUBE-TOUCHGFX.4.21.0
2024-04-09 20:45:57,546 [WARN] PackLoader:240 - Cannot read IP mode file for STMicroelectronics.X-CUBE-TOUCHGFX.4.21.3
2024-04-09 20:45:57,553 [WARN] PackLoader:240 - Cannot read IP mode file for STMicroelectronics.X-CUBE-TOUCHGFX.4.21.4
2024-04-09 20:45:57,583 [WARN] PackLoader:240 - Cannot read IP mode file for STMicroelectronics.X-CUBE-MEMS1.9.4.0
2024-04-09 20:45:57,670 [WARN] PackLoader:240 - Cannot read IP mode file for STMicroelectronics.X-CUBE-AI.7.3.0
2024-04-09 20:45:57,713 [WARN] PackLoader:240 - Cannot read IP mode file for STMicroelectronics.X-CUBE-ALGOBUILD.1.3.0
2024-04-09 20:45:57,734 [WARN] PackLoader:240 - Cannot read IP mode file for STMicroelectronics.X-CUBE-AZRTOS-G0.1.1.0
2024-04-09 20:45:57,748 [WARN] PackLoader:240 - Cannot read IP mode file for STMicroelectronics.X-CUBE-SAFEA1.1.2.2
2024-04-09 20:45:57,762 [WARN] PackLoader:240 - Cannot read IP mode file for STMicroelectronics.X-CUBE-NFC4.3.0.0
2024-04-09 20:45:57,789 [WARN] PackLoader:240 - Cannot read IP mode file for SEGGER.I-CUBE-embOS.1.2.1
2024-04-09 20:45:57,818 [WARN] PackLoader:240 - Cannot read IP mode file for STMicroelectronics.X-CUBE-BLEMGR.3.0.0
2024-04-09 20:45:57,832 [WARN] PackLoader:240 - Cannot read IP mode file for STMicroelectronics.X-CUBE-BLEMGR.1.3.0
2024-04-09 20:45:57,906 [WARN] PackLoader:240 - Cannot read IP mode file for STMicroelectronics.FP-ATR-SIGFOX1.3.2.0
2024-04-09 20:45:57,925 [WARN] PackLoader:240 - Cannot read IP mode file for STMicroelectronics.X-CUBE-EEPRMA1.5.1.0
2024-04-09 20:45:57,935 [WARN] PackLoader:240 - Cannot read IP mode file for STMicroelectronics.X-CUBE-TOUCHGFX.4.20.0
2024-04-09 20:45:57,967 [WARN] PackLoader:240 - Cannot read IP mode file for STMicroelectronics.X-CUBE-MEMS1.9.5.0
2024-04-09 20:45:58,080 [WARN] PackLoader:240 - Cannot read IP mode file for SEGGER.I-CUBE-embOS.1.3.1
2024-04-09 20:45:58,156 [WARN] PackLoader:240 - Cannot read IP mode file for STMicroelectronics.X-CUBE-GNSS1.6.0.0
2024-04-09 20:45:58,179 [WARN] PackLoader:240 - Cannot read IP mode file for STMicroelectronics.X-CUBE-AZRTOS-F4.1.1.0
2024-04-09 20:45:58,191 [WARN] PackLoader:240 - Cannot read IP mode file for STMicroelectronics.X-CUBE-BLEMGR.1.2.0
2024-04-09 20:45:58,214 [WARN] PackLoader:240 - Cannot read IP mode file for STMicroelectronics.X-CUBE-AZRTOS-L5.2.0.0
2024-04-09 20:45:58,253 [WARN] PackLoader:240 - Cannot read IP mode file for STMicroelectronics.X-CUBE-MEMS1.9.6.0
2024-04-09 20:45:58,339 [WARN] PackLoader:240 - Cannot read IP mode file for STMicroelectronics.X-CUBE-EEPRMA1.4.2.0
2024-04-09 20:45:58,352 [WARN] PackLoader:240 - Cannot read IP mode file for STMicroelectronics.X-CUBE-NFC6.3.1.0
2024-04-09 20:45:58,364 [WARN] PackLoader:240 - Cannot read IP mode file for ITTIA_DB.I-CUBE-ITTIADB.8.8.0
2024-04-09 20:45:58,374 [WARN] PackLoader:240 - Cannot read IP mode file for emotas.I-CUBE-CANOPEN.1.1.3
2024-04-09 20:45:58,420 [WARN] PackLoader:240 - Cannot read IP mode file for STMicroelectronics.X-CUBE-BLEMGR.2.0.0
2024-04-09 20:45:58,470 [WARN] PackLoader:240 - Cannot read IP mode file for STMicroelectronics.X-CUBE-NFC4.2.0.5
2024-04-09 20:45:58,492 [WARN] ConditionMgr:438 - getConditionDescription Invalid condition id : UX DEVICE CLASS RTOS Condition cause : null
2024-04-09 20:45:58,492 [WARN] ConditionMgr:438 - getConditionDescription Invalid condition id : UX DEVICE CLASS RTOS Condition cause : null
2024-04-09 20:45:58,495 [WARN] PackLoader:240 - Cannot read IP mode file for STMicroelectronics.X-CUBE-AZRTOS-H7.3.1.0
2024-04-09 20:45:58,496 [WARN] ConditionMgr:1039 - genDependencies : Invalid condition id : UX DEVICE CLASS RTOS Condition cause : null
2024-04-09 20:45:58,496 [WARN] ConditionMgr:1039 - genDependencies : Invalid condition id : UX DEVICE CLASS RTOS Condition cause : null
2024-04-09 20:45:58,497 [WARN] ConditionMgr:1039 - genDependencies : Invalid condition id : UX DEVICE CLASS RTOS Condition cause : null
2024-04-09 20:45:58,497 [WARN] ConditionMgr:1039 - genDependencies : Invalid condition id : UX DEVICE CLASS RTOS Condition cause : null
2024-04-09 20:45:58,497 [WARN] ConditionMgr:1039 - genDependencies : Invalid condition id : UX DEVICE CLASS RTOS Condition cause : null
2024-04-09 20:45:58,509 [WARN] PackLoader:240 - Cannot read IP mode file for wolfSSL.I-CUBE-wolfSSL.5.5.3
2024-04-09 20:45:58,548 [WARN] PackLoader:240 - Cannot read IP mode file for STMicroelectronics.X-CUBE-NFC7.1.0.0
2024-04-09 20:45:58,558 [WARN] PackLoader:240 - Cannot read IP mode file for STMicroelectronics.X-CUBE-EEPRMA1.4.1.0
2024-04-09 20:45:58,608 [WARN] ConditionMgr:438 - getConditionDescription Invalid condition id : LAN8742 Phy interface Condition cause : null
2024-04-09 20:45:58,609 [WARN] PackLoader:240 - Cannot read IP mode file for STMicroelectronics.X-CUBE-AZRTOS-L4.2.0.0
2024-04-09 20:45:58,610 [WARN] ConditionMgr:1039 - genDependencies : Invalid condition id : LAN8742 Phy interface Condition cause : null
2024-04-09 20:45:58,611 [WARN] ConditionMgr:1039 - genDependencies : Invalid condition id : LAN8742 Phy interface Condition cause : null
2024-04-09 20:45:58,611 [WARN] ConditionMgr:1039 - genDependencies : Invalid condition id : LAN8742 Phy interface Condition cause : null
2024-04-09 20:45:58,621 [WARN] PackLoader:240 - Cannot read IP mode file for STMicroelectronics.X-CUBE-SFXS2LP1.4.0.0
2024-04-09 20:45:58,648 [WARN] PackLoader:240 - Cannot read IP mode file for STMicroelectronics.X-CUBE-AZRTOS-H7.3.0.0
2024-04-09 20:45:58,660 [WARN] PackLoader:240 - Cannot read IP mode file for STMicroelectronics.X-CUBE-ISPU.1.1.0
2024-04-09 20:45:58,670 [WARN] PackLoader:240 - Cannot read IP mode file for RoweBots.I-CUBE-UNISONRTOS.5.5.0-4
2024-04-09 20:45:58,681 [WARN] PackLoader:240 - Cannot read IP mode file for STMicroelectronics.X-CUBE-AI.8.0.0
2024-04-09 20:45:58,724 [WARN] ConditionMgr:438 - getConditionDescription Invalid condition id : UX DEVICE CLASS RTOS Condition cause : null
2024-04-09 20:45:58,724 [WARN] ConditionMgr:438 - getConditionDescription Invalid condition id : UX DEVICE CLASS RTOS Condition cause : null
2024-04-09 20:45:58,726 [WARN] PackLoader:240 - Cannot read IP mode file for STMicroelectronics.X-CUBE-AZRTOS-WB.2.0.0
2024-04-09 20:45:58,727 [WARN] ConditionMgr:1039 - genDependencies : Invalid condition id : UX DEVICE CLASS RTOS Condition cause : null
2024-04-09 20:45:58,727 [WARN] ConditionMgr:1039 - genDependencies : Invalid condition id : UX DEVICE CLASS RTOS Condition cause : null
2024-04-09 20:45:58,728 [WARN] ConditionMgr:1039 - genDependencies : Invalid condition id : UX DEVICE CLASS RTOS Condition cause : null
2024-04-09 20:45:58,728 [WARN] ConditionMgr:1039 - genDependencies : Invalid condition id : UX DEVICE CLASS RTOS Condition cause : null
2024-04-09 20:45:58,728 [WARN] ConditionMgr:1039 - genDependencies : Invalid condition id : UX DEVICE CLASS RTOS Condition cause : null
2024-04-09 20:45:58,737 [WARN] PackLoader:240 - Cannot read IP mode file for STMicroelectronics.X-CUBE-FREERTOS.1.0.0
2024-04-09 20:45:58,749 [WARN] PackLoader:240 - Cannot read IP mode file for STMicroelectronics.X-CUBE-FREERTOS.1.0.1
2024-04-09 20:45:58,802 [WARN] PackLoader:240 - Cannot read IP mode file for STMicroelectronics.X-CUBE-AZRTOS-L5.1.1.0
2024-04-09 20:45:58,817 [WARN] PackLoader:240 - Cannot read IP mode file for STMicroelectronics.X-CUBE-AI.8.0.1
2024-04-09 20:45:58,858 [WARN] PackLoader:240 - Cannot read IP mode file for STMicroelectronics.X-CUBE-SUBG2.5.0.0
2024-04-09 20:45:58,886 [WARN] PackLoader:240 - Cannot read IP mode file for STMicroelectronics.X-CUBE-AZRTOS-G4.2.0.0
2024-04-09 20:45:58,902 [WARN] PackLoader:240 - Cannot read IP mode file for STMicroelectronics.X-CUBE-TOF1.3.3.0
2024-04-09 20:45:58,915 [WARN] PackLoader:240 - Cannot read IP mode file for STMicroelectronics.FP-ATR-ASTRA1.1.1.1
2024-04-09 20:45:58,931 [WARN] PackLoader:240 - Cannot read IP mode file for Infineon.AIROC-Wi-Fi-Bluetooth-STM32.1.5.1
2024-04-09 20:45:58,943 [WARN] PackLoader:240 - Cannot read IP mode file for STMicroelectronics.FP-SNS-MOTENVWB1.1.3.0
2024-04-09 20:45:58,953 [WARN] PackLoader:240 - Cannot read IP mode file for STMicroelectronics.FP-SNS-MOTENVWB1.1.3.1
2024-04-09 20:45:58,970 [WARN] PackLoader:240 - Cannot read IP mode file for STMicroelectronics.X-CUBE-AZRTOS-G4.1.0.0
2024-04-09 20:45:58,991 [WARN] PackLoader:240 - Cannot read IP mode file for STMicroelectronics.X-CUBE-AZRTOS-L4.1.0.0
2024-04-09 20:45:59,004 [WARN] PackLoader:240 - Cannot read IP mode file for STMicroelectronics.X-CUBE-ISPU.2.0.0
2024-04-09 20:45:59,033 [WARN] PackLoader:240 - Cannot read IP mode file for STMicroelectronics.X-CUBE-MEMS1.10.0.0
2024-04-09 20:45:59,088 [WARN] PackLoader:240 - Cannot read IP mode file for STMicroelectronics.X-CUBE-FREERTOS.1.1.0
2024-04-09 20:45:59,101 [WARN] PackLoader:240 - Cannot read IP mode file for STMicroelectronics.X-CUBE-AZRTOS-WL.1.0.0
2024-04-09 20:45:59,114 [WARN] PackLoader:240 - Cannot read IP mode file for portGmbH.I-Cube-SoM-uGOAL.1.1.0
2024-04-09 20:45:59,148 [WARN] PackLoader:240 - Cannot read IP mode file for STMicroelectronics.X-CUBE-ALS.1.0.1
2024-04-09 20:45:59,165 [WARN] PackLoader:240 - Cannot read IP mode file for STMicroelectronics.X-CUBE-AZRTOS-WB.1.1.0
2024-04-09 20:45:59,183 [WARN] PackLoader:240 - Cannot read IP mode file for STMicroelectronics.X-CUBE-AZRTOS-L5.1.0.0
2024-04-09 20:45:59,194 [WARN] PackLoader:240 - Cannot read IP mode file for STMicroelectronics.X-CUBE-EEPRMA1.3.1.1
2024-04-09 20:45:59,223 [WARN] PackLoader:240 - Cannot read IP mode file for STMicroelectronics.FP-ATR-ASTRA1.2.0.0
2024-04-09 20:45:59,236 [WARN] PackLoader:240 - Cannot read IP mode file for STMicroelectronics.X-CUBE-TOF1.3.4.0
2024-04-09 20:45:59,252 [WARN] PackLoader:240 - Cannot read IP mode file for STMicroelectronics.X-CUBE-TOF1.3.4.1
2024-04-09 20:45:59,274 [WARN] PackLoader:240 - Cannot read IP mode file for STMicroelectronics.X-CUBE-AZRTOS-H7.3.2.0
2024-04-09 20:45:59,277 [INFO] ThirdParty:978 - Integrity check success = true
2024-04-09 20:45:59,277 [INFO] IntegrityCheckThread:100 - exiting critical section [integrity check]
2024-04-09 20:45:59,277 [INFO] IntegrityCheckThread:103 - End integrity checks thread
2024-04-09 20:46:12,471 [ERROR] LogOutputStream:75 - [STDERR_REDIRECT] SLF4J: Failed to load class "org.slf4j.impl.StaticLoggerBinder".
2024-04-09 20:46:12,472 [ERROR] LogOutputStream:75 - [STDERR_REDIRECT] SLF4J: Defaulting to no-operation (NOP) logger implementation
2024-04-09 20:46:12,472 [ERROR] LogOutputStream:75 - [STDERR_REDIRECT] SLF4J: See http://www.slf4j.org/codes.html#StaticLoggerBinder for further details.
