2024-04-04 18:54:11,639 [INFO] Activator:176 - 


2024-04-04 18:54:11,644 [INFO] Activator:177 - !SESSION log4j initialized
2024-04-04 18:54:15,258 [INFO] LogOutputStream:77 - [STDOUT_REDIRECT] 
2024-04-04 18:54:17,715 [INFO] ApplicationProperties:184 - Using Application install path: C:\ST\STM32CubeIDE_1.10.1\STM32CubeIDE\plugins\com.st.stm32cube.common.mx_6.9.2.202309101412
2024-04-04 18:54:17,726 [INFO] DbMcusXml:78 - Set database path to: C:\ST\STM32CubeIDE_1.10.1\STM32CubeIDE\plugins\com.st.stm32cube.common.mx_6.9.2.202309101412\\db\/mcu/
2024-04-04 18:54:17,726 [INFO] ApiDb:274 - Set plugin database path to: C:\ST\STM32CubeIDE_1.10.1\STM32CubeIDE\plugins\com.st.stm32cube.common.mx_6.9.2.202309101412\\db\/plugins/boardmanager/
2024-04-04 18:54:17,727 [WARN] ApiDb:259 - Overriding images path with different value:  => C:\ST\STM32CubeIDE_1.10.1\STM32CubeIDE\plugins\com.st.stm32cube.common.mx_6.9.2.202309101412\\db\/plugins/mcufinder/images/
2024-04-04 18:54:17,737 [INFO] ApiDb:250 - Set database path to: C:\Users\Daniel\.stmcufinder\plugins\mcufinder//mcu/
2024-04-04 18:54:17,739 [INFO] DbMcusAds:125 - Set database path to: C:\Users\Daniel\.stmcufinder\plugins\mcufinder//mcu/
2024-04-04 18:54:17,740 [INFO] CrossReferenceDbSqlite:203 - Set database path to: C:\Users\Daniel\.stmcufinder\plugins\mcufinder//mcu/cs/
2024-04-04 18:54:17,820 [INFO] RulesReader:64 - Compatibility file has been processed (293 Rules)
2024-04-04 18:54:17,880 [INFO] DbMcusXml:78 - Set database path to: C:\ST\STM32CubeIDE_1.10.1\STM32CubeIDE\plugins\com.st.stm32cube.common.mx_6.9.2.202309101412\\db\/mcu/
2024-04-04 18:54:17,880 [INFO] ApiDb:274 - Set plugin database path to: C:\ST\STM32CubeIDE_1.10.1\STM32CubeIDE\plugins\com.st.stm32cube.common.mx_6.9.2.202309101412\\db\/plugins/boardmanager/
2024-04-04 18:54:17,880 [INFO] ApiDb:261 - Set plugin images path to: C:\ST\STM32CubeIDE_1.10.1\STM32CubeIDE\plugins\com.st.stm32cube.common.mx_6.9.2.202309101412\\db\/plugins/mcufinder/images/
2024-04-04 18:54:17,881 [WARN] DbFile:41 - Overriding database path with different value: C:\Users\Daniel\.stmcufinder\plugins\mcufinder/ => C:\Users\Daniel\.stmcufinder\plugins\mcufinder
2024-04-04 18:54:17,881 [INFO] ApiDb:250 - Set database path to: C:\Users\Daniel\.stmcufinder\plugins\mcufinder//mcu/
2024-04-04 18:54:17,881 [WARN] DbFile:41 - Overriding database path with different value: C:\Users\Daniel\.stmcufinder\plugins\mcufinder/ => C:\Users\Daniel\.stmcufinder\plugins\mcufinder
2024-04-04 18:54:17,881 [INFO] DbMcusAds:125 - Set database path to: C:\Users\Daniel\.stmcufinder\plugins\mcufinder//mcu/
2024-04-04 18:54:17,881 [WARN] DbFile:41 - Overriding database path with different value: C:\Users\Daniel\.stmcufinder\plugins\mcufinder/ => C:\Users\Daniel\.stmcufinder\plugins\mcufinder
2024-04-04 18:54:17,881 [WARN] DbFile:41 - Overriding database path with different value: C:\Users\Daniel\.stmcufinder\plugins\mcufinder/ => C:\Users\Daniel\.stmcufinder\plugins\mcufinder
2024-04-04 18:54:17,881 [INFO] CrossReferenceDbSqlite:203 - Set database path to: C:\Users\Daniel\.stmcufinder\plugins\mcufinder//mcu/cs/
2024-04-04 18:54:17,934 [INFO] MainPanel:262 - HeapMemory: 268435456
2024-04-04 18:54:17,992 [INFO] DbMcusXml:78 - Set database path to: C:\ST\STM32CubeIDE_1.10.1\STM32CubeIDE\plugins\com.st.stm32cube.common.mx_6.9.2.202309101412\\db\/mcu/
2024-04-04 18:54:17,992 [INFO] ApiDb:274 - Set plugin database path to: C:\ST\STM32CubeIDE_1.10.1\STM32CubeIDE\plugins\com.st.stm32cube.common.mx_6.9.2.202309101412\\db\/plugins/boardmanager/
2024-04-04 18:54:17,992 [INFO] ApiDb:261 - Set plugin images path to: C:\ST\STM32CubeIDE_1.10.1\STM32CubeIDE\plugins\com.st.stm32cube.common.mx_6.9.2.202309101412\\db\/plugins/mcufinder/images/
2024-04-04 18:54:17,992 [WARN] DbFile:41 - Overriding database path with different value: C:\Users\Daniel\.stmcufinder\plugins\mcufinder/ => C:\Users\Daniel\.stmcufinder\plugins\mcufinder
2024-04-04 18:54:17,992 [INFO] ApiDb:250 - Set database path to: C:\Users\Daniel\.stmcufinder\plugins\mcufinder//mcu/
2024-04-04 18:54:17,992 [WARN] DbFile:41 - Overriding database path with different value: C:\Users\Daniel\.stmcufinder\plugins\mcufinder/ => C:\Users\Daniel\.stmcufinder\plugins\mcufinder
2024-04-04 18:54:17,992 [INFO] DbMcusAds:125 - Set database path to: C:\Users\Daniel\.stmcufinder\plugins\mcufinder//mcu/
2024-04-04 18:54:17,992 [WARN] DbFile:41 - Overriding database path with different value: C:\Users\Daniel\.stmcufinder\plugins\mcufinder/ => C:\Users\Daniel\.stmcufinder\plugins\mcufinder
2024-04-04 18:54:17,993 [WARN] DbFile:41 - Overriding database path with different value: C:\Users\Daniel\.stmcufinder\plugins\mcufinder/ => C:\Users\Daniel\.stmcufinder\plugins\mcufinder
2024-04-04 18:54:17,993 [INFO] CrossReferenceDbSqlite:203 - Set database path to: C:\Users\Daniel\.stmcufinder\plugins\mcufinder//mcu/cs/
2024-04-04 18:54:18,005 [INFO] ApplicationProperties:184 - Using Application install path: C:\ST\STM32CubeIDE_1.10.1\STM32CubeIDE\plugins\com.st.stm32cube.common.mx_6.9.2.202309101412
2024-04-04 18:54:18,005 [INFO] PluginManage:196 - Search for loadable plugins [exclusion list=, ]
2024-04-04 18:54:18,006 [INFO] PluginManage:310 - Check plugin analytics
2024-04-04 18:54:18,105 [INFO] AnalyticsPlugin:253 - Accepted Software Licenses: 
2024-04-04 18:54:18,105 [INFO] AnalyticsPlugin:255 - Accepted CMSIS Pack Licenses: 
2024-04-04 18:54:18,105 [INFO] AnalyticsPlugin:257 - Accepted Firmware Licenses: 
2024-04-04 18:54:18,106 [INFO] PluginManage:359 - Loaded plugin analytics (category:tool,tabindex:-1)
2024-04-04 18:54:18,107 [INFO] PluginManage:310 - Check plugin cadmodel
2024-04-04 18:54:18,117 [INFO] CADModel:105 - Init CAD model plugin
2024-04-04 18:54:18,117 [INFO] PluginManage:359 - Loaded plugin cadmodel (category:power,tabindex:5)
2024-04-04 18:54:18,117 [INFO] PluginManage:310 - Check plugin clock
2024-04-04 18:54:18,129 [INFO] PluginManage:359 - Loaded plugin clock (category:base,tabindex:2)
2024-04-04 18:54:18,129 [INFO] PluginManage:310 - Check plugin ddr
2024-04-04 18:54:18,131 [INFO] PluginManage:359 - Loaded plugin ddr (category:tool,tabindex:6)
2024-04-04 18:54:18,131 [INFO] PluginManage:310 - Check plugin filemanager
2024-04-04 18:54:18,208 [INFO] PluginManage:359 - Loaded plugin filemanager (category:base,tabindex:10)
2024-04-04 18:54:18,208 [INFO] PluginManage:310 - Check plugin ipmanager
2024-04-04 18:54:18,214 [INFO] PluginManage:359 - Loaded plugin ipmanager (category:base,tabindex:5)
2024-04-04 18:54:18,214 [INFO] PluginManage:310 - Check plugin lpbam
2024-04-04 18:54:18,225 [INFO] PluginManage:359 - Loaded plugin lpbam (category:base,tabindex:0)
2024-04-04 18:54:18,225 [INFO] PluginManage:310 - Check plugin memorymap
2024-04-04 18:54:18,239 [INFO] PluginManage:359 - Loaded plugin memorymap (category:base,tabindex:4)
2024-04-04 18:54:18,239 [INFO] PluginManage:310 - Check plugin pinoutandconfiguration
2024-04-04 18:54:18,250 [INFO] PluginManage:359 - Loaded plugin pinoutandconfiguration (category:base,tabindex:1)
2024-04-04 18:54:18,250 [INFO] PluginManage:310 - Check plugin pinoutconfig
2024-04-04 18:54:18,321 [WARN] SupportedApi:132 - Cannot load RTOS API schema: s4s-elt-must-match.1: The content of 'definitions' must match (annotation?, (simpleType | complexType)?, (unique | key | keyref)*)). A problem was found starting at: attribute.
2024-04-04 18:54:18,427 [INFO] PluginManage:359 - Loaded plugin pinoutconfig (category:base,tabindex:0)
2024-04-04 18:54:18,427 [INFO] PluginManage:310 - Check plugin power
2024-04-04 18:54:18,445 [INFO] PluginManage:359 - Loaded plugin power (category:power,tabindex:4)
2024-04-04 18:54:18,445 [INFO] PluginManage:310 - Check plugin projectmanager
2024-04-04 18:54:18,456 [INFO] PluginManage:359 - Loaded plugin projectmanager (category:projectmanager,tabindex:3)
2024-04-04 18:54:18,456 [INFO] PluginManage:310 - Check plugin thirdparty
2024-04-04 18:54:18,627 [INFO] PluginManage:359 - Loaded plugin thirdparty (category:base,tabindex:-1)
2024-04-04 18:54:18,627 [WARN] IntegrityCheckThread:84 - waiting for thirdparty lock release [integrity check]
2024-04-04 18:54:18,627 [INFO] PluginManage:310 - Check plugin tools
2024-04-04 18:54:18,627 [INFO] IntegrityCheckThread:86 - entering critical section [integrity check]
2024-04-04 18:54:18,627 [INFO] ThirdPartyUpdaterWithRetryManager:70 - Updater plugin not ready yet. [1/15]
2024-04-04 18:54:18,647 [INFO] PluginManage:359 - Loaded plugin tools (category:base,tabindex:7)
2024-04-04 18:54:18,647 [INFO] PluginManage:310 - Check plugin tutovideos
2024-04-04 18:54:18,767 [INFO] PluginManage:359 - Loaded plugin tutovideos (category:base,tabindex:-1)
2024-04-04 18:54:18,768 [INFO] PluginManage:310 - Check plugin updater
2024-04-04 18:54:18,774 [INFO] PluginManage:359 - Loaded plugin updater (category:base,tabindex:12)
2024-04-04 18:54:18,774 [INFO] PluginManage:310 - Check plugin userauth
2024-04-04 18:54:18,777 [INFO] UserAuth:113 - Init User Auth plugin
2024-04-04 18:54:18,777 [INFO] PluginManage:359 - Loaded plugin userauth (category:base,tabindex:14)
2024-04-04 18:54:18,778 [INFO] PluginManage:283 - PluginManage : Loaded plugins [17]
2024-04-04 18:54:18,913 [INFO] PinOutPanel:1499 - setPackage(No Configuration,No Configuration)
2024-04-04 18:54:18,975 [INFO] CADModel:165 - CPN selected for project level
2024-04-04 18:54:18,975 [INFO] CADModel:114 - Register for checkConnection events
2024-04-04 18:54:18,991 [INFO] IPUIPlugin:80 - create IPUIPlugin
2024-04-04 18:54:18,991 [INFO] PluginManager:220 - loadIPPluginJar : add adc
2024-04-04 18:54:19,012 [INFO] IPUIPlugin:80 - create IPUIPlugin
2024-04-04 18:54:19,013 [INFO] PluginManager:220 - loadIPPluginJar : add aes
2024-04-04 18:54:19,035 [INFO] IPUIPlugin:80 - create IPUIPlugin
2024-04-04 18:54:19,035 [INFO] PluginManager:220 - loadIPPluginJar : add can
2024-04-04 18:54:19,047 [INFO] IPUIPlugin:80 - create IPUIPlugin
2024-04-04 18:54:19,047 [INFO] PluginManager:220 - loadIPPluginJar : add comp
2024-04-04 18:54:19,065 [INFO] IPUIPlugin:80 - create IPUIPlugin
2024-04-04 18:54:19,065 [INFO] PluginManager:220 - loadIPPluginJar : add cryp
2024-04-04 18:54:19,081 [INFO] IPUIPlugin:80 - create IPUIPlugin
2024-04-04 18:54:19,081 [INFO] PluginManager:220 - loadIPPluginJar : add dfsdm
2024-04-04 18:54:19,088 [INFO] IPUIPlugin:80 - create IPUIPlugin
2024-04-04 18:54:19,088 [INFO] PluginManager:220 - loadIPPluginJar : add dma
2024-04-04 18:54:19,112 [INFO] IPUIPlugin:80 - create IPUIPlugin
2024-04-04 18:54:19,112 [INFO] PluginManager:220 - loadIPPluginJar : add dma3
2024-04-04 18:54:19,122 [INFO] IPUIPlugin:80 - create IPUIPlugin
2024-04-04 18:54:19,123 [INFO] PluginManager:220 - loadIPPluginJar : add fatfs
2024-04-04 18:54:19,149 [INFO] IPUIPlugin:80 - create IPUIPlugin
2024-04-04 18:54:19,149 [INFO] PluginManager:220 - loadIPPluginJar : add fmc
2024-04-04 18:54:19,158 [INFO] IPUIPlugin:80 - create IPUIPlugin
2024-04-04 18:54:19,158 [INFO] PluginManager:220 - loadIPPluginJar : add freertos
2024-04-04 18:54:19,169 [INFO] IPUIPlugin:80 - create IPUIPlugin
2024-04-04 18:54:19,169 [INFO] PluginManager:220 - loadIPPluginJar : add genericplugin
2024-04-04 18:54:19,220 [INFO] IPUIPlugin:80 - create IPUIPlugin
2024-04-04 18:54:19,221 [INFO] PluginManager:220 - loadIPPluginJar : add gfxmmu
2024-04-04 18:54:19,294 [INFO] IPUIPlugin:80 - create IPUIPlugin
2024-04-04 18:54:19,294 [INFO] PluginManager:220 - loadIPPluginJar : add gic
2024-04-04 18:54:19,301 [INFO] IPUIPlugin:80 - create IPUIPlugin
2024-04-04 18:54:19,301 [INFO] PluginManager:220 - loadIPPluginJar : add gpio
2024-04-04 18:54:19,354 [INFO] IPUIPlugin:80 - create IPUIPlugin
2024-04-04 18:54:19,354 [INFO] PluginManager:220 - loadIPPluginJar : add gtzc
2024-04-04 18:54:19,370 [INFO] IPUIPlugin:80 - create IPUIPlugin
2024-04-04 18:54:19,370 [INFO] PluginManager:220 - loadIPPluginJar : add hash
2024-04-04 18:54:19,399 [INFO] IPUIPlugin:80 - create IPUIPlugin
2024-04-04 18:54:19,399 [INFO] PluginManager:220 - loadIPPluginJar : add i2c
2024-04-04 18:54:19,420 [INFO] IPUIPlugin:80 - create IPUIPlugin
2024-04-04 18:54:19,420 [INFO] PluginManager:220 - loadIPPluginJar : add i2s
2024-04-04 18:54:19,443 [INFO] IPUIPlugin:80 - create IPUIPlugin
2024-04-04 18:54:19,443 [INFO] PluginManager:220 - loadIPPluginJar : add i3c
2024-04-04 18:54:19,506 [INFO] IPUIPlugin:80 - create IPUIPlugin
2024-04-04 18:54:19,507 [INFO] PluginManager:220 - loadIPPluginJar : add ipddr
2024-04-04 18:54:19,557 [INFO] IPUIPlugin:80 - create IPUIPlugin
2024-04-04 18:54:19,558 [INFO] PluginManager:220 - loadIPPluginJar : add linkedlist
2024-04-04 18:54:19,576 [INFO] IPUIPlugin:80 - create IPUIPlugin
2024-04-04 18:54:19,576 [INFO] PluginManager:220 - loadIPPluginJar : add lorawan
2024-04-04 18:54:19,596 [INFO] IPUIPlugin:80 - create IPUIPlugin
2024-04-04 18:54:19,596 [INFO] PluginManager:220 - loadIPPluginJar : add ltdc
2024-04-04 18:54:19,604 [INFO] IPUIPlugin:80 - create IPUIPlugin
2024-04-04 18:54:19,604 [INFO] PluginManager:220 - loadIPPluginJar : add mdma
2024-04-04 18:54:19,611 [INFO] IPUIPlugin:80 - create IPUIPlugin
2024-04-04 18:54:19,611 [INFO] PluginManager:220 - loadIPPluginJar : add nvic
2024-04-04 18:54:19,630 [INFO] IPUIPlugin:80 - create IPUIPlugin
2024-04-04 18:54:19,630 [INFO] PluginManager:220 - loadIPPluginJar : add opamp
2024-04-04 18:54:19,663 [INFO] IPUIPlugin:80 - create IPUIPlugin
2024-04-04 18:54:19,663 [INFO] PluginManager:220 - loadIPPluginJar : add openamp
2024-04-04 18:54:19,686 [INFO] IPUIPlugin:80 - create IPUIPlugin
2024-04-04 18:54:19,686 [INFO] PluginManager:220 - loadIPPluginJar : add pdm2pcm
2024-04-04 18:54:19,694 [INFO] IPUIPlugin:80 - create IPUIPlugin
2024-04-04 18:54:19,696 [INFO] PluginManager:220 - loadIPPluginJar : add plateformsettings
2024-04-04 18:54:19,707 [INFO] IPUIPlugin:80 - create IPUIPlugin
2024-04-04 18:54:19,707 [INFO] PluginManager:220 - loadIPPluginJar : add quadspi
2024-04-04 18:54:19,714 [INFO] IPUIPlugin:80 - create IPUIPlugin
2024-04-04 18:54:19,714 [INFO] PluginManager:220 - loadIPPluginJar : add resmgrutility
2024-04-04 18:54:19,741 [INFO] IPUIPlugin:80 - create IPUIPlugin
2024-04-04 18:54:19,741 [INFO] PluginManager:220 - loadIPPluginJar : add sai
2024-04-04 18:54:19,761 [INFO] IPUIPlugin:80 - create IPUIPlugin
2024-04-04 18:54:19,761 [INFO] PluginManager:220 - loadIPPluginJar : add spi
2024-04-04 18:54:19,794 [INFO] IPUIPlugin:80 - create IPUIPlugin
2024-04-04 18:54:19,794 [INFO] PluginManager:220 - loadIPPluginJar : add stm32_wpan
2024-04-04 18:54:19,806 [INFO] IPUIPlugin:80 - create IPUIPlugin
2024-04-04 18:54:19,806 [INFO] PluginManager:220 - loadIPPluginJar : add tim
2024-04-04 18:54:19,837 [INFO] IPUIPlugin:80 - create IPUIPlugin
2024-04-04 18:54:19,837 [INFO] PluginManager:220 - loadIPPluginJar : add touchsensing
2024-04-04 18:54:19,849 [INFO] IPUIPlugin:80 - create IPUIPlugin
2024-04-04 18:54:19,849 [INFO] PluginManager:220 - loadIPPluginJar : add tracer_emb
2024-04-04 18:54:19,860 [INFO] IPUIPlugin:80 - create IPUIPlugin
2024-04-04 18:54:19,860 [INFO] PluginManager:220 - loadIPPluginJar : add ts
2024-04-04 18:54:19,871 [INFO] IPUIPlugin:80 - create IPUIPlugin
2024-04-04 18:54:19,871 [INFO] PluginManager:220 - loadIPPluginJar : add tsc
2024-04-04 18:54:19,882 [INFO] IPUIPlugin:80 - create IPUIPlugin
2024-04-04 18:54:19,883 [INFO] PluginManager:220 - loadIPPluginJar : add ucpd
2024-04-04 18:54:19,907 [INFO] IPUIPlugin:80 - create IPUIPlugin
2024-04-04 18:54:19,907 [INFO] PluginManager:220 - loadIPPluginJar : add usart
2024-04-04 18:54:19,931 [INFO] IPUIPlugin:80 - create IPUIPlugin
2024-04-04 18:54:19,931 [INFO] PluginManager:220 - loadIPPluginJar : add usbx
2024-04-04 18:54:20,033 [INFO] CADModel:165 - CPN selected for project level
2024-04-04 18:54:20,033 [INFO] CADModel:114 - Register for checkConnection events
2024-04-04 18:54:20,033 [FATAL] Updater:308 - Updater called before beeing initialized
2024-04-04 18:54:20,033 [ERROR] CADModel:125 - Updater not yet initialized, retry later 
2024-04-04 18:54:20,113 [INFO] CADModel:165 - CPN selected for project level
2024-04-04 18:54:20,113 [INFO] CADModel:114 - Register for checkConnection events
2024-04-04 18:54:20,113 [FATAL] Updater:308 - Updater called before beeing initialized
2024-04-04 18:54:20,113 [ERROR] CADModel:125 - Updater not yet initialized, retry later 
2024-04-04 18:54:20,116 [FATAL] Updater:308 - Updater called before beeing initialized
2024-04-04 18:54:20,174 [FATAL] Updater:308 - Updater called before beeing initialized
2024-04-04 18:54:20,181 [INFO] DbMcusAds:53 - JSON generation date=Wed Nov 29 12:52:27 EET 2023 (1701255147349)
2024-04-04 18:54:20,182 [FATAL] Updater:308 - Updater called before beeing initialized
2024-04-04 18:54:20,210 [WARN] DetailPanel:346 - Failed to get advertising image, set to default
2024-04-04 18:54:20,289 [FATAL] Updater:308 - Updater called before beeing initialized
2024-04-04 18:54:20,291 [FATAL] Updater:308 - Updater called before beeing initialized
2024-04-04 18:54:20,291 [FATAL] Updater:308 - Updater called before beeing initialized
2024-04-04 18:54:20,291 [WARN] DetailPanel:346 - Failed to get advertising image, set to default
2024-04-04 18:54:20,291 [FATAL] Updater:308 - Updater called before beeing initialized
2024-04-04 18:54:20,331 [ERROR] Updater:1120 - MainUpdater not yet initialized. External WinMGr cannot be set.
2024-04-04 18:54:20,337 [INFO] Updater:1056 - Updater Version found : 6.9.2
2024-04-04 18:54:20,348 [INFO] ApplicationProperties:184 - Using Application install path: C:\ST\STM32CubeIDE_1.10.1\STM32CubeIDE\plugins\com.st.stm32cube.common.mx_6.9.2.202309101412
2024-04-04 18:54:20,927 [INFO] MainUpdater:2868 - connection check result : 10
2024-04-04 18:54:20,927 [INFO] MainUpdater:285 - Updater Check For Update Now.
2024-04-04 18:54:20,927 [INFO] MicroXplorer:498 - Change Database Version : DB.6.0.92
2024-04-04 18:54:20,935 [INFO] McuFinderGlobals:63 - Set McuFinder mode to 2 (CubeIDE integrated)
2024-04-04 18:54:21,088 [INFO] CheckServerUpdateThread:120 - End of CheckServer Thread
2024-04-04 18:54:21,778 [WARN] PackLoader:240 - Cannot read IP mode file for STMicroelectronics.X-CUBE-SMBUS.2.1.0
2024-04-04 18:54:21,787 [WARN] PackLoader:240 - Cannot read IP mode file for STMicroelectronics.X-CUBE-TOUCHGFX.4.23.1
2024-04-04 18:54:21,792 [WARN] PackLoader:240 - Cannot read IP mode file for STMicroelectronics.X-CUBE-TOUCHGFX.4.23.0
2024-04-04 18:54:21,815 [WARN] PackLoader:240 - Cannot read IP mode file for STMicroelectronics.X-CUBE-AZRTOS-F7.1.1.0
2024-04-04 18:54:21,824 [ERROR] RealEvaluatedCondition:428 - Found unsupported composite condition: GROUP='STM32_MetaDataManager' CLASS='Data Exchange'
2024-04-04 18:54:21,824 [ERROR] RealEvaluatedCondition:428 - Found unsupported composite condition: CLASS='Data Exchange' GROUP='STM32_MetaDataManager'
2024-04-04 18:54:21,825 [WARN] PackLoader:240 - Cannot read IP mode file for STMicroelectronics.FP-SNS-MOTENV1.4.3.0
2024-04-04 18:54:21,833 [WARN] PackLoader:240 - Cannot read IP mode file for STMicroelectronics.FP-SNS-FLIGHT1.5.0.0
2024-04-04 18:54:21,839 [ERROR] RealEvaluatedCondition:428 - Found unsupported composite condition: GROUP='STM32_MetaDataManager' CLASS='Data Exchange'
2024-04-04 18:54:21,839 [ERROR] RealEvaluatedCondition:428 - Found unsupported composite condition: GROUP='STM32_MetaDataManager' CLASS='Data Exchange'
2024-04-04 18:54:21,839 [WARN] PackLoader:240 - Cannot read IP mode file for STMicroelectronics.FP-SNS-MOTENV1.4.3.1
2024-04-04 18:54:21,846 [WARN] PackLoader:240 - Cannot read IP mode file for STMicroelectronics.FP-SNS-FLIGHT1.5.0.1
2024-04-04 18:54:21,853 [WARN] PackLoader:240 - Cannot read IP mode file for STMicroelectronics.X-CUBE-BLE1.6.2.3
2024-04-04 18:54:21,860 [WARN] PackLoader:240 - Cannot read IP mode file for STMicroelectronics.X-CUBE-BLE1.6.2.4
2024-04-04 18:54:21,868 [WARN] PackLoader:240 - Cannot read IP mode file for STMicroelectronics.X-CUBE-DISPLAY.3.0.0
2024-04-04 18:54:21,876 [WARN] PackLoader:240 - Cannot read IP mode file for STMicroelectronics.X-CUBE-BLE1.7.0.0
2024-04-04 18:54:21,882 [WARN] PackLoader:240 - Cannot read IP mode file for STMicroelectronics.X-CUBE-TOUCHGFX.4.22.1
2024-04-04 18:54:21,913 [WARN] PackLoader:240 - Cannot read IP mode file for STMicroelectronics.X-CUBE-MEMS1.9.3.0
2024-04-04 18:54:21,994 [WARN] PackLoader:240 - Cannot read IP mode file for STMicroelectronics.X-CUBE-BLEMGR.3.1.0
2024-04-04 18:54:22,003 [WARN] PackLoader:240 - Cannot read IP mode file for STMicroelectronics.FP-SNS-MOTENV1.5.0.0
2024-04-04 18:54:22,012 [WARN] PackLoader:240 - Cannot read IP mode file for WES.I-CUBE-Cesium.1.3.0
2024-04-04 18:54:22,022 [WARN] PackLoader:240 - Cannot read IP mode file for STMicroelectronics.X-CUBE-BLE2.3.3.0
2024-04-04 18:54:22,080 [WARN] PackLoader:240 - Cannot read IP mode file for STMicroelectronics.X-CUBE-DISPLAY.2.2.0
2024-04-04 18:54:22,092 [WARN] PackLoader:240 - Cannot read IP mode file for STMicroelectronics.X-CUBE-TOF1.3.2.0
2024-04-04 18:54:22,111 [WARN] PackLoader:240 - Cannot read IP mode file for STMicroelectronics.X-CUBE-AZRTOS-H7.2.1.0
2024-04-04 18:54:22,120 [WARN] PackLoader:240 - Cannot read IP mode file for STMicroelectronics.X-CUBE-TOUCHGFX.4.21.1
2024-04-04 18:54:22,126 [WARN] PackLoader:240 - Cannot read IP mode file for STMicroelectronics.X-CUBE-TOUCHGFX.4.21.0
2024-04-04 18:54:22,132 [WARN] PackLoader:240 - Cannot read IP mode file for STMicroelectronics.X-CUBE-TOUCHGFX.4.21.3
2024-04-04 18:54:22,138 [WARN] PackLoader:240 - Cannot read IP mode file for STMicroelectronics.X-CUBE-TOUCHGFX.4.21.4
2024-04-04 18:54:22,167 [WARN] PackLoader:240 - Cannot read IP mode file for STMicroelectronics.X-CUBE-MEMS1.9.4.0
2024-04-04 18:54:22,223 [WARN] PackLoader:240 - Cannot read IP mode file for STMicroelectronics.X-CUBE-AI.7.3.0
2024-04-04 18:54:22,256 [WARN] PackLoader:240 - Cannot read IP mode file for STMicroelectronics.X-CUBE-ALGOBUILD.1.3.0
2024-04-04 18:54:22,272 [WARN] PackLoader:240 - Cannot read IP mode file for STMicroelectronics.X-CUBE-AZRTOS-G0.1.1.0
2024-04-04 18:54:22,281 [WARN] PackLoader:240 - Cannot read IP mode file for STMicroelectronics.X-CUBE-SAFEA1.1.2.2
2024-04-04 18:54:22,289 [WARN] PackLoader:240 - Cannot read IP mode file for STMicroelectronics.X-CUBE-NFC4.3.0.0
2024-04-04 18:54:22,311 [WARN] PackLoader:240 - Cannot read IP mode file for SEGGER.I-CUBE-embOS.1.2.1
2024-04-04 18:54:22,338 [WARN] PackLoader:240 - Cannot read IP mode file for STMicroelectronics.X-CUBE-BLEMGR.3.0.0
2024-04-04 18:54:22,349 [WARN] PackLoader:240 - Cannot read IP mode file for STMicroelectronics.X-CUBE-BLEMGR.1.3.0
2024-04-04 18:54:22,390 [WARN] PackLoader:240 - Cannot read IP mode file for STMicroelectronics.FP-ATR-SIGFOX1.3.2.0
2024-04-04 18:54:22,397 [WARN] PackLoader:240 - Cannot read IP mode file for STMicroelectronics.X-CUBE-EEPRMA1.5.1.0
2024-04-04 18:54:22,404 [WARN] PackLoader:240 - Cannot read IP mode file for STMicroelectronics.X-CUBE-TOUCHGFX.4.20.0
2024-04-04 18:54:22,431 [WARN] PackLoader:240 - Cannot read IP mode file for STMicroelectronics.X-CUBE-MEMS1.9.5.0
2024-04-04 18:54:22,508 [WARN] PackLoader:240 - Cannot read IP mode file for SEGGER.I-CUBE-embOS.1.3.1
2024-04-04 18:54:22,562 [WARN] PackLoader:240 - Cannot read IP mode file for STMicroelectronics.X-CUBE-GNSS1.6.0.0
2024-04-04 18:54:22,578 [WARN] PackLoader:240 - Cannot read IP mode file for STMicroelectronics.X-CUBE-AZRTOS-F4.1.1.0
2024-04-04 18:54:22,588 [WARN] PackLoader:240 - Cannot read IP mode file for STMicroelectronics.X-CUBE-BLEMGR.1.2.0
2024-04-04 18:54:22,605 [WARN] PackLoader:240 - Cannot read IP mode file for STMicroelectronics.X-CUBE-AZRTOS-L5.2.0.0
2024-04-04 18:54:22,660 [WARN] PackLoader:240 - Cannot read IP mode file for STMicroelectronics.X-CUBE-MEMS1.9.6.0
2024-04-04 18:54:22,717 [WARN] PackLoader:240 - Cannot read IP mode file for STMicroelectronics.X-CUBE-EEPRMA1.4.2.0
2024-04-04 18:54:22,726 [WARN] PackLoader:240 - Cannot read IP mode file for STMicroelectronics.X-CUBE-NFC6.3.1.0
2024-04-04 18:54:22,734 [WARN] PackLoader:240 - Cannot read IP mode file for ITTIA_DB.I-CUBE-ITTIADB.8.8.0
2024-04-04 18:54:22,744 [WARN] PackLoader:240 - Cannot read IP mode file for emotas.I-CUBE-CANOPEN.1.1.3
2024-04-04 18:54:22,779 [WARN] PackLoader:240 - Cannot read IP mode file for STMicroelectronics.X-CUBE-BLEMGR.2.0.0
2024-04-04 18:54:22,816 [WARN] PackLoader:240 - Cannot read IP mode file for STMicroelectronics.X-CUBE-NFC4.2.0.5
2024-04-04 18:54:22,832 [WARN] ConditionMgr:438 - getConditionDescription Invalid condition id : UX DEVICE CLASS RTOS Condition cause : null
2024-04-04 18:54:22,832 [WARN] ConditionMgr:438 - getConditionDescription Invalid condition id : UX DEVICE CLASS RTOS Condition cause : null
2024-04-04 18:54:22,833 [WARN] PackLoader:240 - Cannot read IP mode file for STMicroelectronics.X-CUBE-AZRTOS-H7.3.1.0
2024-04-04 18:54:22,834 [WARN] ConditionMgr:1039 - genDependencies : Invalid condition id : UX DEVICE CLASS RTOS Condition cause : null
2024-04-04 18:54:22,834 [WARN] ConditionMgr:1039 - genDependencies : Invalid condition id : UX DEVICE CLASS RTOS Condition cause : null
2024-04-04 18:54:22,834 [WARN] ConditionMgr:1039 - genDependencies : Invalid condition id : UX DEVICE CLASS RTOS Condition cause : null
2024-04-04 18:54:22,834 [WARN] ConditionMgr:1039 - genDependencies : Invalid condition id : UX DEVICE CLASS RTOS Condition cause : null
2024-04-04 18:54:22,834 [WARN] ConditionMgr:1039 - genDependencies : Invalid condition id : UX DEVICE CLASS RTOS Condition cause : null
2024-04-04 18:54:22,843 [WARN] PackLoader:240 - Cannot read IP mode file for wolfSSL.I-CUBE-wolfSSL.5.5.3
2024-04-04 18:54:22,871 [WARN] PackLoader:240 - Cannot read IP mode file for STMicroelectronics.X-CUBE-NFC7.1.0.0
2024-04-04 18:54:22,880 [WARN] PackLoader:240 - Cannot read IP mode file for STMicroelectronics.X-CUBE-EEPRMA1.4.1.0
2024-04-04 18:54:22,919 [WARN] ConditionMgr:438 - getConditionDescription Invalid condition id : LAN8742 Phy interface Condition cause : null
2024-04-04 18:54:22,919 [WARN] PackLoader:240 - Cannot read IP mode file for STMicroelectronics.X-CUBE-AZRTOS-L4.2.0.0
2024-04-04 18:54:22,919 [WARN] ConditionMgr:1039 - genDependencies : Invalid condition id : LAN8742 Phy interface Condition cause : null
2024-04-04 18:54:22,920 [WARN] ConditionMgr:1039 - genDependencies : Invalid condition id : LAN8742 Phy interface Condition cause : null
2024-04-04 18:54:22,920 [WARN] ConditionMgr:1039 - genDependencies : Invalid condition id : LAN8742 Phy interface Condition cause : null
2024-04-04 18:54:22,928 [WARN] PackLoader:240 - Cannot read IP mode file for STMicroelectronics.X-CUBE-SFXS2LP1.4.0.0
2024-04-04 18:54:22,945 [WARN] PackLoader:240 - Cannot read IP mode file for STMicroelectronics.X-CUBE-AZRTOS-H7.3.0.0
2024-04-04 18:54:22,953 [WARN] PackLoader:240 - Cannot read IP mode file for STMicroelectronics.X-CUBE-ISPU.1.1.0
2024-04-04 18:54:22,961 [WARN] PackLoader:240 - Cannot read IP mode file for RoweBots.I-CUBE-UNISONRTOS.5.5.0-4
2024-04-04 18:54:22,970 [WARN] PackLoader:240 - Cannot read IP mode file for STMicroelectronics.X-CUBE-AI.8.0.0
2024-04-04 18:54:23,004 [WARN] ConditionMgr:438 - getConditionDescription Invalid condition id : UX DEVICE CLASS RTOS Condition cause : null
2024-04-04 18:54:23,004 [WARN] ConditionMgr:438 - getConditionDescription Invalid condition id : UX DEVICE CLASS RTOS Condition cause : null
2024-04-04 18:54:23,005 [WARN] PackLoader:240 - Cannot read IP mode file for STMicroelectronics.X-CUBE-AZRTOS-WB.2.0.0
2024-04-04 18:54:23,005 [WARN] ConditionMgr:1039 - genDependencies : Invalid condition id : UX DEVICE CLASS RTOS Condition cause : null
2024-04-04 18:54:23,005 [WARN] ConditionMgr:1039 - genDependencies : Invalid condition id : UX DEVICE CLASS RTOS Condition cause : null
2024-04-04 18:54:23,005 [WARN] ConditionMgr:1039 - genDependencies : Invalid condition id : UX DEVICE CLASS RTOS Condition cause : null
2024-04-04 18:54:23,005 [WARN] ConditionMgr:1039 - genDependencies : Invalid condition id : UX DEVICE CLASS RTOS Condition cause : null
2024-04-04 18:54:23,005 [WARN] ConditionMgr:1039 - genDependencies : Invalid condition id : UX DEVICE CLASS RTOS Condition cause : null
2024-04-04 18:54:23,013 [WARN] PackLoader:240 - Cannot read IP mode file for STMicroelectronics.X-CUBE-FREERTOS.1.0.0
2024-04-04 18:54:23,021 [WARN] PackLoader:240 - Cannot read IP mode file for STMicroelectronics.X-CUBE-FREERTOS.1.0.1
2024-04-04 18:54:23,059 [WARN] PackLoader:240 - Cannot read IP mode file for STMicroelectronics.X-CUBE-AZRTOS-L5.1.1.0
2024-04-04 18:54:23,069 [WARN] PackLoader:240 - Cannot read IP mode file for STMicroelectronics.X-CUBE-AI.8.0.1
2024-04-04 18:54:23,096 [WARN] PackLoader:240 - Cannot read IP mode file for STMicroelectronics.X-CUBE-SUBG2.5.0.0
2024-04-04 18:54:23,112 [WARN] PackLoader:240 - Cannot read IP mode file for STMicroelectronics.X-CUBE-AZRTOS-G4.2.0.0
2024-04-04 18:54:23,123 [WARN] PackLoader:240 - Cannot read IP mode file for STMicroelectronics.X-CUBE-TOF1.3.3.0
2024-04-04 18:54:23,131 [WARN] PackLoader:240 - Cannot read IP mode file for STMicroelectronics.FP-ATR-ASTRA1.1.1.1
2024-04-04 18:54:23,146 [WARN] PackLoader:240 - Cannot read IP mode file for Infineon.AIROC-Wi-Fi-Bluetooth-STM32.1.5.1
2024-04-04 18:54:23,155 [WARN] PackLoader:240 - Cannot read IP mode file for STMicroelectronics.FP-SNS-MOTENVWB1.1.3.0
2024-04-04 18:54:23,162 [WARN] PackLoader:240 - Cannot read IP mode file for STMicroelectronics.FP-SNS-MOTENVWB1.1.3.1
2024-04-04 18:54:23,176 [WARN] PackLoader:240 - Cannot read IP mode file for STMicroelectronics.X-CUBE-AZRTOS-G4.1.0.0
2024-04-04 18:54:23,193 [WARN] PackLoader:240 - Cannot read IP mode file for STMicroelectronics.X-CUBE-AZRTOS-L4.1.0.0
2024-04-04 18:54:23,201 [WARN] PackLoader:240 - Cannot read IP mode file for STMicroelectronics.X-CUBE-ISPU.2.0.0
2024-04-04 18:54:23,224 [WARN] PackLoader:240 - Cannot read IP mode file for STMicroelectronics.X-CUBE-MEMS1.10.0.0
2024-04-04 18:54:23,269 [WARN] PackLoader:240 - Cannot read IP mode file for STMicroelectronics.X-CUBE-FREERTOS.1.1.0
2024-04-04 18:54:23,281 [WARN] PackLoader:240 - Cannot read IP mode file for STMicroelectronics.X-CUBE-AZRTOS-WL.1.0.0
2024-04-04 18:54:23,291 [WARN] PackLoader:240 - Cannot read IP mode file for portGmbH.I-Cube-SoM-uGOAL.1.1.0
2024-04-04 18:54:23,318 [WARN] PackLoader:240 - Cannot read IP mode file for STMicroelectronics.X-CUBE-ALS.1.0.1
2024-04-04 18:54:23,332 [WARN] PackLoader:240 - Cannot read IP mode file for STMicroelectronics.X-CUBE-AZRTOS-WB.1.1.0
2024-04-04 18:54:23,347 [WARN] PackLoader:240 - Cannot read IP mode file for STMicroelectronics.X-CUBE-AZRTOS-L5.1.0.0
2024-04-04 18:54:23,356 [WARN] PackLoader:240 - Cannot read IP mode file for STMicroelectronics.X-CUBE-EEPRMA1.3.1.1
2024-04-04 18:54:23,382 [WARN] PackLoader:240 - Cannot read IP mode file for STMicroelectronics.FP-ATR-ASTRA1.2.0.0
2024-04-04 18:54:23,392 [WARN] PackLoader:240 - Cannot read IP mode file for STMicroelectronics.X-CUBE-TOF1.3.4.0
2024-04-04 18:54:23,406 [WARN] PackLoader:240 - Cannot read IP mode file for STMicroelectronics.X-CUBE-TOF1.3.4.1
2024-04-04 18:54:23,425 [WARN] PackLoader:240 - Cannot read IP mode file for STMicroelectronics.X-CUBE-AZRTOS-H7.3.2.0
2024-04-04 18:54:23,426 [INFO] ThirdParty:978 - Integrity check success = true
2024-04-04 18:54:23,426 [INFO] IntegrityCheckThread:100 - exiting critical section [integrity check]
2024-04-04 18:54:23,426 [INFO] IntegrityCheckThread:103 - End integrity checks thread
2024-04-04 18:54:37,727 [ERROR] LogOutputStream:75 - [STDERR_REDIRECT] SLF4J: Failed to load class "org.slf4j.impl.StaticLoggerBinder".
2024-04-04 18:54:37,727 [ERROR] LogOutputStream:75 - [STDERR_REDIRECT] SLF4J: Defaulting to no-operation (NOP) logger implementation
2024-04-04 18:54:37,728 [ERROR] LogOutputStream:75 - [STDERR_REDIRECT] SLF4J: See http://www.slf4j.org/codes.html#StaticLoggerBinder for further details.
