19:10:48 **** Clean-only build of configuration SCR Debug (SDCC) for project DEC_APP_old ****
make --output-sync -k -j clean 
rm -rf ./SCR/main.o
rm -rf ./Libraries/iLLD/TC37A/Tricore/_PinMap/IfxAsclin_PinMap.o ./Libraries/iLLD/TC37A/Tricore/_PinMap/IfxCan_PinMap.o ./Libraries/iLLD/TC37A/Tricore/_PinMap/IfxCcu6_PinMap.o ./Libraries/iLLD/TC37A/Tricore/_PinMap/IfxDmu_PinMap.o ./Libraries/iLLD/TC37A/Tricore/_PinMap/IfxEdsadc_PinMap.o ./Libraries/iLLD/TC37A/Tricore/_PinMap/IfxEray_PinMap.o ./Libraries/iLLD/TC37A/Tricore/_PinMap/IfxEvadc_PinMap.o ./Libraries/iLLD/TC37A/Tricore/_PinMap/IfxGeth_PinMap.o ./Libraries/iLLD/TC37A/Tricore/_PinMap/IfxGpt12_PinMap.o ./Libraries/iLLD/TC37A/Tricore/_PinMap/IfxGtm_PinMap.o ./Libraries/iLLD/TC37A/Tricore/_PinMap/IfxI2c_PinMap.o ./Libraries/iLLD/TC37A/Tricore/_PinMap/IfxMsc_PinMap.o ./Libraries/iLLD/TC37A/Tricore/_PinMap/IfxPms_PinMap.o ./Libraries/iLLD/TC37A/Tricore/_PinMap/IfxPort_PinMap.o ./Libraries/iLLD/TC37A/Tricore/_PinMap/IfxPsi5_PinMap.o ./Libraries/iLLD/TC37A/Tricore/_PinMap/IfxPsi5s_PinMap.o ./Libraries/iLLD/TC37A/Tricore/_PinMap/IfxQspi_PinMap.o ./Libraries/iLLD/TC37A/Tricore/_PinMap/IfxScu_PinMap.o ./Libraries/iLLD/TC37A/Tricore/_PinMap/IfxSent_PinMap.o ./Libraries/iLLD/TC37A/Tricore/_PinMap/IfxSmu_PinMap.o
rm -rf ./Libraries/iLLD/TC37A/Tricore/_Lib/InternalMux/Ifx_InternalMux.o
rm -rf ./Libraries/iLLD/TC37A/Tricore/_Lib/DataHandling/Ifx_CircularBuffer.asm.o ./Libraries/iLLD/TC37A/Tricore/_Lib/DataHandling/Ifx_CircularBuffer.o ./Libraries/iLLD/TC37A/Tricore/_Lib/DataHandling/Ifx_Fifo.o
rm -rf ./Libraries/iLLD/TC37A/Tricore/_Impl/IfxAsclin_cfg.o ./Libraries/iLLD/TC37A/Tricore/_Impl/IfxCan_cfg.o ./Libraries/iLLD/TC37A/Tricore/_Impl/IfxCcu6_cfg.o ./Libraries/iLLD/TC37A/Tricore/_Impl/IfxCpu_cfg.o ./Libraries/iLLD/TC37A/Tricore/_Impl/IfxDma_cfg.o ./Libraries/iLLD/TC37A/Tricore/_Impl/IfxEray_cfg.o ./Libraries/iLLD/TC37A/Tricore/_Impl/IfxEvadc_cfg.o ./Libraries/iLLD/TC37A/Tricore/_Impl/IfxFlash_cfg.o ./Libraries/iLLD/TC37A/Tricore/_Impl/IfxGeth_cfg.o ./Libraries/iLLD/TC37A/Tricore/_Impl/IfxGtm_cfg.o ./Libraries/iLLD/TC37A/Tricore/_Impl/IfxHssl_cfg.o ./Libraries/iLLD/TC37A/Tricore/_Impl/IfxI2c_cfg.o ./Libraries/iLLD/TC37A/Tricore/_Impl/IfxMsc_cfg.o ./Libraries/iLLD/TC37A/Tricore/_Impl/IfxMtu_cfg.o ./Libraries/iLLD/TC37A/Tricore/_Impl/IfxPort_cfg.o ./Libraries/iLLD/TC37A/Tricore/_Impl/IfxPsi5_cfg.o ./Libraries/iLLD/TC37A/Tricore/_Impl/IfxQspi_cfg.o ./Libraries/iLLD/TC37A/Tricore/_Impl/IfxScu_cfg.o ./Libraries/iLLD/TC37A/Tricore/_Impl/IfxSent_cfg.o ./Libraries/iLLD/TC37A/Tricore/_Impl/IfxSmu_cfg.o ./Libraries/iLLD/TC37A/Tricore/_Impl/IfxSrc_cfg.o ./Libraries/iLLD/TC37A/Tricore/_Impl/IfxStm_cfg.o
rm -rf ./Libraries/iLLD/TC37A/Tricore/Stm/Timer/IfxStm_Timer.o
rm -rf ./Libraries/iLLD/TC37A/Tricore/Stm/Std/IfxStm.o
rm -rf ./Libraries/iLLD/TC37A/Tricore/Src/Std/IfxSrc.o
rm -rf ./Libraries/iLLD/TC37A/Tricore/Smu/Std/IfxSmu.o ./Libraries/iLLD/TC37A/Tricore/Smu/Std/IfxSmuStdby.o
rm -rf ./Libraries/iLLD/TC37A/Tricore/Smu/Smu/IfxSmu_Smu.o
rm -rf ./Libraries/iLLD/TC37A/Tricore/Sent/Std/IfxSent.o
rm -rf ./Libraries/iLLD/TC37A/Tricore/Sent/Sent/IfxSent_Sent.o
rm -rf ./Libraries/iLLD/TC37A/Tricore/Scu/Std/IfxScuCcu.o ./Libraries/iLLD/TC37A/Tricore/Scu/Std/IfxScuEru.o ./Libraries/iLLD/TC37A/Tricore/Scu/Std/IfxScuLbist.o ./Libraries/iLLD/TC37A/Tricore/Scu/Std/IfxScuRcu.o ./Libraries/iLLD/TC37A/Tricore/Scu/Std/IfxScuWdt.o
rm -rf ./Libraries/iLLD/TC37A/Tricore/Qspi/Std/IfxQspi.o
rm -rf ./Libraries/iLLD/TC37A/Tricore/Qspi/SpiSlave/IfxQspi_SpiSlave.o
rm -rf ./Libraries/iLLD/TC37A/Tricore/Qspi/SpiMaster/IfxQspi_SpiMaster.o
rm -rf ./Libraries/iLLD/TC37A/Tricore/Psi5s/Std/IfxPsi5s.o
rm -rf ./Libraries/iLLD/TC37A/Tricore/Psi5s/Psi5s/IfxPsi5s_Psi5s.o
rm -rf ./Libraries/iLLD/TC37A/Tricore/Psi5/Std/IfxPsi5.o
rm -rf ./Libraries/iLLD/TC37A/Tricore/Psi5/Psi5/IfxPsi5_Psi5.o
rm -rf ./Libraries/iLLD/TC37A/Tricore/Port/Std/IfxPort.o
rm -rf ./Libraries/iLLD/TC37A/Tricore/Port/Io/IfxPort_Io.o
rm -rf ./Libraries/iLLD/TC37A/Tricore/Pms/Std/IfxPmsEvr.o ./Libraries/iLLD/TC37A/Tricore/Pms/Std/IfxPmsPm.o
rm -rf ./Libraries/iLLD/TC37A/Tricore/Mtu/Std/IfxMtu.o
rm -rf ./Libraries/iLLD/TC37A/Tricore/Msc/Std/IfxMsc.o
rm -rf ./Libraries/iLLD/TC37A/Tricore/Msc/Msc/IfxMsc_Msc.o
rm -rf ./Libraries/iLLD/TC37A/Tricore/Iom/Std/IfxIom.o
rm -rf ./Libraries/iLLD/TC37A/Tricore/Iom/Iom/IfxIom_Iom.o
rm -rf ./Libraries/iLLD/TC37A/Tricore/Iom/Driver/IfxIom_Driver.o
rm -rf ./Libraries/iLLD/TC37A/Tricore/I2c/Std/IfxI2c.o
rm -rf ./Libraries/iLLD/TC37A/Tricore/I2c/I2c/IfxI2c_I2c.o
rm -rf ./Libraries/iLLD/TC37A/Tricore/Hssl/Std/IfxHssl.o
rm -rf ./Libraries/iLLD/TC37A/Tricore/Hssl/Hssl/IfxHssl_Hssl.o
rm -rf ./Libraries/iLLD/TC37A/Tricore/Gtm/Trig/IfxGtm_Trig.o
rm -rf ./Libraries/iLLD/TC37A/Tricore/Gtm/Tom/Timer/IfxGtm_Tom_Timer.o
rm -rf ./Libraries/iLLD/TC37A/Tricore/Gtm/Tom/PwmHl/IfxGtm_Tom_PwmHl.o
rm -rf ./Libraries/iLLD/TC37A/Tricore/Gtm/Tom/Pwm/IfxGtm_Tom_Pwm.o
rm -rf ./Libraries/iLLD/TC37A/Tricore/Gtm/Tom/Dtm_PwmHl/IfxGtm_Tom_Dtm_PwmHl.o
rm -rf ./Libraries/iLLD/TC37A/Tricore/Gtm/Tim/Timer/IfxGtm_Tim_Timer.o
rm -rf ./Libraries/iLLD/TC37A/Tricore/Gtm/Tim/In/IfxGtm_Tim_In.o
rm -rf ./Libraries/iLLD/TC37A/Tricore/Gtm/Std/IfxGtm.o ./Libraries/iLLD/TC37A/Tricore/Gtm/Std/IfxGtm_Atom.o ./Libraries/iLLD/TC37A/Tricore/Gtm/Std/IfxGtm_Cmu.o ./Libraries/iLLD/TC37A/Tricore/Gtm/Std/IfxGtm_Dpll.o ./Libraries/iLLD/TC37A/Tricore/Gtm/Std/IfxGtm_Dtm.o ./Libraries/iLLD/TC37A/Tricore/Gtm/Std/IfxGtm_Psm.o ./Libraries/iLLD/TC37A/Tricore/Gtm/Std/IfxGtm_Spe.o ./Libraries/iLLD/TC37A/Tricore/Gtm/Std/IfxGtm_Tbu.o ./Libraries/iLLD/TC37A/Tricore/Gtm/Std/IfxGtm_Tim.o ./Libraries/iLLD/TC37A/Tricore/Gtm/Std/IfxGtm_Tom.o
rm -rf ./Libraries/iLLD/TC37A/Tricore/Gtm/Pwm/IfxGtm_Pwm.o
rm -rf ./Libraries/iLLD/TC37A/Tricore/Gtm/Atom/Timer/IfxGtm_Atom_Timer.o
rm -rf ./Libraries/iLLD/TC37A/Tricore/Gtm/Atom/PwmHl/IfxGtm_Atom_PwmHl.o
rm -rf ./Libraries/iLLD/TC37A/Tricore/Gtm/Atom/Pwm/IfxGtm_Atom_Pwm.o
rm -rf ./Libraries/iLLD/TC37A/Tricore/Gtm/Atom/Dtm_PwmHl/IfxGtm_Atom_Dtm_PwmHl.o
rm -rf ./Libraries/iLLD/TC37A/Tricore/Gpt12/Std/IfxGpt12.o
rm -rf ./Libraries/iLLD/TC37A/Tricore/Gpt12/IncrEnc/IfxGpt12_IncrEnc.o
rm -rf ./Libraries/iLLD/TC37A/Tricore/Geth/Std/IfxGeth.o
rm -rf ./Libraries/iLLD/TC37A/Tricore/Geth/Eth/IfxGeth_Eth.o
rm -rf ./Libraries/iLLD/TC37A/Tricore/Flash/Std/IfxFlash.o
rm -rf ./Libraries/iLLD/TC37A/Tricore/Fce/Std/IfxFce.o
rm -rf ./Libraries/iLLD/TC37A/Tricore/Fce/Crc/IfxFce_Crc.o
rm -rf ./Libraries/iLLD/TC37A/Tricore/Evadc/Std/IfxEvadc.o
rm -rf ./Libraries/iLLD/TC37A/Tricore/Evadc/Adc/IfxEvadc_Adc.o
rm -rf ./Libraries/iLLD/TC37A/Tricore/Eray/Std/IfxEray.o
rm -rf ./Libraries/iLLD/TC37A/Tricore/Eray/Eray/IfxEray_Eray.o
rm -rf ./Libraries/iLLD/TC37A/Tricore/Edsadc/Std/IfxEdsadc.o
rm -rf ./Libraries/iLLD/TC37A/Tricore/Edsadc/Edsadc/IfxEdsadc_Edsadc.o
rm -rf ./Libraries/iLLD/TC37A/Tricore/Dts/Std/IfxDts.o
rm -rf ./Libraries/iLLD/TC37A/Tricore/Dts/Dts/IfxDts_Dts.o
rm -rf ./Libraries/iLLD/TC37A/Tricore/Dma/Std/IfxDma.o
rm -rf ./Libraries/iLLD/TC37A/Tricore/Dma/Dma/IfxDma_Dma.o
rm -rf ./Libraries/iLLD/TC37A/Tricore/Cpu/Trap/IfxCpu_Trap.o
rm -rf ./Libraries/iLLD/TC37A/Tricore/Cpu/Std/IfxCpu.o
rm -rf ./Libraries/iLLD/TC37A/Tricore/Cpu/Irq/IfxCpu_Irq.o
rm -rf ./Libraries/iLLD/TC37A/Tricore/Convctrl/Std/IfxConvctrl.o
rm -rf ./Libraries/iLLD/TC37A/Tricore/Ccu6/TimerWithTrigger/IfxCcu6_TimerWithTrigger.o
rm -rf ./Libraries/iLLD/TC37A/Tricore/Ccu6/Timer/IfxCcu6_Timer.o
rm -rf ./Libraries/iLLD/TC37A/Tricore/Ccu6/TPwm/IfxCcu6_TPwm.o
rm -rf ./Libraries/iLLD/TC37A/Tricore/Ccu6/Std/IfxCcu6.o
rm -rf ./Libraries/iLLD/TC37A/Tricore/Ccu6/PwmHl/IfxCcu6_PwmHl.o
rm -rf ./Libraries/iLLD/TC37A/Tricore/Ccu6/PwmBc/IfxCcu6_PwmBc.o
rm -rf ./Libraries/iLLD/TC37A/Tricore/Ccu6/Icu/IfxCcu6_Icu.o
rm -rf ./Libraries/iLLD/TC37A/Tricore/Can/Std/IfxCan.o
rm -rf ./Libraries/iLLD/TC37A/Tricore/Can/Can/IfxCan_Can.o
rm -rf ./Libraries/iLLD/TC37A/Tricore/Asclin/Std/IfxAsclin.o
rm -rf ./Libraries/iLLD/TC37A/Tricore/Asclin/Spi/IfxAsclin_Spi.o
rm -rf ./Libraries/iLLD/TC37A/Tricore/Asclin/Lin/IfxAsclin_Lin.o
rm -rf ./Libraries/iLLD/TC37A/Tricore/Asclin/Asc/IfxAsclin_Asc.o
rm -rf ./Libraries/Service/CpuGeneric/SysSe/Time/Ifx_DateTime.o
rm -rf ./Libraries/Service/CpuGeneric/SysSe/Math/Ifx_AngleTrkF32.o ./Libraries/Service/CpuGeneric/SysSe/Math/Ifx_Cf32.o ./Libraries/Service/CpuGeneric/SysSe/Math/Ifx_Crc.o ./Libraries/Service/CpuGeneric/SysSe/Math/Ifx_FftF32.o ./Libraries/Service/CpuGeneric/SysSe/Math/Ifx_FftF32_BitReverseTable.o ./Libraries/Service/CpuGeneric/SysSe/Math/Ifx_FftF32_TwiddleTable.o ./Libraries/Service/CpuGeneric/SysSe/Math/Ifx_IntegralF32.o ./Libraries/Service/CpuGeneric/SysSe/Math/Ifx_LowPassPt1F32.o ./Libraries/Service/CpuGeneric/SysSe/Math/Ifx_LutAtan2F32.o ./Libraries/Service/CpuGeneric/SysSe/Math/Ifx_LutAtan2F32_Table.o ./Libraries/Service/CpuGeneric/SysSe/Math/Ifx_LutLSincosF32.o ./Libraries/Service/CpuGeneric/SysSe/Math/Ifx_LutLinearF32.o ./Libraries/Service/CpuGeneric/SysSe/Math/Ifx_LutSincosF32.o ./Libraries/Service/CpuGeneric/SysSe/Math/Ifx_LutSincosF32_Table.o ./Libraries/Service/CpuGeneric/SysSe/Math/Ifx_RampF32.o ./Libraries/Service/CpuGeneric/SysSe/Math/Ifx_WndF32_BlackmanHarrisTable.o ./Libraries/Service/CpuGeneric/SysSe/Math/Ifx_WndF32_HannTable.o
rm -rf ./Libraries/Service/CpuGeneric/SysSe/General/Ifx_GlobalResources.o
rm -rf ./Libraries/Service/CpuGeneric/SysSe/Comm/Ifx_Console.o ./Libraries/Service/CpuGeneric/SysSe/Comm/Ifx_Shell.o
rm -rf ./Libraries/Service/CpuGeneric/SysSe/Bsp/Assert.o ./Libraries/Service/CpuGeneric/SysSe/Bsp/Bsp.o
rm -rf ./Libraries/Service/CpuGeneric/StdIf/IfxStdIf_DPipe.o ./Libraries/Service/CpuGeneric/StdIf/IfxStdIf_Pos.o ./Libraries/Service/CpuGeneric/StdIf/IfxStdIf_PwmHl.o ./Libraries/Service/CpuGeneric/StdIf/IfxStdIf_Timer.o
rm -rf ./Libraries/Service/CpuGeneric/If/SpiIf.o
rm -rf ./Libraries/Infra/Ssw/TC37A/Tricore/Ifx_Ssw_Infra.o ./Libraries/Infra/Ssw/TC37A/Tricore/Ifx_Ssw_Tc0.o ./Libraries/Infra/Ssw/TC37A/Tricore/Ifx_Ssw_Tc1.o ./Libraries/Infra/Ssw/TC37A/Tricore/Ifx_Ssw_Tc2.o
rm -rf ./Libraries/Infra/Platform/Tricore/Compilers/CompilerDcc.o ./Libraries/Infra/Platform/Tricore/Compilers/CompilerGcc.o ./Libraries/Infra/Platform/Tricore/Compilers/CompilerGhs.o ./Libraries/Infra/Platform/Tricore/Compilers/CompilerGnuc.o ./Libraries/Infra/Platform/Tricore/Compilers/CompilerTasking.o
rm -rf ./Libraries/aurix_pin_mappings.o
rm -rf ./Configurations/Debug/sync_on_halt.o
rm -rf ./Configurations/Ifx_Cfg_Ssw.o ./Configurations/Ifx_Cfg_SswBmhd.o
rm -rf ./BSW/Sys/Wdg/Wdg.o
rm -rf ./BSW/Sys/SysMgr/SysMgr.o
rm -rf ./BSW/Sys/Smu/Smu.o
rm -rf ./BSW/Sys/Os/FreeRTOS/portable/Tasking/TC3/port.o
rm -rf ./BSW/Sys/Os/FreeRTOS/portable/MemMang/heap_4.o
rm -rf ./BSW/Sys/Os/FreeRTOS/croutine.o ./BSW/Sys/Os/FreeRTOS/event_groups.o ./BSW/Sys/Os/FreeRTOS/list.o ./BSW/Sys/Os/FreeRTOS/queue.o ./BSW/Sys/Os/FreeRTOS/stream_buffer.o ./BSW/Sys/Os/FreeRTOS/tasks.o ./BSW/Sys/Os/FreeRTOS/timers.o
rm -rf ./BSW/Sys/Os/Os.o
rm -rf ./BSW/Sys/McuSm/McuSm.o
rm -rf ./BSW/Sys/EcuM/EcuM.o
rm -rf ./BSW/Sys/Crc/Crc.o
rm -rf ./BSW/Mem/Nvm/Nvm.o
rm -rf ./BSW/Mem/Fls/Fls.o
rm -rf ./BSW/Io/Irq/Irq.o
rm -rf ./BSW/Io/Gtm/Gtm_Atom.o ./BSW/Io/Gtm/Gtm_Pwm.o
rm -rf ./BSW/Io/Dma/Dma.o
rm -rf ./BSW/Io/Ccu/Ccu.o
rm -rf ./BSW/Io/Ain/Ain.o ./BSW/Io/Ain/Ain_Filtering.o ./BSW/Io/Ain/Ain_QueuedScan.o
rm -rf ./BSW/Diag/Dem/Dem.o
rm -rf ./BSW/Diag/Dcm/Dcm.o
rm -rf ./BSW/Com/E2e/E2e.o
rm -rf ./BSW/Com/Can/Can.o
rm -rf ./APP/Iven/Iven.o
rm -rf ./APP/EncCal/EncCal.o
rm -rf ./APP/EPSCtrl/EPSCtrl.o
rm -rf ./APP/EMotorCtrl/EMotorCtrl.o
rm -rf ./APP/DiagMaster/DiagMaster.o
rm -rf ./APP/DcyHandler/DcyHandler.o
rm -rf ./APP/ConfigMgr/ConfigMgr.o
rm -rf ./APP/ComMaster/ComMaster.o
rm -rf ./APP/ColDet/ColDet.o
rm -rf ./Cpu0_Main.o ./Cpu1_Main.o ./Cpu2_Main.o ./SCR.o ./SCR_AURIX_TC3x.o
find . ! -name "*.mk" ! -name "makefile" ! -name "." -type f -delete 
 

19:10:50 Build Finished. 0 errors, 0 warnings. (took 1s.363ms)

